[0.018s] Invoking command in '/home/johnbuntu/ar4_ros_driver/build/serial': CMAKE_PREFIX_PATH=${CMAKE_PREFIX_PATH}:/opt/ros/humble /usr/bin/cmake /home/johnbuntu/ar4_ros_driver/serial -DCMAKE_INSTALL_PREFIX=/home/johnbuntu/ar4_ros_driver/install/serial
[0.086s] -- The C compiler identification is GNU 11.4.0
[0.162s] -- The CXX compiler identification is GNU 11.4.0
[0.171s] -- Detecting C compiler ABI info
[0.285s] -- Detecting C compiler ABI info - done
[0.296s] -- Check for working C compiler: /usr/bin/cc - skipped
[0.297s] -- Detecting C compile features
[0.297s] -- Detecting C compile features - done
[0.304s] -- Detecting CXX compiler ABI info
[0.412s] -- Detecting CXX compiler ABI info - done
[0.419s] -- Check for working CXX compiler: /usr/bin/c++ - skipped
[0.420s] -- Detecting CXX compile features
[0.420s] -- Detecting CXX compile features - done
[0.424s] -- Found ament_cmake: 1.3.11 (/opt/ros/humble/share/ament_cmake/cmake)
[0.576s] -- Found Python3: /usr/bin/python3 (found version "3.10.12") found components: Interpreter 
[0.728s] -- Configuring done
[0.731s] -- Generating done
[0.733s] -- Build files have been written to: /home/johnbuntu/ar4_ros_driver/build/serial
[0.737s] Invoked command in '/home/johnbuntu/ar4_ros_driver/build/serial' returned '0': CMAKE_PREFIX_PATH=${CMAKE_PREFIX_PATH}:/opt/ros/humble /usr/bin/cmake /home/johnbuntu/ar4_ros_driver/serial -DCMAKE_INSTALL_PREFIX=/home/johnbuntu/ar4_ros_driver/install/serial
[0.738s] Invoking command in '/home/johnbuntu/ar4_ros_driver/build/serial': CMAKE_PREFIX_PATH=${CMAKE_PREFIX_PATH}:/opt/ros/humble /usr/bin/cmake --build /home/johnbuntu/ar4_ros_driver/build/serial -- -j8 -l8
[0.784s] [ 75%] [32mBuilding CXX object CMakeFiles/serial.dir/src/impl/unix.cc.o[0m
[0.784s] [ 75%] [32mBuilding CXX object CMakeFiles/serial.dir/src/serial.cc.o[0m
[0.784s] [ 75%] [32mBuilding CXX object CMakeFiles/serial.dir/src/impl/list_ports/list_ports_linux.cc.o[0m
[1.501s] [100%] [32m[1mLinking CXX shared library libserial.so[0m
[1.615s] [100%] Built target serial
[1.628s] Invoked command in '/home/johnbuntu/ar4_ros_driver/build/serial' returned '0': CMAKE_PREFIX_PATH=${CMAKE_PREFIX_PATH}:/opt/ros/humble /usr/bin/cmake --build /home/johnbuntu/ar4_ros_driver/build/serial -- -j8 -l8
[1.630s] Invoking command in '/home/johnbuntu/ar4_ros_driver/build/serial': CMAKE_PREFIX_PATH=${CMAKE_PREFIX_PATH}:/opt/ros/humble /usr/bin/cmake --install /home/johnbuntu/ar4_ros_driver/build/serial
[1.637s] -- Install configuration: ""
[1.637s] -- Installing: /home/johnbuntu/ar4_ros_driver/install/serial/share/serial/environment/library_path.sh
[1.637s] -- Installing: /home/johnbuntu/ar4_ros_driver/install/serial/share/serial/environment/library_path.dsv
[1.637s] -- Installing: /home/johnbuntu/ar4_ros_driver/install/serial/lib/libserial.so
[1.638s] -- Installing: /home/johnbuntu/ar4_ros_driver/install/serial/include/serial/serial.h
[1.638s] -- Installing: /home/johnbuntu/ar4_ros_driver/install/serial/include/serial/v8stdint.h
[1.638s] -- Installing: /home/johnbuntu/ar4_ros_driver/install/serial/share/ament_index/resource_index/package_run_dependencies/serial
[1.639s] -- Installing: /home/johnbuntu/ar4_ros_driver/install/serial/share/ament_index/resource_index/parent_prefix_path/serial
[1.639s] -- Installing: /home/johnbuntu/ar4_ros_driver/install/serial/share/serial/environment/ament_prefix_path.sh
[1.640s] -- Installing: /home/johnbuntu/ar4_ros_driver/install/serial/share/serial/environment/ament_prefix_path.dsv
[1.640s] -- Installing: /home/johnbuntu/ar4_ros_driver/install/serial/share/serial/environment/path.sh
[1.640s] -- Installing: /home/johnbuntu/ar4_ros_driver/install/serial/share/serial/environment/path.dsv
[1.642s] -- Installing: /home/johnbuntu/ar4_ros_driver/install/serial/share/serial/local_setup.bash
[1.642s] -- Installing: /home/johnbuntu/ar4_ros_driver/install/serial/share/serial/local_setup.sh
[1.643s] -- Installing: /home/johnbuntu/ar4_ros_driver/install/serial/share/serial/local_setup.zsh
[1.644s] -- Installing: /home/johnbuntu/ar4_ros_driver/install/serial/share/serial/local_setup.dsv
[1.646s] -- Installing: /home/johnbuntu/ar4_ros_driver/install/serial/share/serial/package.dsv
[1.647s] -- Installing: /home/johnbuntu/ar4_ros_driver/install/serial/share/ament_index/resource_index/packages/serial
[1.647s] -- Installing: /home/johnbuntu/ar4_ros_driver/install/serial/share/serial/cmake/ament_cmake_export_include_directories-extras.cmake
[1.647s] -- Installing: /home/johnbuntu/ar4_ros_driver/install/serial/share/serial/cmake/ament_cmake_export_libraries-extras.cmake
[1.647s] -- Installing: /home/johnbuntu/ar4_ros_driver/install/serial/share/serial/cmake/serialConfig.cmake
[1.647s] -- Installing: /home/johnbuntu/ar4_ros_driver/install/serial/share/serial/cmake/serialConfig-version.cmake
[1.647s] -- Installing: /home/johnbuntu/ar4_ros_driver/install/serial/share/serial/package.xml
[1.647s] Invoked command in '/home/johnbuntu/ar4_ros_driver/build/serial' returned '0': CMAKE_PREFIX_PATH=${CMAKE_PREFIX_PATH}:/opt/ros/humble /usr/bin/cmake --install /home/johnbuntu/ar4_ros_driver/build/serial
