[0.617s] Invoking command in '/home/johnbuntu/ar4_ros_driver/moveit_configs_utils': PYTHONPATH=/home/johnbuntu/ar4_ros_driver/build/moveit_configs_utils/prefix_override:/usr/lib/python3/dist-packages/colcon_core/task/python/colcon_distutils_commands:/home/johnbuntu/ar4_ros_driver/install/moveit_configs_utils/lib/python3.10/site-packages:${PYTHONPATH} /usr/bin/python3 -W ignore:setup.py install is deprecated -W ignore:easy_install command is deprecated setup.py egg_info --egg-base ../build/moveit_configs_utils build --build-base /home/johnbuntu/ar4_ros_driver/build/moveit_configs_utils/build install --record /home/johnbuntu/ar4_ros_driver/build/moveit_configs_utils/install.log --single-version-externally-managed install_data
[0.814s] running egg_info
[0.814s] writing ../build/moveit_configs_utils/moveit_configs_utils.egg-info/PKG-INFO
[0.814s] writing dependency_links to ../build/moveit_configs_utils/moveit_configs_utils.egg-info/dependency_links.txt
[0.814s] writing entry points to ../build/moveit_configs_utils/moveit_configs_utils.egg-info/entry_points.txt
[0.815s] writing requirements to ../build/moveit_configs_utils/moveit_configs_utils.egg-info/requires.txt
[0.815s] writing top-level names to ../build/moveit_configs_utils/moveit_configs_utils.egg-info/top_level.txt
[0.815s] writing manifest file '../build/moveit_configs_utils/moveit_configs_utils.egg-info/SOURCES.txt'
[0.816s] reading manifest file '../build/moveit_configs_utils/moveit_configs_utils.egg-info/SOURCES.txt'
[0.817s] writing manifest file '../build/moveit_configs_utils/moveit_configs_utils.egg-info/SOURCES.txt'
[0.817s] running build
[0.817s] running build_py
[0.818s] copying moveit_configs_utils/launch_utils.py -> /home/johnbuntu/ar4_ros_driver/build/moveit_configs_utils/build/lib/moveit_configs_utils
[0.818s] copying moveit_configs_utils/__init__.py -> /home/johnbuntu/ar4_ros_driver/build/moveit_configs_utils/build/lib/moveit_configs_utils
[0.818s] copying moveit_configs_utils/launches.py -> /home/johnbuntu/ar4_ros_driver/build/moveit_configs_utils/build/lib/moveit_configs_utils
[0.818s] copying moveit_configs_utils/moveit_configs_builder.py -> /home/johnbuntu/ar4_ros_driver/build/moveit_configs_utils/build/lib/moveit_configs_utils
[0.818s] copying moveit_configs_utils/substitutions/__init__.py -> /home/johnbuntu/ar4_ros_driver/build/moveit_configs_utils/build/lib/moveit_configs_utils/substitutions
[0.818s] copying moveit_configs_utils/substitutions/xacro.py -> /home/johnbuntu/ar4_ros_driver/build/moveit_configs_utils/build/lib/moveit_configs_utils/substitutions
[0.818s] running install
[0.818s] running install_lib
[0.819s] copying /home/johnbuntu/ar4_ros_driver/build/moveit_configs_utils/build/lib/moveit_configs_utils/launch_utils.py -> /home/johnbuntu/ar4_ros_driver/install/moveit_configs_utils/lib/python3.10/site-packages/moveit_configs_utils
[0.819s] copying /home/johnbuntu/ar4_ros_driver/build/moveit_configs_utils/build/lib/moveit_configs_utils/substitutions/__init__.py -> /home/johnbuntu/ar4_ros_driver/install/moveit_configs_utils/lib/python3.10/site-packages/moveit_configs_utils/substitutions
[0.819s] copying /home/johnbuntu/ar4_ros_driver/build/moveit_configs_utils/build/lib/moveit_configs_utils/substitutions/xacro.py -> /home/johnbuntu/ar4_ros_driver/install/moveit_configs_utils/lib/python3.10/site-packages/moveit_configs_utils/substitutions
[0.819s] copying /home/johnbuntu/ar4_ros_driver/build/moveit_configs_utils/build/lib/moveit_configs_utils/__init__.py -> /home/johnbuntu/ar4_ros_driver/install/moveit_configs_utils/lib/python3.10/site-packages/moveit_configs_utils
[0.819s] copying /home/johnbuntu/ar4_ros_driver/build/moveit_configs_utils/build/lib/moveit_configs_utils/launches.py -> /home/johnbuntu/ar4_ros_driver/install/moveit_configs_utils/lib/python3.10/site-packages/moveit_configs_utils
[0.819s] copying /home/johnbuntu/ar4_ros_driver/build/moveit_configs_utils/build/lib/moveit_configs_utils/moveit_configs_builder.py -> /home/johnbuntu/ar4_ros_driver/install/moveit_configs_utils/lib/python3.10/site-packages/moveit_configs_utils
[0.820s] byte-compiling /home/johnbuntu/ar4_ros_driver/install/moveit_configs_utils/lib/python3.10/site-packages/moveit_configs_utils/launch_utils.py to launch_utils.cpython-310.pyc
[0.820s] byte-compiling /home/johnbuntu/ar4_ros_driver/install/moveit_configs_utils/lib/python3.10/site-packages/moveit_configs_utils/substitutions/__init__.py to __init__.cpython-310.pyc
[0.820s] byte-compiling /home/johnbuntu/ar4_ros_driver/install/moveit_configs_utils/lib/python3.10/site-packages/moveit_configs_utils/substitutions/xacro.py to xacro.cpython-310.pyc
[0.821s] byte-compiling /home/johnbuntu/ar4_ros_driver/install/moveit_configs_utils/lib/python3.10/site-packages/moveit_configs_utils/__init__.py to __init__.cpython-310.pyc
[0.821s] byte-compiling /home/johnbuntu/ar4_ros_driver/install/moveit_configs_utils/lib/python3.10/site-packages/moveit_configs_utils/launches.py to launches.cpython-310.pyc
[0.822s] byte-compiling /home/johnbuntu/ar4_ros_driver/install/moveit_configs_utils/lib/python3.10/site-packages/moveit_configs_utils/moveit_configs_builder.py to moveit_configs_builder.cpython-310.pyc
[0.825s] running install_data
[0.825s] copying resource/moveit_configs_utils -> /home/johnbuntu/ar4_ros_driver/install/moveit_configs_utils/share/ament_index/resource_index/packages
[0.825s] copying package.xml -> /home/johnbuntu/ar4_ros_driver/install/moveit_configs_utils/share/moveit_configs_utils
[0.825s] copying default_configs/pilz_industrial_motion_planner_planning.yaml -> /home/johnbuntu/ar4_ros_driver/install/moveit_configs_utils/share/moveit_configs_utils/default_configs
[0.825s] copying default_configs/chomp_planning.yaml -> /home/johnbuntu/ar4_ros_driver/install/moveit_configs_utils/share/moveit_configs_utils/default_configs
[0.825s] copying default_configs/ompl_planning.yaml -> /home/johnbuntu/ar4_ros_driver/install/moveit_configs_utils/share/moveit_configs_utils/default_configs
[0.825s] copying default_configs/ompl_defaults.yaml -> /home/johnbuntu/ar4_ros_driver/install/moveit_configs_utils/share/moveit_configs_utils/default_configs
[0.825s] running install_egg_info
[0.828s] removing '/home/johnbuntu/ar4_ros_driver/install/moveit_configs_utils/lib/python3.10/site-packages/moveit_configs_utils-2.5.9-py3.10.egg-info' (and everything under it)
[0.828s] Copying ../build/moveit_configs_utils/moveit_configs_utils.egg-info to /home/johnbuntu/ar4_ros_driver/install/moveit_configs_utils/lib/python3.10/site-packages/moveit_configs_utils-2.5.9-py3.10.egg-info
[0.829s] running install_scripts
[0.848s] writing list of installed files to '/home/johnbuntu/ar4_ros_driver/build/moveit_configs_utils/install.log'
[0.869s] Invoked command in '/home/johnbuntu/ar4_ros_driver/moveit_configs_utils' returned '0': PYTHONPATH=/home/johnbuntu/ar4_ros_driver/build/moveit_configs_utils/prefix_override:/usr/lib/python3/dist-packages/colcon_core/task/python/colcon_distutils_commands:/home/johnbuntu/ar4_ros_driver/install/moveit_configs_utils/lib/python3.10/site-packages:${PYTHONPATH} /usr/bin/python3 -W ignore:setup.py install is deprecated -W ignore:easy_install command is deprecated setup.py egg_info --egg-base ../build/moveit_configs_utils build --build-base /home/johnbuntu/ar4_ros_driver/build/moveit_configs_utils/build install --record /home/johnbuntu/ar4_ros_driver/build/moveit_configs_utils/install.log --single-version-externally-managed install_data
