[0.029s] Invoking command in '/home/johnbuntu/ar4_ros_driver/build/gorm_arm': CMAKE_PREFIX_PATH=/home/johnbuntu/ar4_ros_driver/install/annin_ar4_description:/home/johnbuntu/ar4_ros_driver/install/moveit_servo:/home/johnbuntu/ar4_ros_driver/install/gorm_arm:/home/johnbuntu/ar4_ros_driver/install/annin_ar4_moveit_config:/home/johnbuntu/ar4_ros_driver/install/annin_ar4_gazebo:/home/johnbuntu/ar4_ros_driver/install/annin_ar4_driver:/opt/ros/humble /usr/bin/cmake --build /home/johnbuntu/ar4_ros_driver/build/gorm_arm -- -j8 -l8
[0.140s] [ 55%] Built target gorm_arm
[0.186s] [ 66%] [32mBuilding CXX object CMakeFiles/gripper_interface_node.dir/src/gripper_interface_node.cpp.o[0m
[0.200s] [ 88%] Built target run_arduino_nano
[8.056s] [100%] [32m[1mLinking CXX executable gripper_interface_node[0m
[8.539s] /usr/bin/ld: CMakeFiles/gripper_interface_node.dir/src/gripper_interface_node.cpp.o: in function `GripperInterfaceNode::GripperInterfaceNode()':
[8.539s] gripper_interface_node.cpp:(.text._ZN20GripperInterfaceNodeC2Ev[_ZN20GripperInterfaceNodeC5Ev]+0x1e3): undefined reference to `serial::Serial::Serial(std::__cxx11::basic_string<char, std::char_traits<char>, std::allocator<char> > const&, unsigned int, serial::Timeout, serial::bytesize_t, serial::parity_t, serial::stopbits_t, serial::flowcontrol_t)'
[8.539s] /usr/bin/ld: gripper_interface_node.cpp:(.text._ZN20GripperInterfaceNodeC2Ev[_ZN20GripperInterfaceNodeC5Ev]+0x254): undefined reference to `serial::Serial::setPort(std::__cxx11::basic_string<char, std::char_traits<char>, std::allocator<char> > const&)'
[8.539s] /usr/bin/ld: gripper_interface_node.cpp:(.text._ZN20GripperInterfaceNodeC2Ev[_ZN20GripperInterfaceNodeC5Ev]+0x28c): undefined reference to `serial::Serial::setBaudrate(unsigned int)'
[8.539s] /usr/bin/ld: gripper_interface_node.cpp:(.text._ZN20GripperInterfaceNodeC2Ev[_ZN20GripperInterfaceNodeC5Ev]+0x2c0): undefined reference to `serial::Serial::setTimeout(serial::Timeout&)'
[8.539s] /usr/bin/ld: gripper_interface_node.cpp:(.text._ZN20GripperInterfaceNodeC2Ev[_ZN20GripperInterfaceNodeC5Ev]+0x2d5): undefined reference to `serial::Serial::open()'
[8.540s] /usr/bin/ld: gripper_interface_node.cpp:(.text._ZN20GripperInterfaceNodeC2Ev[_ZN20GripperInterfaceNodeC5Ev]+0x862): undefined reference to `serial::Serial::~Serial()'
[8.540s] /usr/bin/ld: CMakeFiles/gripper_interface_node.dir/src/gripper_interface_node.cpp.o: in function `GripperInterfaceNode::timer_callback()':
[8.540s] gripper_interface_node.cpp:(.text._ZN20GripperInterfaceNode14timer_callbackEv[_ZN20GripperInterfaceNode14timer_callbackEv]+0x1b4): undefined reference to `serial::Serial::isOpen() const'
[8.540s] /usr/bin/ld: gripper_interface_node.cpp:(.text._ZN20GripperInterfaceNode14timer_callbackEv[_ZN20GripperInterfaceNode14timer_callbackEv]+0x229): undefined reference to `serial::Serial::write(std::__cxx11::basic_string<char, std::char_traits<char>, std::allocator<char> > const&)'
[8.548s] /usr/bin/ld: CMakeFiles/gripper_interface_node.dir/src/gripper_interface_node.cpp.o: in function `GripperInterfaceNode::~GripperInterfaceNode()':
[8.549s] gripper_interface_node.cpp:(.text._ZN20GripperInterfaceNodeD2Ev[_ZN20GripperInterfaceNodeD5Ev]+0x2c): undefined reference to `serial::Serial::~Serial()'
[8.580s] collect2: error: ld returned 1 exit status
[8.582s] gmake[2]: *** [CMakeFiles/gripper_interface_node.dir/build.make:319: gripper_interface_node] Error 1
[8.582s] gmake[1]: *** [CMakeFiles/Makefile2:193: CMakeFiles/gripper_interface_node.dir/all] Error 2
[8.582s] gmake: *** [Makefile:146: all] Error 2
[8.585s] Invoked command in '/home/johnbuntu/ar4_ros_driver/build/gorm_arm' returned '2': CMAKE_PREFIX_PATH=/home/johnbuntu/ar4_ros_driver/install/annin_ar4_description:/home/johnbuntu/ar4_ros_driver/install/moveit_servo:/home/johnbuntu/ar4_ros_driver/install/gorm_arm:/home/johnbuntu/ar4_ros_driver/install/annin_ar4_moveit_config:/home/johnbuntu/ar4_ros_driver/install/annin_ar4_gazebo:/home/johnbuntu/ar4_ros_driver/install/annin_ar4_driver:/opt/ros/humble /usr/bin/cmake --build /home/johnbuntu/ar4_ros_driver/build/gorm_arm -- -j8 -l8
