[  6%] Built target gtest_main
[ 12%] Built target gtest
[ 18%] Built target fake_command_publisher
[ 21%] [32mBuilding CXX object CMakeFiles/servo_controller_input.dir/src/teleop_demo/joystick_servo_example.cpp.o[0m
[ 30%] Built target moveit_servo_lib_parameters
[ 36%] Built target test_servo_collision
[ 42%] Built target test_servo_integration
[ 60%] Built target moveit_servo_lib
[ 72%] Built target pose_tracking
[ 72%] Built target servo_calcs_unit_tests
[ 78%] Built target servo_node
[ 84%] Built target test_servo_pose_tracking
[ 90%] Built target servo_pose_tracking_demo
[ 96%] Built target servo_node_main
[01m[K/home/johnbuntu/ar4_ros_driver/moveit_servo/src/teleop_demo/joystick_servo_example.cpp:[m[K In function ‘[01m[Kbool convertJoyToCmd(const std::vector<float, std::allocator<float> >&, const std::vector<int, std::allocator<int> >&, std::unique_ptr<geometry_msgs::msg::TwistStamped_<std::allocator<void> >, std::default_delete<geometry_msgs::msg::TwistStamped_<std::allocator<void> > > >&, std::unique_ptr<control_msgs::msg::JointJog_<std::allocator<void> >, std::default_delete<control_msgs::msg::JointJog_<std::allocator<void> > > >&, std::unique_ptr<std_msgs::msg::Int32_<std::allocator<void> >, std::default_delete<std_msgs::msg::Int32_<std::allocator<void> > > >&)[m[K’:
[01m[K/home/johnbuntu/ar4_ros_driver/moveit_servo/src/teleop_demo/joystick_servo_example.cpp:190:14:[m[K [01;31m[Kerror: [m[K‘[01m[Kstruct std_msgs::msg::Int32_<std::allocator<void> >[m[K’ has no member named ‘[01m[Kint32[m[K’; did you mean ‘[01m[KInt32_[m[K’?
  190 |     gripper->[01;31m[Kint32[m[K.data = static_cast<int>(gripper_angle);
      |              [01;31m[K^~~~~[m[K
      |              [32m[KInt32_[m[K
[01m[K/home/johnbuntu/ar4_ros_driver/moveit_servo/src/teleop_demo/joystick_servo_example.cpp:207:14:[m[K [01;31m[Kerror: [m[K‘[01m[Kstruct std_msgs::msg::Int32_<std::allocator<void> >[m[K’ has no member named ‘[01m[Kint32[m[K’; did you mean ‘[01m[KInt32_[m[K’?
  207 |     gripper->[01;31m[Kint32[m[K.data = static_cast<int>(gripper_angle);
      |              [01;31m[K^~~~~[m[K
      |              [32m[KInt32_[m[K
[01m[K/home/johnbuntu/ar4_ros_driver/moveit_servo/src/teleop_demo/joystick_servo_example.cpp:[m[K In constructor ‘[01m[Kmoveit_servo::JoyToServoPub::JoyToServoPub(const rclcpp::NodeOptions&)[m[K’:
[01m[K/home/johnbuntu/ar4_ros_driver/moveit_servo/src/teleop_demo/joystick_servo_example.cpp:263:7:[m[K [01;31m[Kerror: [m[K‘[01m[Kgripper_pub[m[K’ was not declared in this scope
  263 |       [01;31m[Kgripper_pub[m[K = this->create_publisher<std_msgs::msg::Int32>(GRIPPER_TOPIC, rclcpp::SystemDefaultsQoS());
      |       [01;31m[K^~~~~~~~~~~[m[K
gmake[2]: *** [CMakeFiles/servo_controller_input.dir/build.make:76: CMakeFiles/servo_controller_input.dir/src/teleop_demo/joystick_servo_example.cpp.o] Error 1
gmake[1]: *** [CMakeFiles/Makefile2:283: CMakeFiles/servo_controller_input.dir/all] Error 2
gmake: *** [Makefile:146: all] Error 2
