[0.013s] Invoking command in '/home/johnbuntu/ar4_ros_driver/build/moveit_servo': CMAKE_PREFIX_PATH=${CMAKE_PREFIX_PATH}:/opt/ros/humble /usr/bin/cmake --build /home/johnbuntu/ar4_ros_driver/build/moveit_servo -- -j8 -l8
[0.113s] [  6%] Built target gtest_main
[0.118s] [ 12%] Built target gtest
[0.138s] [ 18%] Built target fake_command_publisher
[0.139s] [ 21%] [32mBuilding CXX object CMakeFiles/servo_controller_input.dir/src/teleop_demo/joystick_servo_example.cpp.o[0m
[0.154s] [ 30%] Built target moveit_servo_lib_parameters
[0.217s] [ 36%] Built target test_servo_collision
[0.222s] [ 42%] Built target test_servo_integration
[0.233s] [ 60%] Built target moveit_servo_lib
[0.283s] [ 72%] Built target pose_tracking
[0.283s] [ 72%] Built target servo_calcs_unit_tests
[0.283s] [ 78%] Built target servo_node
[0.341s] [ 84%] Built target test_servo_pose_tracking
[0.345s] [ 90%] Built target servo_pose_tracking_demo
[0.401s] [ 96%] Built target servo_node_main
[1.984s] [01m[K/home/johnbuntu/ar4_ros_driver/moveit_servo/src/teleop_demo/joystick_servo_example.cpp:[m[K In function ‘[01m[Kbool convertJoyToCmd(const std::vector<float, std::allocator<float> >&, const std::vector<int, std::allocator<int> >&, std::unique_ptr<geometry_msgs::msg::TwistStamped_<std::allocator<void> >, std::default_delete<geometry_msgs::msg::TwistStamped_<std::allocator<void> > > >&, std::unique_ptr<control_msgs::msg::JointJog_<std::allocator<void> >, std::default_delete<control_msgs::msg::JointJog_<std::allocator<void> > > >&, std::unique_ptr<std_msgs::msg::Int32_<std::allocator<void> >, std::default_delete<std_msgs::msg::Int32_<std::allocator<void> > > >&)[m[K’:
[1.984s] [01m[K/home/johnbuntu/ar4_ros_driver/moveit_servo/src/teleop_demo/joystick_servo_example.cpp:190:14:[m[K [01;31m[Kerror: [m[K‘[01m[Kstruct std_msgs::msg::Int32_<std::allocator<void> >[m[K’ has no member named ‘[01m[Kint32[m[K’; did you mean ‘[01m[KInt32_[m[K’?
[1.984s]   190 |     gripper->[01;31m[Kint32[m[K.data = static_cast<int>(gripper_angle);
[1.984s]       |              [01;31m[K^~~~~[m[K
[1.984s]       |              [32m[KInt32_[m[K
[1.984s] [01m[K/home/johnbuntu/ar4_ros_driver/moveit_servo/src/teleop_demo/joystick_servo_example.cpp:207:14:[m[K [01;31m[Kerror: [m[K‘[01m[Kstruct std_msgs::msg::Int32_<std::allocator<void> >[m[K’ has no member named ‘[01m[Kint32[m[K’; did you mean ‘[01m[KInt32_[m[K’?
[1.984s]   207 |     gripper->[01;31m[Kint32[m[K.data = static_cast<int>(gripper_angle);
[1.984s]       |              [01;31m[K^~~~~[m[K
[1.984s]       |              [32m[KInt32_[m[K
[2.094s] [01m[K/home/johnbuntu/ar4_ros_driver/moveit_servo/src/teleop_demo/joystick_servo_example.cpp:[m[K In constructor ‘[01m[Kmoveit_servo::JoyToServoPub::JoyToServoPub(const rclcpp::NodeOptions&)[m[K’:
[2.094s] [01m[K/home/johnbuntu/ar4_ros_driver/moveit_servo/src/teleop_demo/joystick_servo_example.cpp:263:7:[m[K [01;31m[Kerror: [m[K‘[01m[Kgripper_pub[m[K’ was not declared in this scope
[2.094s]   263 |       [01;31m[Kgripper_pub[m[K = this->create_publisher<std_msgs::msg::Int32>(GRIPPER_TOPIC, rclcpp::SystemDefaultsQoS());
[2.094s]       |       [01;31m[K^~~~~~~~~~~[m[K
[4.670s] gmake[2]: *** [CMakeFiles/servo_controller_input.dir/build.make:76: CMakeFiles/servo_controller_input.dir/src/teleop_demo/joystick_servo_example.cpp.o] Error 1
[4.671s] gmake[1]: *** [CMakeFiles/Makefile2:283: CMakeFiles/servo_controller_input.dir/all] Error 2
[4.671s] gmake: *** [Makefile:146: all] Error 2
[4.673s] Invoked command in '/home/johnbuntu/ar4_ros_driver/build/moveit_servo' returned '2': CMAKE_PREFIX_PATH=${CMAKE_PREFIX_PATH}:/opt/ros/humble /usr/bin/cmake --build /home/johnbuntu/ar4_ros_driver/build/moveit_servo -- -j8 -l8
