[0.102s] DEBUG:colcon:Command line arguments: ['/usr/bin/colcon', 'build']
[0.102s] DEBUG:colcon:Parsed command line arguments: Namespace(log_base=None, log_level=None, verb_name='build', build_base='build', install_base='install', merge_install=False, symlink_install=False, test_result_base=None, continue_on_error=False, executor='parallel', parallel_workers=8, event_handlers=None, ignore_user_meta=False, metas=['./colcon.meta'], base_paths=['.'], packages_ignore=None, packages_ignore_regex=None, paths=None, packages_up_to=None, packages_up_to_regex=None, packages_above=None, packages_above_and_dependencies=None, packages_above_depth=None, packages_select_by_dep=None, packages_skip_by_dep=None, packages_skip_up_to=None, packages_select_build_failed=False, packages_skip_build_finished=False, packages_select_test_failures=False, packages_skip_test_passed=False, packages_select=None, packages_skip=None, packages_select_regex=None, packages_skip_regex=None, packages_start=None, packages_end=None, allow_overriding=[], cmake_args=None, cmake_target=None, cmake_target_skip_unavailable=False, cmake_clean_cache=False, cmake_clean_first=False, cmake_force_configure=False, ament_cmake_args=None, catkin_cmake_args=None, catkin_skip_building_tests=False, mixin_files=None, mixin=None, verb_parser=<colcon_mixin.mixin.mixin_argument.MixinArgumentDecorator object at 0x7217cb3526b0>, verb_extension=<colcon_core.verb.build.BuildVerb object at 0x7217cb352050>, main=<bound method BuildVerb.main of <colcon_core.verb.build.BuildVerb object at 0x7217cb352050>>, mixin_verb=('build',))
[0.242s] Level 1:colcon.colcon_core.package_discovery:discover_packages(colcon_meta) check parameters
[0.242s] Level 1:colcon.colcon_core.package_discovery:discover_packages(recursive) check parameters
[0.242s] Level 1:colcon.colcon_core.package_discovery:discover_packages(ignore) check parameters
[0.242s] Level 1:colcon.colcon_core.package_discovery:discover_packages(path) check parameters
[0.242s] Level 1:colcon.colcon_core.package_discovery:discover_packages(colcon_meta) discover
[0.242s] Level 1:colcon.colcon_core.package_discovery:discover_packages(recursive) discover
[0.242s] INFO:colcon.colcon_core.package_discovery:Crawling recursively for packages in '/home/johnbuntu/ar4_ros_driver'
[0.242s] Level 1:colcon.colcon_core.package_identification:_identify(.) by extensions ['ignore', 'ignore_ament_install']
[0.242s] Level 1:colcon.colcon_core.package_identification:_identify(.) by extension 'ignore'
[0.242s] Level 1:colcon.colcon_core.package_identification:_identify(.) by extension 'ignore_ament_install'
[0.242s] Level 1:colcon.colcon_core.package_identification:_identify(.) by extensions ['colcon_pkg']
[0.242s] Level 1:colcon.colcon_core.package_identification:_identify(.) by extension 'colcon_pkg'
[0.242s] Level 1:colcon.colcon_core.package_identification:_identify(.) by extensions ['colcon_meta']
[0.242s] Level 1:colcon.colcon_core.package_identification:_identify(.) by extension 'colcon_meta'
[0.242s] Level 1:colcon.colcon_core.package_identification:_identify(.) by extensions ['ros']
[0.242s] Level 1:colcon.colcon_core.package_identification:_identify(.) by extension 'ros'
[0.251s] Level 1:colcon.colcon_core.package_identification:_identify(.) by extensions ['cmake', 'python']
[0.251s] Level 1:colcon.colcon_core.package_identification:_identify(.) by extension 'cmake'
[0.251s] Level 1:colcon.colcon_core.package_identification:_identify(.) by extension 'python'
[0.251s] Level 1:colcon.colcon_core.package_identification:_identify(.) by extensions ['python_setup_py']
[0.251s] Level 1:colcon.colcon_core.package_identification:_identify(.) by extension 'python_setup_py'
[0.252s] Level 1:colcon.colcon_core.package_identification:_identify(annin_ar4_description) by extensions ['ignore', 'ignore_ament_install']
[0.252s] Level 1:colcon.colcon_core.package_identification:_identify(annin_ar4_description) by extension 'ignore'
[0.252s] Level 1:colcon.colcon_core.package_identification:_identify(annin_ar4_description) by extension 'ignore_ament_install'
[0.252s] Level 1:colcon.colcon_core.package_identification:_identify(annin_ar4_description) by extensions ['colcon_pkg']
[0.252s] Level 1:colcon.colcon_core.package_identification:_identify(annin_ar4_description) by extension 'colcon_pkg'
[0.252s] Level 1:colcon.colcon_core.package_identification:_identify(annin_ar4_description) by extensions ['colcon_meta']
[0.252s] Level 1:colcon.colcon_core.package_identification:_identify(annin_ar4_description) by extension 'colcon_meta'
[0.252s] Level 1:colcon.colcon_core.package_identification:_identify(annin_ar4_description) by extensions ['ros']
[0.252s] Level 1:colcon.colcon_core.package_identification:_identify(annin_ar4_description) by extension 'ros'
[0.254s] DEBUG:colcon.colcon_core.package_identification:Package 'annin_ar4_description' with type 'ros.ament_cmake' and name 'annin_ar4_description'
[0.254s] Level 1:colcon.colcon_core.package_identification:_identify(annin_ar4_driver) by extensions ['ignore', 'ignore_ament_install']
[0.254s] Level 1:colcon.colcon_core.package_identification:_identify(annin_ar4_driver) by extension 'ignore'
[0.254s] Level 1:colcon.colcon_core.package_identification:_identify(annin_ar4_driver) by extension 'ignore_ament_install'
[0.254s] Level 1:colcon.colcon_core.package_identification:_identify(annin_ar4_driver) by extensions ['colcon_pkg']
[0.254s] Level 1:colcon.colcon_core.package_identification:_identify(annin_ar4_driver) by extension 'colcon_pkg'
[0.254s] Level 1:colcon.colcon_core.package_identification:_identify(annin_ar4_driver) by extensions ['colcon_meta']
[0.254s] Level 1:colcon.colcon_core.package_identification:_identify(annin_ar4_driver) by extension 'colcon_meta'
[0.254s] Level 1:colcon.colcon_core.package_identification:_identify(annin_ar4_driver) by extensions ['ros']
[0.254s] Level 1:colcon.colcon_core.package_identification:_identify(annin_ar4_driver) by extension 'ros'
[0.255s] DEBUG:colcon.colcon_core.package_identification:Package 'annin_ar4_driver' with type 'ros.ament_cmake' and name 'annin_ar4_driver'
[0.255s] Level 1:colcon.colcon_core.package_identification:_identify(annin_ar4_firmware) by extensions ['ignore', 'ignore_ament_install']
[0.255s] Level 1:colcon.colcon_core.package_identification:_identify(annin_ar4_firmware) by extension 'ignore'
[0.256s] Level 1:colcon.colcon_core.package_identification:_identify(annin_ar4_firmware) by extension 'ignore_ament_install'
[0.256s] Level 1:colcon.colcon_core.package_identification:_identify(annin_ar4_firmware) by extensions ['colcon_pkg']
[0.256s] Level 1:colcon.colcon_core.package_identification:_identify(annin_ar4_firmware) by extension 'colcon_pkg'
[0.256s] Level 1:colcon.colcon_core.package_identification:_identify(annin_ar4_firmware) by extensions ['colcon_meta']
[0.256s] Level 1:colcon.colcon_core.package_identification:_identify(annin_ar4_firmware) by extension 'colcon_meta'
[0.256s] Level 1:colcon.colcon_core.package_identification:_identify(annin_ar4_firmware) by extensions ['ros']
[0.256s] Level 1:colcon.colcon_core.package_identification:_identify(annin_ar4_firmware) by extension 'ros'
[0.256s] Level 1:colcon.colcon_core.package_identification:_identify(annin_ar4_firmware) by extensions ['cmake', 'python']
[0.256s] Level 1:colcon.colcon_core.package_identification:_identify(annin_ar4_firmware) by extension 'cmake'
[0.256s] Level 1:colcon.colcon_core.package_identification:_identify(annin_ar4_firmware) by extension 'python'
[0.256s] Level 1:colcon.colcon_core.package_identification:_identify(annin_ar4_firmware) by extensions ['python_setup_py']
[0.256s] Level 1:colcon.colcon_core.package_identification:_identify(annin_ar4_firmware) by extension 'python_setup_py'
[0.256s] Level 1:colcon.colcon_core.package_identification:_identify(annin_ar4_firmware/AR4_nano) by extensions ['ignore', 'ignore_ament_install']
[0.256s] Level 1:colcon.colcon_core.package_identification:_identify(annin_ar4_firmware/AR4_nano) by extension 'ignore'
[0.256s] Level 1:colcon.colcon_core.package_identification:_identify(annin_ar4_firmware/AR4_nano) by extension 'ignore_ament_install'
[0.256s] Level 1:colcon.colcon_core.package_identification:_identify(annin_ar4_firmware/AR4_nano) by extensions ['colcon_pkg']
[0.256s] Level 1:colcon.colcon_core.package_identification:_identify(annin_ar4_firmware/AR4_nano) by extension 'colcon_pkg'
[0.256s] Level 1:colcon.colcon_core.package_identification:_identify(annin_ar4_firmware/AR4_nano) by extensions ['colcon_meta']
[0.256s] Level 1:colcon.colcon_core.package_identification:_identify(annin_ar4_firmware/AR4_nano) by extension 'colcon_meta'
[0.256s] Level 1:colcon.colcon_core.package_identification:_identify(annin_ar4_firmware/AR4_nano) by extensions ['ros']
[0.256s] Level 1:colcon.colcon_core.package_identification:_identify(annin_ar4_firmware/AR4_nano) by extension 'ros'
[0.256s] Level 1:colcon.colcon_core.package_identification:_identify(annin_ar4_firmware/AR4_nano) by extensions ['cmake', 'python']
[0.256s] Level 1:colcon.colcon_core.package_identification:_identify(annin_ar4_firmware/AR4_nano) by extension 'cmake'
[0.256s] Level 1:colcon.colcon_core.package_identification:_identify(annin_ar4_firmware/AR4_nano) by extension 'python'
[0.256s] Level 1:colcon.colcon_core.package_identification:_identify(annin_ar4_firmware/AR4_nano) by extensions ['python_setup_py']
[0.256s] Level 1:colcon.colcon_core.package_identification:_identify(annin_ar4_firmware/AR4_nano) by extension 'python_setup_py'
[0.257s] Level 1:colcon.colcon_core.package_identification:_identify(annin_ar4_firmware/AR4_teensy) by extensions ['ignore', 'ignore_ament_install']
[0.257s] Level 1:colcon.colcon_core.package_identification:_identify(annin_ar4_firmware/AR4_teensy) by extension 'ignore'
[0.257s] Level 1:colcon.colcon_core.package_identification:_identify(annin_ar4_firmware/AR4_teensy) by extension 'ignore_ament_install'
[0.257s] Level 1:colcon.colcon_core.package_identification:_identify(annin_ar4_firmware/AR4_teensy) by extensions ['colcon_pkg']
[0.257s] Level 1:colcon.colcon_core.package_identification:_identify(annin_ar4_firmware/AR4_teensy) by extension 'colcon_pkg'
[0.257s] Level 1:colcon.colcon_core.package_identification:_identify(annin_ar4_firmware/AR4_teensy) by extensions ['colcon_meta']
[0.257s] Level 1:colcon.colcon_core.package_identification:_identify(annin_ar4_firmware/AR4_teensy) by extension 'colcon_meta'
[0.257s] Level 1:colcon.colcon_core.package_identification:_identify(annin_ar4_firmware/AR4_teensy) by extensions ['ros']
[0.257s] Level 1:colcon.colcon_core.package_identification:_identify(annin_ar4_firmware/AR4_teensy) by extension 'ros'
[0.257s] Level 1:colcon.colcon_core.package_identification:_identify(annin_ar4_firmware/AR4_teensy) by extensions ['cmake', 'python']
[0.257s] Level 1:colcon.colcon_core.package_identification:_identify(annin_ar4_firmware/AR4_teensy) by extension 'cmake'
[0.257s] Level 1:colcon.colcon_core.package_identification:_identify(annin_ar4_firmware/AR4_teensy) by extension 'python'
[0.257s] Level 1:colcon.colcon_core.package_identification:_identify(annin_ar4_firmware/AR4_teensy) by extensions ['python_setup_py']
[0.257s] Level 1:colcon.colcon_core.package_identification:_identify(annin_ar4_firmware/AR4_teensy) by extension 'python_setup_py'
[0.257s] Level 1:colcon.colcon_core.package_identification:_identify(annin_ar4_gazebo) by extensions ['ignore', 'ignore_ament_install']
[0.257s] Level 1:colcon.colcon_core.package_identification:_identify(annin_ar4_gazebo) by extension 'ignore'
[0.257s] Level 1:colcon.colcon_core.package_identification:_identify(annin_ar4_gazebo) by extension 'ignore_ament_install'
[0.257s] Level 1:colcon.colcon_core.package_identification:_identify(annin_ar4_gazebo) by extensions ['colcon_pkg']
[0.257s] Level 1:colcon.colcon_core.package_identification:_identify(annin_ar4_gazebo) by extension 'colcon_pkg'
[0.257s] Level 1:colcon.colcon_core.package_identification:_identify(annin_ar4_gazebo) by extensions ['colcon_meta']
[0.257s] Level 1:colcon.colcon_core.package_identification:_identify(annin_ar4_gazebo) by extension 'colcon_meta'
[0.257s] Level 1:colcon.colcon_core.package_identification:_identify(annin_ar4_gazebo) by extensions ['ros']
[0.257s] Level 1:colcon.colcon_core.package_identification:_identify(annin_ar4_gazebo) by extension 'ros'
[0.258s] DEBUG:colcon.colcon_core.package_identification:Package 'annin_ar4_gazebo' with type 'ros.ament_cmake' and name 'annin_ar4_gazebo'
[0.258s] Level 1:colcon.colcon_core.package_identification:_identify(annin_ar4_moveit_config) by extensions ['ignore', 'ignore_ament_install']
[0.258s] Level 1:colcon.colcon_core.package_identification:_identify(annin_ar4_moveit_config) by extension 'ignore'
[0.258s] Level 1:colcon.colcon_core.package_identification:_identify(annin_ar4_moveit_config) by extension 'ignore_ament_install'
[0.258s] Level 1:colcon.colcon_core.package_identification:_identify(annin_ar4_moveit_config) by extensions ['colcon_pkg']
[0.258s] Level 1:colcon.colcon_core.package_identification:_identify(annin_ar4_moveit_config) by extension 'colcon_pkg'
[0.258s] Level 1:colcon.colcon_core.package_identification:_identify(annin_ar4_moveit_config) by extensions ['colcon_meta']
[0.258s] Level 1:colcon.colcon_core.package_identification:_identify(annin_ar4_moveit_config) by extension 'colcon_meta'
[0.258s] Level 1:colcon.colcon_core.package_identification:_identify(annin_ar4_moveit_config) by extensions ['ros']
[0.258s] Level 1:colcon.colcon_core.package_identification:_identify(annin_ar4_moveit_config) by extension 'ros'
[0.259s] DEBUG:colcon.colcon_core.package_identification:Package 'annin_ar4_moveit_config' with type 'ros.ament_cmake' and name 'annin_ar4_moveit_config'
[0.259s] Level 1:colcon.colcon_core.package_identification:_identify(build) by extensions ['ignore', 'ignore_ament_install']
[0.259s] Level 1:colcon.colcon_core.package_identification:_identify(build) by extension 'ignore'
[0.259s] Level 1:colcon.colcon_core.package_identification:_identify(build) ignored
[0.259s] Level 1:colcon.colcon_core.package_identification:_identify(install) by extensions ['ignore', 'ignore_ament_install']
[0.259s] Level 1:colcon.colcon_core.package_identification:_identify(install) by extension 'ignore'
[0.259s] Level 1:colcon.colcon_core.package_identification:_identify(install) ignored
[0.259s] Level 1:colcon.colcon_core.package_identification:_identify(johnsfiles) by extensions ['ignore', 'ignore_ament_install']
[0.259s] Level 1:colcon.colcon_core.package_identification:_identify(johnsfiles) by extension 'ignore'
[0.259s] Level 1:colcon.colcon_core.package_identification:_identify(johnsfiles) by extension 'ignore_ament_install'
[0.259s] Level 1:colcon.colcon_core.package_identification:_identify(johnsfiles) by extensions ['colcon_pkg']
[0.259s] Level 1:colcon.colcon_core.package_identification:_identify(johnsfiles) by extension 'colcon_pkg'
[0.259s] Level 1:colcon.colcon_core.package_identification:_identify(johnsfiles) by extensions ['colcon_meta']
[0.259s] Level 1:colcon.colcon_core.package_identification:_identify(johnsfiles) by extension 'colcon_meta'
[0.259s] Level 1:colcon.colcon_core.package_identification:_identify(johnsfiles) by extensions ['ros']
[0.259s] Level 1:colcon.colcon_core.package_identification:_identify(johnsfiles) by extension 'ros'
[0.259s] Level 1:colcon.colcon_core.package_identification:_identify(johnsfiles) by extensions ['cmake', 'python']
[0.259s] Level 1:colcon.colcon_core.package_identification:_identify(johnsfiles) by extension 'cmake'
[0.260s] Level 1:colcon.colcon_core.package_identification:_identify(johnsfiles) by extension 'python'
[0.260s] Level 1:colcon.colcon_core.package_identification:_identify(johnsfiles) by extensions ['python_setup_py']
[0.260s] Level 1:colcon.colcon_core.package_identification:_identify(johnsfiles) by extension 'python_setup_py'
[0.260s] Level 1:colcon.colcon_core.package_identification:_identify(log) by extensions ['ignore', 'ignore_ament_install']
[0.260s] Level 1:colcon.colcon_core.package_identification:_identify(log) by extension 'ignore'
[0.260s] Level 1:colcon.colcon_core.package_identification:_identify(log) ignored
[0.260s] Level 1:colcon.colcon_core.package_identification:_identify(moveit_configs_utils) by extensions ['ignore', 'ignore_ament_install']
[0.260s] Level 1:colcon.colcon_core.package_identification:_identify(moveit_configs_utils) by extension 'ignore'
[0.260s] Level 1:colcon.colcon_core.package_identification:_identify(moveit_configs_utils) by extension 'ignore_ament_install'
[0.260s] Level 1:colcon.colcon_core.package_identification:_identify(moveit_configs_utils) by extensions ['colcon_pkg']
[0.260s] Level 1:colcon.colcon_core.package_identification:_identify(moveit_configs_utils) by extension 'colcon_pkg'
[0.260s] Level 1:colcon.colcon_core.package_identification:_identify(moveit_configs_utils) by extensions ['colcon_meta']
[0.260s] Level 1:colcon.colcon_core.package_identification:_identify(moveit_configs_utils) by extension 'colcon_meta'
[0.260s] Level 1:colcon.colcon_core.package_identification:_identify(moveit_configs_utils) by extensions ['ros']
[0.260s] Level 1:colcon.colcon_core.package_identification:_identify(moveit_configs_utils) by extension 'ros'
[0.261s] DEBUG:colcon.colcon_core.package_identification:Package 'moveit_configs_utils' with type 'ros.ament_python' and name 'moveit_configs_utils'
[0.261s] Level 1:colcon.colcon_core.package_identification:_identify(moveit_servo) by extensions ['ignore', 'ignore_ament_install']
[0.261s] Level 1:colcon.colcon_core.package_identification:_identify(moveit_servo) by extension 'ignore'
[0.261s] Level 1:colcon.colcon_core.package_identification:_identify(moveit_servo) by extension 'ignore_ament_install'
[0.261s] Level 1:colcon.colcon_core.package_identification:_identify(moveit_servo) by extensions ['colcon_pkg']
[0.261s] Level 1:colcon.colcon_core.package_identification:_identify(moveit_servo) by extension 'colcon_pkg'
[0.261s] Level 1:colcon.colcon_core.package_identification:_identify(moveit_servo) by extensions ['colcon_meta']
[0.261s] Level 1:colcon.colcon_core.package_identification:_identify(moveit_servo) by extension 'colcon_meta'
[0.261s] Level 1:colcon.colcon_core.package_identification:_identify(moveit_servo) by extensions ['ros']
[0.261s] Level 1:colcon.colcon_core.package_identification:_identify(moveit_servo) by extension 'ros'
[0.261s] Level 1:colcon.colcon_core.package_identification:_identify(moveit_servo) by extensions ['cmake', 'python']
[0.261s] Level 1:colcon.colcon_core.package_identification:_identify(moveit_servo) by extension 'cmake'
[0.261s] Level 1:colcon.colcon_core.package_identification:_identify(moveit_servo) by extension 'python'
[0.261s] Level 1:colcon.colcon_core.package_identification:_identify(moveit_servo) by extensions ['python_setup_py']
[0.261s] Level 1:colcon.colcon_core.package_identification:_identify(moveit_servo) by extension 'python_setup_py'
[0.261s] Level 1:colcon.colcon_core.package_identification:_identify(moveit_servo/config) by extensions ['ignore', 'ignore_ament_install']
[0.261s] Level 1:colcon.colcon_core.package_identification:_identify(moveit_servo/config) by extension 'ignore'
[0.261s] Level 1:colcon.colcon_core.package_identification:_identify(moveit_servo/config) by extension 'ignore_ament_install'
[0.261s] Level 1:colcon.colcon_core.package_identification:_identify(moveit_servo/config) by extensions ['colcon_pkg']
[0.261s] Level 1:colcon.colcon_core.package_identification:_identify(moveit_servo/config) by extension 'colcon_pkg'
[0.261s] Level 1:colcon.colcon_core.package_identification:_identify(moveit_servo/config) by extensions ['colcon_meta']
[0.262s] Level 1:colcon.colcon_core.package_identification:_identify(moveit_servo/config) by extension 'colcon_meta'
[0.262s] Level 1:colcon.colcon_core.package_identification:_identify(moveit_servo/config) by extensions ['ros']
[0.262s] Level 1:colcon.colcon_core.package_identification:_identify(moveit_servo/config) by extension 'ros'
[0.262s] Level 1:colcon.colcon_core.package_identification:_identify(moveit_servo/config) by extensions ['cmake', 'python']
[0.262s] Level 1:colcon.colcon_core.package_identification:_identify(moveit_servo/config) by extension 'cmake'
[0.262s] Level 1:colcon.colcon_core.package_identification:_identify(moveit_servo/config) by extension 'python'
[0.262s] Level 1:colcon.colcon_core.package_identification:_identify(moveit_servo/config) by extensions ['python_setup_py']
[0.262s] Level 1:colcon.colcon_core.package_identification:_identify(moveit_servo/config) by extension 'python_setup_py'
[0.262s] Level 1:colcon.colcon_core.package_identification:_identify(moveit_servo/include) by extensions ['ignore', 'ignore_ament_install']
[0.262s] Level 1:colcon.colcon_core.package_identification:_identify(moveit_servo/include) by extension 'ignore'
[0.262s] Level 1:colcon.colcon_core.package_identification:_identify(moveit_servo/include) by extension 'ignore_ament_install'
[0.262s] Level 1:colcon.colcon_core.package_identification:_identify(moveit_servo/include) by extensions ['colcon_pkg']
[0.262s] Level 1:colcon.colcon_core.package_identification:_identify(moveit_servo/include) by extension 'colcon_pkg'
[0.262s] Level 1:colcon.colcon_core.package_identification:_identify(moveit_servo/include) by extensions ['colcon_meta']
[0.262s] Level 1:colcon.colcon_core.package_identification:_identify(moveit_servo/include) by extension 'colcon_meta'
[0.262s] Level 1:colcon.colcon_core.package_identification:_identify(moveit_servo/include) by extensions ['ros']
[0.262s] Level 1:colcon.colcon_core.package_identification:_identify(moveit_servo/include) by extension 'ros'
[0.262s] Level 1:colcon.colcon_core.package_identification:_identify(moveit_servo/include) by extensions ['cmake', 'python']
[0.262s] Level 1:colcon.colcon_core.package_identification:_identify(moveit_servo/include) by extension 'cmake'
[0.262s] Level 1:colcon.colcon_core.package_identification:_identify(moveit_servo/include) by extension 'python'
[0.262s] Level 1:colcon.colcon_core.package_identification:_identify(moveit_servo/include) by extensions ['python_setup_py']
[0.262s] Level 1:colcon.colcon_core.package_identification:_identify(moveit_servo/include) by extension 'python_setup_py'
[0.262s] Level 1:colcon.colcon_core.package_identification:_identify(moveit_servo/include/moveit_servo) by extensions ['ignore', 'ignore_ament_install']
[0.262s] Level 1:colcon.colcon_core.package_identification:_identify(moveit_servo/include/moveit_servo) by extension 'ignore'
[0.262s] Level 1:colcon.colcon_core.package_identification:_identify(moveit_servo/include/moveit_servo) by extension 'ignore_ament_install'
[0.262s] Level 1:colcon.colcon_core.package_identification:_identify(moveit_servo/include/moveit_servo) by extensions ['colcon_pkg']
[0.262s] Level 1:colcon.colcon_core.package_identification:_identify(moveit_servo/include/moveit_servo) by extension 'colcon_pkg'
[0.263s] Level 1:colcon.colcon_core.package_identification:_identify(moveit_servo/include/moveit_servo) by extensions ['colcon_meta']
[0.263s] Level 1:colcon.colcon_core.package_identification:_identify(moveit_servo/include/moveit_servo) by extension 'colcon_meta'
[0.263s] Level 1:colcon.colcon_core.package_identification:_identify(moveit_servo/include/moveit_servo) by extensions ['ros']
[0.263s] Level 1:colcon.colcon_core.package_identification:_identify(moveit_servo/include/moveit_servo) by extension 'ros'
[0.263s] Level 1:colcon.colcon_core.package_identification:_identify(moveit_servo/include/moveit_servo) by extensions ['cmake', 'python']
[0.263s] Level 1:colcon.colcon_core.package_identification:_identify(moveit_servo/include/moveit_servo) by extension 'cmake'
[0.263s] Level 1:colcon.colcon_core.package_identification:_identify(moveit_servo/include/moveit_servo) by extension 'python'
[0.263s] Level 1:colcon.colcon_core.package_identification:_identify(moveit_servo/include/moveit_servo) by extensions ['python_setup_py']
[0.263s] Level 1:colcon.colcon_core.package_identification:_identify(moveit_servo/include/moveit_servo) by extension 'python_setup_py'
[0.263s] Level 1:colcon.colcon_core.package_identification:_identify(moveit_servo/launch) by extensions ['ignore', 'ignore_ament_install']
[0.263s] Level 1:colcon.colcon_core.package_identification:_identify(moveit_servo/launch) by extension 'ignore'
[0.263s] Level 1:colcon.colcon_core.package_identification:_identify(moveit_servo/launch) by extension 'ignore_ament_install'
[0.263s] Level 1:colcon.colcon_core.package_identification:_identify(moveit_servo/launch) by extensions ['colcon_pkg']
[0.263s] Level 1:colcon.colcon_core.package_identification:_identify(moveit_servo/launch) by extension 'colcon_pkg'
[0.263s] Level 1:colcon.colcon_core.package_identification:_identify(moveit_servo/launch) by extensions ['colcon_meta']
[0.263s] Level 1:colcon.colcon_core.package_identification:_identify(moveit_servo/launch) by extension 'colcon_meta'
[0.263s] Level 1:colcon.colcon_core.package_identification:_identify(moveit_servo/launch) by extensions ['ros']
[0.263s] Level 1:colcon.colcon_core.package_identification:_identify(moveit_servo/launch) by extension 'ros'
[0.263s] Level 1:colcon.colcon_core.package_identification:_identify(moveit_servo/launch) by extensions ['cmake', 'python']
[0.263s] Level 1:colcon.colcon_core.package_identification:_identify(moveit_servo/launch) by extension 'cmake'
[0.263s] Level 1:colcon.colcon_core.package_identification:_identify(moveit_servo/launch) by extension 'python'
[0.263s] Level 1:colcon.colcon_core.package_identification:_identify(moveit_servo/launch) by extensions ['python_setup_py']
[0.263s] Level 1:colcon.colcon_core.package_identification:_identify(moveit_servo/launch) by extension 'python_setup_py'
[0.263s] Level 1:colcon.colcon_core.package_identification:_identify(moveit_servo/src) by extensions ['ignore', 'ignore_ament_install']
[0.263s] Level 1:colcon.colcon_core.package_identification:_identify(moveit_servo/src) by extension 'ignore'
[0.263s] Level 1:colcon.colcon_core.package_identification:_identify(moveit_servo/src) by extension 'ignore_ament_install'
[0.263s] Level 1:colcon.colcon_core.package_identification:_identify(moveit_servo/src) by extensions ['colcon_pkg']
[0.264s] Level 1:colcon.colcon_core.package_identification:_identify(moveit_servo/src) by extension 'colcon_pkg'
[0.264s] Level 1:colcon.colcon_core.package_identification:_identify(moveit_servo/src) by extensions ['colcon_meta']
[0.264s] Level 1:colcon.colcon_core.package_identification:_identify(moveit_servo/src) by extension 'colcon_meta'
[0.264s] Level 1:colcon.colcon_core.package_identification:_identify(moveit_servo/src) by extensions ['ros']
[0.264s] Level 1:colcon.colcon_core.package_identification:_identify(moveit_servo/src) by extension 'ros'
[0.264s] Level 1:colcon.colcon_core.package_identification:_identify(moveit_servo/src) by extensions ['cmake', 'python']
[0.264s] Level 1:colcon.colcon_core.package_identification:_identify(moveit_servo/src) by extension 'cmake'
[0.264s] Level 1:colcon.colcon_core.package_identification:_identify(moveit_servo/src) by extension 'python'
[0.264s] Level 1:colcon.colcon_core.package_identification:_identify(moveit_servo/src) by extensions ['python_setup_py']
[0.264s] Level 1:colcon.colcon_core.package_identification:_identify(moveit_servo/src) by extension 'python_setup_py'
[0.264s] Level 1:colcon.colcon_core.package_identification:_identify(moveit_servo/src/cpp_interface_demo) by extensions ['ignore', 'ignore_ament_install']
[0.264s] Level 1:colcon.colcon_core.package_identification:_identify(moveit_servo/src/cpp_interface_demo) by extension 'ignore'
[0.264s] Level 1:colcon.colcon_core.package_identification:_identify(moveit_servo/src/cpp_interface_demo) by extension 'ignore_ament_install'
[0.264s] Level 1:colcon.colcon_core.package_identification:_identify(moveit_servo/src/cpp_interface_demo) by extensions ['colcon_pkg']
[0.264s] Level 1:colcon.colcon_core.package_identification:_identify(moveit_servo/src/cpp_interface_demo) by extension 'colcon_pkg'
[0.264s] Level 1:colcon.colcon_core.package_identification:_identify(moveit_servo/src/cpp_interface_demo) by extensions ['colcon_meta']
[0.264s] Level 1:colcon.colcon_core.package_identification:_identify(moveit_servo/src/cpp_interface_demo) by extension 'colcon_meta'
[0.264s] Level 1:colcon.colcon_core.package_identification:_identify(moveit_servo/src/cpp_interface_demo) by extensions ['ros']
[0.264s] Level 1:colcon.colcon_core.package_identification:_identify(moveit_servo/src/cpp_interface_demo) by extension 'ros'
[0.264s] Level 1:colcon.colcon_core.package_identification:_identify(moveit_servo/src/cpp_interface_demo) by extensions ['cmake', 'python']
[0.264s] Level 1:colcon.colcon_core.package_identification:_identify(moveit_servo/src/cpp_interface_demo) by extension 'cmake'
[0.264s] Level 1:colcon.colcon_core.package_identification:_identify(moveit_servo/src/cpp_interface_demo) by extension 'python'
[0.264s] Level 1:colcon.colcon_core.package_identification:_identify(moveit_servo/src/cpp_interface_demo) by extensions ['python_setup_py']
[0.264s] Level 1:colcon.colcon_core.package_identification:_identify(moveit_servo/src/cpp_interface_demo) by extension 'python_setup_py'
[0.264s] Level 1:colcon.colcon_core.package_identification:_identify(moveit_servo/src/teleop_demo) by extensions ['ignore', 'ignore_ament_install']
[0.265s] Level 1:colcon.colcon_core.package_identification:_identify(moveit_servo/src/teleop_demo) by extension 'ignore'
[0.265s] Level 1:colcon.colcon_core.package_identification:_identify(moveit_servo/src/teleop_demo) by extension 'ignore_ament_install'
[0.265s] Level 1:colcon.colcon_core.package_identification:_identify(moveit_servo/src/teleop_demo) by extensions ['colcon_pkg']
[0.265s] Level 1:colcon.colcon_core.package_identification:_identify(moveit_servo/src/teleop_demo) by extension 'colcon_pkg'
[0.265s] Level 1:colcon.colcon_core.package_identification:_identify(moveit_servo/src/teleop_demo) by extensions ['colcon_meta']
[0.265s] Level 1:colcon.colcon_core.package_identification:_identify(moveit_servo/src/teleop_demo) by extension 'colcon_meta'
[0.265s] Level 1:colcon.colcon_core.package_identification:_identify(moveit_servo/src/teleop_demo) by extensions ['ros']
[0.265s] Level 1:colcon.colcon_core.package_identification:_identify(moveit_servo/src/teleop_demo) by extension 'ros'
[0.265s] Level 1:colcon.colcon_core.package_identification:_identify(moveit_servo/src/teleop_demo) by extensions ['cmake', 'python']
[0.265s] Level 1:colcon.colcon_core.package_identification:_identify(moveit_servo/src/teleop_demo) by extension 'cmake'
[0.265s] Level 1:colcon.colcon_core.package_identification:_identify(moveit_servo/src/teleop_demo) by extension 'python'
[0.265s] Level 1:colcon.colcon_core.package_identification:_identify(moveit_servo/src/teleop_demo) by extensions ['python_setup_py']
[0.265s] Level 1:colcon.colcon_core.package_identification:_identify(moveit_servo/src/teleop_demo) by extension 'python_setup_py'
[0.265s] Level 1:colcon.colcon_core.package_identification:_identify(moveit_servo/test) by extensions ['ignore', 'ignore_ament_install']
[0.265s] Level 1:colcon.colcon_core.package_identification:_identify(moveit_servo/test) by extension 'ignore'
[0.265s] Level 1:colcon.colcon_core.package_identification:_identify(moveit_servo/test) by extension 'ignore_ament_install'
[0.265s] Level 1:colcon.colcon_core.package_identification:_identify(moveit_servo/test) by extensions ['colcon_pkg']
[0.265s] Level 1:colcon.colcon_core.package_identification:_identify(moveit_servo/test) by extension 'colcon_pkg'
[0.265s] Level 1:colcon.colcon_core.package_identification:_identify(moveit_servo/test) by extensions ['colcon_meta']
[0.265s] Level 1:colcon.colcon_core.package_identification:_identify(moveit_servo/test) by extension 'colcon_meta'
[0.265s] Level 1:colcon.colcon_core.package_identification:_identify(moveit_servo/test) by extensions ['ros']
[0.265s] Level 1:colcon.colcon_core.package_identification:_identify(moveit_servo/test) by extension 'ros'
[0.265s] Level 1:colcon.colcon_core.package_identification:_identify(moveit_servo/test) by extensions ['cmake', 'python']
[0.265s] Level 1:colcon.colcon_core.package_identification:_identify(moveit_servo/test) by extension 'cmake'
[0.265s] Level 1:colcon.colcon_core.package_identification:_identify(moveit_servo/test) by extension 'python'
[0.265s] Level 1:colcon.colcon_core.package_identification:_identify(moveit_servo/test) by extensions ['python_setup_py']
[0.265s] Level 1:colcon.colcon_core.package_identification:_identify(moveit_servo/test) by extension 'python_setup_py'
[0.266s] Level 1:colcon.colcon_core.package_identification:_identify(moveit_servo/test/config) by extensions ['ignore', 'ignore_ament_install']
[0.266s] Level 1:colcon.colcon_core.package_identification:_identify(moveit_servo/test/config) by extension 'ignore'
[0.266s] Level 1:colcon.colcon_core.package_identification:_identify(moveit_servo/test/config) by extension 'ignore_ament_install'
[0.266s] Level 1:colcon.colcon_core.package_identification:_identify(moveit_servo/test/config) by extensions ['colcon_pkg']
[0.266s] Level 1:colcon.colcon_core.package_identification:_identify(moveit_servo/test/config) by extension 'colcon_pkg'
[0.266s] Level 1:colcon.colcon_core.package_identification:_identify(moveit_servo/test/config) by extensions ['colcon_meta']
[0.266s] Level 1:colcon.colcon_core.package_identification:_identify(moveit_servo/test/config) by extension 'colcon_meta'
[0.266s] Level 1:colcon.colcon_core.package_identification:_identify(moveit_servo/test/config) by extensions ['ros']
[0.266s] Level 1:colcon.colcon_core.package_identification:_identify(moveit_servo/test/config) by extension 'ros'
[0.266s] Level 1:colcon.colcon_core.package_identification:_identify(moveit_servo/test/config) by extensions ['cmake', 'python']
[0.266s] Level 1:colcon.colcon_core.package_identification:_identify(moveit_servo/test/config) by extension 'cmake'
[0.266s] Level 1:colcon.colcon_core.package_identification:_identify(moveit_servo/test/config) by extension 'python'
[0.266s] Level 1:colcon.colcon_core.package_identification:_identify(moveit_servo/test/config) by extensions ['python_setup_py']
[0.266s] Level 1:colcon.colcon_core.package_identification:_identify(moveit_servo/test/config) by extension 'python_setup_py'
[0.266s] Level 1:colcon.colcon_core.package_identification:_identify(moveit_servo/test/launch) by extensions ['ignore', 'ignore_ament_install']
[0.266s] Level 1:colcon.colcon_core.package_identification:_identify(moveit_servo/test/launch) by extension 'ignore'
[0.266s] Level 1:colcon.colcon_core.package_identification:_identify(moveit_servo/test/launch) by extension 'ignore_ament_install'
[0.266s] Level 1:colcon.colcon_core.package_identification:_identify(moveit_servo/test/launch) by extensions ['colcon_pkg']
[0.266s] Level 1:colcon.colcon_core.package_identification:_identify(moveit_servo/test/launch) by extension 'colcon_pkg'
[0.266s] Level 1:colcon.colcon_core.package_identification:_identify(moveit_servo/test/launch) by extensions ['colcon_meta']
[0.266s] Level 1:colcon.colcon_core.package_identification:_identify(moveit_servo/test/launch) by extension 'colcon_meta'
[0.266s] Level 1:colcon.colcon_core.package_identification:_identify(moveit_servo/test/launch) by extensions ['ros']
[0.266s] Level 1:colcon.colcon_core.package_identification:_identify(moveit_servo/test/launch) by extension 'ros'
[0.266s] Level 1:colcon.colcon_core.package_identification:_identify(moveit_servo/test/launch) by extensions ['cmake', 'python']
[0.266s] Level 1:colcon.colcon_core.package_identification:_identify(moveit_servo/test/launch) by extension 'cmake'
[0.267s] Level 1:colcon.colcon_core.package_identification:_identify(moveit_servo/test/launch) by extension 'python'
[0.267s] Level 1:colcon.colcon_core.package_identification:_identify(moveit_servo/test/launch) by extensions ['python_setup_py']
[0.267s] Level 1:colcon.colcon_core.package_identification:_identify(moveit_servo/test/launch) by extension 'python_setup_py'
[0.267s] Level 1:colcon.colcon_core.package_discovery:discover_packages(recursive) using defaults
[0.267s] Level 1:colcon.colcon_core.package_discovery:discover_packages(ignore) discover
[0.267s] Level 1:colcon.colcon_core.package_discovery:discover_packages(ignore) using defaults
[0.267s] Level 1:colcon.colcon_core.package_discovery:discover_packages(path) discover
[0.267s] Level 1:colcon.colcon_core.package_discovery:discover_packages(path) using defaults
[0.294s] Level 1:colcon.colcon_core.package_discovery:discover_packages(prefix_path) check parameters
[0.294s] Level 1:colcon.colcon_core.package_discovery:discover_packages(prefix_path) discover
[0.295s] DEBUG:colcon.colcon_installed_package_information.package_discovery:Found 5 installed packages in /home/johnbuntu/ar4_ros_driver/install
[0.296s] DEBUG:colcon.colcon_installed_package_information.package_discovery:Found 341 installed packages in /opt/ros/humble
[0.298s] Level 1:colcon.colcon_core.package_discovery:discover_packages(prefix_path) using defaults
[0.333s] WARNING:colcon.colcon_core.package_selection:Some selected packages are already built in one or more underlay workspaces:
	'moveit_configs_utils' is in: /home/johnbuntu/ar4_ros_driver/install/moveit_configs_utils
If a package in a merged underlay workspace is overridden and it installs headers, then all packages in the overlay must sort their include directories by workspace order. Failure to do so may result in build failures or undefined behavior at run time.
If the overridden package is used by another package in any underlay, then the overriding package in the overlay must be API and ABI compatible or undefined behavior at run time may occur.

If you understand the risks and want to override a package anyways, add the following to the command line:
	--allow-overriding moveit_configs_utils

This may be promoted to an error in a future release of colcon-override-check.
[0.333s] Level 5:colcon.colcon_core.verb:set package 'annin_ar4_description' build argument 'cmake_args' from command line to 'None'
[0.333s] Level 5:colcon.colcon_core.verb:set package 'annin_ar4_description' build argument 'cmake_target' from command line to 'None'
[0.333s] Level 5:colcon.colcon_core.verb:set package 'annin_ar4_description' build argument 'cmake_target_skip_unavailable' from command line to 'False'
[0.333s] Level 5:colcon.colcon_core.verb:set package 'annin_ar4_description' build argument 'cmake_clean_cache' from command line to 'False'
[0.334s] Level 5:colcon.colcon_core.verb:set package 'annin_ar4_description' build argument 'cmake_clean_first' from command line to 'False'
[0.334s] Level 5:colcon.colcon_core.verb:set package 'annin_ar4_description' build argument 'cmake_force_configure' from command line to 'False'
[0.334s] Level 5:colcon.colcon_core.verb:set package 'annin_ar4_description' build argument 'ament_cmake_args' from command line to 'None'
[0.334s] Level 5:colcon.colcon_core.verb:set package 'annin_ar4_description' build argument 'catkin_cmake_args' from command line to 'None'
[0.334s] Level 5:colcon.colcon_core.verb:set package 'annin_ar4_description' build argument 'catkin_skip_building_tests' from command line to 'False'
[0.334s] DEBUG:colcon.colcon_core.verb:Building package 'annin_ar4_description' with the following arguments: {'ament_cmake_args': None, 'build_base': '/home/johnbuntu/ar4_ros_driver/build/annin_ar4_description', 'catkin_cmake_args': None, 'catkin_skip_building_tests': False, 'cmake_args': None, 'cmake_clean_cache': False, 'cmake_clean_first': False, 'cmake_force_configure': False, 'cmake_target': None, 'cmake_target_skip_unavailable': False, 'install_base': '/home/johnbuntu/ar4_ros_driver/install/annin_ar4_description', 'merge_install': False, 'path': '/home/johnbuntu/ar4_ros_driver/annin_ar4_description', 'symlink_install': False, 'test_result_base': None}
[0.334s] Level 5:colcon.colcon_core.verb:set package 'moveit_configs_utils' build argument 'cmake_args' from command line to 'None'
[0.334s] Level 5:colcon.colcon_core.verb:set package 'moveit_configs_utils' build argument 'cmake_target' from command line to 'None'
[0.334s] Level 5:colcon.colcon_core.verb:set package 'moveit_configs_utils' build argument 'cmake_target_skip_unavailable' from command line to 'False'
[0.334s] Level 5:colcon.colcon_core.verb:set package 'moveit_configs_utils' build argument 'cmake_clean_cache' from command line to 'False'
[0.334s] Level 5:colcon.colcon_core.verb:set package 'moveit_configs_utils' build argument 'cmake_clean_first' from command line to 'False'
[0.334s] Level 5:colcon.colcon_core.verb:set package 'moveit_configs_utils' build argument 'cmake_force_configure' from command line to 'False'
[0.334s] Level 5:colcon.colcon_core.verb:set package 'moveit_configs_utils' build argument 'ament_cmake_args' from command line to 'None'
[0.334s] Level 5:colcon.colcon_core.verb:set package 'moveit_configs_utils' build argument 'catkin_cmake_args' from command line to 'None'
[0.334s] Level 5:colcon.colcon_core.verb:set package 'moveit_configs_utils' build argument 'catkin_skip_building_tests' from command line to 'False'
[0.334s] DEBUG:colcon.colcon_core.verb:Building package 'moveit_configs_utils' with the following arguments: {'ament_cmake_args': None, 'build_base': '/home/johnbuntu/ar4_ros_driver/build/moveit_configs_utils', 'catkin_cmake_args': None, 'catkin_skip_building_tests': False, 'cmake_args': None, 'cmake_clean_cache': False, 'cmake_clean_first': False, 'cmake_force_configure': False, 'cmake_target': None, 'cmake_target_skip_unavailable': False, 'install_base': '/home/johnbuntu/ar4_ros_driver/install/moveit_configs_utils', 'merge_install': False, 'path': '/home/johnbuntu/ar4_ros_driver/moveit_configs_utils', 'symlink_install': False, 'test_result_base': None}
[0.334s] Level 5:colcon.colcon_core.verb:set package 'annin_ar4_driver' build argument 'cmake_args' from command line to 'None'
[0.334s] Level 5:colcon.colcon_core.verb:set package 'annin_ar4_driver' build argument 'cmake_target' from command line to 'None'
[0.335s] Level 5:colcon.colcon_core.verb:set package 'annin_ar4_driver' build argument 'cmake_target_skip_unavailable' from command line to 'False'
[0.335s] Level 5:colcon.colcon_core.verb:set package 'annin_ar4_driver' build argument 'cmake_clean_cache' from command line to 'False'
[0.335s] Level 5:colcon.colcon_core.verb:set package 'annin_ar4_driver' build argument 'cmake_clean_first' from command line to 'False'
[0.335s] Level 5:colcon.colcon_core.verb:set package 'annin_ar4_driver' build argument 'cmake_force_configure' from command line to 'False'
[0.335s] Level 5:colcon.colcon_core.verb:set package 'annin_ar4_driver' build argument 'ament_cmake_args' from command line to 'None'
[0.335s] Level 5:colcon.colcon_core.verb:set package 'annin_ar4_driver' build argument 'catkin_cmake_args' from command line to 'None'
[0.335s] Level 5:colcon.colcon_core.verb:set package 'annin_ar4_driver' build argument 'catkin_skip_building_tests' from command line to 'False'
[0.335s] DEBUG:colcon.colcon_core.verb:Building package 'annin_ar4_driver' with the following arguments: {'ament_cmake_args': None, 'build_base': '/home/johnbuntu/ar4_ros_driver/build/annin_ar4_driver', 'catkin_cmake_args': None, 'catkin_skip_building_tests': False, 'cmake_args': None, 'cmake_clean_cache': False, 'cmake_clean_first': False, 'cmake_force_configure': False, 'cmake_target': None, 'cmake_target_skip_unavailable': False, 'install_base': '/home/johnbuntu/ar4_ros_driver/install/annin_ar4_driver', 'merge_install': False, 'path': '/home/johnbuntu/ar4_ros_driver/annin_ar4_driver', 'symlink_install': False, 'test_result_base': None}
[0.335s] Level 5:colcon.colcon_core.verb:set package 'annin_ar4_moveit_config' build argument 'cmake_args' from command line to 'None'
[0.335s] Level 5:colcon.colcon_core.verb:set package 'annin_ar4_moveit_config' build argument 'cmake_target' from command line to 'None'
[0.335s] Level 5:colcon.colcon_core.verb:set package 'annin_ar4_moveit_config' build argument 'cmake_target_skip_unavailable' from command line to 'False'
[0.335s] Level 5:colcon.colcon_core.verb:set package 'annin_ar4_moveit_config' build argument 'cmake_clean_cache' from command line to 'False'
[0.335s] Level 5:colcon.colcon_core.verb:set package 'annin_ar4_moveit_config' build argument 'cmake_clean_first' from command line to 'False'
[0.335s] Level 5:colcon.colcon_core.verb:set package 'annin_ar4_moveit_config' build argument 'cmake_force_configure' from command line to 'False'
[0.335s] Level 5:colcon.colcon_core.verb:set package 'annin_ar4_moveit_config' build argument 'ament_cmake_args' from command line to 'None'
[0.335s] Level 5:colcon.colcon_core.verb:set package 'annin_ar4_moveit_config' build argument 'catkin_cmake_args' from command line to 'None'
[0.335s] Level 5:colcon.colcon_core.verb:set package 'annin_ar4_moveit_config' build argument 'catkin_skip_building_tests' from command line to 'False'
[0.335s] DEBUG:colcon.colcon_core.verb:Building package 'annin_ar4_moveit_config' with the following arguments: {'ament_cmake_args': None, 'build_base': '/home/johnbuntu/ar4_ros_driver/build/annin_ar4_moveit_config', 'catkin_cmake_args': None, 'catkin_skip_building_tests': False, 'cmake_args': None, 'cmake_clean_cache': False, 'cmake_clean_first': False, 'cmake_force_configure': False, 'cmake_target': None, 'cmake_target_skip_unavailable': False, 'install_base': '/home/johnbuntu/ar4_ros_driver/install/annin_ar4_moveit_config', 'merge_install': False, 'path': '/home/johnbuntu/ar4_ros_driver/annin_ar4_moveit_config', 'symlink_install': False, 'test_result_base': None}
[0.335s] Level 5:colcon.colcon_core.verb:set package 'annin_ar4_gazebo' build argument 'cmake_args' from command line to 'None'
[0.335s] Level 5:colcon.colcon_core.verb:set package 'annin_ar4_gazebo' build argument 'cmake_target' from command line to 'None'
[0.335s] Level 5:colcon.colcon_core.verb:set package 'annin_ar4_gazebo' build argument 'cmake_target_skip_unavailable' from command line to 'False'
[0.336s] Level 5:colcon.colcon_core.verb:set package 'annin_ar4_gazebo' build argument 'cmake_clean_cache' from command line to 'False'
[0.336s] Level 5:colcon.colcon_core.verb:set package 'annin_ar4_gazebo' build argument 'cmake_clean_first' from command line to 'False'
[0.336s] Level 5:colcon.colcon_core.verb:set package 'annin_ar4_gazebo' build argument 'cmake_force_configure' from command line to 'False'
[0.336s] Level 5:colcon.colcon_core.verb:set package 'annin_ar4_gazebo' build argument 'ament_cmake_args' from command line to 'None'
[0.336s] Level 5:colcon.colcon_core.verb:set package 'annin_ar4_gazebo' build argument 'catkin_cmake_args' from command line to 'None'
[0.336s] Level 5:colcon.colcon_core.verb:set package 'annin_ar4_gazebo' build argument 'catkin_skip_building_tests' from command line to 'False'
[0.336s] DEBUG:colcon.colcon_core.verb:Building package 'annin_ar4_gazebo' with the following arguments: {'ament_cmake_args': None, 'build_base': '/home/johnbuntu/ar4_ros_driver/build/annin_ar4_gazebo', 'catkin_cmake_args': None, 'catkin_skip_building_tests': False, 'cmake_args': None, 'cmake_clean_cache': False, 'cmake_clean_first': False, 'cmake_force_configure': False, 'cmake_target': None, 'cmake_target_skip_unavailable': False, 'install_base': '/home/johnbuntu/ar4_ros_driver/install/annin_ar4_gazebo', 'merge_install': False, 'path': '/home/johnbuntu/ar4_ros_driver/annin_ar4_gazebo', 'symlink_install': False, 'test_result_base': None}
[0.336s] INFO:colcon.colcon_core.executor:Executing jobs using 'parallel' executor
[0.337s] DEBUG:colcon.colcon_parallel_executor.executor.parallel:run_until_complete
[0.337s] INFO:colcon.colcon_ros.task.ament_cmake.build:Building ROS package in '/home/johnbuntu/ar4_ros_driver/annin_ar4_description' with build type 'ament_cmake'
[0.337s] INFO:colcon.colcon_cmake.task.cmake.build:Building CMake package in '/home/johnbuntu/ar4_ros_driver/annin_ar4_description'
[0.339s] INFO:colcon.colcon_core.plugin_system:Skipping extension 'colcon_core.shell.bat': Not used on non-Windows systems
[0.339s] INFO:colcon.colcon_core.shell:Skip shell extension 'powershell' for command environment: Not usable outside of PowerShell
[0.339s] DEBUG:colcon.colcon_core.shell:Skip shell extension 'dsv' for command environment
[0.342s] INFO:colcon.colcon_ros.task.ament_python.build:Building ROS package in '/home/johnbuntu/ar4_ros_driver/moveit_configs_utils' with build type 'ament_python'
[0.342s] Level 1:colcon.colcon_core.shell:create_environment_hook('moveit_configs_utils', 'ament_prefix_path')
[0.342s] INFO:colcon.colcon_core.shell:Creating environment hook '/home/johnbuntu/ar4_ros_driver/install/moveit_configs_utils/share/moveit_configs_utils/hook/ament_prefix_path.ps1'
[0.342s] INFO:colcon.colcon_core.shell:Creating environment descriptor '/home/johnbuntu/ar4_ros_driver/install/moveit_configs_utils/share/moveit_configs_utils/hook/ament_prefix_path.dsv'
[0.343s] INFO:colcon.colcon_core.shell:Creating environment hook '/home/johnbuntu/ar4_ros_driver/install/moveit_configs_utils/share/moveit_configs_utils/hook/ament_prefix_path.sh'
[0.343s] INFO:colcon.colcon_core.shell:Skip shell extension 'powershell' for command environment: Not usable outside of PowerShell
[0.343s] DEBUG:colcon.colcon_core.shell:Skip shell extension 'dsv' for command environment
[0.351s] DEBUG:colcon.colcon_core.event_handler.log_command:Invoking command in '/home/johnbuntu/ar4_ros_driver/build/annin_ar4_description': CMAKE_PREFIX_PATH=${CMAKE_PREFIX_PATH}:/opt/ros/humble /usr/bin/cmake --build /home/johnbuntu/ar4_ros_driver/build/annin_ar4_description -- -j8 -l8
[0.575s] INFO:colcon.colcon_core.task.python.build:Building Python package in '/home/johnbuntu/ar4_ros_driver/moveit_configs_utils'
[0.575s] INFO:colcon.colcon_core.shell:Skip shell extension 'powershell' for command environment: Not usable outside of PowerShell
[0.575s] DEBUG:colcon.colcon_core.shell:Skip shell extension 'dsv' for command environment
[0.579s] DEBUG:colcon.colcon_core.event_handler.log_command:Invoked command in '/home/johnbuntu/ar4_ros_driver/build/annin_ar4_description' returned '0': CMAKE_PREFIX_PATH=${CMAKE_PREFIX_PATH}:/opt/ros/humble /usr/bin/cmake --build /home/johnbuntu/ar4_ros_driver/build/annin_ar4_description -- -j8 -l8
[0.587s] DEBUG:colcon.colcon_core.event_handler.log_command:Invoking command in '/home/johnbuntu/ar4_ros_driver/build/annin_ar4_description': CMAKE_PREFIX_PATH=${CMAKE_PREFIX_PATH}:/opt/ros/humble /usr/bin/cmake --install /home/johnbuntu/ar4_ros_driver/build/annin_ar4_description
[0.595s] Level 1:colcon.colcon_core.environment:create_environment_scripts_only(annin_ar4_description)
[0.596s] DEBUG:colcon.colcon_core.event_handler.log_command:Invoked command in '/home/johnbuntu/ar4_ros_driver/build/annin_ar4_description' returned '0': CMAKE_PREFIX_PATH=${CMAKE_PREFIX_PATH}:/opt/ros/humble /usr/bin/cmake --install /home/johnbuntu/ar4_ros_driver/build/annin_ar4_description
[0.597s] Level 1:colcon.colcon_core.environment:checking '/home/johnbuntu/ar4_ros_driver/install/annin_ar4_description' for CMake module files
[0.598s] Level 1:colcon.colcon_core.environment:checking '/home/johnbuntu/ar4_ros_driver/install/annin_ar4_description' for CMake config files
[0.598s] Level 1:colcon.colcon_core.shell:create_environment_hook('annin_ar4_description', 'cmake_prefix_path')
[0.598s] INFO:colcon.colcon_core.shell:Creating environment hook '/home/johnbuntu/ar4_ros_driver/install/annin_ar4_description/share/annin_ar4_description/hook/cmake_prefix_path.ps1'
[0.599s] INFO:colcon.colcon_core.shell:Creating environment descriptor '/home/johnbuntu/ar4_ros_driver/install/annin_ar4_description/share/annin_ar4_description/hook/cmake_prefix_path.dsv'
[0.599s] INFO:colcon.colcon_core.shell:Creating environment hook '/home/johnbuntu/ar4_ros_driver/install/annin_ar4_description/share/annin_ar4_description/hook/cmake_prefix_path.sh'
[0.599s] Level 1:colcon.colcon_core.environment:checking '/home/johnbuntu/ar4_ros_driver/install/annin_ar4_description/bin'
[0.600s] Level 1:colcon.colcon_core.environment:checking '/home/johnbuntu/ar4_ros_driver/install/annin_ar4_description/lib/pkgconfig/annin_ar4_description.pc'
[0.600s] Level 1:colcon.colcon_core.environment:checking '/home/johnbuntu/ar4_ros_driver/install/annin_ar4_description/lib/python3.10/site-packages'
[0.600s] Level 1:colcon.colcon_core.environment:checking '/home/johnbuntu/ar4_ros_driver/install/annin_ar4_description/bin'
[0.600s] INFO:colcon.colcon_core.shell:Creating package script '/home/johnbuntu/ar4_ros_driver/install/annin_ar4_description/share/annin_ar4_description/package.ps1'
[0.601s] INFO:colcon.colcon_core.shell:Creating package descriptor '/home/johnbuntu/ar4_ros_driver/install/annin_ar4_description/share/annin_ar4_description/package.dsv'
[0.601s] INFO:colcon.colcon_core.shell:Creating package script '/home/johnbuntu/ar4_ros_driver/install/annin_ar4_description/share/annin_ar4_description/package.sh'
[0.602s] INFO:colcon.colcon_core.shell:Creating package script '/home/johnbuntu/ar4_ros_driver/install/annin_ar4_description/share/annin_ar4_description/package.bash'
[0.602s] INFO:colcon.colcon_core.shell:Creating package script '/home/johnbuntu/ar4_ros_driver/install/annin_ar4_description/share/annin_ar4_description/package.zsh'
[0.603s] Level 1:colcon.colcon_core.environment:create_file_with_runtime_dependencies(/home/johnbuntu/ar4_ros_driver/install/annin_ar4_description/share/colcon-core/packages/annin_ar4_description)
[0.603s] Level 1:colcon.colcon_core.environment:create_environment_scripts_only(annin_ar4_description)
[0.603s] Level 1:colcon.colcon_core.environment:checking '/home/johnbuntu/ar4_ros_driver/install/annin_ar4_description' for CMake module files
[0.604s] Level 1:colcon.colcon_core.environment:checking '/home/johnbuntu/ar4_ros_driver/install/annin_ar4_description' for CMake config files
[0.604s] Level 1:colcon.colcon_core.shell:create_environment_hook('annin_ar4_description', 'cmake_prefix_path')
[0.604s] INFO:colcon.colcon_core.shell:Creating environment hook '/home/johnbuntu/ar4_ros_driver/install/annin_ar4_description/share/annin_ar4_description/hook/cmake_prefix_path.ps1'
[0.605s] INFO:colcon.colcon_core.shell:Creating environment descriptor '/home/johnbuntu/ar4_ros_driver/install/annin_ar4_description/share/annin_ar4_description/hook/cmake_prefix_path.dsv'
[0.605s] INFO:colcon.colcon_core.shell:Creating environment hook '/home/johnbuntu/ar4_ros_driver/install/annin_ar4_description/share/annin_ar4_description/hook/cmake_prefix_path.sh'
[0.605s] Level 1:colcon.colcon_core.environment:checking '/home/johnbuntu/ar4_ros_driver/install/annin_ar4_description/bin'
[0.605s] Level 1:colcon.colcon_core.environment:checking '/home/johnbuntu/ar4_ros_driver/install/annin_ar4_description/lib/pkgconfig/annin_ar4_description.pc'
[0.606s] Level 1:colcon.colcon_core.environment:checking '/home/johnbuntu/ar4_ros_driver/install/annin_ar4_description/lib/python3.10/site-packages'
[0.606s] Level 1:colcon.colcon_core.environment:checking '/home/johnbuntu/ar4_ros_driver/install/annin_ar4_description/bin'
[0.606s] INFO:colcon.colcon_core.shell:Creating package script '/home/johnbuntu/ar4_ros_driver/install/annin_ar4_description/share/annin_ar4_description/package.ps1'
[0.607s] INFO:colcon.colcon_core.shell:Creating package descriptor '/home/johnbuntu/ar4_ros_driver/install/annin_ar4_description/share/annin_ar4_description/package.dsv'
[0.607s] INFO:colcon.colcon_core.shell:Creating package script '/home/johnbuntu/ar4_ros_driver/install/annin_ar4_description/share/annin_ar4_description/package.sh'
[0.607s] INFO:colcon.colcon_core.shell:Creating package script '/home/johnbuntu/ar4_ros_driver/install/annin_ar4_description/share/annin_ar4_description/package.bash'
[0.607s] INFO:colcon.colcon_core.shell:Creating package script '/home/johnbuntu/ar4_ros_driver/install/annin_ar4_description/share/annin_ar4_description/package.zsh'
[0.608s] Level 1:colcon.colcon_core.environment:create_file_with_runtime_dependencies(/home/johnbuntu/ar4_ros_driver/install/annin_ar4_description/share/colcon-core/packages/annin_ar4_description)
[0.608s] INFO:colcon.colcon_ros.task.ament_cmake.build:Building ROS package in '/home/johnbuntu/ar4_ros_driver/annin_ar4_driver' with build type 'ament_cmake'
[0.608s] INFO:colcon.colcon_cmake.task.cmake.build:Building CMake package in '/home/johnbuntu/ar4_ros_driver/annin_ar4_driver'
[0.608s] INFO:colcon.colcon_core.shell:Skip shell extension 'powershell' for command environment: Not usable outside of PowerShell
[0.608s] DEBUG:colcon.colcon_core.shell:Skip shell extension 'dsv' for command environment
[0.611s] INFO:colcon.colcon_ros.task.ament_cmake.build:Building ROS package in '/home/johnbuntu/ar4_ros_driver/annin_ar4_moveit_config' with build type 'ament_cmake'
[0.612s] INFO:colcon.colcon_cmake.task.cmake.build:Building CMake package in '/home/johnbuntu/ar4_ros_driver/annin_ar4_moveit_config'
[0.612s] INFO:colcon.colcon_core.shell:Skip shell extension 'powershell' for command environment: Not usable outside of PowerShell
[0.612s] DEBUG:colcon.colcon_core.shell:Skip shell extension 'dsv' for command environment
[0.618s] DEBUG:colcon.colcon_core.event_handler.log_command:Invoking command in '/home/johnbuntu/ar4_ros_driver/build/annin_ar4_driver': CMAKE_PREFIX_PATH=/home/johnbuntu/ar4_ros_driver/install/annin_ar4_description:/home/johnbuntu/ar4_ros_driver/install/annin_ar4_moveit_config:/home/johnbuntu/ar4_ros_driver/install/annin_ar4_gazebo:/home/johnbuntu/ar4_ros_driver/install/annin_ar4_driver:/opt/ros/humble /usr/bin/cmake --build /home/johnbuntu/ar4_ros_driver/build/annin_ar4_driver -- -j8 -l8
[0.622s] DEBUG:colcon.colcon_core.event_handler.log_command:Invoking command in '/home/johnbuntu/ar4_ros_driver/build/annin_ar4_moveit_config': CMAKE_PREFIX_PATH=/home/johnbuntu/ar4_ros_driver/install/annin_ar4_description:/home/johnbuntu/ar4_ros_driver/install/annin_ar4_moveit_config:/home/johnbuntu/ar4_ros_driver/install/annin_ar4_gazebo:/home/johnbuntu/ar4_ros_driver/install/annin_ar4_driver:/opt/ros/humble /usr/bin/cmake --build /home/johnbuntu/ar4_ros_driver/build/annin_ar4_moveit_config -- -j8 -l8
[0.654s] DEBUG:colcon.colcon_core.event_handler.log_command:Invoked command in '/home/johnbuntu/ar4_ros_driver/build/annin_ar4_moveit_config' returned '0': CMAKE_PREFIX_PATH=/home/johnbuntu/ar4_ros_driver/install/annin_ar4_description:/home/johnbuntu/ar4_ros_driver/install/annin_ar4_moveit_config:/home/johnbuntu/ar4_ros_driver/install/annin_ar4_gazebo:/home/johnbuntu/ar4_ros_driver/install/annin_ar4_driver:/opt/ros/humble /usr/bin/cmake --build /home/johnbuntu/ar4_ros_driver/build/annin_ar4_moveit_config -- -j8 -l8
[0.655s] DEBUG:colcon.colcon_core.event_handler.log_command:Invoking command in '/home/johnbuntu/ar4_ros_driver/build/annin_ar4_moveit_config': CMAKE_PREFIX_PATH=/home/johnbuntu/ar4_ros_driver/install/annin_ar4_description:/home/johnbuntu/ar4_ros_driver/install/annin_ar4_moveit_config:/home/johnbuntu/ar4_ros_driver/install/annin_ar4_gazebo:/home/johnbuntu/ar4_ros_driver/install/annin_ar4_driver:/opt/ros/humble /usr/bin/cmake --install /home/johnbuntu/ar4_ros_driver/build/annin_ar4_moveit_config
[0.665s] Level 1:colcon.colcon_core.environment:create_environment_scripts_only(annin_ar4_moveit_config)
[0.665s] Level 1:colcon.colcon_core.environment:checking '/home/johnbuntu/ar4_ros_driver/install/annin_ar4_moveit_config' for CMake module files
[0.666s] DEBUG:colcon.colcon_core.event_handler.log_command:Invoked command in '/home/johnbuntu/ar4_ros_driver/build/annin_ar4_moveit_config' returned '0': CMAKE_PREFIX_PATH=/home/johnbuntu/ar4_ros_driver/install/annin_ar4_description:/home/johnbuntu/ar4_ros_driver/install/annin_ar4_moveit_config:/home/johnbuntu/ar4_ros_driver/install/annin_ar4_gazebo:/home/johnbuntu/ar4_ros_driver/install/annin_ar4_driver:/opt/ros/humble /usr/bin/cmake --install /home/johnbuntu/ar4_ros_driver/build/annin_ar4_moveit_config
[0.666s] Level 1:colcon.colcon_core.environment:checking '/home/johnbuntu/ar4_ros_driver/install/annin_ar4_moveit_config' for CMake config files
[0.667s] Level 1:colcon.colcon_core.shell:create_environment_hook('annin_ar4_moveit_config', 'cmake_prefix_path')
[0.667s] INFO:colcon.colcon_core.shell:Creating environment hook '/home/johnbuntu/ar4_ros_driver/install/annin_ar4_moveit_config/share/annin_ar4_moveit_config/hook/cmake_prefix_path.ps1'
[0.668s] INFO:colcon.colcon_core.shell:Creating environment descriptor '/home/johnbuntu/ar4_ros_driver/install/annin_ar4_moveit_config/share/annin_ar4_moveit_config/hook/cmake_prefix_path.dsv'
[0.668s] INFO:colcon.colcon_core.shell:Creating environment hook '/home/johnbuntu/ar4_ros_driver/install/annin_ar4_moveit_config/share/annin_ar4_moveit_config/hook/cmake_prefix_path.sh'
[0.669s] Level 1:colcon.colcon_core.environment:checking '/home/johnbuntu/ar4_ros_driver/install/annin_ar4_moveit_config/bin'
[0.669s] Level 1:colcon.colcon_core.environment:checking '/home/johnbuntu/ar4_ros_driver/install/annin_ar4_moveit_config/lib/pkgconfig/annin_ar4_moveit_config.pc'
[0.669s] Level 1:colcon.colcon_core.environment:checking '/home/johnbuntu/ar4_ros_driver/install/annin_ar4_moveit_config/lib/python3.10/site-packages'
[0.670s] Level 1:colcon.colcon_core.environment:checking '/home/johnbuntu/ar4_ros_driver/install/annin_ar4_moveit_config/bin'
[0.670s] INFO:colcon.colcon_core.shell:Creating package script '/home/johnbuntu/ar4_ros_driver/install/annin_ar4_moveit_config/share/annin_ar4_moveit_config/package.ps1'
[0.671s] INFO:colcon.colcon_core.shell:Creating package descriptor '/home/johnbuntu/ar4_ros_driver/install/annin_ar4_moveit_config/share/annin_ar4_moveit_config/package.dsv'
[0.671s] INFO:colcon.colcon_core.shell:Creating package script '/home/johnbuntu/ar4_ros_driver/install/annin_ar4_moveit_config/share/annin_ar4_moveit_config/package.sh'
[0.672s] INFO:colcon.colcon_core.shell:Creating package script '/home/johnbuntu/ar4_ros_driver/install/annin_ar4_moveit_config/share/annin_ar4_moveit_config/package.bash'
[0.672s] INFO:colcon.colcon_core.shell:Creating package script '/home/johnbuntu/ar4_ros_driver/install/annin_ar4_moveit_config/share/annin_ar4_moveit_config/package.zsh'
[0.673s] Level 1:colcon.colcon_core.environment:create_file_with_runtime_dependencies(/home/johnbuntu/ar4_ros_driver/install/annin_ar4_moveit_config/share/colcon-core/packages/annin_ar4_moveit_config)
[0.673s] Level 1:colcon.colcon_core.environment:create_environment_scripts_only(annin_ar4_moveit_config)
[0.674s] Level 1:colcon.colcon_core.environment:checking '/home/johnbuntu/ar4_ros_driver/install/annin_ar4_moveit_config' for CMake module files
[0.674s] Level 1:colcon.colcon_core.environment:checking '/home/johnbuntu/ar4_ros_driver/install/annin_ar4_moveit_config' for CMake config files
[0.674s] Level 1:colcon.colcon_core.shell:create_environment_hook('annin_ar4_moveit_config', 'cmake_prefix_path')
[0.675s] INFO:colcon.colcon_core.shell:Creating environment hook '/home/johnbuntu/ar4_ros_driver/install/annin_ar4_moveit_config/share/annin_ar4_moveit_config/hook/cmake_prefix_path.ps1'
[0.675s] INFO:colcon.colcon_core.shell:Creating environment descriptor '/home/johnbuntu/ar4_ros_driver/install/annin_ar4_moveit_config/share/annin_ar4_moveit_config/hook/cmake_prefix_path.dsv'
[0.676s] INFO:colcon.colcon_core.shell:Creating environment hook '/home/johnbuntu/ar4_ros_driver/install/annin_ar4_moveit_config/share/annin_ar4_moveit_config/hook/cmake_prefix_path.sh'
[0.676s] Level 1:colcon.colcon_core.environment:checking '/home/johnbuntu/ar4_ros_driver/install/annin_ar4_moveit_config/bin'
[0.676s] Level 1:colcon.colcon_core.environment:checking '/home/johnbuntu/ar4_ros_driver/install/annin_ar4_moveit_config/lib/pkgconfig/annin_ar4_moveit_config.pc'
[0.677s] Level 1:colcon.colcon_core.environment:checking '/home/johnbuntu/ar4_ros_driver/install/annin_ar4_moveit_config/lib/python3.10/site-packages'
[0.677s] Level 1:colcon.colcon_core.environment:checking '/home/johnbuntu/ar4_ros_driver/install/annin_ar4_moveit_config/bin'
[0.677s] INFO:colcon.colcon_core.shell:Creating package script '/home/johnbuntu/ar4_ros_driver/install/annin_ar4_moveit_config/share/annin_ar4_moveit_config/package.ps1'
[0.678s] INFO:colcon.colcon_core.shell:Creating package descriptor '/home/johnbuntu/ar4_ros_driver/install/annin_ar4_moveit_config/share/annin_ar4_moveit_config/package.dsv'
[0.679s] INFO:colcon.colcon_core.shell:Creating package script '/home/johnbuntu/ar4_ros_driver/install/annin_ar4_moveit_config/share/annin_ar4_moveit_config/package.sh'
[0.679s] INFO:colcon.colcon_core.shell:Creating package script '/home/johnbuntu/ar4_ros_driver/install/annin_ar4_moveit_config/share/annin_ar4_moveit_config/package.bash'
[0.680s] INFO:colcon.colcon_core.shell:Creating package script '/home/johnbuntu/ar4_ros_driver/install/annin_ar4_moveit_config/share/annin_ar4_moveit_config/package.zsh'
[0.680s] Level 1:colcon.colcon_core.environment:create_file_with_runtime_dependencies(/home/johnbuntu/ar4_ros_driver/install/annin_ar4_moveit_config/share/colcon-core/packages/annin_ar4_moveit_config)
[0.724s] DEBUG:colcon.colcon_core.event_handler.log_command:Invoked command in '/home/johnbuntu/ar4_ros_driver/build/annin_ar4_driver' returned '0': CMAKE_PREFIX_PATH=/home/johnbuntu/ar4_ros_driver/install/annin_ar4_description:/home/johnbuntu/ar4_ros_driver/install/annin_ar4_moveit_config:/home/johnbuntu/ar4_ros_driver/install/annin_ar4_gazebo:/home/johnbuntu/ar4_ros_driver/install/annin_ar4_driver:/opt/ros/humble /usr/bin/cmake --build /home/johnbuntu/ar4_ros_driver/build/annin_ar4_driver -- -j8 -l8
[0.725s] DEBUG:colcon.colcon_core.event_handler.log_command:Invoking command in '/home/johnbuntu/ar4_ros_driver/build/annin_ar4_driver': CMAKE_PREFIX_PATH=/home/johnbuntu/ar4_ros_driver/install/annin_ar4_description:/home/johnbuntu/ar4_ros_driver/install/annin_ar4_moveit_config:/home/johnbuntu/ar4_ros_driver/install/annin_ar4_gazebo:/home/johnbuntu/ar4_ros_driver/install/annin_ar4_driver:/opt/ros/humble /usr/bin/cmake --install /home/johnbuntu/ar4_ros_driver/build/annin_ar4_driver
[0.734s] Level 1:colcon.colcon_core.environment:create_environment_scripts_only(annin_ar4_driver)
[0.734s] Level 1:colcon.colcon_core.environment:checking '/home/johnbuntu/ar4_ros_driver/install/annin_ar4_driver' for CMake module files
[0.735s] DEBUG:colcon.colcon_core.event_handler.log_command:Invoked command in '/home/johnbuntu/ar4_ros_driver/build/annin_ar4_driver' returned '0': CMAKE_PREFIX_PATH=/home/johnbuntu/ar4_ros_driver/install/annin_ar4_description:/home/johnbuntu/ar4_ros_driver/install/annin_ar4_moveit_config:/home/johnbuntu/ar4_ros_driver/install/annin_ar4_gazebo:/home/johnbuntu/ar4_ros_driver/install/annin_ar4_driver:/opt/ros/humble /usr/bin/cmake --install /home/johnbuntu/ar4_ros_driver/build/annin_ar4_driver
[0.735s] Level 1:colcon.colcon_core.environment:checking '/home/johnbuntu/ar4_ros_driver/install/annin_ar4_driver' for CMake config files
[0.736s] Level 1:colcon.colcon_core.shell:create_environment_hook('annin_ar4_driver', 'cmake_prefix_path')
[0.736s] INFO:colcon.colcon_core.shell:Creating environment hook '/home/johnbuntu/ar4_ros_driver/install/annin_ar4_driver/share/annin_ar4_driver/hook/cmake_prefix_path.ps1'
[0.737s] INFO:colcon.colcon_core.shell:Creating environment descriptor '/home/johnbuntu/ar4_ros_driver/install/annin_ar4_driver/share/annin_ar4_driver/hook/cmake_prefix_path.dsv'
[0.737s] INFO:colcon.colcon_core.shell:Creating environment hook '/home/johnbuntu/ar4_ros_driver/install/annin_ar4_driver/share/annin_ar4_driver/hook/cmake_prefix_path.sh'
[0.738s] Level 1:colcon.colcon_core.environment:checking '/home/johnbuntu/ar4_ros_driver/install/annin_ar4_driver/lib'
[0.738s] Level 1:colcon.colcon_core.shell:create_environment_hook('annin_ar4_driver', 'ld_library_path_lib')
[0.738s] INFO:colcon.colcon_core.shell:Creating environment hook '/home/johnbuntu/ar4_ros_driver/install/annin_ar4_driver/share/annin_ar4_driver/hook/ld_library_path_lib.ps1'
[0.739s] INFO:colcon.colcon_core.shell:Creating environment descriptor '/home/johnbuntu/ar4_ros_driver/install/annin_ar4_driver/share/annin_ar4_driver/hook/ld_library_path_lib.dsv'
[0.739s] INFO:colcon.colcon_core.shell:Creating environment hook '/home/johnbuntu/ar4_ros_driver/install/annin_ar4_driver/share/annin_ar4_driver/hook/ld_library_path_lib.sh'
[0.740s] Level 1:colcon.colcon_core.environment:checking '/home/johnbuntu/ar4_ros_driver/install/annin_ar4_driver/bin'
[0.740s] Level 1:colcon.colcon_core.environment:checking '/home/johnbuntu/ar4_ros_driver/install/annin_ar4_driver/lib/pkgconfig/annin_ar4_driver.pc'
[0.740s] Level 1:colcon.colcon_core.environment:checking '/home/johnbuntu/ar4_ros_driver/install/annin_ar4_driver/lib/python3.10/site-packages'
[0.740s] Level 1:colcon.colcon_core.environment:checking '/home/johnbuntu/ar4_ros_driver/install/annin_ar4_driver/bin'
[0.741s] INFO:colcon.colcon_core.shell:Creating package script '/home/johnbuntu/ar4_ros_driver/install/annin_ar4_driver/share/annin_ar4_driver/package.ps1'
[0.741s] INFO:colcon.colcon_core.shell:Creating package descriptor '/home/johnbuntu/ar4_ros_driver/install/annin_ar4_driver/share/annin_ar4_driver/package.dsv'
[0.742s] INFO:colcon.colcon_core.shell:Creating package script '/home/johnbuntu/ar4_ros_driver/install/annin_ar4_driver/share/annin_ar4_driver/package.sh'
[0.742s] INFO:colcon.colcon_core.shell:Creating package script '/home/johnbuntu/ar4_ros_driver/install/annin_ar4_driver/share/annin_ar4_driver/package.bash'
[0.743s] INFO:colcon.colcon_core.shell:Creating package script '/home/johnbuntu/ar4_ros_driver/install/annin_ar4_driver/share/annin_ar4_driver/package.zsh'
[0.743s] Level 1:colcon.colcon_core.environment:create_file_with_runtime_dependencies(/home/johnbuntu/ar4_ros_driver/install/annin_ar4_driver/share/colcon-core/packages/annin_ar4_driver)
[0.744s] Level 1:colcon.colcon_core.environment:create_environment_scripts_only(annin_ar4_driver)
[0.744s] Level 1:colcon.colcon_core.environment:checking '/home/johnbuntu/ar4_ros_driver/install/annin_ar4_driver' for CMake module files
[0.745s] Level 1:colcon.colcon_core.environment:checking '/home/johnbuntu/ar4_ros_driver/install/annin_ar4_driver' for CMake config files
[0.745s] Level 1:colcon.colcon_core.shell:create_environment_hook('annin_ar4_driver', 'cmake_prefix_path')
[0.745s] INFO:colcon.colcon_core.shell:Creating environment hook '/home/johnbuntu/ar4_ros_driver/install/annin_ar4_driver/share/annin_ar4_driver/hook/cmake_prefix_path.ps1'
[0.746s] INFO:colcon.colcon_core.shell:Creating environment descriptor '/home/johnbuntu/ar4_ros_driver/install/annin_ar4_driver/share/annin_ar4_driver/hook/cmake_prefix_path.dsv'
[0.746s] INFO:colcon.colcon_core.shell:Creating environment hook '/home/johnbuntu/ar4_ros_driver/install/annin_ar4_driver/share/annin_ar4_driver/hook/cmake_prefix_path.sh'
[0.747s] Level 1:colcon.colcon_core.environment:checking '/home/johnbuntu/ar4_ros_driver/install/annin_ar4_driver/lib'
[0.747s] Level 1:colcon.colcon_core.shell:create_environment_hook('annin_ar4_driver', 'ld_library_path_lib')
[0.747s] INFO:colcon.colcon_core.shell:Creating environment hook '/home/johnbuntu/ar4_ros_driver/install/annin_ar4_driver/share/annin_ar4_driver/hook/ld_library_path_lib.ps1'
[0.748s] INFO:colcon.colcon_core.shell:Creating environment descriptor '/home/johnbuntu/ar4_ros_driver/install/annin_ar4_driver/share/annin_ar4_driver/hook/ld_library_path_lib.dsv'
[0.748s] INFO:colcon.colcon_core.shell:Creating environment hook '/home/johnbuntu/ar4_ros_driver/install/annin_ar4_driver/share/annin_ar4_driver/hook/ld_library_path_lib.sh'
[0.749s] Level 1:colcon.colcon_core.environment:checking '/home/johnbuntu/ar4_ros_driver/install/annin_ar4_driver/bin'
[0.749s] Level 1:colcon.colcon_core.environment:checking '/home/johnbuntu/ar4_ros_driver/install/annin_ar4_driver/lib/pkgconfig/annin_ar4_driver.pc'
[0.749s] Level 1:colcon.colcon_core.environment:checking '/home/johnbuntu/ar4_ros_driver/install/annin_ar4_driver/lib/python3.10/site-packages'
[0.749s] Level 1:colcon.colcon_core.environment:checking '/home/johnbuntu/ar4_ros_driver/install/annin_ar4_driver/bin'
[0.750s] INFO:colcon.colcon_core.shell:Creating package script '/home/johnbuntu/ar4_ros_driver/install/annin_ar4_driver/share/annin_ar4_driver/package.ps1'
[0.751s] INFO:colcon.colcon_core.shell:Creating package descriptor '/home/johnbuntu/ar4_ros_driver/install/annin_ar4_driver/share/annin_ar4_driver/package.dsv'
[0.751s] INFO:colcon.colcon_core.shell:Creating package script '/home/johnbuntu/ar4_ros_driver/install/annin_ar4_driver/share/annin_ar4_driver/package.sh'
[0.752s] INFO:colcon.colcon_core.shell:Creating package script '/home/johnbuntu/ar4_ros_driver/install/annin_ar4_driver/share/annin_ar4_driver/package.bash'
[0.752s] INFO:colcon.colcon_core.shell:Creating package script '/home/johnbuntu/ar4_ros_driver/install/annin_ar4_driver/share/annin_ar4_driver/package.zsh'
[0.753s] Level 1:colcon.colcon_core.environment:create_file_with_runtime_dependencies(/home/johnbuntu/ar4_ros_driver/install/annin_ar4_driver/share/colcon-core/packages/annin_ar4_driver)
[0.753s] INFO:colcon.colcon_ros.task.ament_cmake.build:Building ROS package in '/home/johnbuntu/ar4_ros_driver/annin_ar4_gazebo' with build type 'ament_cmake'
[0.754s] INFO:colcon.colcon_cmake.task.cmake.build:Building CMake package in '/home/johnbuntu/ar4_ros_driver/annin_ar4_gazebo'
[0.754s] INFO:colcon.colcon_core.shell:Skip shell extension 'powershell' for command environment: Not usable outside of PowerShell
[0.754s] DEBUG:colcon.colcon_core.shell:Skip shell extension 'dsv' for command environment
[0.766s] DEBUG:colcon.colcon_core.event_handler.log_command:Invoking command in '/home/johnbuntu/ar4_ros_driver/build/annin_ar4_gazebo': CMAKE_PREFIX_PATH=/home/johnbuntu/ar4_ros_driver/install/annin_ar4_driver:/home/johnbuntu/ar4_ros_driver/install/annin_ar4_description:/home/johnbuntu/ar4_ros_driver/install/annin_ar4_moveit_config:/home/johnbuntu/ar4_ros_driver/install/annin_ar4_gazebo:/opt/ros/humble /usr/bin/cmake --build /home/johnbuntu/ar4_ros_driver/build/annin_ar4_gazebo -- -j8 -l8
[0.798s] DEBUG:colcon.colcon_core.event_handler.log_command:Invoked command in '/home/johnbuntu/ar4_ros_driver/build/annin_ar4_gazebo' returned '0': CMAKE_PREFIX_PATH=/home/johnbuntu/ar4_ros_driver/install/annin_ar4_driver:/home/johnbuntu/ar4_ros_driver/install/annin_ar4_description:/home/johnbuntu/ar4_ros_driver/install/annin_ar4_moveit_config:/home/johnbuntu/ar4_ros_driver/install/annin_ar4_gazebo:/opt/ros/humble /usr/bin/cmake --build /home/johnbuntu/ar4_ros_driver/build/annin_ar4_gazebo -- -j8 -l8
[0.800s] DEBUG:colcon.colcon_core.event_handler.log_command:Invoking command in '/home/johnbuntu/ar4_ros_driver/build/annin_ar4_gazebo': CMAKE_PREFIX_PATH=/home/johnbuntu/ar4_ros_driver/install/annin_ar4_driver:/home/johnbuntu/ar4_ros_driver/install/annin_ar4_description:/home/johnbuntu/ar4_ros_driver/install/annin_ar4_moveit_config:/home/johnbuntu/ar4_ros_driver/install/annin_ar4_gazebo:/opt/ros/humble /usr/bin/cmake --install /home/johnbuntu/ar4_ros_driver/build/annin_ar4_gazebo
[0.807s] Level 1:colcon.colcon_core.environment:create_environment_scripts_only(annin_ar4_gazebo)
[0.808s] Level 1:colcon.colcon_core.environment:checking '/home/johnbuntu/ar4_ros_driver/install/annin_ar4_gazebo' for CMake module files
[0.808s] DEBUG:colcon.colcon_core.event_handler.log_command:Invoked command in '/home/johnbuntu/ar4_ros_driver/build/annin_ar4_gazebo' returned '0': CMAKE_PREFIX_PATH=/home/johnbuntu/ar4_ros_driver/install/annin_ar4_driver:/home/johnbuntu/ar4_ros_driver/install/annin_ar4_description:/home/johnbuntu/ar4_ros_driver/install/annin_ar4_moveit_config:/home/johnbuntu/ar4_ros_driver/install/annin_ar4_gazebo:/opt/ros/humble /usr/bin/cmake --install /home/johnbuntu/ar4_ros_driver/build/annin_ar4_gazebo
[0.809s] Level 1:colcon.colcon_core.environment:checking '/home/johnbuntu/ar4_ros_driver/install/annin_ar4_gazebo' for CMake config files
[0.809s] Level 1:colcon.colcon_core.shell:create_environment_hook('annin_ar4_gazebo', 'cmake_prefix_path')
[0.809s] INFO:colcon.colcon_core.shell:Creating environment hook '/home/johnbuntu/ar4_ros_driver/install/annin_ar4_gazebo/share/annin_ar4_gazebo/hook/cmake_prefix_path.ps1'
[0.810s] INFO:colcon.colcon_core.shell:Creating environment descriptor '/home/johnbuntu/ar4_ros_driver/install/annin_ar4_gazebo/share/annin_ar4_gazebo/hook/cmake_prefix_path.dsv'
[0.810s] INFO:colcon.colcon_core.shell:Creating environment hook '/home/johnbuntu/ar4_ros_driver/install/annin_ar4_gazebo/share/annin_ar4_gazebo/hook/cmake_prefix_path.sh'
[0.811s] Level 1:colcon.colcon_core.environment:checking '/home/johnbuntu/ar4_ros_driver/install/annin_ar4_gazebo/bin'
[0.811s] Level 1:colcon.colcon_core.environment:checking '/home/johnbuntu/ar4_ros_driver/install/annin_ar4_gazebo/lib/pkgconfig/annin_ar4_gazebo.pc'
[0.811s] Level 1:colcon.colcon_core.environment:checking '/home/johnbuntu/ar4_ros_driver/install/annin_ar4_gazebo/lib/python3.10/site-packages'
[0.811s] Level 1:colcon.colcon_core.environment:checking '/home/johnbuntu/ar4_ros_driver/install/annin_ar4_gazebo/bin'
[0.812s] INFO:colcon.colcon_core.shell:Creating package script '/home/johnbuntu/ar4_ros_driver/install/annin_ar4_gazebo/share/annin_ar4_gazebo/package.ps1'
[0.812s] INFO:colcon.colcon_core.shell:Creating package descriptor '/home/johnbuntu/ar4_ros_driver/install/annin_ar4_gazebo/share/annin_ar4_gazebo/package.dsv'
[0.813s] INFO:colcon.colcon_core.shell:Creating package script '/home/johnbuntu/ar4_ros_driver/install/annin_ar4_gazebo/share/annin_ar4_gazebo/package.sh'
[0.813s] INFO:colcon.colcon_core.shell:Creating package script '/home/johnbuntu/ar4_ros_driver/install/annin_ar4_gazebo/share/annin_ar4_gazebo/package.bash'
[0.813s] INFO:colcon.colcon_core.shell:Creating package script '/home/johnbuntu/ar4_ros_driver/install/annin_ar4_gazebo/share/annin_ar4_gazebo/package.zsh'
[0.814s] Level 1:colcon.colcon_core.environment:create_file_with_runtime_dependencies(/home/johnbuntu/ar4_ros_driver/install/annin_ar4_gazebo/share/colcon-core/packages/annin_ar4_gazebo)
[0.814s] Level 1:colcon.colcon_core.environment:create_environment_scripts_only(annin_ar4_gazebo)
[0.815s] Level 1:colcon.colcon_core.environment:checking '/home/johnbuntu/ar4_ros_driver/install/annin_ar4_gazebo' for CMake module files
[0.815s] Level 1:colcon.colcon_core.environment:checking '/home/johnbuntu/ar4_ros_driver/install/annin_ar4_gazebo' for CMake config files
[0.815s] Level 1:colcon.colcon_core.shell:create_environment_hook('annin_ar4_gazebo', 'cmake_prefix_path')
[0.816s] INFO:colcon.colcon_core.shell:Creating environment hook '/home/johnbuntu/ar4_ros_driver/install/annin_ar4_gazebo/share/annin_ar4_gazebo/hook/cmake_prefix_path.ps1'
[0.816s] INFO:colcon.colcon_core.shell:Creating environment descriptor '/home/johnbuntu/ar4_ros_driver/install/annin_ar4_gazebo/share/annin_ar4_gazebo/hook/cmake_prefix_path.dsv'
[0.817s] INFO:colcon.colcon_core.shell:Creating environment hook '/home/johnbuntu/ar4_ros_driver/install/annin_ar4_gazebo/share/annin_ar4_gazebo/hook/cmake_prefix_path.sh'
[0.817s] Level 1:colcon.colcon_core.environment:checking '/home/johnbuntu/ar4_ros_driver/install/annin_ar4_gazebo/bin'
[0.817s] Level 1:colcon.colcon_core.environment:checking '/home/johnbuntu/ar4_ros_driver/install/annin_ar4_gazebo/lib/pkgconfig/annin_ar4_gazebo.pc'
[0.818s] Level 1:colcon.colcon_core.environment:checking '/home/johnbuntu/ar4_ros_driver/install/annin_ar4_gazebo/lib/python3.10/site-packages'
[0.818s] Level 1:colcon.colcon_core.environment:checking '/home/johnbuntu/ar4_ros_driver/install/annin_ar4_gazebo/bin'
[0.818s] INFO:colcon.colcon_core.shell:Creating package script '/home/johnbuntu/ar4_ros_driver/install/annin_ar4_gazebo/share/annin_ar4_gazebo/package.ps1'
[0.819s] INFO:colcon.colcon_core.shell:Creating package descriptor '/home/johnbuntu/ar4_ros_driver/install/annin_ar4_gazebo/share/annin_ar4_gazebo/package.dsv'
[0.819s] INFO:colcon.colcon_core.shell:Creating package script '/home/johnbuntu/ar4_ros_driver/install/annin_ar4_gazebo/share/annin_ar4_gazebo/package.sh'
[0.819s] INFO:colcon.colcon_core.shell:Creating package script '/home/johnbuntu/ar4_ros_driver/install/annin_ar4_gazebo/share/annin_ar4_gazebo/package.bash'
[0.820s] INFO:colcon.colcon_core.shell:Creating package script '/home/johnbuntu/ar4_ros_driver/install/annin_ar4_gazebo/share/annin_ar4_gazebo/package.zsh'
[0.820s] Level 1:colcon.colcon_core.environment:create_file_with_runtime_dependencies(/home/johnbuntu/ar4_ros_driver/install/annin_ar4_gazebo/share/colcon-core/packages/annin_ar4_gazebo)
[0.925s] DEBUG:colcon.colcon_core.event_handler.log_command:Invoking command in '/home/johnbuntu/ar4_ros_driver/moveit_configs_utils': PYTHONPATH=/home/johnbuntu/ar4_ros_driver/build/moveit_configs_utils/prefix_override:/usr/lib/python3/dist-packages/colcon_core/task/python/colcon_distutils_commands:/home/johnbuntu/ar4_ros_driver/install/moveit_configs_utils/lib/python3.10/site-packages:${PYTHONPATH} /usr/bin/python3 -W ignore:setup.py install is deprecated -W ignore:easy_install command is deprecated setup.py egg_info --egg-base ../build/moveit_configs_utils build --build-base /home/johnbuntu/ar4_ros_driver/build/moveit_configs_utils/build install --record /home/johnbuntu/ar4_ros_driver/build/moveit_configs_utils/install.log --single-version-externally-managed install_data
[1.174s] Level 1:colcon.colcon_core.environment:checking '/home/johnbuntu/ar4_ros_driver/install/moveit_configs_utils' for CMake module files
[1.174s] DEBUG:colcon.colcon_core.event_handler.log_command:Invoked command in '/home/johnbuntu/ar4_ros_driver/moveit_configs_utils' returned '0': PYTHONPATH=/home/johnbuntu/ar4_ros_driver/build/moveit_configs_utils/prefix_override:/usr/lib/python3/dist-packages/colcon_core/task/python/colcon_distutils_commands:/home/johnbuntu/ar4_ros_driver/install/moveit_configs_utils/lib/python3.10/site-packages:${PYTHONPATH} /usr/bin/python3 -W ignore:setup.py install is deprecated -W ignore:easy_install command is deprecated setup.py egg_info --egg-base ../build/moveit_configs_utils build --build-base /home/johnbuntu/ar4_ros_driver/build/moveit_configs_utils/build install --record /home/johnbuntu/ar4_ros_driver/build/moveit_configs_utils/install.log --single-version-externally-managed install_data
[1.175s] Level 1:colcon.colcon_core.environment:checking '/home/johnbuntu/ar4_ros_driver/install/moveit_configs_utils' for CMake config files
[1.175s] Level 1:colcon.colcon_core.environment:checking '/home/johnbuntu/ar4_ros_driver/install/moveit_configs_utils/lib'
[1.175s] Level 1:colcon.colcon_core.environment:checking '/home/johnbuntu/ar4_ros_driver/install/moveit_configs_utils/bin'
[1.175s] Level 1:colcon.colcon_core.environment:checking '/home/johnbuntu/ar4_ros_driver/install/moveit_configs_utils/lib/pkgconfig/moveit_configs_utils.pc'
[1.175s] Level 1:colcon.colcon_core.environment:checking '/home/johnbuntu/ar4_ros_driver/install/moveit_configs_utils/lib/python3.10/site-packages'
[1.175s] Level 1:colcon.colcon_core.shell:create_environment_hook('moveit_configs_utils', 'pythonpath')
[1.176s] INFO:colcon.colcon_core.shell:Creating environment hook '/home/johnbuntu/ar4_ros_driver/install/moveit_configs_utils/share/moveit_configs_utils/hook/pythonpath.ps1'
[1.176s] INFO:colcon.colcon_core.shell:Creating environment descriptor '/home/johnbuntu/ar4_ros_driver/install/moveit_configs_utils/share/moveit_configs_utils/hook/pythonpath.dsv'
[1.176s] INFO:colcon.colcon_core.shell:Creating environment hook '/home/johnbuntu/ar4_ros_driver/install/moveit_configs_utils/share/moveit_configs_utils/hook/pythonpath.sh'
[1.177s] Level 1:colcon.colcon_core.environment:checking '/home/johnbuntu/ar4_ros_driver/install/moveit_configs_utils/bin'
[1.177s] Level 1:colcon.colcon_core.environment:create_environment_scripts_only(moveit_configs_utils)
[1.177s] INFO:colcon.colcon_core.shell:Creating package script '/home/johnbuntu/ar4_ros_driver/install/moveit_configs_utils/share/moveit_configs_utils/package.ps1'
[1.177s] INFO:colcon.colcon_core.shell:Creating package descriptor '/home/johnbuntu/ar4_ros_driver/install/moveit_configs_utils/share/moveit_configs_utils/package.dsv'
[1.178s] INFO:colcon.colcon_core.shell:Creating package script '/home/johnbuntu/ar4_ros_driver/install/moveit_configs_utils/share/moveit_configs_utils/package.sh'
[1.178s] INFO:colcon.colcon_core.shell:Creating package script '/home/johnbuntu/ar4_ros_driver/install/moveit_configs_utils/share/moveit_configs_utils/package.bash'
[1.178s] INFO:colcon.colcon_core.shell:Creating package script '/home/johnbuntu/ar4_ros_driver/install/moveit_configs_utils/share/moveit_configs_utils/package.zsh'
[1.178s] Level 1:colcon.colcon_core.environment:create_file_with_runtime_dependencies(/home/johnbuntu/ar4_ros_driver/install/moveit_configs_utils/share/colcon-core/packages/moveit_configs_utils)
[1.179s] DEBUG:colcon.colcon_parallel_executor.executor.parallel:closing loop
[1.179s] DEBUG:colcon.colcon_parallel_executor.executor.parallel:loop closed
[1.179s] DEBUG:colcon.colcon_parallel_executor.executor.parallel:run_until_complete finished with '0'
[1.179s] DEBUG:colcon.colcon_core.event_reactor:joining thread
[1.183s] INFO:colcon.colcon_core.plugin_system:Skipping extension 'colcon_notification.desktop_notification.terminal_notifier': Not used on non-Darwin systems
[1.183s] INFO:colcon.colcon_core.plugin_system:Skipping extension 'colcon_notification.desktop_notification.win32': Not used on non-Windows systems
[1.183s] INFO:colcon.colcon_notification.desktop_notification:Sending desktop notification using 'notify2'
[1.192s] DEBUG:colcon.colcon_core.event_reactor:joined thread
[1.192s] INFO:colcon.colcon_core.shell:Creating prefix script '/home/johnbuntu/ar4_ros_driver/install/local_setup.ps1'
[1.193s] INFO:colcon.colcon_core.shell:Creating prefix util module '/home/johnbuntu/ar4_ros_driver/install/_local_setup_util_ps1.py'
[1.194s] INFO:colcon.colcon_core.shell:Creating prefix chain script '/home/johnbuntu/ar4_ros_driver/install/setup.ps1'
[1.195s] INFO:colcon.colcon_core.shell:Creating prefix script '/home/johnbuntu/ar4_ros_driver/install/local_setup.sh'
[1.196s] INFO:colcon.colcon_core.shell:Creating prefix util module '/home/johnbuntu/ar4_ros_driver/install/_local_setup_util_sh.py'
[1.196s] INFO:colcon.colcon_core.shell:Creating prefix chain script '/home/johnbuntu/ar4_ros_driver/install/setup.sh'
[1.197s] INFO:colcon.colcon_core.shell:Creating prefix script '/home/johnbuntu/ar4_ros_driver/install/local_setup.bash'
[1.197s] INFO:colcon.colcon_core.shell:Creating prefix chain script '/home/johnbuntu/ar4_ros_driver/install/setup.bash'
[1.198s] INFO:colcon.colcon_core.shell:Creating prefix script '/home/johnbuntu/ar4_ros_driver/install/local_setup.zsh'
[1.199s] INFO:colcon.colcon_core.shell:Creating prefix chain script '/home/johnbuntu/ar4_ros_driver/install/setup.zsh'
