[0.583s] Invoking command in '/home/johnbuntu/ar4_ros_driver/moveit_configs_utils': PYTHONPATH=/home/johnbuntu/ar4_ros_driver/build/moveit_configs_utils/prefix_override:/usr/lib/python3/dist-packages/colcon_core/task/python/colcon_distutils_commands:/home/johnbuntu/ar4_ros_driver/install/moveit_configs_utils/lib/python3.10/site-packages:${PYTHONPATH} /usr/bin/python3 -W ignore:setup.py install is deprecated -W ignore:easy_install command is deprecated setup.py egg_info --egg-base ../build/moveit_configs_utils build --build-base /home/johnbuntu/ar4_ros_driver/build/moveit_configs_utils/build install --record /home/johnbuntu/ar4_ros_driver/build/moveit_configs_utils/install.log --single-version-externally-managed install_data
[0.782s] running egg_info
[0.782s] writing ../build/moveit_configs_utils/moveit_configs_utils.egg-info/PKG-INFO
[0.782s] writing dependency_links to ../build/moveit_configs_utils/moveit_configs_utils.egg-info/dependency_links.txt
[0.782s] writing entry points to ../build/moveit_configs_utils/moveit_configs_utils.egg-info/entry_points.txt
[0.782s] writing requirements to ../build/moveit_configs_utils/moveit_configs_utils.egg-info/requires.txt
[0.783s] writing top-level names to ../build/moveit_configs_utils/moveit_configs_utils.egg-info/top_level.txt
[0.784s] reading manifest file '../build/moveit_configs_utils/moveit_configs_utils.egg-info/SOURCES.txt'
[0.785s] writing manifest file '../build/moveit_configs_utils/moveit_configs_utils.egg-info/SOURCES.txt'
[0.785s] running build
[0.785s] running build_py
[0.786s] running install
[0.786s] running install_lib
[0.787s] running install_data
[0.787s] running install_egg_info
[0.788s] removing '/home/johnbuntu/ar4_ros_driver/install/moveit_configs_utils/lib/python3.10/site-packages/moveit_configs_utils-2.5.9-py3.10.egg-info' (and everything under it)
[0.789s] Copying ../build/moveit_configs_utils/moveit_configs_utils.egg-info to /home/johnbuntu/ar4_ros_driver/install/moveit_configs_utils/lib/python3.10/site-packages/moveit_configs_utils-2.5.9-py3.10.egg-info
[0.789s] running install_scripts
[0.807s] writing list of installed files to '/home/johnbuntu/ar4_ros_driver/build/moveit_configs_utils/install.log'
[0.832s] Invoked command in '/home/johnbuntu/ar4_ros_driver/moveit_configs_utils' returned '0': PYTHONPATH=/home/johnbuntu/ar4_ros_driver/build/moveit_configs_utils/prefix_override:/usr/lib/python3/dist-packages/colcon_core/task/python/colcon_distutils_commands:/home/johnbuntu/ar4_ros_driver/install/moveit_configs_utils/lib/python3.10/site-packages:${PYTHONPATH} /usr/bin/python3 -W ignore:setup.py install is deprecated -W ignore:easy_install command is deprecated setup.py egg_info --egg-base ../build/moveit_configs_utils build --build-base /home/johnbuntu/ar4_ros_driver/build/moveit_configs_utils/build install --record /home/johnbuntu/ar4_ros_driver/build/moveit_configs_utils/install.log --single-version-externally-managed install_data
