[0.096s] DEBUG:colcon:Command line arguments: ['/usr/bin/colcon', 'build']
[0.096s] DEBUG:colcon:Parsed command line arguments: Namespace(log_base=None, log_level=None, verb_name='build', build_base='build', install_base='install', merge_install=False, symlink_install=False, test_result_base=None, continue_on_error=False, executor='parallel', parallel_workers=8, event_handlers=None, ignore_user_meta=False, metas=['./colcon.meta'], base_paths=['.'], packages_ignore=None, packages_ignore_regex=None, paths=None, packages_up_to=None, packages_up_to_regex=None, packages_above=None, packages_above_and_dependencies=None, packages_above_depth=None, packages_select_by_dep=None, packages_skip_by_dep=None, packages_skip_up_to=None, packages_select_build_failed=False, packages_skip_build_finished=False, packages_select_test_failures=False, packages_skip_test_passed=False, packages_select=None, packages_skip=None, packages_select_regex=None, packages_skip_regex=None, packages_start=None, packages_end=None, allow_overriding=[], cmake_args=None, cmake_target=None, cmake_target_skip_unavailable=False, cmake_clean_cache=False, cmake_clean_first=False, cmake_force_configure=False, ament_cmake_args=None, catkin_cmake_args=None, catkin_skip_building_tests=False, mixin_files=None, mixin=None, verb_parser=<colcon_mixin.mixin.mixin_argument.MixinArgumentDecorator object at 0x7afd27c6a710>, verb_extension=<colcon_core.verb.build.BuildVerb object at 0x7afd27c6a0b0>, main=<bound method BuildVerb.main of <colcon_core.verb.build.BuildVerb object at 0x7afd27c6a0b0>>, mixin_verb=('build',))
[0.229s] Level 1:colcon.colcon_core.package_discovery:discover_packages(colcon_meta) check parameters
[0.229s] Level 1:colcon.colcon_core.package_discovery:discover_packages(recursive) check parameters
[0.229s] Level 1:colcon.colcon_core.package_discovery:discover_packages(ignore) check parameters
[0.229s] Level 1:colcon.colcon_core.package_discovery:discover_packages(path) check parameters
[0.229s] Level 1:colcon.colcon_core.package_discovery:discover_packages(colcon_meta) discover
[0.229s] Level 1:colcon.colcon_core.package_discovery:discover_packages(recursive) discover
[0.229s] INFO:colcon.colcon_core.package_discovery:Crawling recursively for packages in '/home/johnbuntu/ar4_ros_driver'
[0.230s] Level 1:colcon.colcon_core.package_identification:_identify(.) by extensions ['ignore', 'ignore_ament_install']
[0.230s] Level 1:colcon.colcon_core.package_identification:_identify(.) by extension 'ignore'
[0.230s] Level 1:colcon.colcon_core.package_identification:_identify(.) by extension 'ignore_ament_install'
[0.230s] Level 1:colcon.colcon_core.package_identification:_identify(.) by extensions ['colcon_pkg']
[0.230s] Level 1:colcon.colcon_core.package_identification:_identify(.) by extension 'colcon_pkg'
[0.230s] Level 1:colcon.colcon_core.package_identification:_identify(.) by extensions ['colcon_meta']
[0.230s] Level 1:colcon.colcon_core.package_identification:_identify(.) by extension 'colcon_meta'
[0.230s] Level 1:colcon.colcon_core.package_identification:_identify(.) by extensions ['ros']
[0.230s] Level 1:colcon.colcon_core.package_identification:_identify(.) by extension 'ros'
[0.239s] Level 1:colcon.colcon_core.package_identification:_identify(.) by extensions ['cmake', 'python']
[0.239s] Level 1:colcon.colcon_core.package_identification:_identify(.) by extension 'cmake'
[0.239s] Level 1:colcon.colcon_core.package_identification:_identify(.) by extension 'python'
[0.239s] Level 1:colcon.colcon_core.package_identification:_identify(.) by extensions ['python_setup_py']
[0.239s] Level 1:colcon.colcon_core.package_identification:_identify(.) by extension 'python_setup_py'
[0.239s] Level 1:colcon.colcon_core.package_identification:_identify(annin_ar4_description) by extensions ['ignore', 'ignore_ament_install']
[0.239s] Level 1:colcon.colcon_core.package_identification:_identify(annin_ar4_description) by extension 'ignore'
[0.239s] Level 1:colcon.colcon_core.package_identification:_identify(annin_ar4_description) by extension 'ignore_ament_install'
[0.239s] Level 1:colcon.colcon_core.package_identification:_identify(annin_ar4_description) by extensions ['colcon_pkg']
[0.239s] Level 1:colcon.colcon_core.package_identification:_identify(annin_ar4_description) by extension 'colcon_pkg'
[0.239s] Level 1:colcon.colcon_core.package_identification:_identify(annin_ar4_description) by extensions ['colcon_meta']
[0.239s] Level 1:colcon.colcon_core.package_identification:_identify(annin_ar4_description) by extension 'colcon_meta'
[0.240s] Level 1:colcon.colcon_core.package_identification:_identify(annin_ar4_description) by extensions ['ros']
[0.240s] Level 1:colcon.colcon_core.package_identification:_identify(annin_ar4_description) by extension 'ros'
[0.241s] DEBUG:colcon.colcon_core.package_identification:Package 'annin_ar4_description' with type 'ros.ament_cmake' and name 'annin_ar4_description'
[0.242s] Level 1:colcon.colcon_core.package_identification:_identify(annin_ar4_driver) by extensions ['ignore', 'ignore_ament_install']
[0.242s] Level 1:colcon.colcon_core.package_identification:_identify(annin_ar4_driver) by extension 'ignore'
[0.242s] Level 1:colcon.colcon_core.package_identification:_identify(annin_ar4_driver) by extension 'ignore_ament_install'
[0.242s] Level 1:colcon.colcon_core.package_identification:_identify(annin_ar4_driver) by extensions ['colcon_pkg']
[0.242s] Level 1:colcon.colcon_core.package_identification:_identify(annin_ar4_driver) by extension 'colcon_pkg'
[0.242s] Level 1:colcon.colcon_core.package_identification:_identify(annin_ar4_driver) by extensions ['colcon_meta']
[0.242s] Level 1:colcon.colcon_core.package_identification:_identify(annin_ar4_driver) by extension 'colcon_meta'
[0.242s] Level 1:colcon.colcon_core.package_identification:_identify(annin_ar4_driver) by extensions ['ros']
[0.242s] Level 1:colcon.colcon_core.package_identification:_identify(annin_ar4_driver) by extension 'ros'
[0.243s] DEBUG:colcon.colcon_core.package_identification:Package 'annin_ar4_driver' with type 'ros.ament_cmake' and name 'annin_ar4_driver'
[0.243s] Level 1:colcon.colcon_core.package_identification:_identify(annin_ar4_firmware) by extensions ['ignore', 'ignore_ament_install']
[0.243s] Level 1:colcon.colcon_core.package_identification:_identify(annin_ar4_firmware) by extension 'ignore'
[0.243s] Level 1:colcon.colcon_core.package_identification:_identify(annin_ar4_firmware) by extension 'ignore_ament_install'
[0.243s] Level 1:colcon.colcon_core.package_identification:_identify(annin_ar4_firmware) by extensions ['colcon_pkg']
[0.243s] Level 1:colcon.colcon_core.package_identification:_identify(annin_ar4_firmware) by extension 'colcon_pkg'
[0.243s] Level 1:colcon.colcon_core.package_identification:_identify(annin_ar4_firmware) by extensions ['colcon_meta']
[0.243s] Level 1:colcon.colcon_core.package_identification:_identify(annin_ar4_firmware) by extension 'colcon_meta'
[0.243s] Level 1:colcon.colcon_core.package_identification:_identify(annin_ar4_firmware) by extensions ['ros']
[0.243s] Level 1:colcon.colcon_core.package_identification:_identify(annin_ar4_firmware) by extension 'ros'
[0.244s] Level 1:colcon.colcon_core.package_identification:_identify(annin_ar4_firmware) by extensions ['cmake', 'python']
[0.244s] Level 1:colcon.colcon_core.package_identification:_identify(annin_ar4_firmware) by extension 'cmake'
[0.244s] Level 1:colcon.colcon_core.package_identification:_identify(annin_ar4_firmware) by extension 'python'
[0.244s] Level 1:colcon.colcon_core.package_identification:_identify(annin_ar4_firmware) by extensions ['python_setup_py']
[0.244s] Level 1:colcon.colcon_core.package_identification:_identify(annin_ar4_firmware) by extension 'python_setup_py'
[0.244s] Level 1:colcon.colcon_core.package_identification:_identify(annin_ar4_firmware/AR4_nano) by extensions ['ignore', 'ignore_ament_install']
[0.244s] Level 1:colcon.colcon_core.package_identification:_identify(annin_ar4_firmware/AR4_nano) by extension 'ignore'
[0.244s] Level 1:colcon.colcon_core.package_identification:_identify(annin_ar4_firmware/AR4_nano) by extension 'ignore_ament_install'
[0.244s] Level 1:colcon.colcon_core.package_identification:_identify(annin_ar4_firmware/AR4_nano) by extensions ['colcon_pkg']
[0.244s] Level 1:colcon.colcon_core.package_identification:_identify(annin_ar4_firmware/AR4_nano) by extension 'colcon_pkg'
[0.244s] Level 1:colcon.colcon_core.package_identification:_identify(annin_ar4_firmware/AR4_nano) by extensions ['colcon_meta']
[0.244s] Level 1:colcon.colcon_core.package_identification:_identify(annin_ar4_firmware/AR4_nano) by extension 'colcon_meta'
[0.244s] Level 1:colcon.colcon_core.package_identification:_identify(annin_ar4_firmware/AR4_nano) by extensions ['ros']
[0.244s] Level 1:colcon.colcon_core.package_identification:_identify(annin_ar4_firmware/AR4_nano) by extension 'ros'
[0.244s] Level 1:colcon.colcon_core.package_identification:_identify(annin_ar4_firmware/AR4_nano) by extensions ['cmake', 'python']
[0.244s] Level 1:colcon.colcon_core.package_identification:_identify(annin_ar4_firmware/AR4_nano) by extension 'cmake'
[0.244s] Level 1:colcon.colcon_core.package_identification:_identify(annin_ar4_firmware/AR4_nano) by extension 'python'
[0.244s] Level 1:colcon.colcon_core.package_identification:_identify(annin_ar4_firmware/AR4_nano) by extensions ['python_setup_py']
[0.244s] Level 1:colcon.colcon_core.package_identification:_identify(annin_ar4_firmware/AR4_nano) by extension 'python_setup_py'
[0.244s] Level 1:colcon.colcon_core.package_identification:_identify(annin_ar4_firmware/AR4_teensy) by extensions ['ignore', 'ignore_ament_install']
[0.244s] Level 1:colcon.colcon_core.package_identification:_identify(annin_ar4_firmware/AR4_teensy) by extension 'ignore'
[0.244s] Level 1:colcon.colcon_core.package_identification:_identify(annin_ar4_firmware/AR4_teensy) by extension 'ignore_ament_install'
[0.244s] Level 1:colcon.colcon_core.package_identification:_identify(annin_ar4_firmware/AR4_teensy) by extensions ['colcon_pkg']
[0.244s] Level 1:colcon.colcon_core.package_identification:_identify(annin_ar4_firmware/AR4_teensy) by extension 'colcon_pkg'
[0.244s] Level 1:colcon.colcon_core.package_identification:_identify(annin_ar4_firmware/AR4_teensy) by extensions ['colcon_meta']
[0.245s] Level 1:colcon.colcon_core.package_identification:_identify(annin_ar4_firmware/AR4_teensy) by extension 'colcon_meta'
[0.245s] Level 1:colcon.colcon_core.package_identification:_identify(annin_ar4_firmware/AR4_teensy) by extensions ['ros']
[0.245s] Level 1:colcon.colcon_core.package_identification:_identify(annin_ar4_firmware/AR4_teensy) by extension 'ros'
[0.245s] Level 1:colcon.colcon_core.package_identification:_identify(annin_ar4_firmware/AR4_teensy) by extensions ['cmake', 'python']
[0.245s] Level 1:colcon.colcon_core.package_identification:_identify(annin_ar4_firmware/AR4_teensy) by extension 'cmake'
[0.245s] Level 1:colcon.colcon_core.package_identification:_identify(annin_ar4_firmware/AR4_teensy) by extension 'python'
[0.245s] Level 1:colcon.colcon_core.package_identification:_identify(annin_ar4_firmware/AR4_teensy) by extensions ['python_setup_py']
[0.245s] Level 1:colcon.colcon_core.package_identification:_identify(annin_ar4_firmware/AR4_teensy) by extension 'python_setup_py'
[0.245s] Level 1:colcon.colcon_core.package_identification:_identify(annin_ar4_gazebo) by extensions ['ignore', 'ignore_ament_install']
[0.245s] Level 1:colcon.colcon_core.package_identification:_identify(annin_ar4_gazebo) by extension 'ignore'
[0.245s] Level 1:colcon.colcon_core.package_identification:_identify(annin_ar4_gazebo) by extension 'ignore_ament_install'
[0.245s] Level 1:colcon.colcon_core.package_identification:_identify(annin_ar4_gazebo) by extensions ['colcon_pkg']
[0.245s] Level 1:colcon.colcon_core.package_identification:_identify(annin_ar4_gazebo) by extension 'colcon_pkg'
[0.245s] Level 1:colcon.colcon_core.package_identification:_identify(annin_ar4_gazebo) by extensions ['colcon_meta']
[0.245s] Level 1:colcon.colcon_core.package_identification:_identify(annin_ar4_gazebo) by extension 'colcon_meta'
[0.245s] Level 1:colcon.colcon_core.package_identification:_identify(annin_ar4_gazebo) by extensions ['ros']
[0.245s] Level 1:colcon.colcon_core.package_identification:_identify(annin_ar4_gazebo) by extension 'ros'
[0.246s] DEBUG:colcon.colcon_core.package_identification:Package 'annin_ar4_gazebo' with type 'ros.ament_cmake' and name 'annin_ar4_gazebo'
[0.246s] Level 1:colcon.colcon_core.package_identification:_identify(annin_ar4_moveit_config) by extensions ['ignore', 'ignore_ament_install']
[0.246s] Level 1:colcon.colcon_core.package_identification:_identify(annin_ar4_moveit_config) by extension 'ignore'
[0.246s] Level 1:colcon.colcon_core.package_identification:_identify(annin_ar4_moveit_config) by extension 'ignore_ament_install'
[0.246s] Level 1:colcon.colcon_core.package_identification:_identify(annin_ar4_moveit_config) by extensions ['colcon_pkg']
[0.246s] Level 1:colcon.colcon_core.package_identification:_identify(annin_ar4_moveit_config) by extension 'colcon_pkg'
[0.246s] Level 1:colcon.colcon_core.package_identification:_identify(annin_ar4_moveit_config) by extensions ['colcon_meta']
[0.246s] Level 1:colcon.colcon_core.package_identification:_identify(annin_ar4_moveit_config) by extension 'colcon_meta'
[0.246s] Level 1:colcon.colcon_core.package_identification:_identify(annin_ar4_moveit_config) by extensions ['ros']
[0.246s] Level 1:colcon.colcon_core.package_identification:_identify(annin_ar4_moveit_config) by extension 'ros'
[0.246s] DEBUG:colcon.colcon_core.package_identification:Package 'annin_ar4_moveit_config' with type 'ros.ament_cmake' and name 'annin_ar4_moveit_config'
[0.247s] Level 1:colcon.colcon_core.package_identification:_identify(build) by extensions ['ignore', 'ignore_ament_install']
[0.247s] Level 1:colcon.colcon_core.package_identification:_identify(build) by extension 'ignore'
[0.247s] Level 1:colcon.colcon_core.package_identification:_identify(build) ignored
[0.247s] Level 1:colcon.colcon_core.package_identification:_identify(gorm_arm) by extensions ['ignore', 'ignore_ament_install']
[0.247s] Level 1:colcon.colcon_core.package_identification:_identify(gorm_arm) by extension 'ignore'
[0.247s] Level 1:colcon.colcon_core.package_identification:_identify(gorm_arm) by extension 'ignore_ament_install'
[0.247s] Level 1:colcon.colcon_core.package_identification:_identify(gorm_arm) by extensions ['colcon_pkg']
[0.247s] Level 1:colcon.colcon_core.package_identification:_identify(gorm_arm) by extension 'colcon_pkg'
[0.247s] Level 1:colcon.colcon_core.package_identification:_identify(gorm_arm) by extensions ['colcon_meta']
[0.247s] Level 1:colcon.colcon_core.package_identification:_identify(gorm_arm) by extension 'colcon_meta'
[0.247s] Level 1:colcon.colcon_core.package_identification:_identify(gorm_arm) by extensions ['ros']
[0.247s] Level 1:colcon.colcon_core.package_identification:_identify(gorm_arm) by extension 'ros'
[0.248s] DEBUG:colcon.colcon_core.package_identification:Package 'gorm_arm' with type 'ros.ament_cmake' and name 'gorm_arm'
[0.248s] Level 1:colcon.colcon_core.package_identification:_identify(install) by extensions ['ignore', 'ignore_ament_install']
[0.248s] Level 1:colcon.colcon_core.package_identification:_identify(install) by extension 'ignore'
[0.248s] Level 1:colcon.colcon_core.package_identification:_identify(install) ignored
[0.248s] Level 1:colcon.colcon_core.package_identification:_identify(johnsfiles) by extensions ['ignore', 'ignore_ament_install']
[0.248s] Level 1:colcon.colcon_core.package_identification:_identify(johnsfiles) by extension 'ignore'
[0.248s] Level 1:colcon.colcon_core.package_identification:_identify(johnsfiles) by extension 'ignore_ament_install'
[0.248s] Level 1:colcon.colcon_core.package_identification:_identify(johnsfiles) by extensions ['colcon_pkg']
[0.248s] Level 1:colcon.colcon_core.package_identification:_identify(johnsfiles) by extension 'colcon_pkg'
[0.248s] Level 1:colcon.colcon_core.package_identification:_identify(johnsfiles) by extensions ['colcon_meta']
[0.248s] Level 1:colcon.colcon_core.package_identification:_identify(johnsfiles) by extension 'colcon_meta'
[0.248s] Level 1:colcon.colcon_core.package_identification:_identify(johnsfiles) by extensions ['ros']
[0.248s] Level 1:colcon.colcon_core.package_identification:_identify(johnsfiles) by extension 'ros'
[0.248s] Level 1:colcon.colcon_core.package_identification:_identify(johnsfiles) by extensions ['cmake', 'python']
[0.248s] Level 1:colcon.colcon_core.package_identification:_identify(johnsfiles) by extension 'cmake'
[0.248s] Level 1:colcon.colcon_core.package_identification:_identify(johnsfiles) by extension 'python'
[0.248s] Level 1:colcon.colcon_core.package_identification:_identify(johnsfiles) by extensions ['python_setup_py']
[0.248s] Level 1:colcon.colcon_core.package_identification:_identify(johnsfiles) by extension 'python_setup_py'
[0.248s] Level 1:colcon.colcon_core.package_identification:_identify(log) by extensions ['ignore', 'ignore_ament_install']
[0.248s] Level 1:colcon.colcon_core.package_identification:_identify(log) by extension 'ignore'
[0.248s] Level 1:colcon.colcon_core.package_identification:_identify(log) ignored
[0.249s] Level 1:colcon.colcon_core.package_identification:_identify(moveit_servo) by extensions ['ignore', 'ignore_ament_install']
[0.249s] Level 1:colcon.colcon_core.package_identification:_identify(moveit_servo) by extension 'ignore'
[0.249s] Level 1:colcon.colcon_core.package_identification:_identify(moveit_servo) by extension 'ignore_ament_install'
[0.249s] Level 1:colcon.colcon_core.package_identification:_identify(moveit_servo) by extensions ['colcon_pkg']
[0.249s] Level 1:colcon.colcon_core.package_identification:_identify(moveit_servo) by extension 'colcon_pkg'
[0.249s] Level 1:colcon.colcon_core.package_identification:_identify(moveit_servo) by extensions ['colcon_meta']
[0.249s] Level 1:colcon.colcon_core.package_identification:_identify(moveit_servo) by extension 'colcon_meta'
[0.249s] Level 1:colcon.colcon_core.package_identification:_identify(moveit_servo) by extensions ['ros']
[0.249s] Level 1:colcon.colcon_core.package_identification:_identify(moveit_servo) by extension 'ros'
[0.251s] DEBUG:colcon.colcon_core.package_identification:Package 'moveit_servo' with type 'ros.ament_cmake' and name 'moveit_servo'
[0.251s] Level 1:colcon.colcon_core.package_discovery:discover_packages(recursive) using defaults
[0.251s] Level 1:colcon.colcon_core.package_discovery:discover_packages(ignore) discover
[0.251s] Level 1:colcon.colcon_core.package_discovery:discover_packages(ignore) using defaults
[0.251s] Level 1:colcon.colcon_core.package_discovery:discover_packages(path) discover
[0.251s] Level 1:colcon.colcon_core.package_discovery:discover_packages(path) using defaults
[0.277s] Level 1:colcon.colcon_core.package_discovery:discover_packages(prefix_path) check parameters
[0.278s] Level 1:colcon.colcon_core.package_discovery:discover_packages(prefix_path) discover
[0.279s] DEBUG:colcon.colcon_installed_package_information.package_discovery:Found 6 installed packages in /home/johnbuntu/ar4_ros_driver/install
[0.280s] DEBUG:colcon.colcon_installed_package_information.package_discovery:Found 341 installed packages in /opt/ros/humble
[0.281s] Level 1:colcon.colcon_core.package_discovery:discover_packages(prefix_path) using defaults
[0.319s] Level 5:colcon.colcon_core.verb:set package 'annin_ar4_description' build argument 'cmake_args' from command line to 'None'
[0.319s] Level 5:colcon.colcon_core.verb:set package 'annin_ar4_description' build argument 'cmake_target' from command line to 'None'
[0.319s] Level 5:colcon.colcon_core.verb:set package 'annin_ar4_description' build argument 'cmake_target_skip_unavailable' from command line to 'False'
[0.319s] Level 5:colcon.colcon_core.verb:set package 'annin_ar4_description' build argument 'cmake_clean_cache' from command line to 'False'
[0.319s] Level 5:colcon.colcon_core.verb:set package 'annin_ar4_description' build argument 'cmake_clean_first' from command line to 'False'
[0.319s] Level 5:colcon.colcon_core.verb:set package 'annin_ar4_description' build argument 'cmake_force_configure' from command line to 'False'
[0.319s] Level 5:colcon.colcon_core.verb:set package 'annin_ar4_description' build argument 'ament_cmake_args' from command line to 'None'
[0.319s] Level 5:colcon.colcon_core.verb:set package 'annin_ar4_description' build argument 'catkin_cmake_args' from command line to 'None'
[0.319s] Level 5:colcon.colcon_core.verb:set package 'annin_ar4_description' build argument 'catkin_skip_building_tests' from command line to 'False'
[0.319s] DEBUG:colcon.colcon_core.verb:Building package 'annin_ar4_description' with the following arguments: {'ament_cmake_args': None, 'build_base': '/home/johnbuntu/ar4_ros_driver/build/annin_ar4_description', 'catkin_cmake_args': None, 'catkin_skip_building_tests': False, 'cmake_args': None, 'cmake_clean_cache': False, 'cmake_clean_first': False, 'cmake_force_configure': False, 'cmake_target': None, 'cmake_target_skip_unavailable': False, 'install_base': '/home/johnbuntu/ar4_ros_driver/install/annin_ar4_description', 'merge_install': False, 'path': '/home/johnbuntu/ar4_ros_driver/annin_ar4_description', 'symlink_install': False, 'test_result_base': None}
[0.319s] Level 5:colcon.colcon_core.verb:set package 'moveit_servo' build argument 'cmake_args' from command line to 'None'
[0.319s] Level 5:colcon.colcon_core.verb:set package 'moveit_servo' build argument 'cmake_target' from command line to 'None'
[0.319s] Level 5:colcon.colcon_core.verb:set package 'moveit_servo' build argument 'cmake_target_skip_unavailable' from command line to 'False'
[0.319s] Level 5:colcon.colcon_core.verb:set package 'moveit_servo' build argument 'cmake_clean_cache' from command line to 'False'
[0.319s] Level 5:colcon.colcon_core.verb:set package 'moveit_servo' build argument 'cmake_clean_first' from command line to 'False'
[0.319s] Level 5:colcon.colcon_core.verb:set package 'moveit_servo' build argument 'cmake_force_configure' from command line to 'False'
[0.319s] Level 5:colcon.colcon_core.verb:set package 'moveit_servo' build argument 'ament_cmake_args' from command line to 'None'
[0.319s] Level 5:colcon.colcon_core.verb:set package 'moveit_servo' build argument 'catkin_cmake_args' from command line to 'None'
[0.319s] Level 5:colcon.colcon_core.verb:set package 'moveit_servo' build argument 'catkin_skip_building_tests' from command line to 'False'
[0.319s] DEBUG:colcon.colcon_core.verb:Building package 'moveit_servo' with the following arguments: {'ament_cmake_args': None, 'build_base': '/home/johnbuntu/ar4_ros_driver/build/moveit_servo', 'catkin_cmake_args': None, 'catkin_skip_building_tests': False, 'cmake_args': None, 'cmake_clean_cache': False, 'cmake_clean_first': False, 'cmake_force_configure': False, 'cmake_target': None, 'cmake_target_skip_unavailable': False, 'install_base': '/home/johnbuntu/ar4_ros_driver/install/moveit_servo', 'merge_install': False, 'path': '/home/johnbuntu/ar4_ros_driver/moveit_servo', 'symlink_install': False, 'test_result_base': None}
[0.320s] Level 5:colcon.colcon_core.verb:set package 'annin_ar4_driver' build argument 'cmake_args' from command line to 'None'
[0.320s] Level 5:colcon.colcon_core.verb:set package 'annin_ar4_driver' build argument 'cmake_target' from command line to 'None'
[0.320s] Level 5:colcon.colcon_core.verb:set package 'annin_ar4_driver' build argument 'cmake_target_skip_unavailable' from command line to 'False'
[0.320s] Level 5:colcon.colcon_core.verb:set package 'annin_ar4_driver' build argument 'cmake_clean_cache' from command line to 'False'
[0.320s] Level 5:colcon.colcon_core.verb:set package 'annin_ar4_driver' build argument 'cmake_clean_first' from command line to 'False'
[0.320s] Level 5:colcon.colcon_core.verb:set package 'annin_ar4_driver' build argument 'cmake_force_configure' from command line to 'False'
[0.320s] Level 5:colcon.colcon_core.verb:set package 'annin_ar4_driver' build argument 'ament_cmake_args' from command line to 'None'
[0.320s] Level 5:colcon.colcon_core.verb:set package 'annin_ar4_driver' build argument 'catkin_cmake_args' from command line to 'None'
[0.320s] Level 5:colcon.colcon_core.verb:set package 'annin_ar4_driver' build argument 'catkin_skip_building_tests' from command line to 'False'
[0.320s] DEBUG:colcon.colcon_core.verb:Building package 'annin_ar4_driver' with the following arguments: {'ament_cmake_args': None, 'build_base': '/home/johnbuntu/ar4_ros_driver/build/annin_ar4_driver', 'catkin_cmake_args': None, 'catkin_skip_building_tests': False, 'cmake_args': None, 'cmake_clean_cache': False, 'cmake_clean_first': False, 'cmake_force_configure': False, 'cmake_target': None, 'cmake_target_skip_unavailable': False, 'install_base': '/home/johnbuntu/ar4_ros_driver/install/annin_ar4_driver', 'merge_install': False, 'path': '/home/johnbuntu/ar4_ros_driver/annin_ar4_driver', 'symlink_install': False, 'test_result_base': None}
[0.320s] Level 5:colcon.colcon_core.verb:set package 'annin_ar4_moveit_config' build argument 'cmake_args' from command line to 'None'
[0.320s] Level 5:colcon.colcon_core.verb:set package 'annin_ar4_moveit_config' build argument 'cmake_target' from command line to 'None'
[0.320s] Level 5:colcon.colcon_core.verb:set package 'annin_ar4_moveit_config' build argument 'cmake_target_skip_unavailable' from command line to 'False'
[0.320s] Level 5:colcon.colcon_core.verb:set package 'annin_ar4_moveit_config' build argument 'cmake_clean_cache' from command line to 'False'
[0.320s] Level 5:colcon.colcon_core.verb:set package 'annin_ar4_moveit_config' build argument 'cmake_clean_first' from command line to 'False'
[0.320s] Level 5:colcon.colcon_core.verb:set package 'annin_ar4_moveit_config' build argument 'cmake_force_configure' from command line to 'False'
[0.320s] Level 5:colcon.colcon_core.verb:set package 'annin_ar4_moveit_config' build argument 'ament_cmake_args' from command line to 'None'
[0.320s] Level 5:colcon.colcon_core.verb:set package 'annin_ar4_moveit_config' build argument 'catkin_cmake_args' from command line to 'None'
[0.320s] Level 5:colcon.colcon_core.verb:set package 'annin_ar4_moveit_config' build argument 'catkin_skip_building_tests' from command line to 'False'
[0.320s] DEBUG:colcon.colcon_core.verb:Building package 'annin_ar4_moveit_config' with the following arguments: {'ament_cmake_args': None, 'build_base': '/home/johnbuntu/ar4_ros_driver/build/annin_ar4_moveit_config', 'catkin_cmake_args': None, 'catkin_skip_building_tests': False, 'cmake_args': None, 'cmake_clean_cache': False, 'cmake_clean_first': False, 'cmake_force_configure': False, 'cmake_target': None, 'cmake_target_skip_unavailable': False, 'install_base': '/home/johnbuntu/ar4_ros_driver/install/annin_ar4_moveit_config', 'merge_install': False, 'path': '/home/johnbuntu/ar4_ros_driver/annin_ar4_moveit_config', 'symlink_install': False, 'test_result_base': None}
[0.321s] Level 5:colcon.colcon_core.verb:set package 'gorm_arm' build argument 'cmake_args' from command line to 'None'
[0.321s] Level 5:colcon.colcon_core.verb:set package 'gorm_arm' build argument 'cmake_target' from command line to 'None'
[0.321s] Level 5:colcon.colcon_core.verb:set package 'gorm_arm' build argument 'cmake_target_skip_unavailable' from command line to 'False'
[0.321s] Level 5:colcon.colcon_core.verb:set package 'gorm_arm' build argument 'cmake_clean_cache' from command line to 'False'
[0.321s] Level 5:colcon.colcon_core.verb:set package 'gorm_arm' build argument 'cmake_clean_first' from command line to 'False'
[0.321s] Level 5:colcon.colcon_core.verb:set package 'gorm_arm' build argument 'cmake_force_configure' from command line to 'False'
[0.321s] Level 5:colcon.colcon_core.verb:set package 'gorm_arm' build argument 'ament_cmake_args' from command line to 'None'
[0.321s] Level 5:colcon.colcon_core.verb:set package 'gorm_arm' build argument 'catkin_cmake_args' from command line to 'None'
[0.321s] Level 5:colcon.colcon_core.verb:set package 'gorm_arm' build argument 'catkin_skip_building_tests' from command line to 'False'
[0.321s] DEBUG:colcon.colcon_core.verb:Building package 'gorm_arm' with the following arguments: {'ament_cmake_args': None, 'build_base': '/home/johnbuntu/ar4_ros_driver/build/gorm_arm', 'catkin_cmake_args': None, 'catkin_skip_building_tests': False, 'cmake_args': None, 'cmake_clean_cache': False, 'cmake_clean_first': False, 'cmake_force_configure': False, 'cmake_target': None, 'cmake_target_skip_unavailable': False, 'install_base': '/home/johnbuntu/ar4_ros_driver/install/gorm_arm', 'merge_install': False, 'path': '/home/johnbuntu/ar4_ros_driver/gorm_arm', 'symlink_install': False, 'test_result_base': None}
[0.321s] Level 5:colcon.colcon_core.verb:set package 'annin_ar4_gazebo' build argument 'cmake_args' from command line to 'None'
[0.321s] Level 5:colcon.colcon_core.verb:set package 'annin_ar4_gazebo' build argument 'cmake_target' from command line to 'None'
[0.321s] Level 5:colcon.colcon_core.verb:set package 'annin_ar4_gazebo' build argument 'cmake_target_skip_unavailable' from command line to 'False'
[0.321s] Level 5:colcon.colcon_core.verb:set package 'annin_ar4_gazebo' build argument 'cmake_clean_cache' from command line to 'False'
[0.321s] Level 5:colcon.colcon_core.verb:set package 'annin_ar4_gazebo' build argument 'cmake_clean_first' from command line to 'False'
[0.321s] Level 5:colcon.colcon_core.verb:set package 'annin_ar4_gazebo' build argument 'cmake_force_configure' from command line to 'False'
[0.321s] Level 5:colcon.colcon_core.verb:set package 'annin_ar4_gazebo' build argument 'ament_cmake_args' from command line to 'None'
[0.321s] Level 5:colcon.colcon_core.verb:set package 'annin_ar4_gazebo' build argument 'catkin_cmake_args' from command line to 'None'
[0.321s] Level 5:colcon.colcon_core.verb:set package 'annin_ar4_gazebo' build argument 'catkin_skip_building_tests' from command line to 'False'
[0.321s] DEBUG:colcon.colcon_core.verb:Building package 'annin_ar4_gazebo' with the following arguments: {'ament_cmake_args': None, 'build_base': '/home/johnbuntu/ar4_ros_driver/build/annin_ar4_gazebo', 'catkin_cmake_args': None, 'catkin_skip_building_tests': False, 'cmake_args': None, 'cmake_clean_cache': False, 'cmake_clean_first': False, 'cmake_force_configure': False, 'cmake_target': None, 'cmake_target_skip_unavailable': False, 'install_base': '/home/johnbuntu/ar4_ros_driver/install/annin_ar4_gazebo', 'merge_install': False, 'path': '/home/johnbuntu/ar4_ros_driver/annin_ar4_gazebo', 'symlink_install': False, 'test_result_base': None}
[0.322s] INFO:colcon.colcon_core.executor:Executing jobs using 'parallel' executor
[0.322s] DEBUG:colcon.colcon_parallel_executor.executor.parallel:run_until_complete
[0.323s] INFO:colcon.colcon_ros.task.ament_cmake.build:Building ROS package in '/home/johnbuntu/ar4_ros_driver/annin_ar4_description' with build type 'ament_cmake'
[0.323s] INFO:colcon.colcon_cmake.task.cmake.build:Building CMake package in '/home/johnbuntu/ar4_ros_driver/annin_ar4_description'
[0.325s] INFO:colcon.colcon_core.plugin_system:Skipping extension 'colcon_core.shell.bat': Not used on non-Windows systems
[0.325s] INFO:colcon.colcon_core.shell:Skip shell extension 'powershell' for command environment: Not usable outside of PowerShell
[0.325s] DEBUG:colcon.colcon_core.shell:Skip shell extension 'dsv' for command environment
[0.328s] INFO:colcon.colcon_ros.task.ament_cmake.build:Building ROS package in '/home/johnbuntu/ar4_ros_driver/moveit_servo' with build type 'ament_cmake'
[0.328s] INFO:colcon.colcon_cmake.task.cmake.build:Building CMake package in '/home/johnbuntu/ar4_ros_driver/moveit_servo'
[0.328s] INFO:colcon.colcon_core.shell:Skip shell extension 'powershell' for command environment: Not usable outside of PowerShell
[0.328s] DEBUG:colcon.colcon_core.shell:Skip shell extension 'dsv' for command environment
[0.334s] DEBUG:colcon.colcon_core.event_handler.log_command:Invoking command in '/home/johnbuntu/ar4_ros_driver/build/annin_ar4_description': CMAKE_PREFIX_PATH=${CMAKE_PREFIX_PATH}:/opt/ros/humble /usr/bin/cmake --build /home/johnbuntu/ar4_ros_driver/build/annin_ar4_description -- -j8 -l8
[0.339s] DEBUG:colcon.colcon_core.event_handler.log_command:Invoking command in '/home/johnbuntu/ar4_ros_driver/build/moveit_servo': CMAKE_PREFIX_PATH=${CMAKE_PREFIX_PATH}:/opt/ros/humble /usr/bin/cmake --build /home/johnbuntu/ar4_ros_driver/build/moveit_servo -- -j8 -l8
[0.368s] DEBUG:colcon.colcon_core.event_handler.log_command:Invoked command in '/home/johnbuntu/ar4_ros_driver/build/annin_ar4_description' returned '0': CMAKE_PREFIX_PATH=${CMAKE_PREFIX_PATH}:/opt/ros/humble /usr/bin/cmake --build /home/johnbuntu/ar4_ros_driver/build/annin_ar4_description -- -j8 -l8
[0.379s] DEBUG:colcon.colcon_core.event_handler.log_command:Invoking command in '/home/johnbuntu/ar4_ros_driver/build/annin_ar4_description': CMAKE_PREFIX_PATH=${CMAKE_PREFIX_PATH}:/opt/ros/humble /usr/bin/cmake --install /home/johnbuntu/ar4_ros_driver/build/annin_ar4_description
[0.391s] Level 1:colcon.colcon_core.environment:create_environment_scripts_only(annin_ar4_description)
[0.394s] DEBUG:colcon.colcon_core.event_handler.log_command:Invoked command in '/home/johnbuntu/ar4_ros_driver/build/annin_ar4_description' returned '0': CMAKE_PREFIX_PATH=${CMAKE_PREFIX_PATH}:/opt/ros/humble /usr/bin/cmake --install /home/johnbuntu/ar4_ros_driver/build/annin_ar4_description
[0.395s] Level 1:colcon.colcon_core.environment:checking '/home/johnbuntu/ar4_ros_driver/install/annin_ar4_description' for CMake module files
[0.396s] Level 1:colcon.colcon_core.environment:checking '/home/johnbuntu/ar4_ros_driver/install/annin_ar4_description' for CMake config files
[0.396s] Level 1:colcon.colcon_core.shell:create_environment_hook('annin_ar4_description', 'cmake_prefix_path')
[0.396s] INFO:colcon.colcon_core.shell:Creating environment hook '/home/johnbuntu/ar4_ros_driver/install/annin_ar4_description/share/annin_ar4_description/hook/cmake_prefix_path.ps1'
[0.397s] INFO:colcon.colcon_core.shell:Creating environment descriptor '/home/johnbuntu/ar4_ros_driver/install/annin_ar4_description/share/annin_ar4_description/hook/cmake_prefix_path.dsv'
[0.397s] INFO:colcon.colcon_core.shell:Creating environment hook '/home/johnbuntu/ar4_ros_driver/install/annin_ar4_description/share/annin_ar4_description/hook/cmake_prefix_path.sh'
[0.398s] Level 1:colcon.colcon_core.environment:checking '/home/johnbuntu/ar4_ros_driver/install/annin_ar4_description/bin'
[0.398s] Level 1:colcon.colcon_core.environment:checking '/home/johnbuntu/ar4_ros_driver/install/annin_ar4_description/lib/pkgconfig/annin_ar4_description.pc'
[0.398s] Level 1:colcon.colcon_core.environment:checking '/home/johnbuntu/ar4_ros_driver/install/annin_ar4_description/lib/python3.10/site-packages'
[0.398s] Level 1:colcon.colcon_core.environment:checking '/home/johnbuntu/ar4_ros_driver/install/annin_ar4_description/bin'
[0.398s] INFO:colcon.colcon_core.shell:Creating package script '/home/johnbuntu/ar4_ros_driver/install/annin_ar4_description/share/annin_ar4_description/package.ps1'
[0.399s] INFO:colcon.colcon_core.shell:Creating package descriptor '/home/johnbuntu/ar4_ros_driver/install/annin_ar4_description/share/annin_ar4_description/package.dsv'
[0.400s] INFO:colcon.colcon_core.shell:Creating package script '/home/johnbuntu/ar4_ros_driver/install/annin_ar4_description/share/annin_ar4_description/package.sh'
[0.400s] INFO:colcon.colcon_core.shell:Creating package script '/home/johnbuntu/ar4_ros_driver/install/annin_ar4_description/share/annin_ar4_description/package.bash'
[0.401s] INFO:colcon.colcon_core.shell:Creating package script '/home/johnbuntu/ar4_ros_driver/install/annin_ar4_description/share/annin_ar4_description/package.zsh'
[0.402s] Level 1:colcon.colcon_core.environment:create_file_with_runtime_dependencies(/home/johnbuntu/ar4_ros_driver/install/annin_ar4_description/share/colcon-core/packages/annin_ar4_description)
[0.403s] Level 1:colcon.colcon_core.environment:create_environment_scripts_only(annin_ar4_description)
[0.403s] Level 1:colcon.colcon_core.environment:checking '/home/johnbuntu/ar4_ros_driver/install/annin_ar4_description' for CMake module files
[0.403s] Level 1:colcon.colcon_core.environment:checking '/home/johnbuntu/ar4_ros_driver/install/annin_ar4_description' for CMake config files
[0.403s] Level 1:colcon.colcon_core.shell:create_environment_hook('annin_ar4_description', 'cmake_prefix_path')
[0.404s] INFO:colcon.colcon_core.shell:Creating environment hook '/home/johnbuntu/ar4_ros_driver/install/annin_ar4_description/share/annin_ar4_description/hook/cmake_prefix_path.ps1'
[0.404s] INFO:colcon.colcon_core.shell:Creating environment descriptor '/home/johnbuntu/ar4_ros_driver/install/annin_ar4_description/share/annin_ar4_description/hook/cmake_prefix_path.dsv'
[0.404s] INFO:colcon.colcon_core.shell:Creating environment hook '/home/johnbuntu/ar4_ros_driver/install/annin_ar4_description/share/annin_ar4_description/hook/cmake_prefix_path.sh'
[0.405s] Level 1:colcon.colcon_core.environment:checking '/home/johnbuntu/ar4_ros_driver/install/annin_ar4_description/bin'
[0.405s] Level 1:colcon.colcon_core.environment:checking '/home/johnbuntu/ar4_ros_driver/install/annin_ar4_description/lib/pkgconfig/annin_ar4_description.pc'
[0.405s] Level 1:colcon.colcon_core.environment:checking '/home/johnbuntu/ar4_ros_driver/install/annin_ar4_description/lib/python3.10/site-packages'
[0.405s] Level 1:colcon.colcon_core.environment:checking '/home/johnbuntu/ar4_ros_driver/install/annin_ar4_description/bin'
[0.405s] INFO:colcon.colcon_core.shell:Creating package script '/home/johnbuntu/ar4_ros_driver/install/annin_ar4_description/share/annin_ar4_description/package.ps1'
[0.406s] INFO:colcon.colcon_core.shell:Creating package descriptor '/home/johnbuntu/ar4_ros_driver/install/annin_ar4_description/share/annin_ar4_description/package.dsv'
[0.406s] INFO:colcon.colcon_core.shell:Creating package script '/home/johnbuntu/ar4_ros_driver/install/annin_ar4_description/share/annin_ar4_description/package.sh'
[0.407s] INFO:colcon.colcon_core.shell:Creating package script '/home/johnbuntu/ar4_ros_driver/install/annin_ar4_description/share/annin_ar4_description/package.bash'
[0.407s] INFO:colcon.colcon_core.shell:Creating package script '/home/johnbuntu/ar4_ros_driver/install/annin_ar4_description/share/annin_ar4_description/package.zsh'
[0.408s] Level 1:colcon.colcon_core.environment:create_file_with_runtime_dependencies(/home/johnbuntu/ar4_ros_driver/install/annin_ar4_description/share/colcon-core/packages/annin_ar4_description)
[0.408s] INFO:colcon.colcon_ros.task.ament_cmake.build:Building ROS package in '/home/johnbuntu/ar4_ros_driver/annin_ar4_driver' with build type 'ament_cmake'
[0.408s] INFO:colcon.colcon_cmake.task.cmake.build:Building CMake package in '/home/johnbuntu/ar4_ros_driver/annin_ar4_driver'
[0.408s] INFO:colcon.colcon_core.shell:Skip shell extension 'powershell' for command environment: Not usable outside of PowerShell
[0.408s] DEBUG:colcon.colcon_core.shell:Skip shell extension 'dsv' for command environment
[0.412s] INFO:colcon.colcon_ros.task.ament_cmake.build:Building ROS package in '/home/johnbuntu/ar4_ros_driver/annin_ar4_moveit_config' with build type 'ament_cmake'
[0.412s] INFO:colcon.colcon_cmake.task.cmake.build:Building CMake package in '/home/johnbuntu/ar4_ros_driver/annin_ar4_moveit_config'
[0.412s] INFO:colcon.colcon_core.shell:Skip shell extension 'powershell' for command environment: Not usable outside of PowerShell
[0.412s] DEBUG:colcon.colcon_core.shell:Skip shell extension 'dsv' for command environment
[0.417s] INFO:colcon.colcon_ros.task.ament_cmake.build:Building ROS package in '/home/johnbuntu/ar4_ros_driver/gorm_arm' with build type 'ament_cmake'
[0.417s] INFO:colcon.colcon_cmake.task.cmake.build:Building CMake package in '/home/johnbuntu/ar4_ros_driver/gorm_arm'
[0.417s] INFO:colcon.colcon_core.shell:Skip shell extension 'powershell' for command environment: Not usable outside of PowerShell
[0.417s] DEBUG:colcon.colcon_core.shell:Skip shell extension 'dsv' for command environment
[0.429s] DEBUG:colcon.colcon_core.event_handler.log_command:Invoking command in '/home/johnbuntu/ar4_ros_driver/build/annin_ar4_driver': CMAKE_PREFIX_PATH=/home/johnbuntu/ar4_ros_driver/install/annin_ar4_description:/home/johnbuntu/ar4_ros_driver/install/moveit_servo:/home/johnbuntu/ar4_ros_driver/install/gorm_arm:/home/johnbuntu/ar4_ros_driver/install/annin_ar4_moveit_config:/home/johnbuntu/ar4_ros_driver/install/annin_ar4_gazebo:/home/johnbuntu/ar4_ros_driver/install/annin_ar4_driver:/opt/ros/humble /usr/bin/cmake --build /home/johnbuntu/ar4_ros_driver/build/annin_ar4_driver -- -j8 -l8
[0.433s] DEBUG:colcon.colcon_core.event_handler.log_command:Invoking command in '/home/johnbuntu/ar4_ros_driver/build/annin_ar4_moveit_config': CMAKE_PREFIX_PATH=/home/johnbuntu/ar4_ros_driver/install/annin_ar4_description:/home/johnbuntu/ar4_ros_driver/install/moveit_servo:/home/johnbuntu/ar4_ros_driver/install/gorm_arm:/home/johnbuntu/ar4_ros_driver/install/annin_ar4_moveit_config:/home/johnbuntu/ar4_ros_driver/install/annin_ar4_gazebo:/home/johnbuntu/ar4_ros_driver/install/annin_ar4_driver:/opt/ros/humble /usr/bin/cmake --build /home/johnbuntu/ar4_ros_driver/build/annin_ar4_moveit_config -- -j8 -l8
[0.438s] DEBUG:colcon.colcon_core.event_handler.log_command:Invoking command in '/home/johnbuntu/ar4_ros_driver/build/gorm_arm': CMAKE_PREFIX_PATH=/home/johnbuntu/ar4_ros_driver/install/annin_ar4_description:/home/johnbuntu/ar4_ros_driver/install/moveit_servo:/home/johnbuntu/ar4_ros_driver/install/gorm_arm:/home/johnbuntu/ar4_ros_driver/install/annin_ar4_moveit_config:/home/johnbuntu/ar4_ros_driver/install/annin_ar4_gazebo:/home/johnbuntu/ar4_ros_driver/install/annin_ar4_driver:/opt/ros/humble /usr/bin/cmake --build /home/johnbuntu/ar4_ros_driver/build/gorm_arm -- -j8 -l8
[0.476s] DEBUG:colcon.colcon_core.event_handler.log_command:Invoked command in '/home/johnbuntu/ar4_ros_driver/build/annin_ar4_moveit_config' returned '0': CMAKE_PREFIX_PATH=/home/johnbuntu/ar4_ros_driver/install/annin_ar4_description:/home/johnbuntu/ar4_ros_driver/install/moveit_servo:/home/johnbuntu/ar4_ros_driver/install/gorm_arm:/home/johnbuntu/ar4_ros_driver/install/annin_ar4_moveit_config:/home/johnbuntu/ar4_ros_driver/install/annin_ar4_gazebo:/home/johnbuntu/ar4_ros_driver/install/annin_ar4_driver:/opt/ros/humble /usr/bin/cmake --build /home/johnbuntu/ar4_ros_driver/build/annin_ar4_moveit_config -- -j8 -l8
[0.478s] DEBUG:colcon.colcon_core.event_handler.log_command:Invoking command in '/home/johnbuntu/ar4_ros_driver/build/annin_ar4_moveit_config': CMAKE_PREFIX_PATH=/home/johnbuntu/ar4_ros_driver/install/annin_ar4_description:/home/johnbuntu/ar4_ros_driver/install/moveit_servo:/home/johnbuntu/ar4_ros_driver/install/gorm_arm:/home/johnbuntu/ar4_ros_driver/install/annin_ar4_moveit_config:/home/johnbuntu/ar4_ros_driver/install/annin_ar4_gazebo:/home/johnbuntu/ar4_ros_driver/install/annin_ar4_driver:/opt/ros/humble /usr/bin/cmake --install /home/johnbuntu/ar4_ros_driver/build/annin_ar4_moveit_config
[0.479s] DEBUG:colcon.colcon_core.event_handler.log_command:Invoked command in '/home/johnbuntu/ar4_ros_driver/build/gorm_arm' returned '0': CMAKE_PREFIX_PATH=/home/johnbuntu/ar4_ros_driver/install/annin_ar4_description:/home/johnbuntu/ar4_ros_driver/install/moveit_servo:/home/johnbuntu/ar4_ros_driver/install/gorm_arm:/home/johnbuntu/ar4_ros_driver/install/annin_ar4_moveit_config:/home/johnbuntu/ar4_ros_driver/install/annin_ar4_gazebo:/home/johnbuntu/ar4_ros_driver/install/annin_ar4_driver:/opt/ros/humble /usr/bin/cmake --build /home/johnbuntu/ar4_ros_driver/build/gorm_arm -- -j8 -l8
[0.482s] DEBUG:colcon.colcon_core.event_handler.log_command:Invoking command in '/home/johnbuntu/ar4_ros_driver/build/gorm_arm': CMAKE_PREFIX_PATH=/home/johnbuntu/ar4_ros_driver/install/annin_ar4_description:/home/johnbuntu/ar4_ros_driver/install/moveit_servo:/home/johnbuntu/ar4_ros_driver/install/gorm_arm:/home/johnbuntu/ar4_ros_driver/install/annin_ar4_moveit_config:/home/johnbuntu/ar4_ros_driver/install/annin_ar4_gazebo:/home/johnbuntu/ar4_ros_driver/install/annin_ar4_driver:/opt/ros/humble /usr/bin/cmake --install /home/johnbuntu/ar4_ros_driver/build/gorm_arm
[0.489s] Level 1:colcon.colcon_core.environment:create_environment_scripts_only(annin_ar4_moveit_config)
[0.492s] Level 1:colcon.colcon_core.environment:checking '/home/johnbuntu/ar4_ros_driver/install/annin_ar4_moveit_config' for CMake module files
[0.493s] Level 1:colcon.colcon_core.environment:checking '/home/johnbuntu/ar4_ros_driver/install/annin_ar4_moveit_config' for CMake config files
[0.491s] DEBUG:colcon.colcon_core.event_handler.log_command:Invoked command in '/home/johnbuntu/ar4_ros_driver/build/annin_ar4_moveit_config' returned '0': CMAKE_PREFIX_PATH=/home/johnbuntu/ar4_ros_driver/install/annin_ar4_description:/home/johnbuntu/ar4_ros_driver/install/moveit_servo:/home/johnbuntu/ar4_ros_driver/install/gorm_arm:/home/johnbuntu/ar4_ros_driver/install/annin_ar4_moveit_config:/home/johnbuntu/ar4_ros_driver/install/annin_ar4_gazebo:/home/johnbuntu/ar4_ros_driver/install/annin_ar4_driver:/opt/ros/humble /usr/bin/cmake --install /home/johnbuntu/ar4_ros_driver/build/annin_ar4_moveit_config
[0.495s] Level 1:colcon.colcon_core.shell:create_environment_hook('annin_ar4_moveit_config', 'cmake_prefix_path')
[0.496s] INFO:colcon.colcon_core.shell:Creating environment hook '/home/johnbuntu/ar4_ros_driver/install/annin_ar4_moveit_config/share/annin_ar4_moveit_config/hook/cmake_prefix_path.ps1'
[0.496s] INFO:colcon.colcon_core.shell:Creating environment descriptor '/home/johnbuntu/ar4_ros_driver/install/annin_ar4_moveit_config/share/annin_ar4_moveit_config/hook/cmake_prefix_path.dsv'
[0.497s] INFO:colcon.colcon_core.shell:Creating environment hook '/home/johnbuntu/ar4_ros_driver/install/annin_ar4_moveit_config/share/annin_ar4_moveit_config/hook/cmake_prefix_path.sh'
[0.497s] Level 1:colcon.colcon_core.environment:checking '/home/johnbuntu/ar4_ros_driver/install/annin_ar4_moveit_config/bin'
[0.498s] Level 1:colcon.colcon_core.environment:checking '/home/johnbuntu/ar4_ros_driver/install/annin_ar4_moveit_config/lib/pkgconfig/annin_ar4_moveit_config.pc'
[0.498s] Level 1:colcon.colcon_core.environment:checking '/home/johnbuntu/ar4_ros_driver/install/annin_ar4_moveit_config/lib/python3.10/site-packages'
[0.498s] Level 1:colcon.colcon_core.environment:checking '/home/johnbuntu/ar4_ros_driver/install/annin_ar4_moveit_config/bin'
[0.499s] INFO:colcon.colcon_core.shell:Creating package script '/home/johnbuntu/ar4_ros_driver/install/annin_ar4_moveit_config/share/annin_ar4_moveit_config/package.ps1'
[0.500s] INFO:colcon.colcon_core.shell:Creating package descriptor '/home/johnbuntu/ar4_ros_driver/install/annin_ar4_moveit_config/share/annin_ar4_moveit_config/package.dsv'
[0.500s] INFO:colcon.colcon_core.shell:Creating package script '/home/johnbuntu/ar4_ros_driver/install/annin_ar4_moveit_config/share/annin_ar4_moveit_config/package.sh'
[0.501s] INFO:colcon.colcon_core.shell:Creating package script '/home/johnbuntu/ar4_ros_driver/install/annin_ar4_moveit_config/share/annin_ar4_moveit_config/package.bash'
[0.501s] INFO:colcon.colcon_core.shell:Creating package script '/home/johnbuntu/ar4_ros_driver/install/annin_ar4_moveit_config/share/annin_ar4_moveit_config/package.zsh'
[0.502s] Level 1:colcon.colcon_core.environment:create_file_with_runtime_dependencies(/home/johnbuntu/ar4_ros_driver/install/annin_ar4_moveit_config/share/colcon-core/packages/annin_ar4_moveit_config)
[0.503s] Level 1:colcon.colcon_core.environment:create_environment_scripts_only(annin_ar4_moveit_config)
[0.503s] Level 1:colcon.colcon_core.environment:checking '/home/johnbuntu/ar4_ros_driver/install/annin_ar4_moveit_config' for CMake module files
[0.504s] Level 1:colcon.colcon_core.environment:checking '/home/johnbuntu/ar4_ros_driver/install/annin_ar4_moveit_config' for CMake config files
[0.504s] Level 1:colcon.colcon_core.shell:create_environment_hook('annin_ar4_moveit_config', 'cmake_prefix_path')
[0.504s] INFO:colcon.colcon_core.shell:Creating environment hook '/home/johnbuntu/ar4_ros_driver/install/annin_ar4_moveit_config/share/annin_ar4_moveit_config/hook/cmake_prefix_path.ps1'
[0.505s] INFO:colcon.colcon_core.shell:Creating environment descriptor '/home/johnbuntu/ar4_ros_driver/install/annin_ar4_moveit_config/share/annin_ar4_moveit_config/hook/cmake_prefix_path.dsv'
[0.505s] INFO:colcon.colcon_core.shell:Creating environment hook '/home/johnbuntu/ar4_ros_driver/install/annin_ar4_moveit_config/share/annin_ar4_moveit_config/hook/cmake_prefix_path.sh'
[0.506s] Level 1:colcon.colcon_core.environment:checking '/home/johnbuntu/ar4_ros_driver/install/annin_ar4_moveit_config/bin'
[0.506s] Level 1:colcon.colcon_core.environment:checking '/home/johnbuntu/ar4_ros_driver/install/annin_ar4_moveit_config/lib/pkgconfig/annin_ar4_moveit_config.pc'
[0.506s] Level 1:colcon.colcon_core.environment:checking '/home/johnbuntu/ar4_ros_driver/install/annin_ar4_moveit_config/lib/python3.10/site-packages'
[0.506s] Level 1:colcon.colcon_core.environment:checking '/home/johnbuntu/ar4_ros_driver/install/annin_ar4_moveit_config/bin'
[0.507s] INFO:colcon.colcon_core.shell:Creating package script '/home/johnbuntu/ar4_ros_driver/install/annin_ar4_moveit_config/share/annin_ar4_moveit_config/package.ps1'
[0.507s] INFO:colcon.colcon_core.shell:Creating package descriptor '/home/johnbuntu/ar4_ros_driver/install/annin_ar4_moveit_config/share/annin_ar4_moveit_config/package.dsv'
[0.508s] INFO:colcon.colcon_core.shell:Creating package script '/home/johnbuntu/ar4_ros_driver/install/annin_ar4_moveit_config/share/annin_ar4_moveit_config/package.sh'
[0.508s] INFO:colcon.colcon_core.shell:Creating package script '/home/johnbuntu/ar4_ros_driver/install/annin_ar4_moveit_config/share/annin_ar4_moveit_config/package.bash'
[0.509s] INFO:colcon.colcon_core.shell:Creating package script '/home/johnbuntu/ar4_ros_driver/install/annin_ar4_moveit_config/share/annin_ar4_moveit_config/package.zsh'
[0.509s] Level 1:colcon.colcon_core.environment:create_file_with_runtime_dependencies(/home/johnbuntu/ar4_ros_driver/install/annin_ar4_moveit_config/share/colcon-core/packages/annin_ar4_moveit_config)
[0.510s] Level 1:colcon.colcon_core.environment:create_environment_scripts_only(gorm_arm)
[0.511s] Level 1:colcon.colcon_core.environment:checking '/home/johnbuntu/ar4_ros_driver/install/gorm_arm' for CMake module files
[0.512s] DEBUG:colcon.colcon_core.event_handler.log_command:Invoked command in '/home/johnbuntu/ar4_ros_driver/build/gorm_arm' returned '0': CMAKE_PREFIX_PATH=/home/johnbuntu/ar4_ros_driver/install/annin_ar4_description:/home/johnbuntu/ar4_ros_driver/install/moveit_servo:/home/johnbuntu/ar4_ros_driver/install/gorm_arm:/home/johnbuntu/ar4_ros_driver/install/annin_ar4_moveit_config:/home/johnbuntu/ar4_ros_driver/install/annin_ar4_gazebo:/home/johnbuntu/ar4_ros_driver/install/annin_ar4_driver:/opt/ros/humble /usr/bin/cmake --install /home/johnbuntu/ar4_ros_driver/build/gorm_arm
[0.512s] Level 1:colcon.colcon_core.environment:checking '/home/johnbuntu/ar4_ros_driver/install/gorm_arm' for CMake config files
[0.512s] Level 1:colcon.colcon_core.shell:create_environment_hook('gorm_arm', 'cmake_prefix_path')
[0.513s] INFO:colcon.colcon_core.shell:Creating environment hook '/home/johnbuntu/ar4_ros_driver/install/gorm_arm/share/gorm_arm/hook/cmake_prefix_path.ps1'
[0.513s] INFO:colcon.colcon_core.shell:Creating environment descriptor '/home/johnbuntu/ar4_ros_driver/install/gorm_arm/share/gorm_arm/hook/cmake_prefix_path.dsv'
[0.514s] INFO:colcon.colcon_core.shell:Creating environment hook '/home/johnbuntu/ar4_ros_driver/install/gorm_arm/share/gorm_arm/hook/cmake_prefix_path.sh'
[0.515s] Level 1:colcon.colcon_core.environment:checking '/home/johnbuntu/ar4_ros_driver/install/gorm_arm/bin'
[0.515s] Level 1:colcon.colcon_core.environment:checking '/home/johnbuntu/ar4_ros_driver/install/gorm_arm/lib/pkgconfig/gorm_arm.pc'
[0.515s] Level 1:colcon.colcon_core.environment:checking '/home/johnbuntu/ar4_ros_driver/install/gorm_arm/lib/python3.10/site-packages'
[0.515s] Level 1:colcon.colcon_core.environment:checking '/home/johnbuntu/ar4_ros_driver/install/gorm_arm/bin'
[0.516s] INFO:colcon.colcon_core.shell:Creating package script '/home/johnbuntu/ar4_ros_driver/install/gorm_arm/share/gorm_arm/package.ps1'
[0.517s] INFO:colcon.colcon_core.shell:Creating package descriptor '/home/johnbuntu/ar4_ros_driver/install/gorm_arm/share/gorm_arm/package.dsv'
[0.517s] INFO:colcon.colcon_core.shell:Creating package script '/home/johnbuntu/ar4_ros_driver/install/gorm_arm/share/gorm_arm/package.sh'
[0.518s] INFO:colcon.colcon_core.shell:Creating package script '/home/johnbuntu/ar4_ros_driver/install/gorm_arm/share/gorm_arm/package.bash'
[0.518s] INFO:colcon.colcon_core.shell:Creating package script '/home/johnbuntu/ar4_ros_driver/install/gorm_arm/share/gorm_arm/package.zsh'
[0.519s] Level 1:colcon.colcon_core.environment:create_file_with_runtime_dependencies(/home/johnbuntu/ar4_ros_driver/install/gorm_arm/share/colcon-core/packages/gorm_arm)
[0.519s] Level 1:colcon.colcon_core.environment:create_environment_scripts_only(gorm_arm)
[0.519s] Level 1:colcon.colcon_core.environment:checking '/home/johnbuntu/ar4_ros_driver/install/gorm_arm' for CMake module files
[0.520s] Level 1:colcon.colcon_core.environment:checking '/home/johnbuntu/ar4_ros_driver/install/gorm_arm' for CMake config files
[0.520s] Level 1:colcon.colcon_core.shell:create_environment_hook('gorm_arm', 'cmake_prefix_path')
[0.520s] INFO:colcon.colcon_core.shell:Creating environment hook '/home/johnbuntu/ar4_ros_driver/install/gorm_arm/share/gorm_arm/hook/cmake_prefix_path.ps1'
[0.520s] INFO:colcon.colcon_core.shell:Creating environment descriptor '/home/johnbuntu/ar4_ros_driver/install/gorm_arm/share/gorm_arm/hook/cmake_prefix_path.dsv'
[0.521s] INFO:colcon.colcon_core.shell:Creating environment hook '/home/johnbuntu/ar4_ros_driver/install/gorm_arm/share/gorm_arm/hook/cmake_prefix_path.sh'
[0.522s] Level 1:colcon.colcon_core.environment:checking '/home/johnbuntu/ar4_ros_driver/install/gorm_arm/bin'
[0.522s] Level 1:colcon.colcon_core.environment:checking '/home/johnbuntu/ar4_ros_driver/install/gorm_arm/lib/pkgconfig/gorm_arm.pc'
[0.522s] Level 1:colcon.colcon_core.environment:checking '/home/johnbuntu/ar4_ros_driver/install/gorm_arm/lib/python3.10/site-packages'
[0.522s] Level 1:colcon.colcon_core.environment:checking '/home/johnbuntu/ar4_ros_driver/install/gorm_arm/bin'
[0.523s] INFO:colcon.colcon_core.shell:Creating package script '/home/johnbuntu/ar4_ros_driver/install/gorm_arm/share/gorm_arm/package.ps1'
[0.524s] INFO:colcon.colcon_core.shell:Creating package descriptor '/home/johnbuntu/ar4_ros_driver/install/gorm_arm/share/gorm_arm/package.dsv'
[0.525s] INFO:colcon.colcon_core.shell:Creating package script '/home/johnbuntu/ar4_ros_driver/install/gorm_arm/share/gorm_arm/package.sh'
[0.526s] INFO:colcon.colcon_core.shell:Creating package script '/home/johnbuntu/ar4_ros_driver/install/gorm_arm/share/gorm_arm/package.bash'
[0.527s] INFO:colcon.colcon_core.shell:Creating package script '/home/johnbuntu/ar4_ros_driver/install/gorm_arm/share/gorm_arm/package.zsh'
[0.527s] Level 1:colcon.colcon_core.environment:create_file_with_runtime_dependencies(/home/johnbuntu/ar4_ros_driver/install/gorm_arm/share/colcon-core/packages/gorm_arm)
[0.552s] DEBUG:colcon.colcon_core.event_handler.log_command:Invoked command in '/home/johnbuntu/ar4_ros_driver/build/moveit_servo' returned '0': CMAKE_PREFIX_PATH=${CMAKE_PREFIX_PATH}:/opt/ros/humble /usr/bin/cmake --build /home/johnbuntu/ar4_ros_driver/build/moveit_servo -- -j8 -l8
[0.554s] DEBUG:colcon.colcon_core.event_handler.log_command:Invoking command in '/home/johnbuntu/ar4_ros_driver/build/moveit_servo': CMAKE_PREFIX_PATH=${CMAKE_PREFIX_PATH}:/opt/ros/humble /usr/bin/cmake --install /home/johnbuntu/ar4_ros_driver/build/moveit_servo
[0.562s] DEBUG:colcon.colcon_core.event_handler.log_command:Invoked command in '/home/johnbuntu/ar4_ros_driver/build/annin_ar4_driver' returned '0': CMAKE_PREFIX_PATH=/home/johnbuntu/ar4_ros_driver/install/annin_ar4_description:/home/johnbuntu/ar4_ros_driver/install/moveit_servo:/home/johnbuntu/ar4_ros_driver/install/gorm_arm:/home/johnbuntu/ar4_ros_driver/install/annin_ar4_moveit_config:/home/johnbuntu/ar4_ros_driver/install/annin_ar4_gazebo:/home/johnbuntu/ar4_ros_driver/install/annin_ar4_driver:/opt/ros/humble /usr/bin/cmake --build /home/johnbuntu/ar4_ros_driver/build/annin_ar4_driver -- -j8 -l8
[0.566s] DEBUG:colcon.colcon_core.event_handler.log_command:Invoking command in '/home/johnbuntu/ar4_ros_driver/build/annin_ar4_driver': CMAKE_PREFIX_PATH=/home/johnbuntu/ar4_ros_driver/install/annin_ar4_description:/home/johnbuntu/ar4_ros_driver/install/moveit_servo:/home/johnbuntu/ar4_ros_driver/install/gorm_arm:/home/johnbuntu/ar4_ros_driver/install/annin_ar4_moveit_config:/home/johnbuntu/ar4_ros_driver/install/annin_ar4_gazebo:/home/johnbuntu/ar4_ros_driver/install/annin_ar4_driver:/opt/ros/humble /usr/bin/cmake --install /home/johnbuntu/ar4_ros_driver/build/annin_ar4_driver
[0.566s] Level 1:colcon.colcon_core.environment:create_environment_scripts_only(moveit_servo)
[0.566s] Level 1:colcon.colcon_core.environment:checking '/home/johnbuntu/ar4_ros_driver/install/moveit_servo' for CMake module files
[0.567s] DEBUG:colcon.colcon_core.event_handler.log_command:Invoked command in '/home/johnbuntu/ar4_ros_driver/build/moveit_servo' returned '0': CMAKE_PREFIX_PATH=${CMAKE_PREFIX_PATH}:/opt/ros/humble /usr/bin/cmake --install /home/johnbuntu/ar4_ros_driver/build/moveit_servo
[0.567s] Level 1:colcon.colcon_core.environment:checking '/home/johnbuntu/ar4_ros_driver/install/moveit_servo' for CMake config files
[0.567s] Level 1:colcon.colcon_core.shell:create_environment_hook('moveit_servo', 'cmake_prefix_path')
[0.567s] INFO:colcon.colcon_core.shell:Creating environment hook '/home/johnbuntu/ar4_ros_driver/install/moveit_servo/share/moveit_servo/hook/cmake_prefix_path.ps1'
[0.568s] INFO:colcon.colcon_core.shell:Creating environment descriptor '/home/johnbuntu/ar4_ros_driver/install/moveit_servo/share/moveit_servo/hook/cmake_prefix_path.dsv'
[0.568s] INFO:colcon.colcon_core.shell:Creating environment hook '/home/johnbuntu/ar4_ros_driver/install/moveit_servo/share/moveit_servo/hook/cmake_prefix_path.sh'
[0.569s] Level 1:colcon.colcon_core.environment:checking '/home/johnbuntu/ar4_ros_driver/install/moveit_servo/lib'
[0.569s] Level 1:colcon.colcon_core.shell:create_environment_hook('moveit_servo', 'ld_library_path_lib')
[0.569s] INFO:colcon.colcon_core.shell:Creating environment hook '/home/johnbuntu/ar4_ros_driver/install/moveit_servo/share/moveit_servo/hook/ld_library_path_lib.ps1'
[0.569s] INFO:colcon.colcon_core.shell:Creating environment descriptor '/home/johnbuntu/ar4_ros_driver/install/moveit_servo/share/moveit_servo/hook/ld_library_path_lib.dsv'
[0.570s] INFO:colcon.colcon_core.shell:Creating environment hook '/home/johnbuntu/ar4_ros_driver/install/moveit_servo/share/moveit_servo/hook/ld_library_path_lib.sh'
[0.570s] Level 1:colcon.colcon_core.environment:checking '/home/johnbuntu/ar4_ros_driver/install/moveit_servo/bin'
[0.570s] Level 1:colcon.colcon_core.environment:checking '/home/johnbuntu/ar4_ros_driver/install/moveit_servo/lib/pkgconfig/moveit_servo.pc'
[0.570s] Level 1:colcon.colcon_core.environment:checking '/home/johnbuntu/ar4_ros_driver/install/moveit_servo/lib/python3.10/site-packages'
[0.570s] Level 1:colcon.colcon_core.environment:checking '/home/johnbuntu/ar4_ros_driver/install/moveit_servo/bin'
[0.570s] INFO:colcon.colcon_core.shell:Creating package script '/home/johnbuntu/ar4_ros_driver/install/moveit_servo/share/moveit_servo/package.ps1'
[0.571s] INFO:colcon.colcon_core.shell:Creating package descriptor '/home/johnbuntu/ar4_ros_driver/install/moveit_servo/share/moveit_servo/package.dsv'
[0.571s] INFO:colcon.colcon_core.shell:Creating package script '/home/johnbuntu/ar4_ros_driver/install/moveit_servo/share/moveit_servo/package.sh'
[0.572s] INFO:colcon.colcon_core.shell:Creating package script '/home/johnbuntu/ar4_ros_driver/install/moveit_servo/share/moveit_servo/package.bash'
[0.575s] INFO:colcon.colcon_core.shell:Creating package script '/home/johnbuntu/ar4_ros_driver/install/moveit_servo/share/moveit_servo/package.zsh'
[0.575s] Level 1:colcon.colcon_core.environment:create_file_with_runtime_dependencies(/home/johnbuntu/ar4_ros_driver/install/moveit_servo/share/colcon-core/packages/moveit_servo)
[0.576s] Level 1:colcon.colcon_core.environment:create_environment_scripts_only(moveit_servo)
[0.576s] Level 1:colcon.colcon_core.environment:checking '/home/johnbuntu/ar4_ros_driver/install/moveit_servo' for CMake module files
[0.577s] Level 1:colcon.colcon_core.environment:checking '/home/johnbuntu/ar4_ros_driver/install/moveit_servo' for CMake config files
[0.577s] Level 1:colcon.colcon_core.shell:create_environment_hook('moveit_servo', 'cmake_prefix_path')
[0.577s] INFO:colcon.colcon_core.shell:Creating environment hook '/home/johnbuntu/ar4_ros_driver/install/moveit_servo/share/moveit_servo/hook/cmake_prefix_path.ps1'
[0.578s] INFO:colcon.colcon_core.shell:Creating environment descriptor '/home/johnbuntu/ar4_ros_driver/install/moveit_servo/share/moveit_servo/hook/cmake_prefix_path.dsv'
[0.578s] INFO:colcon.colcon_core.shell:Creating environment hook '/home/johnbuntu/ar4_ros_driver/install/moveit_servo/share/moveit_servo/hook/cmake_prefix_path.sh'
[0.579s] Level 1:colcon.colcon_core.environment:checking '/home/johnbuntu/ar4_ros_driver/install/moveit_servo/lib'
[0.579s] Level 1:colcon.colcon_core.shell:create_environment_hook('moveit_servo', 'ld_library_path_lib')
[0.579s] INFO:colcon.colcon_core.shell:Creating environment hook '/home/johnbuntu/ar4_ros_driver/install/moveit_servo/share/moveit_servo/hook/ld_library_path_lib.ps1'
[0.579s] INFO:colcon.colcon_core.shell:Creating environment descriptor '/home/johnbuntu/ar4_ros_driver/install/moveit_servo/share/moveit_servo/hook/ld_library_path_lib.dsv'
[0.580s] INFO:colcon.colcon_core.shell:Creating environment hook '/home/johnbuntu/ar4_ros_driver/install/moveit_servo/share/moveit_servo/hook/ld_library_path_lib.sh'
[0.580s] Level 1:colcon.colcon_core.environment:checking '/home/johnbuntu/ar4_ros_driver/install/moveit_servo/bin'
[0.580s] Level 1:colcon.colcon_core.environment:checking '/home/johnbuntu/ar4_ros_driver/install/moveit_servo/lib/pkgconfig/moveit_servo.pc'
[0.581s] Level 1:colcon.colcon_core.environment:checking '/home/johnbuntu/ar4_ros_driver/install/moveit_servo/lib/python3.10/site-packages'
[0.581s] Level 1:colcon.colcon_core.environment:checking '/home/johnbuntu/ar4_ros_driver/install/moveit_servo/bin'
[0.581s] INFO:colcon.colcon_core.shell:Creating package script '/home/johnbuntu/ar4_ros_driver/install/moveit_servo/share/moveit_servo/package.ps1'
[0.582s] INFO:colcon.colcon_core.shell:Creating package descriptor '/home/johnbuntu/ar4_ros_driver/install/moveit_servo/share/moveit_servo/package.dsv'
[0.582s] INFO:colcon.colcon_core.shell:Creating package script '/home/johnbuntu/ar4_ros_driver/install/moveit_servo/share/moveit_servo/package.sh'
[0.583s] INFO:colcon.colcon_core.shell:Creating package script '/home/johnbuntu/ar4_ros_driver/install/moveit_servo/share/moveit_servo/package.bash'
[0.583s] INFO:colcon.colcon_core.shell:Creating package script '/home/johnbuntu/ar4_ros_driver/install/moveit_servo/share/moveit_servo/package.zsh'
[0.584s] Level 1:colcon.colcon_core.environment:create_file_with_runtime_dependencies(/home/johnbuntu/ar4_ros_driver/install/moveit_servo/share/colcon-core/packages/moveit_servo)
[0.585s] Level 1:colcon.colcon_core.environment:create_environment_scripts_only(annin_ar4_driver)
[0.585s] Level 1:colcon.colcon_core.environment:checking '/home/johnbuntu/ar4_ros_driver/install/annin_ar4_driver' for CMake module files
[0.586s] DEBUG:colcon.colcon_core.event_handler.log_command:Invoked command in '/home/johnbuntu/ar4_ros_driver/build/annin_ar4_driver' returned '0': CMAKE_PREFIX_PATH=/home/johnbuntu/ar4_ros_driver/install/annin_ar4_description:/home/johnbuntu/ar4_ros_driver/install/moveit_servo:/home/johnbuntu/ar4_ros_driver/install/gorm_arm:/home/johnbuntu/ar4_ros_driver/install/annin_ar4_moveit_config:/home/johnbuntu/ar4_ros_driver/install/annin_ar4_gazebo:/home/johnbuntu/ar4_ros_driver/install/annin_ar4_driver:/opt/ros/humble /usr/bin/cmake --install /home/johnbuntu/ar4_ros_driver/build/annin_ar4_driver
[0.586s] Level 1:colcon.colcon_core.environment:checking '/home/johnbuntu/ar4_ros_driver/install/annin_ar4_driver' for CMake config files
[0.587s] Level 1:colcon.colcon_core.shell:create_environment_hook('annin_ar4_driver', 'cmake_prefix_path')
[0.587s] INFO:colcon.colcon_core.shell:Creating environment hook '/home/johnbuntu/ar4_ros_driver/install/annin_ar4_driver/share/annin_ar4_driver/hook/cmake_prefix_path.ps1'
[0.587s] INFO:colcon.colcon_core.shell:Creating environment descriptor '/home/johnbuntu/ar4_ros_driver/install/annin_ar4_driver/share/annin_ar4_driver/hook/cmake_prefix_path.dsv'
[0.588s] INFO:colcon.colcon_core.shell:Creating environment hook '/home/johnbuntu/ar4_ros_driver/install/annin_ar4_driver/share/annin_ar4_driver/hook/cmake_prefix_path.sh'
[0.588s] Level 1:colcon.colcon_core.environment:checking '/home/johnbuntu/ar4_ros_driver/install/annin_ar4_driver/lib'
[0.588s] Level 1:colcon.colcon_core.shell:create_environment_hook('annin_ar4_driver', 'ld_library_path_lib')
[0.589s] INFO:colcon.colcon_core.shell:Creating environment hook '/home/johnbuntu/ar4_ros_driver/install/annin_ar4_driver/share/annin_ar4_driver/hook/ld_library_path_lib.ps1'
[0.589s] INFO:colcon.colcon_core.shell:Creating environment descriptor '/home/johnbuntu/ar4_ros_driver/install/annin_ar4_driver/share/annin_ar4_driver/hook/ld_library_path_lib.dsv'
[0.589s] INFO:colcon.colcon_core.shell:Creating environment hook '/home/johnbuntu/ar4_ros_driver/install/annin_ar4_driver/share/annin_ar4_driver/hook/ld_library_path_lib.sh'
[0.590s] Level 1:colcon.colcon_core.environment:checking '/home/johnbuntu/ar4_ros_driver/install/annin_ar4_driver/bin'
[0.590s] Level 1:colcon.colcon_core.environment:checking '/home/johnbuntu/ar4_ros_driver/install/annin_ar4_driver/lib/pkgconfig/annin_ar4_driver.pc'
[0.590s] Level 1:colcon.colcon_core.environment:checking '/home/johnbuntu/ar4_ros_driver/install/annin_ar4_driver/lib/python3.10/site-packages'
[0.591s] Level 1:colcon.colcon_core.environment:checking '/home/johnbuntu/ar4_ros_driver/install/annin_ar4_driver/bin'
[0.591s] INFO:colcon.colcon_core.shell:Creating package script '/home/johnbuntu/ar4_ros_driver/install/annin_ar4_driver/share/annin_ar4_driver/package.ps1'
[0.591s] INFO:colcon.colcon_core.shell:Creating package descriptor '/home/johnbuntu/ar4_ros_driver/install/annin_ar4_driver/share/annin_ar4_driver/package.dsv'
[0.592s] INFO:colcon.colcon_core.shell:Creating package script '/home/johnbuntu/ar4_ros_driver/install/annin_ar4_driver/share/annin_ar4_driver/package.sh'
[0.592s] INFO:colcon.colcon_core.shell:Creating package script '/home/johnbuntu/ar4_ros_driver/install/annin_ar4_driver/share/annin_ar4_driver/package.bash'
[0.593s] INFO:colcon.colcon_core.shell:Creating package script '/home/johnbuntu/ar4_ros_driver/install/annin_ar4_driver/share/annin_ar4_driver/package.zsh'
[0.593s] Level 1:colcon.colcon_core.environment:create_file_with_runtime_dependencies(/home/johnbuntu/ar4_ros_driver/install/annin_ar4_driver/share/colcon-core/packages/annin_ar4_driver)
[0.594s] Level 1:colcon.colcon_core.environment:create_environment_scripts_only(annin_ar4_driver)
[0.594s] Level 1:colcon.colcon_core.environment:checking '/home/johnbuntu/ar4_ros_driver/install/annin_ar4_driver' for CMake module files
[0.595s] Level 1:colcon.colcon_core.environment:checking '/home/johnbuntu/ar4_ros_driver/install/annin_ar4_driver' for CMake config files
[0.595s] Level 1:colcon.colcon_core.shell:create_environment_hook('annin_ar4_driver', 'cmake_prefix_path')
[0.595s] INFO:colcon.colcon_core.shell:Creating environment hook '/home/johnbuntu/ar4_ros_driver/install/annin_ar4_driver/share/annin_ar4_driver/hook/cmake_prefix_path.ps1'
[0.595s] INFO:colcon.colcon_core.shell:Creating environment descriptor '/home/johnbuntu/ar4_ros_driver/install/annin_ar4_driver/share/annin_ar4_driver/hook/cmake_prefix_path.dsv'
[0.596s] INFO:colcon.colcon_core.shell:Creating environment hook '/home/johnbuntu/ar4_ros_driver/install/annin_ar4_driver/share/annin_ar4_driver/hook/cmake_prefix_path.sh'
[0.596s] Level 1:colcon.colcon_core.environment:checking '/home/johnbuntu/ar4_ros_driver/install/annin_ar4_driver/lib'
[0.596s] Level 1:colcon.colcon_core.shell:create_environment_hook('annin_ar4_driver', 'ld_library_path_lib')
[0.597s] INFO:colcon.colcon_core.shell:Creating environment hook '/home/johnbuntu/ar4_ros_driver/install/annin_ar4_driver/share/annin_ar4_driver/hook/ld_library_path_lib.ps1'
[0.597s] INFO:colcon.colcon_core.shell:Creating environment descriptor '/home/johnbuntu/ar4_ros_driver/install/annin_ar4_driver/share/annin_ar4_driver/hook/ld_library_path_lib.dsv'
[0.597s] INFO:colcon.colcon_core.shell:Creating environment hook '/home/johnbuntu/ar4_ros_driver/install/annin_ar4_driver/share/annin_ar4_driver/hook/ld_library_path_lib.sh'
[0.598s] Level 1:colcon.colcon_core.environment:checking '/home/johnbuntu/ar4_ros_driver/install/annin_ar4_driver/bin'
[0.598s] Level 1:colcon.colcon_core.environment:checking '/home/johnbuntu/ar4_ros_driver/install/annin_ar4_driver/lib/pkgconfig/annin_ar4_driver.pc'
[0.598s] Level 1:colcon.colcon_core.environment:checking '/home/johnbuntu/ar4_ros_driver/install/annin_ar4_driver/lib/python3.10/site-packages'
[0.598s] Level 1:colcon.colcon_core.environment:checking '/home/johnbuntu/ar4_ros_driver/install/annin_ar4_driver/bin'
[0.599s] INFO:colcon.colcon_core.shell:Creating package script '/home/johnbuntu/ar4_ros_driver/install/annin_ar4_driver/share/annin_ar4_driver/package.ps1'
[0.599s] INFO:colcon.colcon_core.shell:Creating package descriptor '/home/johnbuntu/ar4_ros_driver/install/annin_ar4_driver/share/annin_ar4_driver/package.dsv'
[0.600s] INFO:colcon.colcon_core.shell:Creating package script '/home/johnbuntu/ar4_ros_driver/install/annin_ar4_driver/share/annin_ar4_driver/package.sh'
[0.601s] INFO:colcon.colcon_core.shell:Creating package script '/home/johnbuntu/ar4_ros_driver/install/annin_ar4_driver/share/annin_ar4_driver/package.bash'
[0.601s] INFO:colcon.colcon_core.shell:Creating package script '/home/johnbuntu/ar4_ros_driver/install/annin_ar4_driver/share/annin_ar4_driver/package.zsh'
[0.602s] Level 1:colcon.colcon_core.environment:create_file_with_runtime_dependencies(/home/johnbuntu/ar4_ros_driver/install/annin_ar4_driver/share/colcon-core/packages/annin_ar4_driver)
[0.602s] INFO:colcon.colcon_ros.task.ament_cmake.build:Building ROS package in '/home/johnbuntu/ar4_ros_driver/annin_ar4_gazebo' with build type 'ament_cmake'
[0.602s] INFO:colcon.colcon_cmake.task.cmake.build:Building CMake package in '/home/johnbuntu/ar4_ros_driver/annin_ar4_gazebo'
[0.603s] INFO:colcon.colcon_core.shell:Skip shell extension 'powershell' for command environment: Not usable outside of PowerShell
[0.603s] DEBUG:colcon.colcon_core.shell:Skip shell extension 'dsv' for command environment
[0.613s] DEBUG:colcon.colcon_core.event_handler.log_command:Invoking command in '/home/johnbuntu/ar4_ros_driver/build/annin_ar4_gazebo': CMAKE_PREFIX_PATH=/home/johnbuntu/ar4_ros_driver/install/annin_ar4_driver:/home/johnbuntu/ar4_ros_driver/install/annin_ar4_description:/home/johnbuntu/ar4_ros_driver/install/moveit_servo:/home/johnbuntu/ar4_ros_driver/install/gorm_arm:/home/johnbuntu/ar4_ros_driver/install/annin_ar4_moveit_config:/home/johnbuntu/ar4_ros_driver/install/annin_ar4_gazebo:/opt/ros/humble LD_LIBRARY_PATH=/home/johnbuntu/ar4_ros_driver/install/annin_ar4_driver/lib:/home/johnbuntu/ar4_ros_driver/install/moveit_servo/lib:/opt/ros/humble/opt/rviz_ogre_vendor/lib:/opt/ros/humble/lib/x86_64-linux-gnu:/opt/ros/humble/lib /usr/bin/cmake --build /home/johnbuntu/ar4_ros_driver/build/annin_ar4_gazebo -- -j8 -l8
[0.651s] DEBUG:colcon.colcon_core.event_handler.log_command:Invoked command in '/home/johnbuntu/ar4_ros_driver/build/annin_ar4_gazebo' returned '0': CMAKE_PREFIX_PATH=/home/johnbuntu/ar4_ros_driver/install/annin_ar4_driver:/home/johnbuntu/ar4_ros_driver/install/annin_ar4_description:/home/johnbuntu/ar4_ros_driver/install/moveit_servo:/home/johnbuntu/ar4_ros_driver/install/gorm_arm:/home/johnbuntu/ar4_ros_driver/install/annin_ar4_moveit_config:/home/johnbuntu/ar4_ros_driver/install/annin_ar4_gazebo:/opt/ros/humble LD_LIBRARY_PATH=/home/johnbuntu/ar4_ros_driver/install/annin_ar4_driver/lib:/home/johnbuntu/ar4_ros_driver/install/moveit_servo/lib:/opt/ros/humble/opt/rviz_ogre_vendor/lib:/opt/ros/humble/lib/x86_64-linux-gnu:/opt/ros/humble/lib /usr/bin/cmake --build /home/johnbuntu/ar4_ros_driver/build/annin_ar4_gazebo -- -j8 -l8
[0.653s] DEBUG:colcon.colcon_core.event_handler.log_command:Invoking command in '/home/johnbuntu/ar4_ros_driver/build/annin_ar4_gazebo': CMAKE_PREFIX_PATH=/home/johnbuntu/ar4_ros_driver/install/annin_ar4_driver:/home/johnbuntu/ar4_ros_driver/install/annin_ar4_description:/home/johnbuntu/ar4_ros_driver/install/moveit_servo:/home/johnbuntu/ar4_ros_driver/install/gorm_arm:/home/johnbuntu/ar4_ros_driver/install/annin_ar4_moveit_config:/home/johnbuntu/ar4_ros_driver/install/annin_ar4_gazebo:/opt/ros/humble LD_LIBRARY_PATH=/home/johnbuntu/ar4_ros_driver/install/annin_ar4_driver/lib:/home/johnbuntu/ar4_ros_driver/install/moveit_servo/lib:/opt/ros/humble/opt/rviz_ogre_vendor/lib:/opt/ros/humble/lib/x86_64-linux-gnu:/opt/ros/humble/lib /usr/bin/cmake --install /home/johnbuntu/ar4_ros_driver/build/annin_ar4_gazebo
[0.661s] Level 1:colcon.colcon_core.environment:create_environment_scripts_only(annin_ar4_gazebo)
[0.662s] Level 1:colcon.colcon_core.environment:checking '/home/johnbuntu/ar4_ros_driver/install/annin_ar4_gazebo' for CMake module files
[0.662s] DEBUG:colcon.colcon_core.event_handler.log_command:Invoked command in '/home/johnbuntu/ar4_ros_driver/build/annin_ar4_gazebo' returned '0': CMAKE_PREFIX_PATH=/home/johnbuntu/ar4_ros_driver/install/annin_ar4_driver:/home/johnbuntu/ar4_ros_driver/install/annin_ar4_description:/home/johnbuntu/ar4_ros_driver/install/moveit_servo:/home/johnbuntu/ar4_ros_driver/install/gorm_arm:/home/johnbuntu/ar4_ros_driver/install/annin_ar4_moveit_config:/home/johnbuntu/ar4_ros_driver/install/annin_ar4_gazebo:/opt/ros/humble LD_LIBRARY_PATH=/home/johnbuntu/ar4_ros_driver/install/annin_ar4_driver/lib:/home/johnbuntu/ar4_ros_driver/install/moveit_servo/lib:/opt/ros/humble/opt/rviz_ogre_vendor/lib:/opt/ros/humble/lib/x86_64-linux-gnu:/opt/ros/humble/lib /usr/bin/cmake --install /home/johnbuntu/ar4_ros_driver/build/annin_ar4_gazebo
[0.663s] Level 1:colcon.colcon_core.environment:checking '/home/johnbuntu/ar4_ros_driver/install/annin_ar4_gazebo' for CMake config files
[0.663s] Level 1:colcon.colcon_core.shell:create_environment_hook('annin_ar4_gazebo', 'cmake_prefix_path')
[0.663s] INFO:colcon.colcon_core.shell:Creating environment hook '/home/johnbuntu/ar4_ros_driver/install/annin_ar4_gazebo/share/annin_ar4_gazebo/hook/cmake_prefix_path.ps1'
[0.664s] INFO:colcon.colcon_core.shell:Creating environment descriptor '/home/johnbuntu/ar4_ros_driver/install/annin_ar4_gazebo/share/annin_ar4_gazebo/hook/cmake_prefix_path.dsv'
[0.665s] INFO:colcon.colcon_core.shell:Creating environment hook '/home/johnbuntu/ar4_ros_driver/install/annin_ar4_gazebo/share/annin_ar4_gazebo/hook/cmake_prefix_path.sh'
[0.665s] Level 1:colcon.colcon_core.environment:checking '/home/johnbuntu/ar4_ros_driver/install/annin_ar4_gazebo/bin'
[0.665s] Level 1:colcon.colcon_core.environment:checking '/home/johnbuntu/ar4_ros_driver/install/annin_ar4_gazebo/lib/pkgconfig/annin_ar4_gazebo.pc'
[0.666s] Level 1:colcon.colcon_core.environment:checking '/home/johnbuntu/ar4_ros_driver/install/annin_ar4_gazebo/lib/python3.10/site-packages'
[0.666s] Level 1:colcon.colcon_core.environment:checking '/home/johnbuntu/ar4_ros_driver/install/annin_ar4_gazebo/bin'
[0.667s] INFO:colcon.colcon_core.shell:Creating package script '/home/johnbuntu/ar4_ros_driver/install/annin_ar4_gazebo/share/annin_ar4_gazebo/package.ps1'
[0.667s] INFO:colcon.colcon_core.shell:Creating package descriptor '/home/johnbuntu/ar4_ros_driver/install/annin_ar4_gazebo/share/annin_ar4_gazebo/package.dsv'
[0.668s] INFO:colcon.colcon_core.shell:Creating package script '/home/johnbuntu/ar4_ros_driver/install/annin_ar4_gazebo/share/annin_ar4_gazebo/package.sh'
[0.668s] INFO:colcon.colcon_core.shell:Creating package script '/home/johnbuntu/ar4_ros_driver/install/annin_ar4_gazebo/share/annin_ar4_gazebo/package.bash'
[0.668s] INFO:colcon.colcon_core.shell:Creating package script '/home/johnbuntu/ar4_ros_driver/install/annin_ar4_gazebo/share/annin_ar4_gazebo/package.zsh'
[0.669s] Level 1:colcon.colcon_core.environment:create_file_with_runtime_dependencies(/home/johnbuntu/ar4_ros_driver/install/annin_ar4_gazebo/share/colcon-core/packages/annin_ar4_gazebo)
[0.670s] Level 1:colcon.colcon_core.environment:create_environment_scripts_only(annin_ar4_gazebo)
[0.670s] Level 1:colcon.colcon_core.environment:checking '/home/johnbuntu/ar4_ros_driver/install/annin_ar4_gazebo' for CMake module files
[0.670s] Level 1:colcon.colcon_core.environment:checking '/home/johnbuntu/ar4_ros_driver/install/annin_ar4_gazebo' for CMake config files
[0.671s] Level 1:colcon.colcon_core.shell:create_environment_hook('annin_ar4_gazebo', 'cmake_prefix_path')
[0.671s] INFO:colcon.colcon_core.shell:Creating environment hook '/home/johnbuntu/ar4_ros_driver/install/annin_ar4_gazebo/share/annin_ar4_gazebo/hook/cmake_prefix_path.ps1'
[0.671s] INFO:colcon.colcon_core.shell:Creating environment descriptor '/home/johnbuntu/ar4_ros_driver/install/annin_ar4_gazebo/share/annin_ar4_gazebo/hook/cmake_prefix_path.dsv'
[0.672s] INFO:colcon.colcon_core.shell:Creating environment hook '/home/johnbuntu/ar4_ros_driver/install/annin_ar4_gazebo/share/annin_ar4_gazebo/hook/cmake_prefix_path.sh'
[0.673s] Level 1:colcon.colcon_core.environment:checking '/home/johnbuntu/ar4_ros_driver/install/annin_ar4_gazebo/bin'
[0.673s] Level 1:colcon.colcon_core.environment:checking '/home/johnbuntu/ar4_ros_driver/install/annin_ar4_gazebo/lib/pkgconfig/annin_ar4_gazebo.pc'
[0.673s] Level 1:colcon.colcon_core.environment:checking '/home/johnbuntu/ar4_ros_driver/install/annin_ar4_gazebo/lib/python3.10/site-packages'
[0.673s] Level 1:colcon.colcon_core.environment:checking '/home/johnbuntu/ar4_ros_driver/install/annin_ar4_gazebo/bin'
[0.674s] INFO:colcon.colcon_core.shell:Creating package script '/home/johnbuntu/ar4_ros_driver/install/annin_ar4_gazebo/share/annin_ar4_gazebo/package.ps1'
[0.674s] INFO:colcon.colcon_core.shell:Creating package descriptor '/home/johnbuntu/ar4_ros_driver/install/annin_ar4_gazebo/share/annin_ar4_gazebo/package.dsv'
[0.675s] INFO:colcon.colcon_core.shell:Creating package script '/home/johnbuntu/ar4_ros_driver/install/annin_ar4_gazebo/share/annin_ar4_gazebo/package.sh'
[0.675s] INFO:colcon.colcon_core.shell:Creating package script '/home/johnbuntu/ar4_ros_driver/install/annin_ar4_gazebo/share/annin_ar4_gazebo/package.bash'
[0.676s] INFO:colcon.colcon_core.shell:Creating package script '/home/johnbuntu/ar4_ros_driver/install/annin_ar4_gazebo/share/annin_ar4_gazebo/package.zsh'
[0.676s] Level 1:colcon.colcon_core.environment:create_file_with_runtime_dependencies(/home/johnbuntu/ar4_ros_driver/install/annin_ar4_gazebo/share/colcon-core/packages/annin_ar4_gazebo)
[0.676s] DEBUG:colcon.colcon_parallel_executor.executor.parallel:closing loop
[0.677s] DEBUG:colcon.colcon_parallel_executor.executor.parallel:loop closed
[0.677s] DEBUG:colcon.colcon_parallel_executor.executor.parallel:run_until_complete finished with '0'
[0.677s] DEBUG:colcon.colcon_core.event_reactor:joining thread
[0.681s] INFO:colcon.colcon_core.plugin_system:Skipping extension 'colcon_notification.desktop_notification.terminal_notifier': Not used on non-Darwin systems
[0.681s] INFO:colcon.colcon_core.plugin_system:Skipping extension 'colcon_notification.desktop_notification.win32': Not used on non-Windows systems
[0.682s] INFO:colcon.colcon_notification.desktop_notification:Sending desktop notification using 'notify2'
[0.693s] DEBUG:colcon.colcon_core.event_reactor:joined thread
[0.694s] INFO:colcon.colcon_core.shell:Creating prefix script '/home/johnbuntu/ar4_ros_driver/install/local_setup.ps1'
[0.695s] INFO:colcon.colcon_core.shell:Creating prefix util module '/home/johnbuntu/ar4_ros_driver/install/_local_setup_util_ps1.py'
[0.698s] INFO:colcon.colcon_core.shell:Creating prefix chain script '/home/johnbuntu/ar4_ros_driver/install/setup.ps1'
[0.699s] INFO:colcon.colcon_core.shell:Creating prefix script '/home/johnbuntu/ar4_ros_driver/install/local_setup.sh'
[0.700s] INFO:colcon.colcon_core.shell:Creating prefix util module '/home/johnbuntu/ar4_ros_driver/install/_local_setup_util_sh.py'
[0.702s] INFO:colcon.colcon_core.shell:Creating prefix chain script '/home/johnbuntu/ar4_ros_driver/install/setup.sh'
[0.703s] INFO:colcon.colcon_core.shell:Creating prefix script '/home/johnbuntu/ar4_ros_driver/install/local_setup.bash'
[0.704s] INFO:colcon.colcon_core.shell:Creating prefix chain script '/home/johnbuntu/ar4_ros_driver/install/setup.bash'
[0.705s] INFO:colcon.colcon_core.shell:Creating prefix script '/home/johnbuntu/ar4_ros_driver/install/local_setup.zsh'
[0.706s] INFO:colcon.colcon_core.shell:Creating prefix chain script '/home/johnbuntu/ar4_ros_driver/install/setup.zsh'
