[0.018s] Invoking command in '/home/johnbuntu/ar4_ros_driver/build/serial': CMAKE_PREFIX_PATH=${CMAKE_PREFIX_PATH}:/opt/ros/humble /usr/bin/cmake --build /home/johnbuntu/ar4_ros_driver/build/serial -- -j8 -l8
[0.087s] [100%] Built target serial
[0.131s] Invoked command in '/home/johnbuntu/ar4_ros_driver/build/serial' returned '0': CMAKE_PREFIX_PATH=${CMAKE_PREFIX_PATH}:/opt/ros/humble /usr/bin/cmake --build /home/johnbuntu/ar4_ros_driver/build/serial -- -j8 -l8
[0.134s] Invoking command in '/home/johnbuntu/ar4_ros_driver/build/serial': CMAKE_PREFIX_PATH=${CMAKE_PREFIX_PATH}:/opt/ros/humble /usr/bin/cmake --install /home/johnbuntu/ar4_ros_driver/build/serial
[0.147s] -- Install configuration: ""
[0.147s] -- Up-to-date: /home/johnbuntu/ar4_ros_driver/install/serial/share/serial/environment/library_path.sh
[0.147s] -- Up-to-date: /home/johnbuntu/ar4_ros_driver/install/serial/share/serial/environment/library_path.dsv
[0.147s] -- Up-to-date: /home/johnbuntu/ar4_ros_driver/install/serial/lib/libserial.so
[0.148s] -- Up-to-date: /home/johnbuntu/ar4_ros_driver/install/serial/include/serial/serial.h
[0.148s] -- Up-to-date: /home/johnbuntu/ar4_ros_driver/install/serial/include/serial/v8stdint.h
[0.148s] -- Up-to-date: /home/johnbuntu/ar4_ros_driver/install/serial/share/ament_index/resource_index/package_run_dependencies/serial
[0.148s] -- Up-to-date: /home/johnbuntu/ar4_ros_driver/install/serial/share/ament_index/resource_index/parent_prefix_path/serial
[0.148s] -- Up-to-date: /home/johnbuntu/ar4_ros_driver/install/serial/share/serial/environment/ament_prefix_path.sh
[0.148s] -- Up-to-date: /home/johnbuntu/ar4_ros_driver/install/serial/share/serial/environment/ament_prefix_path.dsv
[0.149s] -- Up-to-date: /home/johnbuntu/ar4_ros_driver/install/serial/share/serial/environment/path.sh
[0.149s] -- Up-to-date: /home/johnbuntu/ar4_ros_driver/install/serial/share/serial/environment/path.dsv
[0.149s] -- Up-to-date: /home/johnbuntu/ar4_ros_driver/install/serial/share/serial/local_setup.bash
[0.149s] -- Up-to-date: /home/johnbuntu/ar4_ros_driver/install/serial/share/serial/local_setup.sh
[0.149s] -- Up-to-date: /home/johnbuntu/ar4_ros_driver/install/serial/share/serial/local_setup.zsh
[0.149s] -- Up-to-date: /home/johnbuntu/ar4_ros_driver/install/serial/share/serial/local_setup.dsv
[0.149s] -- Installing: /home/johnbuntu/ar4_ros_driver/install/serial/share/serial/package.dsv
[0.149s] -- Up-to-date: /home/johnbuntu/ar4_ros_driver/install/serial/share/ament_index/resource_index/packages/serial
[0.149s] -- Up-to-date: /home/johnbuntu/ar4_ros_driver/install/serial/share/serial/cmake/ament_cmake_export_include_directories-extras.cmake
[0.149s] -- Up-to-date: /home/johnbuntu/ar4_ros_driver/install/serial/share/serial/cmake/ament_cmake_export_libraries-extras.cmake
[0.149s] -- Up-to-date: /home/johnbuntu/ar4_ros_driver/install/serial/share/serial/cmake/serialConfig.cmake
[0.150s] -- Up-to-date: /home/johnbuntu/ar4_ros_driver/install/serial/share/serial/cmake/serialConfig-version.cmake
[0.150s] -- Up-to-date: /home/johnbuntu/ar4_ros_driver/install/serial/share/serial/package.xml
[0.164s] Invoked command in '/home/johnbuntu/ar4_ros_driver/build/serial' returned '0': CMAKE_PREFIX_PATH=${CMAKE_PREFIX_PATH}:/opt/ros/humble /usr/bin/cmake --install /home/johnbuntu/ar4_ros_driver/build/serial
