[0.127s] DEBUG:colcon:Command line arguments: ['/usr/bin/colcon', 'build']
[0.127s] DEBUG:colcon:Parsed command line arguments: Namespace(log_base=None, log_level=None, verb_name='build', build_base='build', install_base='install', merge_install=False, symlink_install=False, test_result_base=None, continue_on_error=False, executor='parallel', parallel_workers=8, event_handlers=None, ignore_user_meta=False, metas=['./colcon.meta'], base_paths=['.'], packages_ignore=None, packages_ignore_regex=None, paths=None, packages_up_to=None, packages_up_to_regex=None, packages_above=None, packages_above_and_dependencies=None, packages_above_depth=None, packages_select_by_dep=None, packages_skip_by_dep=None, packages_skip_up_to=None, packages_select_build_failed=False, packages_skip_build_finished=False, packages_select_test_failures=False, packages_skip_test_passed=False, packages_select=None, packages_skip=None, packages_select_regex=None, packages_skip_regex=None, packages_start=None, packages_end=None, allow_overriding=[], cmake_args=None, cmake_target=None, cmake_target_skip_unavailable=False, cmake_clean_cache=False, cmake_clean_first=False, cmake_force_configure=False, ament_cmake_args=None, catkin_cmake_args=None, catkin_skip_building_tests=False, mixin_files=None, mixin=None, verb_parser=<colcon_mixin.mixin.mixin_argument.MixinArgumentDecorator object at 0x797ba8d56770>, verb_extension=<colcon_core.verb.build.BuildVerb object at 0x797ba8d56110>, main=<bound method BuildVerb.main of <colcon_core.verb.build.BuildVerb object at 0x797ba8d56110>>, mixin_verb=('build',))
[0.305s] Level 1:colcon.colcon_core.package_discovery:discover_packages(colcon_meta) check parameters
[0.305s] Level 1:colcon.colcon_core.package_discovery:discover_packages(recursive) check parameters
[0.305s] Level 1:colcon.colcon_core.package_discovery:discover_packages(ignore) check parameters
[0.305s] Level 1:colcon.colcon_core.package_discovery:discover_packages(path) check parameters
[0.305s] Level 1:colcon.colcon_core.package_discovery:discover_packages(colcon_meta) discover
[0.305s] Level 1:colcon.colcon_core.package_discovery:discover_packages(recursive) discover
[0.305s] INFO:colcon.colcon_core.package_discovery:Crawling recursively for packages in '/home/johnbuntu/ar4_ros_driver'
[0.305s] Level 1:colcon.colcon_core.package_identification:_identify(.) by extensions ['ignore', 'ignore_ament_install']
[0.306s] Level 1:colcon.colcon_core.package_identification:_identify(.) by extension 'ignore'
[0.306s] Level 1:colcon.colcon_core.package_identification:_identify(.) by extension 'ignore_ament_install'
[0.306s] Level 1:colcon.colcon_core.package_identification:_identify(.) by extensions ['colcon_pkg']
[0.306s] Level 1:colcon.colcon_core.package_identification:_identify(.) by extension 'colcon_pkg'
[0.306s] Level 1:colcon.colcon_core.package_identification:_identify(.) by extensions ['colcon_meta']
[0.306s] Level 1:colcon.colcon_core.package_identification:_identify(.) by extension 'colcon_meta'
[0.306s] Level 1:colcon.colcon_core.package_identification:_identify(.) by extensions ['ros']
[0.306s] Level 1:colcon.colcon_core.package_identification:_identify(.) by extension 'ros'
[0.317s] Level 1:colcon.colcon_core.package_identification:_identify(.) by extensions ['cmake', 'python']
[0.317s] Level 1:colcon.colcon_core.package_identification:_identify(.) by extension 'cmake'
[0.317s] Level 1:colcon.colcon_core.package_identification:_identify(.) by extension 'python'
[0.317s] Level 1:colcon.colcon_core.package_identification:_identify(.) by extensions ['python_setup_py']
[0.317s] Level 1:colcon.colcon_core.package_identification:_identify(.) by extension 'python_setup_py'
[0.317s] Level 1:colcon.colcon_core.package_identification:_identify(annin_ar4_description) by extensions ['ignore', 'ignore_ament_install']
[0.317s] Level 1:colcon.colcon_core.package_identification:_identify(annin_ar4_description) by extension 'ignore'
[0.318s] Level 1:colcon.colcon_core.package_identification:_identify(annin_ar4_description) by extension 'ignore_ament_install'
[0.318s] Level 1:colcon.colcon_core.package_identification:_identify(annin_ar4_description) by extensions ['colcon_pkg']
[0.318s] Level 1:colcon.colcon_core.package_identification:_identify(annin_ar4_description) by extension 'colcon_pkg'
[0.318s] Level 1:colcon.colcon_core.package_identification:_identify(annin_ar4_description) by extensions ['colcon_meta']
[0.318s] Level 1:colcon.colcon_core.package_identification:_identify(annin_ar4_description) by extension 'colcon_meta'
[0.318s] Level 1:colcon.colcon_core.package_identification:_identify(annin_ar4_description) by extensions ['ros']
[0.318s] Level 1:colcon.colcon_core.package_identification:_identify(annin_ar4_description) by extension 'ros'
[0.321s] DEBUG:colcon.colcon_core.package_identification:Package 'annin_ar4_description' with type 'ros.ament_cmake' and name 'annin_ar4_description'
[0.321s] Level 1:colcon.colcon_core.package_identification:_identify(annin_ar4_driver) by extensions ['ignore', 'ignore_ament_install']
[0.321s] Level 1:colcon.colcon_core.package_identification:_identify(annin_ar4_driver) by extension 'ignore'
[0.321s] Level 1:colcon.colcon_core.package_identification:_identify(annin_ar4_driver) by extension 'ignore_ament_install'
[0.321s] Level 1:colcon.colcon_core.package_identification:_identify(annin_ar4_driver) by extensions ['colcon_pkg']
[0.322s] Level 1:colcon.colcon_core.package_identification:_identify(annin_ar4_driver) by extension 'colcon_pkg'
[0.322s] Level 1:colcon.colcon_core.package_identification:_identify(annin_ar4_driver) by extensions ['colcon_meta']
[0.322s] Level 1:colcon.colcon_core.package_identification:_identify(annin_ar4_driver) by extension 'colcon_meta'
[0.322s] Level 1:colcon.colcon_core.package_identification:_identify(annin_ar4_driver) by extensions ['ros']
[0.322s] Level 1:colcon.colcon_core.package_identification:_identify(annin_ar4_driver) by extension 'ros'
[0.323s] DEBUG:colcon.colcon_core.package_identification:Package 'annin_ar4_driver' with type 'ros.ament_cmake' and name 'annin_ar4_driver'
[0.323s] Level 1:colcon.colcon_core.package_identification:_identify(annin_ar4_firmware) by extensions ['ignore', 'ignore_ament_install']
[0.323s] Level 1:colcon.colcon_core.package_identification:_identify(annin_ar4_firmware) by extension 'ignore'
[0.323s] Level 1:colcon.colcon_core.package_identification:_identify(annin_ar4_firmware) by extension 'ignore_ament_install'
[0.323s] Level 1:colcon.colcon_core.package_identification:_identify(annin_ar4_firmware) by extensions ['colcon_pkg']
[0.324s] Level 1:colcon.colcon_core.package_identification:_identify(annin_ar4_firmware) by extension 'colcon_pkg'
[0.324s] Level 1:colcon.colcon_core.package_identification:_identify(annin_ar4_firmware) by extensions ['colcon_meta']
[0.324s] Level 1:colcon.colcon_core.package_identification:_identify(annin_ar4_firmware) by extension 'colcon_meta'
[0.324s] Level 1:colcon.colcon_core.package_identification:_identify(annin_ar4_firmware) by extensions ['ros']
[0.324s] Level 1:colcon.colcon_core.package_identification:_identify(annin_ar4_firmware) by extension 'ros'
[0.324s] Level 1:colcon.colcon_core.package_identification:_identify(annin_ar4_firmware) by extensions ['cmake', 'python']
[0.324s] Level 1:colcon.colcon_core.package_identification:_identify(annin_ar4_firmware) by extension 'cmake'
[0.324s] Level 1:colcon.colcon_core.package_identification:_identify(annin_ar4_firmware) by extension 'python'
[0.324s] Level 1:colcon.colcon_core.package_identification:_identify(annin_ar4_firmware) by extensions ['python_setup_py']
[0.324s] Level 1:colcon.colcon_core.package_identification:_identify(annin_ar4_firmware) by extension 'python_setup_py'
[0.324s] Level 1:colcon.colcon_core.package_identification:_identify(annin_ar4_firmware/AR4_nano) by extensions ['ignore', 'ignore_ament_install']
[0.324s] Level 1:colcon.colcon_core.package_identification:_identify(annin_ar4_firmware/AR4_nano) by extension 'ignore'
[0.324s] Level 1:colcon.colcon_core.package_identification:_identify(annin_ar4_firmware/AR4_nano) by extension 'ignore_ament_install'
[0.324s] Level 1:colcon.colcon_core.package_identification:_identify(annin_ar4_firmware/AR4_nano) by extensions ['colcon_pkg']
[0.324s] Level 1:colcon.colcon_core.package_identification:_identify(annin_ar4_firmware/AR4_nano) by extension 'colcon_pkg'
[0.324s] Level 1:colcon.colcon_core.package_identification:_identify(annin_ar4_firmware/AR4_nano) by extensions ['colcon_meta']
[0.324s] Level 1:colcon.colcon_core.package_identification:_identify(annin_ar4_firmware/AR4_nano) by extension 'colcon_meta'
[0.324s] Level 1:colcon.colcon_core.package_identification:_identify(annin_ar4_firmware/AR4_nano) by extensions ['ros']
[0.325s] Level 1:colcon.colcon_core.package_identification:_identify(annin_ar4_firmware/AR4_nano) by extension 'ros'
[0.325s] Level 1:colcon.colcon_core.package_identification:_identify(annin_ar4_firmware/AR4_nano) by extensions ['cmake', 'python']
[0.325s] Level 1:colcon.colcon_core.package_identification:_identify(annin_ar4_firmware/AR4_nano) by extension 'cmake'
[0.325s] Level 1:colcon.colcon_core.package_identification:_identify(annin_ar4_firmware/AR4_nano) by extension 'python'
[0.325s] Level 1:colcon.colcon_core.package_identification:_identify(annin_ar4_firmware/AR4_nano) by extensions ['python_setup_py']
[0.325s] Level 1:colcon.colcon_core.package_identification:_identify(annin_ar4_firmware/AR4_nano) by extension 'python_setup_py'
[0.325s] Level 1:colcon.colcon_core.package_identification:_identify(annin_ar4_firmware/AR4_teensy) by extensions ['ignore', 'ignore_ament_install']
[0.325s] Level 1:colcon.colcon_core.package_identification:_identify(annin_ar4_firmware/AR4_teensy) by extension 'ignore'
[0.325s] Level 1:colcon.colcon_core.package_identification:_identify(annin_ar4_firmware/AR4_teensy) by extension 'ignore_ament_install'
[0.325s] Level 1:colcon.colcon_core.package_identification:_identify(annin_ar4_firmware/AR4_teensy) by extensions ['colcon_pkg']
[0.325s] Level 1:colcon.colcon_core.package_identification:_identify(annin_ar4_firmware/AR4_teensy) by extension 'colcon_pkg'
[0.325s] Level 1:colcon.colcon_core.package_identification:_identify(annin_ar4_firmware/AR4_teensy) by extensions ['colcon_meta']
[0.325s] Level 1:colcon.colcon_core.package_identification:_identify(annin_ar4_firmware/AR4_teensy) by extension 'colcon_meta'
[0.325s] Level 1:colcon.colcon_core.package_identification:_identify(annin_ar4_firmware/AR4_teensy) by extensions ['ros']
[0.325s] Level 1:colcon.colcon_core.package_identification:_identify(annin_ar4_firmware/AR4_teensy) by extension 'ros'
[0.325s] Level 1:colcon.colcon_core.package_identification:_identify(annin_ar4_firmware/AR4_teensy) by extensions ['cmake', 'python']
[0.325s] Level 1:colcon.colcon_core.package_identification:_identify(annin_ar4_firmware/AR4_teensy) by extension 'cmake'
[0.325s] Level 1:colcon.colcon_core.package_identification:_identify(annin_ar4_firmware/AR4_teensy) by extension 'python'
[0.325s] Level 1:colcon.colcon_core.package_identification:_identify(annin_ar4_firmware/AR4_teensy) by extensions ['python_setup_py']
[0.326s] Level 1:colcon.colcon_core.package_identification:_identify(annin_ar4_firmware/AR4_teensy) by extension 'python_setup_py'
[0.326s] Level 1:colcon.colcon_core.package_identification:_identify(annin_ar4_gazebo) by extensions ['ignore', 'ignore_ament_install']
[0.326s] Level 1:colcon.colcon_core.package_identification:_identify(annin_ar4_gazebo) by extension 'ignore'
[0.326s] Level 1:colcon.colcon_core.package_identification:_identify(annin_ar4_gazebo) by extension 'ignore_ament_install'
[0.326s] Level 1:colcon.colcon_core.package_identification:_identify(annin_ar4_gazebo) by extensions ['colcon_pkg']
[0.326s] Level 1:colcon.colcon_core.package_identification:_identify(annin_ar4_gazebo) by extension 'colcon_pkg'
[0.326s] Level 1:colcon.colcon_core.package_identification:_identify(annin_ar4_gazebo) by extensions ['colcon_meta']
[0.326s] Level 1:colcon.colcon_core.package_identification:_identify(annin_ar4_gazebo) by extension 'colcon_meta'
[0.326s] Level 1:colcon.colcon_core.package_identification:_identify(annin_ar4_gazebo) by extensions ['ros']
[0.326s] Level 1:colcon.colcon_core.package_identification:_identify(annin_ar4_gazebo) by extension 'ros'
[0.327s] DEBUG:colcon.colcon_core.package_identification:Package 'annin_ar4_gazebo' with type 'ros.ament_cmake' and name 'annin_ar4_gazebo'
[0.327s] Level 1:colcon.colcon_core.package_identification:_identify(annin_ar4_moveit_config) by extensions ['ignore', 'ignore_ament_install']
[0.327s] Level 1:colcon.colcon_core.package_identification:_identify(annin_ar4_moveit_config) by extension 'ignore'
[0.327s] Level 1:colcon.colcon_core.package_identification:_identify(annin_ar4_moveit_config) by extension 'ignore_ament_install'
[0.327s] Level 1:colcon.colcon_core.package_identification:_identify(annin_ar4_moveit_config) by extensions ['colcon_pkg']
[0.327s] Level 1:colcon.colcon_core.package_identification:_identify(annin_ar4_moveit_config) by extension 'colcon_pkg'
[0.327s] Level 1:colcon.colcon_core.package_identification:_identify(annin_ar4_moveit_config) by extensions ['colcon_meta']
[0.327s] Level 1:colcon.colcon_core.package_identification:_identify(annin_ar4_moveit_config) by extension 'colcon_meta'
[0.327s] Level 1:colcon.colcon_core.package_identification:_identify(annin_ar4_moveit_config) by extensions ['ros']
[0.327s] Level 1:colcon.colcon_core.package_identification:_identify(annin_ar4_moveit_config) by extension 'ros'
[0.328s] DEBUG:colcon.colcon_core.package_identification:Package 'annin_ar4_moveit_config' with type 'ros.ament_cmake' and name 'annin_ar4_moveit_config'
[0.328s] Level 1:colcon.colcon_core.package_identification:_identify(build) by extensions ['ignore', 'ignore_ament_install']
[0.328s] Level 1:colcon.colcon_core.package_identification:_identify(build) by extension 'ignore'
[0.328s] Level 1:colcon.colcon_core.package_identification:_identify(build) ignored
[0.328s] Level 1:colcon.colcon_core.package_identification:_identify(gorm_arm) by extensions ['ignore', 'ignore_ament_install']
[0.328s] Level 1:colcon.colcon_core.package_identification:_identify(gorm_arm) by extension 'ignore'
[0.328s] Level 1:colcon.colcon_core.package_identification:_identify(gorm_arm) by extension 'ignore_ament_install'
[0.328s] Level 1:colcon.colcon_core.package_identification:_identify(gorm_arm) by extensions ['colcon_pkg']
[0.329s] Level 1:colcon.colcon_core.package_identification:_identify(gorm_arm) by extension 'colcon_pkg'
[0.329s] Level 1:colcon.colcon_core.package_identification:_identify(gorm_arm) by extensions ['colcon_meta']
[0.329s] Level 1:colcon.colcon_core.package_identification:_identify(gorm_arm) by extension 'colcon_meta'
[0.329s] Level 1:colcon.colcon_core.package_identification:_identify(gorm_arm) by extensions ['ros']
[0.329s] Level 1:colcon.colcon_core.package_identification:_identify(gorm_arm) by extension 'ros'
[0.329s] DEBUG:colcon.colcon_core.package_identification:Package 'gorm_arm' with type 'ros.ament_cmake' and name 'gorm_arm'
[0.329s] Level 1:colcon.colcon_core.package_identification:_identify(gorm_arm_firmware) by extensions ['ignore', 'ignore_ament_install']
[0.329s] Level 1:colcon.colcon_core.package_identification:_identify(gorm_arm_firmware) by extension 'ignore'
[0.330s] Level 1:colcon.colcon_core.package_identification:_identify(gorm_arm_firmware) by extension 'ignore_ament_install'
[0.330s] Level 1:colcon.colcon_core.package_identification:_identify(gorm_arm_firmware) by extensions ['colcon_pkg']
[0.330s] Level 1:colcon.colcon_core.package_identification:_identify(gorm_arm_firmware) by extension 'colcon_pkg'
[0.330s] Level 1:colcon.colcon_core.package_identification:_identify(gorm_arm_firmware) by extensions ['colcon_meta']
[0.330s] Level 1:colcon.colcon_core.package_identification:_identify(gorm_arm_firmware) by extension 'colcon_meta'
[0.330s] Level 1:colcon.colcon_core.package_identification:_identify(gorm_arm_firmware) by extensions ['ros']
[0.330s] Level 1:colcon.colcon_core.package_identification:_identify(gorm_arm_firmware) by extension 'ros'
[0.330s] Level 1:colcon.colcon_core.package_identification:_identify(gorm_arm_firmware) by extensions ['cmake', 'python']
[0.330s] Level 1:colcon.colcon_core.package_identification:_identify(gorm_arm_firmware) by extension 'cmake'
[0.330s] Level 1:colcon.colcon_core.package_identification:_identify(gorm_arm_firmware) by extension 'python'
[0.330s] Level 1:colcon.colcon_core.package_identification:_identify(gorm_arm_firmware) by extensions ['python_setup_py']
[0.330s] Level 1:colcon.colcon_core.package_identification:_identify(gorm_arm_firmware) by extension 'python_setup_py'
[0.330s] Level 1:colcon.colcon_core.package_identification:_identify(gorm_arm_firmware/Seeduino_programs) by extensions ['ignore', 'ignore_ament_install']
[0.330s] Level 1:colcon.colcon_core.package_identification:_identify(gorm_arm_firmware/Seeduino_programs) by extension 'ignore'
[0.330s] Level 1:colcon.colcon_core.package_identification:_identify(gorm_arm_firmware/Seeduino_programs) by extension 'ignore_ament_install'
[0.330s] Level 1:colcon.colcon_core.package_identification:_identify(gorm_arm_firmware/Seeduino_programs) by extensions ['colcon_pkg']
[0.330s] Level 1:colcon.colcon_core.package_identification:_identify(gorm_arm_firmware/Seeduino_programs) by extension 'colcon_pkg'
[0.330s] Level 1:colcon.colcon_core.package_identification:_identify(gorm_arm_firmware/Seeduino_programs) by extensions ['colcon_meta']
[0.330s] Level 1:colcon.colcon_core.package_identification:_identify(gorm_arm_firmware/Seeduino_programs) by extension 'colcon_meta'
[0.330s] Level 1:colcon.colcon_core.package_identification:_identify(gorm_arm_firmware/Seeduino_programs) by extensions ['ros']
[0.330s] Level 1:colcon.colcon_core.package_identification:_identify(gorm_arm_firmware/Seeduino_programs) by extension 'ros'
[0.331s] Level 1:colcon.colcon_core.package_identification:_identify(gorm_arm_firmware/Seeduino_programs) by extensions ['cmake', 'python']
[0.331s] Level 1:colcon.colcon_core.package_identification:_identify(gorm_arm_firmware/Seeduino_programs) by extension 'cmake'
[0.331s] Level 1:colcon.colcon_core.package_identification:_identify(gorm_arm_firmware/Seeduino_programs) by extension 'python'
[0.331s] Level 1:colcon.colcon_core.package_identification:_identify(gorm_arm_firmware/Seeduino_programs) by extensions ['python_setup_py']
[0.331s] Level 1:colcon.colcon_core.package_identification:_identify(gorm_arm_firmware/Seeduino_programs) by extension 'python_setup_py'
[0.331s] Level 1:colcon.colcon_core.package_identification:_identify(gorm_arm_firmware/Seeduino_programs/gripper_serial) by extensions ['ignore', 'ignore_ament_install']
[0.331s] Level 1:colcon.colcon_core.package_identification:_identify(gorm_arm_firmware/Seeduino_programs/gripper_serial) by extension 'ignore'
[0.331s] Level 1:colcon.colcon_core.package_identification:_identify(gorm_arm_firmware/Seeduino_programs/gripper_serial) by extension 'ignore_ament_install'
[0.331s] Level 1:colcon.colcon_core.package_identification:_identify(gorm_arm_firmware/Seeduino_programs/gripper_serial) by extensions ['colcon_pkg']
[0.331s] Level 1:colcon.colcon_core.package_identification:_identify(gorm_arm_firmware/Seeduino_programs/gripper_serial) by extension 'colcon_pkg'
[0.331s] Level 1:colcon.colcon_core.package_identification:_identify(gorm_arm_firmware/Seeduino_programs/gripper_serial) by extensions ['colcon_meta']
[0.331s] Level 1:colcon.colcon_core.package_identification:_identify(gorm_arm_firmware/Seeduino_programs/gripper_serial) by extension 'colcon_meta'
[0.331s] Level 1:colcon.colcon_core.package_identification:_identify(gorm_arm_firmware/Seeduino_programs/gripper_serial) by extensions ['ros']
[0.331s] Level 1:colcon.colcon_core.package_identification:_identify(gorm_arm_firmware/Seeduino_programs/gripper_serial) by extension 'ros'
[0.331s] Level 1:colcon.colcon_core.package_identification:_identify(gorm_arm_firmware/Seeduino_programs/gripper_serial) by extensions ['cmake', 'python']
[0.331s] Level 1:colcon.colcon_core.package_identification:_identify(gorm_arm_firmware/Seeduino_programs/gripper_serial) by extension 'cmake'
[0.331s] Level 1:colcon.colcon_core.package_identification:_identify(gorm_arm_firmware/Seeduino_programs/gripper_serial) by extension 'python'
[0.331s] Level 1:colcon.colcon_core.package_identification:_identify(gorm_arm_firmware/Seeduino_programs/gripper_serial) by extensions ['python_setup_py']
[0.331s] Level 1:colcon.colcon_core.package_identification:_identify(gorm_arm_firmware/Seeduino_programs/gripper_serial) by extension 'python_setup_py'
[0.331s] Level 1:colcon.colcon_core.package_identification:_identify(install) by extensions ['ignore', 'ignore_ament_install']
[0.332s] Level 1:colcon.colcon_core.package_identification:_identify(install) by extension 'ignore'
[0.332s] Level 1:colcon.colcon_core.package_identification:_identify(install) ignored
[0.332s] Level 1:colcon.colcon_core.package_identification:_identify(log) by extensions ['ignore', 'ignore_ament_install']
[0.332s] Level 1:colcon.colcon_core.package_identification:_identify(log) by extension 'ignore'
[0.332s] Level 1:colcon.colcon_core.package_identification:_identify(log) ignored
[0.332s] Level 1:colcon.colcon_core.package_identification:_identify(moveit_servo) by extensions ['ignore', 'ignore_ament_install']
[0.332s] Level 1:colcon.colcon_core.package_identification:_identify(moveit_servo) by extension 'ignore'
[0.332s] Level 1:colcon.colcon_core.package_identification:_identify(moveit_servo) by extension 'ignore_ament_install'
[0.332s] Level 1:colcon.colcon_core.package_identification:_identify(moveit_servo) by extensions ['colcon_pkg']
[0.332s] Level 1:colcon.colcon_core.package_identification:_identify(moveit_servo) by extension 'colcon_pkg'
[0.332s] Level 1:colcon.colcon_core.package_identification:_identify(moveit_servo) by extensions ['colcon_meta']
[0.332s] Level 1:colcon.colcon_core.package_identification:_identify(moveit_servo) by extension 'colcon_meta'
[0.332s] Level 1:colcon.colcon_core.package_identification:_identify(moveit_servo) by extensions ['ros']
[0.332s] Level 1:colcon.colcon_core.package_identification:_identify(moveit_servo) by extension 'ros'
[0.335s] DEBUG:colcon.colcon_core.package_identification:Package 'moveit_servo' with type 'ros.ament_cmake' and name 'moveit_servo'
[0.335s] Level 1:colcon.colcon_core.package_discovery:discover_packages(recursive) using defaults
[0.335s] Level 1:colcon.colcon_core.package_discovery:discover_packages(ignore) discover
[0.336s] Level 1:colcon.colcon_core.package_discovery:discover_packages(ignore) using defaults
[0.336s] Level 1:colcon.colcon_core.package_discovery:discover_packages(path) discover
[0.336s] Level 1:colcon.colcon_core.package_discovery:discover_packages(path) using defaults
[0.368s] Level 1:colcon.colcon_core.package_discovery:discover_packages(prefix_path) check parameters
[0.368s] Level 1:colcon.colcon_core.package_discovery:discover_packages(prefix_path) discover
[0.370s] DEBUG:colcon.colcon_installed_package_information.package_discovery:Found 6 installed packages in /home/johnbuntu/ar4_ros_driver/install
[0.371s] DEBUG:colcon.colcon_installed_package_information.package_discovery:Found 341 installed packages in /opt/ros/humble
[0.373s] Level 1:colcon.colcon_core.package_discovery:discover_packages(prefix_path) using defaults
[0.425s] Level 5:colcon.colcon_core.verb:set package 'annin_ar4_description' build argument 'cmake_args' from command line to 'None'
[0.425s] Level 5:colcon.colcon_core.verb:set package 'annin_ar4_description' build argument 'cmake_target' from command line to 'None'
[0.425s] Level 5:colcon.colcon_core.verb:set package 'annin_ar4_description' build argument 'cmake_target_skip_unavailable' from command line to 'False'
[0.425s] Level 5:colcon.colcon_core.verb:set package 'annin_ar4_description' build argument 'cmake_clean_cache' from command line to 'False'
[0.425s] Level 5:colcon.colcon_core.verb:set package 'annin_ar4_description' build argument 'cmake_clean_first' from command line to 'False'
[0.425s] Level 5:colcon.colcon_core.verb:set package 'annin_ar4_description' build argument 'cmake_force_configure' from command line to 'False'
[0.425s] Level 5:colcon.colcon_core.verb:set package 'annin_ar4_description' build argument 'ament_cmake_args' from command line to 'None'
[0.425s] Level 5:colcon.colcon_core.verb:set package 'annin_ar4_description' build argument 'catkin_cmake_args' from command line to 'None'
[0.425s] Level 5:colcon.colcon_core.verb:set package 'annin_ar4_description' build argument 'catkin_skip_building_tests' from command line to 'False'
[0.425s] DEBUG:colcon.colcon_core.verb:Building package 'annin_ar4_description' with the following arguments: {'ament_cmake_args': None, 'build_base': '/home/johnbuntu/ar4_ros_driver/build/annin_ar4_description', 'catkin_cmake_args': None, 'catkin_skip_building_tests': False, 'cmake_args': None, 'cmake_clean_cache': False, 'cmake_clean_first': False, 'cmake_force_configure': False, 'cmake_target': None, 'cmake_target_skip_unavailable': False, 'install_base': '/home/johnbuntu/ar4_ros_driver/install/annin_ar4_description', 'merge_install': False, 'path': '/home/johnbuntu/ar4_ros_driver/annin_ar4_description', 'symlink_install': False, 'test_result_base': None}
[0.425s] Level 5:colcon.colcon_core.verb:set package 'moveit_servo' build argument 'cmake_args' from command line to 'None'
[0.426s] Level 5:colcon.colcon_core.verb:set package 'moveit_servo' build argument 'cmake_target' from command line to 'None'
[0.426s] Level 5:colcon.colcon_core.verb:set package 'moveit_servo' build argument 'cmake_target_skip_unavailable' from command line to 'False'
[0.426s] Level 5:colcon.colcon_core.verb:set package 'moveit_servo' build argument 'cmake_clean_cache' from command line to 'False'
[0.426s] Level 5:colcon.colcon_core.verb:set package 'moveit_servo' build argument 'cmake_clean_first' from command line to 'False'
[0.426s] Level 5:colcon.colcon_core.verb:set package 'moveit_servo' build argument 'cmake_force_configure' from command line to 'False'
[0.426s] Level 5:colcon.colcon_core.verb:set package 'moveit_servo' build argument 'ament_cmake_args' from command line to 'None'
[0.426s] Level 5:colcon.colcon_core.verb:set package 'moveit_servo' build argument 'catkin_cmake_args' from command line to 'None'
[0.426s] Level 5:colcon.colcon_core.verb:set package 'moveit_servo' build argument 'catkin_skip_building_tests' from command line to 'False'
[0.426s] DEBUG:colcon.colcon_core.verb:Building package 'moveit_servo' with the following arguments: {'ament_cmake_args': None, 'build_base': '/home/johnbuntu/ar4_ros_driver/build/moveit_servo', 'catkin_cmake_args': None, 'catkin_skip_building_tests': False, 'cmake_args': None, 'cmake_clean_cache': False, 'cmake_clean_first': False, 'cmake_force_configure': False, 'cmake_target': None, 'cmake_target_skip_unavailable': False, 'install_base': '/home/johnbuntu/ar4_ros_driver/install/moveit_servo', 'merge_install': False, 'path': '/home/johnbuntu/ar4_ros_driver/moveit_servo', 'symlink_install': False, 'test_result_base': None}
[0.426s] Level 5:colcon.colcon_core.verb:set package 'annin_ar4_driver' build argument 'cmake_args' from command line to 'None'
[0.426s] Level 5:colcon.colcon_core.verb:set package 'annin_ar4_driver' build argument 'cmake_target' from command line to 'None'
[0.426s] Level 5:colcon.colcon_core.verb:set package 'annin_ar4_driver' build argument 'cmake_target_skip_unavailable' from command line to 'False'
[0.426s] Level 5:colcon.colcon_core.verb:set package 'annin_ar4_driver' build argument 'cmake_clean_cache' from command line to 'False'
[0.426s] Level 5:colcon.colcon_core.verb:set package 'annin_ar4_driver' build argument 'cmake_clean_first' from command line to 'False'
[0.426s] Level 5:colcon.colcon_core.verb:set package 'annin_ar4_driver' build argument 'cmake_force_configure' from command line to 'False'
[0.426s] Level 5:colcon.colcon_core.verb:set package 'annin_ar4_driver' build argument 'ament_cmake_args' from command line to 'None'
[0.426s] Level 5:colcon.colcon_core.verb:set package 'annin_ar4_driver' build argument 'catkin_cmake_args' from command line to 'None'
[0.426s] Level 5:colcon.colcon_core.verb:set package 'annin_ar4_driver' build argument 'catkin_skip_building_tests' from command line to 'False'
[0.426s] DEBUG:colcon.colcon_core.verb:Building package 'annin_ar4_driver' with the following arguments: {'ament_cmake_args': None, 'build_base': '/home/johnbuntu/ar4_ros_driver/build/annin_ar4_driver', 'catkin_cmake_args': None, 'catkin_skip_building_tests': False, 'cmake_args': None, 'cmake_clean_cache': False, 'cmake_clean_first': False, 'cmake_force_configure': False, 'cmake_target': None, 'cmake_target_skip_unavailable': False, 'install_base': '/home/johnbuntu/ar4_ros_driver/install/annin_ar4_driver', 'merge_install': False, 'path': '/home/johnbuntu/ar4_ros_driver/annin_ar4_driver', 'symlink_install': False, 'test_result_base': None}
[0.427s] Level 5:colcon.colcon_core.verb:set package 'annin_ar4_moveit_config' build argument 'cmake_args' from command line to 'None'
[0.427s] Level 5:colcon.colcon_core.verb:set package 'annin_ar4_moveit_config' build argument 'cmake_target' from command line to 'None'
[0.427s] Level 5:colcon.colcon_core.verb:set package 'annin_ar4_moveit_config' build argument 'cmake_target_skip_unavailable' from command line to 'False'
[0.427s] Level 5:colcon.colcon_core.verb:set package 'annin_ar4_moveit_config' build argument 'cmake_clean_cache' from command line to 'False'
[0.427s] Level 5:colcon.colcon_core.verb:set package 'annin_ar4_moveit_config' build argument 'cmake_clean_first' from command line to 'False'
[0.427s] Level 5:colcon.colcon_core.verb:set package 'annin_ar4_moveit_config' build argument 'cmake_force_configure' from command line to 'False'
[0.427s] Level 5:colcon.colcon_core.verb:set package 'annin_ar4_moveit_config' build argument 'ament_cmake_args' from command line to 'None'
[0.427s] Level 5:colcon.colcon_core.verb:set package 'annin_ar4_moveit_config' build argument 'catkin_cmake_args' from command line to 'None'
[0.427s] Level 5:colcon.colcon_core.verb:set package 'annin_ar4_moveit_config' build argument 'catkin_skip_building_tests' from command line to 'False'
[0.427s] DEBUG:colcon.colcon_core.verb:Building package 'annin_ar4_moveit_config' with the following arguments: {'ament_cmake_args': None, 'build_base': '/home/johnbuntu/ar4_ros_driver/build/annin_ar4_moveit_config', 'catkin_cmake_args': None, 'catkin_skip_building_tests': False, 'cmake_args': None, 'cmake_clean_cache': False, 'cmake_clean_first': False, 'cmake_force_configure': False, 'cmake_target': None, 'cmake_target_skip_unavailable': False, 'install_base': '/home/johnbuntu/ar4_ros_driver/install/annin_ar4_moveit_config', 'merge_install': False, 'path': '/home/johnbuntu/ar4_ros_driver/annin_ar4_moveit_config', 'symlink_install': False, 'test_result_base': None}
[0.427s] Level 5:colcon.colcon_core.verb:set package 'gorm_arm' build argument 'cmake_args' from command line to 'None'
[0.427s] Level 5:colcon.colcon_core.verb:set package 'gorm_arm' build argument 'cmake_target' from command line to 'None'
[0.427s] Level 5:colcon.colcon_core.verb:set package 'gorm_arm' build argument 'cmake_target_skip_unavailable' from command line to 'False'
[0.427s] Level 5:colcon.colcon_core.verb:set package 'gorm_arm' build argument 'cmake_clean_cache' from command line to 'False'
[0.427s] Level 5:colcon.colcon_core.verb:set package 'gorm_arm' build argument 'cmake_clean_first' from command line to 'False'
[0.427s] Level 5:colcon.colcon_core.verb:set package 'gorm_arm' build argument 'cmake_force_configure' from command line to 'False'
[0.428s] Level 5:colcon.colcon_core.verb:set package 'gorm_arm' build argument 'ament_cmake_args' from command line to 'None'
[0.428s] Level 5:colcon.colcon_core.verb:set package 'gorm_arm' build argument 'catkin_cmake_args' from command line to 'None'
[0.428s] Level 5:colcon.colcon_core.verb:set package 'gorm_arm' build argument 'catkin_skip_building_tests' from command line to 'False'
[0.428s] DEBUG:colcon.colcon_core.verb:Building package 'gorm_arm' with the following arguments: {'ament_cmake_args': None, 'build_base': '/home/johnbuntu/ar4_ros_driver/build/gorm_arm', 'catkin_cmake_args': None, 'catkin_skip_building_tests': False, 'cmake_args': None, 'cmake_clean_cache': False, 'cmake_clean_first': False, 'cmake_force_configure': False, 'cmake_target': None, 'cmake_target_skip_unavailable': False, 'install_base': '/home/johnbuntu/ar4_ros_driver/install/gorm_arm', 'merge_install': False, 'path': '/home/johnbuntu/ar4_ros_driver/gorm_arm', 'symlink_install': False, 'test_result_base': None}
[0.428s] Level 5:colcon.colcon_core.verb:set package 'annin_ar4_gazebo' build argument 'cmake_args' from command line to 'None'
[0.428s] Level 5:colcon.colcon_core.verb:set package 'annin_ar4_gazebo' build argument 'cmake_target' from command line to 'None'
[0.428s] Level 5:colcon.colcon_core.verb:set package 'annin_ar4_gazebo' build argument 'cmake_target_skip_unavailable' from command line to 'False'
[0.428s] Level 5:colcon.colcon_core.verb:set package 'annin_ar4_gazebo' build argument 'cmake_clean_cache' from command line to 'False'
[0.428s] Level 5:colcon.colcon_core.verb:set package 'annin_ar4_gazebo' build argument 'cmake_clean_first' from command line to 'False'
[0.428s] Level 5:colcon.colcon_core.verb:set package 'annin_ar4_gazebo' build argument 'cmake_force_configure' from command line to 'False'
[0.428s] Level 5:colcon.colcon_core.verb:set package 'annin_ar4_gazebo' build argument 'ament_cmake_args' from command line to 'None'
[0.428s] Level 5:colcon.colcon_core.verb:set package 'annin_ar4_gazebo' build argument 'catkin_cmake_args' from command line to 'None'
[0.428s] Level 5:colcon.colcon_core.verb:set package 'annin_ar4_gazebo' build argument 'catkin_skip_building_tests' from command line to 'False'
[0.428s] DEBUG:colcon.colcon_core.verb:Building package 'annin_ar4_gazebo' with the following arguments: {'ament_cmake_args': None, 'build_base': '/home/johnbuntu/ar4_ros_driver/build/annin_ar4_gazebo', 'catkin_cmake_args': None, 'catkin_skip_building_tests': False, 'cmake_args': None, 'cmake_clean_cache': False, 'cmake_clean_first': False, 'cmake_force_configure': False, 'cmake_target': None, 'cmake_target_skip_unavailable': False, 'install_base': '/home/johnbuntu/ar4_ros_driver/install/annin_ar4_gazebo', 'merge_install': False, 'path': '/home/johnbuntu/ar4_ros_driver/annin_ar4_gazebo', 'symlink_install': False, 'test_result_base': None}
[0.428s] INFO:colcon.colcon_core.executor:Executing jobs using 'parallel' executor
[0.429s] DEBUG:colcon.colcon_parallel_executor.executor.parallel:run_until_complete
[0.430s] INFO:colcon.colcon_ros.task.ament_cmake.build:Building ROS package in '/home/johnbuntu/ar4_ros_driver/annin_ar4_description' with build type 'ament_cmake'
[0.430s] INFO:colcon.colcon_cmake.task.cmake.build:Building CMake package in '/home/johnbuntu/ar4_ros_driver/annin_ar4_description'
[0.432s] INFO:colcon.colcon_core.plugin_system:Skipping extension 'colcon_core.shell.bat': Not used on non-Windows systems
[0.433s] INFO:colcon.colcon_core.shell:Skip shell extension 'powershell' for command environment: Not usable outside of PowerShell
[0.433s] DEBUG:colcon.colcon_core.shell:Skip shell extension 'dsv' for command environment
[0.437s] INFO:colcon.colcon_ros.task.ament_cmake.build:Building ROS package in '/home/johnbuntu/ar4_ros_driver/moveit_servo' with build type 'ament_cmake'
[0.437s] INFO:colcon.colcon_cmake.task.cmake.build:Building CMake package in '/home/johnbuntu/ar4_ros_driver/moveit_servo'
[0.438s] INFO:colcon.colcon_core.shell:Skip shell extension 'powershell' for command environment: Not usable outside of PowerShell
[0.438s] DEBUG:colcon.colcon_core.shell:Skip shell extension 'dsv' for command environment
[0.450s] DEBUG:colcon.colcon_core.event_handler.log_command:Invoking command in '/home/johnbuntu/ar4_ros_driver/build/annin_ar4_description': CMAKE_PREFIX_PATH=${CMAKE_PREFIX_PATH}:/opt/ros/humble /usr/bin/cmake --build /home/johnbuntu/ar4_ros_driver/build/annin_ar4_description -- -j8 -l8
[0.457s] DEBUG:colcon.colcon_core.event_handler.log_command:Invoking command in '/home/johnbuntu/ar4_ros_driver/build/moveit_servo': CMAKE_PREFIX_PATH=${CMAKE_PREFIX_PATH}:/opt/ros/humble /usr/bin/cmake --build /home/johnbuntu/ar4_ros_driver/build/moveit_servo -- -j8 -l8
[0.502s] DEBUG:colcon.colcon_core.event_handler.log_command:Invoked command in '/home/johnbuntu/ar4_ros_driver/build/annin_ar4_description' returned '0': CMAKE_PREFIX_PATH=${CMAKE_PREFIX_PATH}:/opt/ros/humble /usr/bin/cmake --build /home/johnbuntu/ar4_ros_driver/build/annin_ar4_description -- -j8 -l8
[0.516s] DEBUG:colcon.colcon_core.event_handler.log_command:Invoking command in '/home/johnbuntu/ar4_ros_driver/build/annin_ar4_description': CMAKE_PREFIX_PATH=${CMAKE_PREFIX_PATH}:/opt/ros/humble /usr/bin/cmake --install /home/johnbuntu/ar4_ros_driver/build/annin_ar4_description
[0.539s] Level 1:colcon.colcon_core.environment:create_environment_scripts_only(annin_ar4_description)
[0.543s] DEBUG:colcon.colcon_core.event_handler.log_command:Invoked command in '/home/johnbuntu/ar4_ros_driver/build/annin_ar4_description' returned '0': CMAKE_PREFIX_PATH=${CMAKE_PREFIX_PATH}:/opt/ros/humble /usr/bin/cmake --install /home/johnbuntu/ar4_ros_driver/build/annin_ar4_description
[0.547s] Level 1:colcon.colcon_core.environment:checking '/home/johnbuntu/ar4_ros_driver/install/annin_ar4_description' for CMake module files
[0.547s] Level 1:colcon.colcon_core.environment:checking '/home/johnbuntu/ar4_ros_driver/install/annin_ar4_description' for CMake config files
[0.547s] Level 1:colcon.colcon_core.shell:create_environment_hook('annin_ar4_description', 'cmake_prefix_path')
[0.548s] INFO:colcon.colcon_core.shell:Creating environment hook '/home/johnbuntu/ar4_ros_driver/install/annin_ar4_description/share/annin_ar4_description/hook/cmake_prefix_path.ps1'
[0.549s] INFO:colcon.colcon_core.shell:Creating environment descriptor '/home/johnbuntu/ar4_ros_driver/install/annin_ar4_description/share/annin_ar4_description/hook/cmake_prefix_path.dsv'
[0.549s] INFO:colcon.colcon_core.shell:Creating environment hook '/home/johnbuntu/ar4_ros_driver/install/annin_ar4_description/share/annin_ar4_description/hook/cmake_prefix_path.sh'
[0.550s] Level 1:colcon.colcon_core.environment:checking '/home/johnbuntu/ar4_ros_driver/install/annin_ar4_description/bin'
[0.551s] Level 1:colcon.colcon_core.environment:checking '/home/johnbuntu/ar4_ros_driver/install/annin_ar4_description/lib/pkgconfig/annin_ar4_description.pc'
[0.551s] Level 1:colcon.colcon_core.environment:checking '/home/johnbuntu/ar4_ros_driver/install/annin_ar4_description/lib/python3.10/site-packages'
[0.551s] Level 1:colcon.colcon_core.environment:checking '/home/johnbuntu/ar4_ros_driver/install/annin_ar4_description/bin'
[0.551s] INFO:colcon.colcon_core.shell:Creating package script '/home/johnbuntu/ar4_ros_driver/install/annin_ar4_description/share/annin_ar4_description/package.ps1'
[0.552s] INFO:colcon.colcon_core.shell:Creating package descriptor '/home/johnbuntu/ar4_ros_driver/install/annin_ar4_description/share/annin_ar4_description/package.dsv'
[0.553s] INFO:colcon.colcon_core.shell:Creating package script '/home/johnbuntu/ar4_ros_driver/install/annin_ar4_description/share/annin_ar4_description/package.sh'
[0.555s] INFO:colcon.colcon_core.shell:Creating package script '/home/johnbuntu/ar4_ros_driver/install/annin_ar4_description/share/annin_ar4_description/package.bash'
[0.557s] INFO:colcon.colcon_core.shell:Creating package script '/home/johnbuntu/ar4_ros_driver/install/annin_ar4_description/share/annin_ar4_description/package.zsh'
[0.558s] Level 1:colcon.colcon_core.environment:create_file_with_runtime_dependencies(/home/johnbuntu/ar4_ros_driver/install/annin_ar4_description/share/colcon-core/packages/annin_ar4_description)
[0.559s] Level 1:colcon.colcon_core.environment:create_environment_scripts_only(annin_ar4_description)
[0.560s] Level 1:colcon.colcon_core.environment:checking '/home/johnbuntu/ar4_ros_driver/install/annin_ar4_description' for CMake module files
[0.561s] Level 1:colcon.colcon_core.environment:checking '/home/johnbuntu/ar4_ros_driver/install/annin_ar4_description' for CMake config files
[0.561s] Level 1:colcon.colcon_core.shell:create_environment_hook('annin_ar4_description', 'cmake_prefix_path')
[0.562s] INFO:colcon.colcon_core.shell:Creating environment hook '/home/johnbuntu/ar4_ros_driver/install/annin_ar4_description/share/annin_ar4_description/hook/cmake_prefix_path.ps1'
[0.562s] INFO:colcon.colcon_core.shell:Creating environment descriptor '/home/johnbuntu/ar4_ros_driver/install/annin_ar4_description/share/annin_ar4_description/hook/cmake_prefix_path.dsv'
[0.563s] INFO:colcon.colcon_core.shell:Creating environment hook '/home/johnbuntu/ar4_ros_driver/install/annin_ar4_description/share/annin_ar4_description/hook/cmake_prefix_path.sh'
[0.564s] Level 1:colcon.colcon_core.environment:checking '/home/johnbuntu/ar4_ros_driver/install/annin_ar4_description/bin'
[0.564s] Level 1:colcon.colcon_core.environment:checking '/home/johnbuntu/ar4_ros_driver/install/annin_ar4_description/lib/pkgconfig/annin_ar4_description.pc'
[0.565s] Level 1:colcon.colcon_core.environment:checking '/home/johnbuntu/ar4_ros_driver/install/annin_ar4_description/lib/python3.10/site-packages'
[0.565s] Level 1:colcon.colcon_core.environment:checking '/home/johnbuntu/ar4_ros_driver/install/annin_ar4_description/bin'
[0.565s] INFO:colcon.colcon_core.shell:Creating package script '/home/johnbuntu/ar4_ros_driver/install/annin_ar4_description/share/annin_ar4_description/package.ps1'
[0.566s] INFO:colcon.colcon_core.shell:Creating package descriptor '/home/johnbuntu/ar4_ros_driver/install/annin_ar4_description/share/annin_ar4_description/package.dsv'
[0.567s] INFO:colcon.colcon_core.shell:Creating package script '/home/johnbuntu/ar4_ros_driver/install/annin_ar4_description/share/annin_ar4_description/package.sh'
[0.568s] INFO:colcon.colcon_core.shell:Creating package script '/home/johnbuntu/ar4_ros_driver/install/annin_ar4_description/share/annin_ar4_description/package.bash'
[0.568s] INFO:colcon.colcon_core.shell:Creating package script '/home/johnbuntu/ar4_ros_driver/install/annin_ar4_description/share/annin_ar4_description/package.zsh'
[0.569s] Level 1:colcon.colcon_core.environment:create_file_with_runtime_dependencies(/home/johnbuntu/ar4_ros_driver/install/annin_ar4_description/share/colcon-core/packages/annin_ar4_description)
[0.569s] INFO:colcon.colcon_ros.task.ament_cmake.build:Building ROS package in '/home/johnbuntu/ar4_ros_driver/annin_ar4_driver' with build type 'ament_cmake'
[0.569s] INFO:colcon.colcon_cmake.task.cmake.build:Building CMake package in '/home/johnbuntu/ar4_ros_driver/annin_ar4_driver'
[0.570s] INFO:colcon.colcon_core.shell:Skip shell extension 'powershell' for command environment: Not usable outside of PowerShell
[0.571s] DEBUG:colcon.colcon_core.shell:Skip shell extension 'dsv' for command environment
[0.577s] INFO:colcon.colcon_ros.task.ament_cmake.build:Building ROS package in '/home/johnbuntu/ar4_ros_driver/annin_ar4_moveit_config' with build type 'ament_cmake'
[0.578s] INFO:colcon.colcon_cmake.task.cmake.build:Building CMake package in '/home/johnbuntu/ar4_ros_driver/annin_ar4_moveit_config'
[0.578s] INFO:colcon.colcon_core.shell:Skip shell extension 'powershell' for command environment: Not usable outside of PowerShell
[0.578s] DEBUG:colcon.colcon_core.shell:Skip shell extension 'dsv' for command environment
[0.583s] INFO:colcon.colcon_ros.task.ament_cmake.build:Building ROS package in '/home/johnbuntu/ar4_ros_driver/gorm_arm' with build type 'ament_cmake'
[0.583s] INFO:colcon.colcon_cmake.task.cmake.build:Building CMake package in '/home/johnbuntu/ar4_ros_driver/gorm_arm'
[0.584s] INFO:colcon.colcon_core.shell:Skip shell extension 'powershell' for command environment: Not usable outside of PowerShell
[0.584s] DEBUG:colcon.colcon_core.shell:Skip shell extension 'dsv' for command environment
[0.596s] DEBUG:colcon.colcon_core.event_handler.log_command:Invoking command in '/home/johnbuntu/ar4_ros_driver/build/annin_ar4_driver': CMAKE_PREFIX_PATH=/home/johnbuntu/ar4_ros_driver/install/annin_ar4_description:/home/johnbuntu/ar4_ros_driver/install/moveit_servo:/home/johnbuntu/ar4_ros_driver/install/gorm_arm:/home/johnbuntu/ar4_ros_driver/install/annin_ar4_moveit_config:/home/johnbuntu/ar4_ros_driver/install/annin_ar4_gazebo:/home/johnbuntu/ar4_ros_driver/install/annin_ar4_driver:/opt/ros/humble /usr/bin/cmake --build /home/johnbuntu/ar4_ros_driver/build/annin_ar4_driver -- -j8 -l8
[0.602s] DEBUG:colcon.colcon_core.event_handler.log_command:Invoking command in '/home/johnbuntu/ar4_ros_driver/build/annin_ar4_moveit_config': CMAKE_PREFIX_PATH=/home/johnbuntu/ar4_ros_driver/install/annin_ar4_description:/home/johnbuntu/ar4_ros_driver/install/moveit_servo:/home/johnbuntu/ar4_ros_driver/install/gorm_arm:/home/johnbuntu/ar4_ros_driver/install/annin_ar4_moveit_config:/home/johnbuntu/ar4_ros_driver/install/annin_ar4_gazebo:/home/johnbuntu/ar4_ros_driver/install/annin_ar4_driver:/opt/ros/humble /usr/bin/cmake --build /home/johnbuntu/ar4_ros_driver/build/annin_ar4_moveit_config -- -j8 -l8
[0.610s] DEBUG:colcon.colcon_core.event_handler.log_command:Invoking command in '/home/johnbuntu/ar4_ros_driver/build/gorm_arm': CMAKE_PREFIX_PATH=/home/johnbuntu/ar4_ros_driver/install/annin_ar4_description:/home/johnbuntu/ar4_ros_driver/install/moveit_servo:/home/johnbuntu/ar4_ros_driver/install/gorm_arm:/home/johnbuntu/ar4_ros_driver/install/annin_ar4_moveit_config:/home/johnbuntu/ar4_ros_driver/install/annin_ar4_gazebo:/home/johnbuntu/ar4_ros_driver/install/annin_ar4_driver:/opt/ros/humble /usr/bin/cmake --build /home/johnbuntu/ar4_ros_driver/build/gorm_arm -- -j8 -l8
[0.669s] DEBUG:colcon.colcon_core.event_handler.log_command:Invoked command in '/home/johnbuntu/ar4_ros_driver/build/annin_ar4_moveit_config' returned '0': CMAKE_PREFIX_PATH=/home/johnbuntu/ar4_ros_driver/install/annin_ar4_description:/home/johnbuntu/ar4_ros_driver/install/moveit_servo:/home/johnbuntu/ar4_ros_driver/install/gorm_arm:/home/johnbuntu/ar4_ros_driver/install/annin_ar4_moveit_config:/home/johnbuntu/ar4_ros_driver/install/annin_ar4_gazebo:/home/johnbuntu/ar4_ros_driver/install/annin_ar4_driver:/opt/ros/humble /usr/bin/cmake --build /home/johnbuntu/ar4_ros_driver/build/annin_ar4_moveit_config -- -j8 -l8
[0.670s] DEBUG:colcon.colcon_core.event_handler.log_command:Invoking command in '/home/johnbuntu/ar4_ros_driver/build/annin_ar4_moveit_config': CMAKE_PREFIX_PATH=/home/johnbuntu/ar4_ros_driver/install/annin_ar4_description:/home/johnbuntu/ar4_ros_driver/install/moveit_servo:/home/johnbuntu/ar4_ros_driver/install/gorm_arm:/home/johnbuntu/ar4_ros_driver/install/annin_ar4_moveit_config:/home/johnbuntu/ar4_ros_driver/install/annin_ar4_gazebo:/home/johnbuntu/ar4_ros_driver/install/annin_ar4_driver:/opt/ros/humble /usr/bin/cmake --install /home/johnbuntu/ar4_ros_driver/build/annin_ar4_moveit_config
[0.703s] Level 1:colcon.colcon_core.environment:create_environment_scripts_only(annin_ar4_moveit_config)
[0.704s] Level 1:colcon.colcon_core.environment:checking '/home/johnbuntu/ar4_ros_driver/install/annin_ar4_moveit_config' for CMake module files
[0.705s] Level 1:colcon.colcon_core.environment:checking '/home/johnbuntu/ar4_ros_driver/install/annin_ar4_moveit_config' for CMake config files
[0.706s] Level 1:colcon.colcon_core.shell:create_environment_hook('annin_ar4_moveit_config', 'cmake_prefix_path')
[0.706s] INFO:colcon.colcon_core.shell:Creating environment hook '/home/johnbuntu/ar4_ros_driver/install/annin_ar4_moveit_config/share/annin_ar4_moveit_config/hook/cmake_prefix_path.ps1'
[0.709s] DEBUG:colcon.colcon_core.event_handler.log_command:Invoked command in '/home/johnbuntu/ar4_ros_driver/build/annin_ar4_moveit_config' returned '0': CMAKE_PREFIX_PATH=/home/johnbuntu/ar4_ros_driver/install/annin_ar4_description:/home/johnbuntu/ar4_ros_driver/install/moveit_servo:/home/johnbuntu/ar4_ros_driver/install/gorm_arm:/home/johnbuntu/ar4_ros_driver/install/annin_ar4_moveit_config:/home/johnbuntu/ar4_ros_driver/install/annin_ar4_gazebo:/home/johnbuntu/ar4_ros_driver/install/annin_ar4_driver:/opt/ros/humble /usr/bin/cmake --install /home/johnbuntu/ar4_ros_driver/build/annin_ar4_moveit_config
[0.710s] INFO:colcon.colcon_core.shell:Creating environment descriptor '/home/johnbuntu/ar4_ros_driver/install/annin_ar4_moveit_config/share/annin_ar4_moveit_config/hook/cmake_prefix_path.dsv'
[0.710s] INFO:colcon.colcon_core.shell:Creating environment hook '/home/johnbuntu/ar4_ros_driver/install/annin_ar4_moveit_config/share/annin_ar4_moveit_config/hook/cmake_prefix_path.sh'
[0.712s] Level 1:colcon.colcon_core.environment:checking '/home/johnbuntu/ar4_ros_driver/install/annin_ar4_moveit_config/bin'
[0.712s] Level 1:colcon.colcon_core.environment:checking '/home/johnbuntu/ar4_ros_driver/install/annin_ar4_moveit_config/lib/pkgconfig/annin_ar4_moveit_config.pc'
[0.712s] Level 1:colcon.colcon_core.environment:checking '/home/johnbuntu/ar4_ros_driver/install/annin_ar4_moveit_config/lib/python3.10/site-packages'
[0.713s] Level 1:colcon.colcon_core.environment:checking '/home/johnbuntu/ar4_ros_driver/install/annin_ar4_moveit_config/bin'
[0.714s] INFO:colcon.colcon_core.shell:Creating package script '/home/johnbuntu/ar4_ros_driver/install/annin_ar4_moveit_config/share/annin_ar4_moveit_config/package.ps1'
[0.715s] INFO:colcon.colcon_core.shell:Creating package descriptor '/home/johnbuntu/ar4_ros_driver/install/annin_ar4_moveit_config/share/annin_ar4_moveit_config/package.dsv'
[0.717s] INFO:colcon.colcon_core.shell:Creating package script '/home/johnbuntu/ar4_ros_driver/install/annin_ar4_moveit_config/share/annin_ar4_moveit_config/package.sh'
[0.718s] INFO:colcon.colcon_core.shell:Creating package script '/home/johnbuntu/ar4_ros_driver/install/annin_ar4_moveit_config/share/annin_ar4_moveit_config/package.bash'
[0.720s] INFO:colcon.colcon_core.shell:Creating package script '/home/johnbuntu/ar4_ros_driver/install/annin_ar4_moveit_config/share/annin_ar4_moveit_config/package.zsh'
[0.722s] Level 1:colcon.colcon_core.environment:create_file_with_runtime_dependencies(/home/johnbuntu/ar4_ros_driver/install/annin_ar4_moveit_config/share/colcon-core/packages/annin_ar4_moveit_config)
[0.724s] Level 1:colcon.colcon_core.environment:create_environment_scripts_only(annin_ar4_moveit_config)
[0.724s] Level 1:colcon.colcon_core.environment:checking '/home/johnbuntu/ar4_ros_driver/install/annin_ar4_moveit_config' for CMake module files
[0.725s] Level 1:colcon.colcon_core.environment:checking '/home/johnbuntu/ar4_ros_driver/install/annin_ar4_moveit_config' for CMake config files
[0.726s] Level 1:colcon.colcon_core.shell:create_environment_hook('annin_ar4_moveit_config', 'cmake_prefix_path')
[0.726s] INFO:colcon.colcon_core.shell:Creating environment hook '/home/johnbuntu/ar4_ros_driver/install/annin_ar4_moveit_config/share/annin_ar4_moveit_config/hook/cmake_prefix_path.ps1'
[0.727s] INFO:colcon.colcon_core.shell:Creating environment descriptor '/home/johnbuntu/ar4_ros_driver/install/annin_ar4_moveit_config/share/annin_ar4_moveit_config/hook/cmake_prefix_path.dsv'
[0.728s] INFO:colcon.colcon_core.shell:Creating environment hook '/home/johnbuntu/ar4_ros_driver/install/annin_ar4_moveit_config/share/annin_ar4_moveit_config/hook/cmake_prefix_path.sh'
[0.729s] Level 1:colcon.colcon_core.environment:checking '/home/johnbuntu/ar4_ros_driver/install/annin_ar4_moveit_config/bin'
[0.729s] Level 1:colcon.colcon_core.environment:checking '/home/johnbuntu/ar4_ros_driver/install/annin_ar4_moveit_config/lib/pkgconfig/annin_ar4_moveit_config.pc'
[0.730s] Level 1:colcon.colcon_core.environment:checking '/home/johnbuntu/ar4_ros_driver/install/annin_ar4_moveit_config/lib/python3.10/site-packages'
[0.730s] Level 1:colcon.colcon_core.environment:checking '/home/johnbuntu/ar4_ros_driver/install/annin_ar4_moveit_config/bin'
[0.731s] INFO:colcon.colcon_core.shell:Creating package script '/home/johnbuntu/ar4_ros_driver/install/annin_ar4_moveit_config/share/annin_ar4_moveit_config/package.ps1'
[0.732s] INFO:colcon.colcon_core.shell:Creating package descriptor '/home/johnbuntu/ar4_ros_driver/install/annin_ar4_moveit_config/share/annin_ar4_moveit_config/package.dsv'
[0.733s] INFO:colcon.colcon_core.shell:Creating package script '/home/johnbuntu/ar4_ros_driver/install/annin_ar4_moveit_config/share/annin_ar4_moveit_config/package.sh'
[0.734s] INFO:colcon.colcon_core.shell:Creating package script '/home/johnbuntu/ar4_ros_driver/install/annin_ar4_moveit_config/share/annin_ar4_moveit_config/package.bash'
[0.735s] INFO:colcon.colcon_core.shell:Creating package script '/home/johnbuntu/ar4_ros_driver/install/annin_ar4_moveit_config/share/annin_ar4_moveit_config/package.zsh'
[0.737s] Level 1:colcon.colcon_core.environment:create_file_with_runtime_dependencies(/home/johnbuntu/ar4_ros_driver/install/annin_ar4_moveit_config/share/colcon-core/packages/annin_ar4_moveit_config)
[0.822s] DEBUG:colcon.colcon_core.event_handler.log_command:Invoked command in '/home/johnbuntu/ar4_ros_driver/build/moveit_servo' returned '0': CMAKE_PREFIX_PATH=${CMAKE_PREFIX_PATH}:/opt/ros/humble /usr/bin/cmake --build /home/johnbuntu/ar4_ros_driver/build/moveit_servo -- -j8 -l8
[0.825s] DEBUG:colcon.colcon_core.event_handler.log_command:Invoking command in '/home/johnbuntu/ar4_ros_driver/build/moveit_servo': CMAKE_PREFIX_PATH=${CMAKE_PREFIX_PATH}:/opt/ros/humble /usr/bin/cmake --install /home/johnbuntu/ar4_ros_driver/build/moveit_servo
[0.883s] DEBUG:colcon.colcon_core.event_handler.log_command:Invoked command in '/home/johnbuntu/ar4_ros_driver/build/annin_ar4_driver' returned '0': CMAKE_PREFIX_PATH=/home/johnbuntu/ar4_ros_driver/install/annin_ar4_description:/home/johnbuntu/ar4_ros_driver/install/moveit_servo:/home/johnbuntu/ar4_ros_driver/install/gorm_arm:/home/johnbuntu/ar4_ros_driver/install/annin_ar4_moveit_config:/home/johnbuntu/ar4_ros_driver/install/annin_ar4_gazebo:/home/johnbuntu/ar4_ros_driver/install/annin_ar4_driver:/opt/ros/humble /usr/bin/cmake --build /home/johnbuntu/ar4_ros_driver/build/annin_ar4_driver -- -j8 -l8
[0.884s] DEBUG:colcon.colcon_core.event_handler.log_command:Invoking command in '/home/johnbuntu/ar4_ros_driver/build/annin_ar4_driver': CMAKE_PREFIX_PATH=/home/johnbuntu/ar4_ros_driver/install/annin_ar4_description:/home/johnbuntu/ar4_ros_driver/install/moveit_servo:/home/johnbuntu/ar4_ros_driver/install/gorm_arm:/home/johnbuntu/ar4_ros_driver/install/annin_ar4_moveit_config:/home/johnbuntu/ar4_ros_driver/install/annin_ar4_gazebo:/home/johnbuntu/ar4_ros_driver/install/annin_ar4_driver:/opt/ros/humble /usr/bin/cmake --install /home/johnbuntu/ar4_ros_driver/build/annin_ar4_driver
[0.888s] Level 1:colcon.colcon_core.environment:create_environment_scripts_only(moveit_servo)
[0.890s] Level 1:colcon.colcon_core.environment:checking '/home/johnbuntu/ar4_ros_driver/install/moveit_servo' for CMake module files
[0.900s] DEBUG:colcon.colcon_core.event_handler.log_command:Invoked command in '/home/johnbuntu/ar4_ros_driver/build/moveit_servo' returned '0': CMAKE_PREFIX_PATH=${CMAKE_PREFIX_PATH}:/opt/ros/humble /usr/bin/cmake --install /home/johnbuntu/ar4_ros_driver/build/moveit_servo
[0.900s] Level 1:colcon.colcon_core.environment:checking '/home/johnbuntu/ar4_ros_driver/install/moveit_servo' for CMake config files
[0.901s] Level 1:colcon.colcon_core.shell:create_environment_hook('moveit_servo', 'cmake_prefix_path')
[0.901s] INFO:colcon.colcon_core.shell:Creating environment hook '/home/johnbuntu/ar4_ros_driver/install/moveit_servo/share/moveit_servo/hook/cmake_prefix_path.ps1'
[0.903s] INFO:colcon.colcon_core.shell:Creating environment descriptor '/home/johnbuntu/ar4_ros_driver/install/moveit_servo/share/moveit_servo/hook/cmake_prefix_path.dsv'
[0.907s] INFO:colcon.colcon_core.shell:Creating environment hook '/home/johnbuntu/ar4_ros_driver/install/moveit_servo/share/moveit_servo/hook/cmake_prefix_path.sh'
[0.909s] Level 1:colcon.colcon_core.environment:checking '/home/johnbuntu/ar4_ros_driver/install/moveit_servo/lib'
[0.910s] Level 1:colcon.colcon_core.shell:create_environment_hook('moveit_servo', 'ld_library_path_lib')
[0.917s] INFO:colcon.colcon_core.shell:Creating environment hook '/home/johnbuntu/ar4_ros_driver/install/moveit_servo/share/moveit_servo/hook/ld_library_path_lib.ps1'
[0.919s] INFO:colcon.colcon_core.shell:Creating environment descriptor '/home/johnbuntu/ar4_ros_driver/install/moveit_servo/share/moveit_servo/hook/ld_library_path_lib.dsv'
[0.920s] INFO:colcon.colcon_core.shell:Creating environment hook '/home/johnbuntu/ar4_ros_driver/install/moveit_servo/share/moveit_servo/hook/ld_library_path_lib.sh'
[0.923s] Level 1:colcon.colcon_core.environment:checking '/home/johnbuntu/ar4_ros_driver/install/moveit_servo/bin'
[0.925s] Level 1:colcon.colcon_core.environment:checking '/home/johnbuntu/ar4_ros_driver/install/moveit_servo/lib/pkgconfig/moveit_servo.pc'
[0.927s] Level 1:colcon.colcon_core.environment:checking '/home/johnbuntu/ar4_ros_driver/install/moveit_servo/lib/python3.10/site-packages'
[0.927s] Level 1:colcon.colcon_core.environment:checking '/home/johnbuntu/ar4_ros_driver/install/moveit_servo/bin'
[0.928s] INFO:colcon.colcon_core.shell:Creating package script '/home/johnbuntu/ar4_ros_driver/install/moveit_servo/share/moveit_servo/package.ps1'
[0.930s] INFO:colcon.colcon_core.shell:Creating package descriptor '/home/johnbuntu/ar4_ros_driver/install/moveit_servo/share/moveit_servo/package.dsv'
[0.932s] INFO:colcon.colcon_core.shell:Creating package script '/home/johnbuntu/ar4_ros_driver/install/moveit_servo/share/moveit_servo/package.sh'
[0.934s] INFO:colcon.colcon_core.shell:Creating package script '/home/johnbuntu/ar4_ros_driver/install/moveit_servo/share/moveit_servo/package.bash'
[0.935s] INFO:colcon.colcon_core.shell:Creating package script '/home/johnbuntu/ar4_ros_driver/install/moveit_servo/share/moveit_servo/package.zsh'
[0.936s] Level 1:colcon.colcon_core.environment:create_file_with_runtime_dependencies(/home/johnbuntu/ar4_ros_driver/install/moveit_servo/share/colcon-core/packages/moveit_servo)
[0.937s] Level 1:colcon.colcon_core.environment:create_environment_scripts_only(moveit_servo)
[0.938s] Level 1:colcon.colcon_core.environment:checking '/home/johnbuntu/ar4_ros_driver/install/moveit_servo' for CMake module files
[0.943s] Level 1:colcon.colcon_core.environment:checking '/home/johnbuntu/ar4_ros_driver/install/moveit_servo' for CMake config files
[0.944s] Level 1:colcon.colcon_core.shell:create_environment_hook('moveit_servo', 'cmake_prefix_path')
[0.945s] INFO:colcon.colcon_core.shell:Creating environment hook '/home/johnbuntu/ar4_ros_driver/install/moveit_servo/share/moveit_servo/hook/cmake_prefix_path.ps1'
[0.946s] INFO:colcon.colcon_core.shell:Creating environment descriptor '/home/johnbuntu/ar4_ros_driver/install/moveit_servo/share/moveit_servo/hook/cmake_prefix_path.dsv'
[0.948s] INFO:colcon.colcon_core.shell:Creating environment hook '/home/johnbuntu/ar4_ros_driver/install/moveit_servo/share/moveit_servo/hook/cmake_prefix_path.sh'
[0.949s] Level 1:colcon.colcon_core.environment:checking '/home/johnbuntu/ar4_ros_driver/install/moveit_servo/lib'
[0.949s] Level 1:colcon.colcon_core.shell:create_environment_hook('moveit_servo', 'ld_library_path_lib')
[0.950s] INFO:colcon.colcon_core.shell:Creating environment hook '/home/johnbuntu/ar4_ros_driver/install/moveit_servo/share/moveit_servo/hook/ld_library_path_lib.ps1'
[0.951s] INFO:colcon.colcon_core.shell:Creating environment descriptor '/home/johnbuntu/ar4_ros_driver/install/moveit_servo/share/moveit_servo/hook/ld_library_path_lib.dsv'
[0.951s] INFO:colcon.colcon_core.shell:Creating environment hook '/home/johnbuntu/ar4_ros_driver/install/moveit_servo/share/moveit_servo/hook/ld_library_path_lib.sh'
[0.952s] Level 1:colcon.colcon_core.environment:checking '/home/johnbuntu/ar4_ros_driver/install/moveit_servo/bin'
[0.952s] Level 1:colcon.colcon_core.environment:checking '/home/johnbuntu/ar4_ros_driver/install/moveit_servo/lib/pkgconfig/moveit_servo.pc'
[0.952s] Level 1:colcon.colcon_core.environment:checking '/home/johnbuntu/ar4_ros_driver/install/moveit_servo/lib/python3.10/site-packages'
[0.953s] Level 1:colcon.colcon_core.environment:checking '/home/johnbuntu/ar4_ros_driver/install/moveit_servo/bin'
[0.953s] INFO:colcon.colcon_core.shell:Creating package script '/home/johnbuntu/ar4_ros_driver/install/moveit_servo/share/moveit_servo/package.ps1'
[0.955s] INFO:colcon.colcon_core.shell:Creating package descriptor '/home/johnbuntu/ar4_ros_driver/install/moveit_servo/share/moveit_servo/package.dsv'
[0.956s] INFO:colcon.colcon_core.shell:Creating package script '/home/johnbuntu/ar4_ros_driver/install/moveit_servo/share/moveit_servo/package.sh'
[0.957s] INFO:colcon.colcon_core.shell:Creating package script '/home/johnbuntu/ar4_ros_driver/install/moveit_servo/share/moveit_servo/package.bash'
[0.959s] INFO:colcon.colcon_core.shell:Creating package script '/home/johnbuntu/ar4_ros_driver/install/moveit_servo/share/moveit_servo/package.zsh'
[0.959s] Level 1:colcon.colcon_core.environment:create_file_with_runtime_dependencies(/home/johnbuntu/ar4_ros_driver/install/moveit_servo/share/colcon-core/packages/moveit_servo)
[0.961s] Level 1:colcon.colcon_core.environment:create_environment_scripts_only(annin_ar4_driver)
[0.961s] Level 1:colcon.colcon_core.environment:checking '/home/johnbuntu/ar4_ros_driver/install/annin_ar4_driver' for CMake module files
[0.963s] DEBUG:colcon.colcon_core.event_handler.log_command:Invoked command in '/home/johnbuntu/ar4_ros_driver/build/annin_ar4_driver' returned '0': CMAKE_PREFIX_PATH=/home/johnbuntu/ar4_ros_driver/install/annin_ar4_description:/home/johnbuntu/ar4_ros_driver/install/moveit_servo:/home/johnbuntu/ar4_ros_driver/install/gorm_arm:/home/johnbuntu/ar4_ros_driver/install/annin_ar4_moveit_config:/home/johnbuntu/ar4_ros_driver/install/annin_ar4_gazebo:/home/johnbuntu/ar4_ros_driver/install/annin_ar4_driver:/opt/ros/humble /usr/bin/cmake --install /home/johnbuntu/ar4_ros_driver/build/annin_ar4_driver
[0.963s] Level 1:colcon.colcon_core.environment:checking '/home/johnbuntu/ar4_ros_driver/install/annin_ar4_driver' for CMake config files
[0.964s] Level 1:colcon.colcon_core.shell:create_environment_hook('annin_ar4_driver', 'cmake_prefix_path')
[0.965s] INFO:colcon.colcon_core.shell:Creating environment hook '/home/johnbuntu/ar4_ros_driver/install/annin_ar4_driver/share/annin_ar4_driver/hook/cmake_prefix_path.ps1'
[0.966s] INFO:colcon.colcon_core.shell:Creating environment descriptor '/home/johnbuntu/ar4_ros_driver/install/annin_ar4_driver/share/annin_ar4_driver/hook/cmake_prefix_path.dsv'
[0.967s] INFO:colcon.colcon_core.shell:Creating environment hook '/home/johnbuntu/ar4_ros_driver/install/annin_ar4_driver/share/annin_ar4_driver/hook/cmake_prefix_path.sh'
[0.968s] Level 1:colcon.colcon_core.environment:checking '/home/johnbuntu/ar4_ros_driver/install/annin_ar4_driver/lib'
[0.968s] Level 1:colcon.colcon_core.shell:create_environment_hook('annin_ar4_driver', 'ld_library_path_lib')
[0.969s] INFO:colcon.colcon_core.shell:Creating environment hook '/home/johnbuntu/ar4_ros_driver/install/annin_ar4_driver/share/annin_ar4_driver/hook/ld_library_path_lib.ps1'
[0.970s] INFO:colcon.colcon_core.shell:Creating environment descriptor '/home/johnbuntu/ar4_ros_driver/install/annin_ar4_driver/share/annin_ar4_driver/hook/ld_library_path_lib.dsv'
[0.970s] INFO:colcon.colcon_core.shell:Creating environment hook '/home/johnbuntu/ar4_ros_driver/install/annin_ar4_driver/share/annin_ar4_driver/hook/ld_library_path_lib.sh'
[0.971s] Level 1:colcon.colcon_core.environment:checking '/home/johnbuntu/ar4_ros_driver/install/annin_ar4_driver/bin'
[0.972s] Level 1:colcon.colcon_core.environment:checking '/home/johnbuntu/ar4_ros_driver/install/annin_ar4_driver/lib/pkgconfig/annin_ar4_driver.pc'
[0.973s] Level 1:colcon.colcon_core.environment:checking '/home/johnbuntu/ar4_ros_driver/install/annin_ar4_driver/lib/python3.10/site-packages'
[0.973s] Level 1:colcon.colcon_core.environment:checking '/home/johnbuntu/ar4_ros_driver/install/annin_ar4_driver/bin'
[0.974s] INFO:colcon.colcon_core.shell:Creating package script '/home/johnbuntu/ar4_ros_driver/install/annin_ar4_driver/share/annin_ar4_driver/package.ps1'
[0.976s] INFO:colcon.colcon_core.shell:Creating package descriptor '/home/johnbuntu/ar4_ros_driver/install/annin_ar4_driver/share/annin_ar4_driver/package.dsv'
[0.977s] INFO:colcon.colcon_core.shell:Creating package script '/home/johnbuntu/ar4_ros_driver/install/annin_ar4_driver/share/annin_ar4_driver/package.sh'
[0.978s] INFO:colcon.colcon_core.shell:Creating package script '/home/johnbuntu/ar4_ros_driver/install/annin_ar4_driver/share/annin_ar4_driver/package.bash'
[0.979s] INFO:colcon.colcon_core.shell:Creating package script '/home/johnbuntu/ar4_ros_driver/install/annin_ar4_driver/share/annin_ar4_driver/package.zsh'
[0.979s] Level 1:colcon.colcon_core.environment:create_file_with_runtime_dependencies(/home/johnbuntu/ar4_ros_driver/install/annin_ar4_driver/share/colcon-core/packages/annin_ar4_driver)
[0.981s] Level 1:colcon.colcon_core.environment:create_environment_scripts_only(annin_ar4_driver)
[0.981s] Level 1:colcon.colcon_core.environment:checking '/home/johnbuntu/ar4_ros_driver/install/annin_ar4_driver' for CMake module files
[0.982s] Level 1:colcon.colcon_core.environment:checking '/home/johnbuntu/ar4_ros_driver/install/annin_ar4_driver' for CMake config files
[0.983s] Level 1:colcon.colcon_core.shell:create_environment_hook('annin_ar4_driver', 'cmake_prefix_path')
[0.983s] INFO:colcon.colcon_core.shell:Creating environment hook '/home/johnbuntu/ar4_ros_driver/install/annin_ar4_driver/share/annin_ar4_driver/hook/cmake_prefix_path.ps1'
[0.984s] INFO:colcon.colcon_core.shell:Creating environment descriptor '/home/johnbuntu/ar4_ros_driver/install/annin_ar4_driver/share/annin_ar4_driver/hook/cmake_prefix_path.dsv'
[0.985s] INFO:colcon.colcon_core.shell:Creating environment hook '/home/johnbuntu/ar4_ros_driver/install/annin_ar4_driver/share/annin_ar4_driver/hook/cmake_prefix_path.sh'
[0.986s] Level 1:colcon.colcon_core.environment:checking '/home/johnbuntu/ar4_ros_driver/install/annin_ar4_driver/lib'
[0.986s] Level 1:colcon.colcon_core.shell:create_environment_hook('annin_ar4_driver', 'ld_library_path_lib')
[0.987s] INFO:colcon.colcon_core.shell:Creating environment hook '/home/johnbuntu/ar4_ros_driver/install/annin_ar4_driver/share/annin_ar4_driver/hook/ld_library_path_lib.ps1'
[0.987s] INFO:colcon.colcon_core.shell:Creating environment descriptor '/home/johnbuntu/ar4_ros_driver/install/annin_ar4_driver/share/annin_ar4_driver/hook/ld_library_path_lib.dsv'
[0.988s] INFO:colcon.colcon_core.shell:Creating environment hook '/home/johnbuntu/ar4_ros_driver/install/annin_ar4_driver/share/annin_ar4_driver/hook/ld_library_path_lib.sh'
[0.989s] Level 1:colcon.colcon_core.environment:checking '/home/johnbuntu/ar4_ros_driver/install/annin_ar4_driver/bin'
[0.990s] Level 1:colcon.colcon_core.environment:checking '/home/johnbuntu/ar4_ros_driver/install/annin_ar4_driver/lib/pkgconfig/annin_ar4_driver.pc'
[0.990s] Level 1:colcon.colcon_core.environment:checking '/home/johnbuntu/ar4_ros_driver/install/annin_ar4_driver/lib/python3.10/site-packages'
[0.991s] Level 1:colcon.colcon_core.environment:checking '/home/johnbuntu/ar4_ros_driver/install/annin_ar4_driver/bin'
[0.992s] INFO:colcon.colcon_core.shell:Creating package script '/home/johnbuntu/ar4_ros_driver/install/annin_ar4_driver/share/annin_ar4_driver/package.ps1'
[0.993s] INFO:colcon.colcon_core.shell:Creating package descriptor '/home/johnbuntu/ar4_ros_driver/install/annin_ar4_driver/share/annin_ar4_driver/package.dsv'
[0.994s] INFO:colcon.colcon_core.shell:Creating package script '/home/johnbuntu/ar4_ros_driver/install/annin_ar4_driver/share/annin_ar4_driver/package.sh'
[0.995s] INFO:colcon.colcon_core.shell:Creating package script '/home/johnbuntu/ar4_ros_driver/install/annin_ar4_driver/share/annin_ar4_driver/package.bash'
[0.996s] INFO:colcon.colcon_core.shell:Creating package script '/home/johnbuntu/ar4_ros_driver/install/annin_ar4_driver/share/annin_ar4_driver/package.zsh'
[0.997s] Level 1:colcon.colcon_core.environment:create_file_with_runtime_dependencies(/home/johnbuntu/ar4_ros_driver/install/annin_ar4_driver/share/colcon-core/packages/annin_ar4_driver)
[0.997s] INFO:colcon.colcon_ros.task.ament_cmake.build:Building ROS package in '/home/johnbuntu/ar4_ros_driver/annin_ar4_gazebo' with build type 'ament_cmake'
[0.998s] INFO:colcon.colcon_cmake.task.cmake.build:Building CMake package in '/home/johnbuntu/ar4_ros_driver/annin_ar4_gazebo'
[0.999s] INFO:colcon.colcon_core.shell:Skip shell extension 'powershell' for command environment: Not usable outside of PowerShell
[0.999s] DEBUG:colcon.colcon_core.shell:Skip shell extension 'dsv' for command environment
[1.019s] DEBUG:colcon.colcon_core.event_handler.log_command:Invoking command in '/home/johnbuntu/ar4_ros_driver/build/annin_ar4_gazebo': CMAKE_PREFIX_PATH=/home/johnbuntu/ar4_ros_driver/install/annin_ar4_driver:/home/johnbuntu/ar4_ros_driver/install/annin_ar4_description:/home/johnbuntu/ar4_ros_driver/install/moveit_servo:/home/johnbuntu/ar4_ros_driver/install/gorm_arm:/home/johnbuntu/ar4_ros_driver/install/annin_ar4_moveit_config:/home/johnbuntu/ar4_ros_driver/install/annin_ar4_gazebo:/opt/ros/humble LD_LIBRARY_PATH=/home/johnbuntu/ar4_ros_driver/install/annin_ar4_driver/lib:/home/johnbuntu/ar4_ros_driver/install/moveit_servo/lib:/home/johnbuntu/ar4_ros_driver/install/gorm_arm/lib:/opt/ros/humble/opt/rviz_ogre_vendor/lib:/opt/ros/humble/lib/x86_64-linux-gnu:/opt/ros/humble/lib /usr/bin/cmake --build /home/johnbuntu/ar4_ros_driver/build/annin_ar4_gazebo -- -j8 -l8
[1.068s] DEBUG:colcon.colcon_core.event_handler.log_command:Invoked command in '/home/johnbuntu/ar4_ros_driver/build/annin_ar4_gazebo' returned '0': CMAKE_PREFIX_PATH=/home/johnbuntu/ar4_ros_driver/install/annin_ar4_driver:/home/johnbuntu/ar4_ros_driver/install/annin_ar4_description:/home/johnbuntu/ar4_ros_driver/install/moveit_servo:/home/johnbuntu/ar4_ros_driver/install/gorm_arm:/home/johnbuntu/ar4_ros_driver/install/annin_ar4_moveit_config:/home/johnbuntu/ar4_ros_driver/install/annin_ar4_gazebo:/opt/ros/humble LD_LIBRARY_PATH=/home/johnbuntu/ar4_ros_driver/install/annin_ar4_driver/lib:/home/johnbuntu/ar4_ros_driver/install/moveit_servo/lib:/home/johnbuntu/ar4_ros_driver/install/gorm_arm/lib:/opt/ros/humble/opt/rviz_ogre_vendor/lib:/opt/ros/humble/lib/x86_64-linux-gnu:/opt/ros/humble/lib /usr/bin/cmake --build /home/johnbuntu/ar4_ros_driver/build/annin_ar4_gazebo -- -j8 -l8
[1.072s] DEBUG:colcon.colcon_core.event_handler.log_command:Invoking command in '/home/johnbuntu/ar4_ros_driver/build/annin_ar4_gazebo': CMAKE_PREFIX_PATH=/home/johnbuntu/ar4_ros_driver/install/annin_ar4_driver:/home/johnbuntu/ar4_ros_driver/install/annin_ar4_description:/home/johnbuntu/ar4_ros_driver/install/moveit_servo:/home/johnbuntu/ar4_ros_driver/install/gorm_arm:/home/johnbuntu/ar4_ros_driver/install/annin_ar4_moveit_config:/home/johnbuntu/ar4_ros_driver/install/annin_ar4_gazebo:/opt/ros/humble LD_LIBRARY_PATH=/home/johnbuntu/ar4_ros_driver/install/annin_ar4_driver/lib:/home/johnbuntu/ar4_ros_driver/install/moveit_servo/lib:/home/johnbuntu/ar4_ros_driver/install/gorm_arm/lib:/opt/ros/humble/opt/rviz_ogre_vendor/lib:/opt/ros/humble/lib/x86_64-linux-gnu:/opt/ros/humble/lib /usr/bin/cmake --install /home/johnbuntu/ar4_ros_driver/build/annin_ar4_gazebo
[1.086s] Level 1:colcon.colcon_core.environment:create_environment_scripts_only(annin_ar4_gazebo)
[1.086s] Level 1:colcon.colcon_core.environment:checking '/home/johnbuntu/ar4_ros_driver/install/annin_ar4_gazebo' for CMake module files
[1.087s] DEBUG:colcon.colcon_core.event_handler.log_command:Invoked command in '/home/johnbuntu/ar4_ros_driver/build/annin_ar4_gazebo' returned '0': CMAKE_PREFIX_PATH=/home/johnbuntu/ar4_ros_driver/install/annin_ar4_driver:/home/johnbuntu/ar4_ros_driver/install/annin_ar4_description:/home/johnbuntu/ar4_ros_driver/install/moveit_servo:/home/johnbuntu/ar4_ros_driver/install/gorm_arm:/home/johnbuntu/ar4_ros_driver/install/annin_ar4_moveit_config:/home/johnbuntu/ar4_ros_driver/install/annin_ar4_gazebo:/opt/ros/humble LD_LIBRARY_PATH=/home/johnbuntu/ar4_ros_driver/install/annin_ar4_driver/lib:/home/johnbuntu/ar4_ros_driver/install/moveit_servo/lib:/home/johnbuntu/ar4_ros_driver/install/gorm_arm/lib:/opt/ros/humble/opt/rviz_ogre_vendor/lib:/opt/ros/humble/lib/x86_64-linux-gnu:/opt/ros/humble/lib /usr/bin/cmake --install /home/johnbuntu/ar4_ros_driver/build/annin_ar4_gazebo
[1.087s] Level 1:colcon.colcon_core.environment:checking '/home/johnbuntu/ar4_ros_driver/install/annin_ar4_gazebo' for CMake config files
[1.087s] Level 1:colcon.colcon_core.shell:create_environment_hook('annin_ar4_gazebo', 'cmake_prefix_path')
[1.088s] INFO:colcon.colcon_core.shell:Creating environment hook '/home/johnbuntu/ar4_ros_driver/install/annin_ar4_gazebo/share/annin_ar4_gazebo/hook/cmake_prefix_path.ps1'
[1.088s] INFO:colcon.colcon_core.shell:Creating environment descriptor '/home/johnbuntu/ar4_ros_driver/install/annin_ar4_gazebo/share/annin_ar4_gazebo/hook/cmake_prefix_path.dsv'
[1.089s] INFO:colcon.colcon_core.shell:Creating environment hook '/home/johnbuntu/ar4_ros_driver/install/annin_ar4_gazebo/share/annin_ar4_gazebo/hook/cmake_prefix_path.sh'
[1.089s] Level 1:colcon.colcon_core.environment:checking '/home/johnbuntu/ar4_ros_driver/install/annin_ar4_gazebo/bin'
[1.090s] Level 1:colcon.colcon_core.environment:checking '/home/johnbuntu/ar4_ros_driver/install/annin_ar4_gazebo/lib/pkgconfig/annin_ar4_gazebo.pc'
[1.090s] Level 1:colcon.colcon_core.environment:checking '/home/johnbuntu/ar4_ros_driver/install/annin_ar4_gazebo/lib/python3.10/site-packages'
[1.090s] Level 1:colcon.colcon_core.environment:checking '/home/johnbuntu/ar4_ros_driver/install/annin_ar4_gazebo/bin'
[1.091s] INFO:colcon.colcon_core.shell:Creating package script '/home/johnbuntu/ar4_ros_driver/install/annin_ar4_gazebo/share/annin_ar4_gazebo/package.ps1'
[1.091s] INFO:colcon.colcon_core.shell:Creating package descriptor '/home/johnbuntu/ar4_ros_driver/install/annin_ar4_gazebo/share/annin_ar4_gazebo/package.dsv'
[1.092s] INFO:colcon.colcon_core.shell:Creating package script '/home/johnbuntu/ar4_ros_driver/install/annin_ar4_gazebo/share/annin_ar4_gazebo/package.sh'
[1.092s] INFO:colcon.colcon_core.shell:Creating package script '/home/johnbuntu/ar4_ros_driver/install/annin_ar4_gazebo/share/annin_ar4_gazebo/package.bash'
[1.092s] INFO:colcon.colcon_core.shell:Creating package script '/home/johnbuntu/ar4_ros_driver/install/annin_ar4_gazebo/share/annin_ar4_gazebo/package.zsh'
[1.093s] Level 1:colcon.colcon_core.environment:create_file_with_runtime_dependencies(/home/johnbuntu/ar4_ros_driver/install/annin_ar4_gazebo/share/colcon-core/packages/annin_ar4_gazebo)
[1.093s] Level 1:colcon.colcon_core.environment:create_environment_scripts_only(annin_ar4_gazebo)
[1.094s] Level 1:colcon.colcon_core.environment:checking '/home/johnbuntu/ar4_ros_driver/install/annin_ar4_gazebo' for CMake module files
[1.094s] Level 1:colcon.colcon_core.environment:checking '/home/johnbuntu/ar4_ros_driver/install/annin_ar4_gazebo' for CMake config files
[1.094s] Level 1:colcon.colcon_core.shell:create_environment_hook('annin_ar4_gazebo', 'cmake_prefix_path')
[1.095s] INFO:colcon.colcon_core.shell:Creating environment hook '/home/johnbuntu/ar4_ros_driver/install/annin_ar4_gazebo/share/annin_ar4_gazebo/hook/cmake_prefix_path.ps1'
[1.095s] INFO:colcon.colcon_core.shell:Creating environment descriptor '/home/johnbuntu/ar4_ros_driver/install/annin_ar4_gazebo/share/annin_ar4_gazebo/hook/cmake_prefix_path.dsv'
[1.095s] INFO:colcon.colcon_core.shell:Creating environment hook '/home/johnbuntu/ar4_ros_driver/install/annin_ar4_gazebo/share/annin_ar4_gazebo/hook/cmake_prefix_path.sh'
[1.096s] Level 1:colcon.colcon_core.environment:checking '/home/johnbuntu/ar4_ros_driver/install/annin_ar4_gazebo/bin'
[1.096s] Level 1:colcon.colcon_core.environment:checking '/home/johnbuntu/ar4_ros_driver/install/annin_ar4_gazebo/lib/pkgconfig/annin_ar4_gazebo.pc'
[1.096s] Level 1:colcon.colcon_core.environment:checking '/home/johnbuntu/ar4_ros_driver/install/annin_ar4_gazebo/lib/python3.10/site-packages'
[1.097s] Level 1:colcon.colcon_core.environment:checking '/home/johnbuntu/ar4_ros_driver/install/annin_ar4_gazebo/bin'
[1.097s] INFO:colcon.colcon_core.shell:Creating package script '/home/johnbuntu/ar4_ros_driver/install/annin_ar4_gazebo/share/annin_ar4_gazebo/package.ps1'
[1.098s] INFO:colcon.colcon_core.shell:Creating package descriptor '/home/johnbuntu/ar4_ros_driver/install/annin_ar4_gazebo/share/annin_ar4_gazebo/package.dsv'
[1.098s] INFO:colcon.colcon_core.shell:Creating package script '/home/johnbuntu/ar4_ros_driver/install/annin_ar4_gazebo/share/annin_ar4_gazebo/package.sh'
[1.099s] INFO:colcon.colcon_core.shell:Creating package script '/home/johnbuntu/ar4_ros_driver/install/annin_ar4_gazebo/share/annin_ar4_gazebo/package.bash'
[1.099s] INFO:colcon.colcon_core.shell:Creating package script '/home/johnbuntu/ar4_ros_driver/install/annin_ar4_gazebo/share/annin_ar4_gazebo/package.zsh'
[1.100s] Level 1:colcon.colcon_core.environment:create_file_with_runtime_dependencies(/home/johnbuntu/ar4_ros_driver/install/annin_ar4_gazebo/share/colcon-core/packages/annin_ar4_gazebo)
[7.558s] DEBUG:colcon.colcon_core.event_handler.log_command:Invoked command in '/home/johnbuntu/ar4_ros_driver/build/gorm_arm' returned '2': CMAKE_PREFIX_PATH=/home/johnbuntu/ar4_ros_driver/install/annin_ar4_description:/home/johnbuntu/ar4_ros_driver/install/moveit_servo:/home/johnbuntu/ar4_ros_driver/install/gorm_arm:/home/johnbuntu/ar4_ros_driver/install/annin_ar4_moveit_config:/home/johnbuntu/ar4_ros_driver/install/annin_ar4_gazebo:/home/johnbuntu/ar4_ros_driver/install/annin_ar4_driver:/opt/ros/humble /usr/bin/cmake --build /home/johnbuntu/ar4_ros_driver/build/gorm_arm -- -j8 -l8
[7.559s] Level 1:colcon.colcon_core.environment:create_environment_scripts_only(gorm_arm)
[7.559s] Level 1:colcon.colcon_core.environment:checking '/home/johnbuntu/ar4_ros_driver/install/gorm_arm' for CMake module files
[7.560s] Level 1:colcon.colcon_core.environment:checking '/home/johnbuntu/ar4_ros_driver/install/gorm_arm' for CMake config files
[7.560s] Level 1:colcon.colcon_core.shell:create_environment_hook('gorm_arm', 'cmake_prefix_path')
[7.560s] INFO:colcon.colcon_core.shell:Creating environment hook '/home/johnbuntu/ar4_ros_driver/install/gorm_arm/share/gorm_arm/hook/cmake_prefix_path.ps1'
[7.561s] INFO:colcon.colcon_core.shell:Creating environment descriptor '/home/johnbuntu/ar4_ros_driver/install/gorm_arm/share/gorm_arm/hook/cmake_prefix_path.dsv'
[7.561s] INFO:colcon.colcon_core.shell:Creating environment hook '/home/johnbuntu/ar4_ros_driver/install/gorm_arm/share/gorm_arm/hook/cmake_prefix_path.sh'
[7.562s] Level 1:colcon.colcon_core.environment:checking '/home/johnbuntu/ar4_ros_driver/install/gorm_arm/lib'
[7.562s] Level 1:colcon.colcon_core.shell:create_environment_hook('gorm_arm', 'ld_library_path_lib')
[7.563s] INFO:colcon.colcon_core.shell:Creating environment hook '/home/johnbuntu/ar4_ros_driver/install/gorm_arm/share/gorm_arm/hook/ld_library_path_lib.ps1'
[7.563s] INFO:colcon.colcon_core.shell:Creating environment descriptor '/home/johnbuntu/ar4_ros_driver/install/gorm_arm/share/gorm_arm/hook/ld_library_path_lib.dsv'
[7.563s] INFO:colcon.colcon_core.shell:Creating environment hook '/home/johnbuntu/ar4_ros_driver/install/gorm_arm/share/gorm_arm/hook/ld_library_path_lib.sh'
[7.564s] Level 1:colcon.colcon_core.environment:checking '/home/johnbuntu/ar4_ros_driver/install/gorm_arm/bin'
[7.564s] Level 1:colcon.colcon_core.environment:checking '/home/johnbuntu/ar4_ros_driver/install/gorm_arm/lib/pkgconfig/gorm_arm.pc'
[7.564s] Level 1:colcon.colcon_core.environment:checking '/home/johnbuntu/ar4_ros_driver/install/gorm_arm/lib/python3.10/site-packages'
[7.564s] Level 1:colcon.colcon_core.environment:checking '/home/johnbuntu/ar4_ros_driver/install/gorm_arm/bin'
[7.565s] INFO:colcon.colcon_core.shell:Creating package script '/home/johnbuntu/ar4_ros_driver/install/gorm_arm/share/gorm_arm/package.ps1'
[7.565s] INFO:colcon.colcon_core.shell:Creating package descriptor '/home/johnbuntu/ar4_ros_driver/install/gorm_arm/share/gorm_arm/package.dsv'
[7.566s] INFO:colcon.colcon_core.shell:Creating package script '/home/johnbuntu/ar4_ros_driver/install/gorm_arm/share/gorm_arm/package.sh'
[7.566s] INFO:colcon.colcon_core.shell:Creating package script '/home/johnbuntu/ar4_ros_driver/install/gorm_arm/share/gorm_arm/package.bash'
[7.567s] INFO:colcon.colcon_core.shell:Creating package script '/home/johnbuntu/ar4_ros_driver/install/gorm_arm/share/gorm_arm/package.zsh'
[7.567s] Level 1:colcon.colcon_core.environment:create_file_with_runtime_dependencies(/home/johnbuntu/ar4_ros_driver/install/gorm_arm/share/colcon-core/packages/gorm_arm)
[7.578s] DEBUG:colcon.colcon_parallel_executor.executor.parallel:closing loop
[7.578s] DEBUG:colcon.colcon_parallel_executor.executor.parallel:loop closed
[7.578s] DEBUG:colcon.colcon_parallel_executor.executor.parallel:run_until_complete finished with '2'
[7.578s] DEBUG:colcon.colcon_core.event_reactor:joining thread
[7.585s] INFO:colcon.colcon_core.plugin_system:Skipping extension 'colcon_notification.desktop_notification.terminal_notifier': Not used on non-Darwin systems
[7.585s] INFO:colcon.colcon_core.plugin_system:Skipping extension 'colcon_notification.desktop_notification.win32': Not used on non-Windows systems
[7.585s] INFO:colcon.colcon_notification.desktop_notification:Sending desktop notification using 'notify2'
[7.598s] DEBUG:colcon.colcon_core.event_reactor:joined thread
[7.599s] INFO:colcon.colcon_core.shell:Creating prefix script '/home/johnbuntu/ar4_ros_driver/install/local_setup.ps1'
[7.600s] INFO:colcon.colcon_core.shell:Creating prefix util module '/home/johnbuntu/ar4_ros_driver/install/_local_setup_util_ps1.py'
[7.602s] INFO:colcon.colcon_core.shell:Creating prefix chain script '/home/johnbuntu/ar4_ros_driver/install/setup.ps1'
[7.604s] INFO:colcon.colcon_core.shell:Creating prefix script '/home/johnbuntu/ar4_ros_driver/install/local_setup.sh'
[7.604s] INFO:colcon.colcon_core.shell:Creating prefix util module '/home/johnbuntu/ar4_ros_driver/install/_local_setup_util_sh.py'
[7.605s] INFO:colcon.colcon_core.shell:Creating prefix chain script '/home/johnbuntu/ar4_ros_driver/install/setup.sh'
[7.606s] INFO:colcon.colcon_core.shell:Creating prefix script '/home/johnbuntu/ar4_ros_driver/install/local_setup.bash'
[7.607s] INFO:colcon.colcon_core.shell:Creating prefix chain script '/home/johnbuntu/ar4_ros_driver/install/setup.bash'
[7.609s] INFO:colcon.colcon_core.shell:Creating prefix script '/home/johnbuntu/ar4_ros_driver/install/local_setup.zsh'
[7.611s] INFO:colcon.colcon_core.shell:Creating prefix chain script '/home/johnbuntu/ar4_ros_driver/install/setup.zsh'
