[0.012s] Invoking command in '/home/johnbuntu/ar4_ros_driver/build/moveit_servo': CMAKE_PREFIX_PATH=${CMAKE_PREFIX_PATH}:/opt/ros/humble /usr/bin/cmake --build /home/johnbuntu/ar4_ros_driver/build/moveit_servo -- -j8 -l8
[0.061s] [35m[1mConsolidate compiler generated dependencies of target servo_controller_input[0m
[0.071s] [  6%] Built target gtest
[0.074s] [ 12%] Built target gtest_main
[0.076s] [ 18%] Built target fake_command_publisher
[0.084s] [ 21%] [32mBuilding CXX object CMakeFiles/servo_controller_input.dir/src/teleop_demo/joystick_servo_example.cpp.o[0m
[0.090s] [ 30%] Built target moveit_servo_lib_parameters
[0.133s] [ 36%] Built target test_servo_integration
[0.142s] [ 42%] Built target test_servo_collision
[0.150s] [ 60%] Built target moveit_servo_lib
[0.213s] [ 66%] Built target servo_node
[0.213s] [ 72%] Built target pose_tracking
[0.215s] [ 78%] Built target servo_calcs_unit_tests
[0.274s] [ 84%] Built target servo_pose_tracking_demo
[0.276s] [ 90%] Built target servo_node_main
[0.284s] [ 96%] Built target test_servo_pose_tracking
[10.074s] [100%] [32m[1mLinking CXX shared library libservo_controller_input.so[0m
[10.533s] [100%] Built target servo_controller_input
[10.543s] Invoked command in '/home/johnbuntu/ar4_ros_driver/build/moveit_servo' returned '0': CMAKE_PREFIX_PATH=${CMAKE_PREFIX_PATH}:/opt/ros/humble /usr/bin/cmake --build /home/johnbuntu/ar4_ros_driver/build/moveit_servo -- -j8 -l8
[10.544s] Invoking command in '/home/johnbuntu/ar4_ros_driver/build/moveit_servo': CMAKE_PREFIX_PATH=${CMAKE_PREFIX_PATH}:/opt/ros/humble /usr/bin/cmake --install /home/johnbuntu/ar4_ros_driver/build/moveit_servo
[10.550s] -- Install configuration: "Release"
[10.550s] -- Up-to-date: /home/johnbuntu/ar4_ros_driver/install/moveit_servo/lib/libmoveit_servo_lib.so.2.5.9
[10.551s] -- Up-to-date: /home/johnbuntu/ar4_ros_driver/install/moveit_servo/lib/libmoveit_servo_lib.so
[10.551s] -- Up-to-date: /home/johnbuntu/ar4_ros_driver/install/moveit_servo/lib/libmoveit_servo_lib_parameters.so.2.5.9
[10.551s] -- Up-to-date: /home/johnbuntu/ar4_ros_driver/install/moveit_servo/lib/libmoveit_servo_lib_parameters.so
[10.551s] -- Up-to-date: /home/johnbuntu/ar4_ros_driver/install/moveit_servo/lib/libpose_tracking.so
[10.551s] -- Up-to-date: /home/johnbuntu/ar4_ros_driver/install/moveit_servo/lib/libservo_node.so
[10.551s] -- Installing: /home/johnbuntu/ar4_ros_driver/install/moveit_servo/lib/libservo_controller_input.so
[10.552s] -- Set runtime path of "/home/johnbuntu/ar4_ros_driver/install/moveit_servo/lib/libservo_controller_input.so" to ""
[10.552s] -- Up-to-date: /home/johnbuntu/ar4_ros_driver/install/moveit_servo/lib/moveit_servo/servo_node_main
[10.552s] -- Up-to-date: /home/johnbuntu/ar4_ros_driver/install/moveit_servo/lib/moveit_servo/servo_pose_tracking_demo
[10.553s] -- Up-to-date: /home/johnbuntu/ar4_ros_driver/install/moveit_servo/lib/moveit_servo/fake_command_publisher
[10.553s] -- Up-to-date: /home/johnbuntu/ar4_ros_driver/install/moveit_servo/include
[10.553s] -- Up-to-date: /home/johnbuntu/ar4_ros_driver/install/moveit_servo/include/moveit_servo
[10.553s] -- Up-to-date: /home/johnbuntu/ar4_ros_driver/install/moveit_servo/include/moveit_servo/pose_tracking.h
[10.553s] -- Up-to-date: /home/johnbuntu/ar4_ros_driver/install/moveit_servo/include/moveit_servo/servo_server.h
[10.553s] -- Up-to-date: /home/johnbuntu/ar4_ros_driver/install/moveit_servo/include/moveit_servo/servo_parameters.h
[10.553s] -- Up-to-date: /home/johnbuntu/ar4_ros_driver/install/moveit_servo/include/moveit_servo/make_shared_from_pool.h
[10.553s] -- Up-to-date: /home/johnbuntu/ar4_ros_driver/install/moveit_servo/include/moveit_servo/enforce_limits.hpp
[10.554s] -- Up-to-date: /home/johnbuntu/ar4_ros_driver/install/moveit_servo/include/moveit_servo/servo_node.h
[10.554s] -- Up-to-date: /home/johnbuntu/ar4_ros_driver/install/moveit_servo/include/moveit_servo/servo.h
[10.554s] -- Up-to-date: /home/johnbuntu/ar4_ros_driver/install/moveit_servo/include/moveit_servo/status_codes.h
[10.554s] -- Up-to-date: /home/johnbuntu/ar4_ros_driver/install/moveit_servo/include/moveit_servo/servo_calcs.h
[10.554s] -- Up-to-date: /home/johnbuntu/ar4_ros_driver/install/moveit_servo/include/moveit_servo/utilities.h
[10.554s] -- Up-to-date: /home/johnbuntu/ar4_ros_driver/install/moveit_servo/include/moveit_servo/parameter_descriptor_builder.hpp
[10.554s] -- Up-to-date: /home/johnbuntu/ar4_ros_driver/install/moveit_servo/include/moveit_servo/collision_check.h
[10.554s] -- Up-to-date: /home/johnbuntu/ar4_ros_driver/install/moveit_servo/share/moveit_servo/launch
[10.554s] -- Up-to-date: /home/johnbuntu/ar4_ros_driver/install/moveit_servo/share/moveit_servo/launch/pose_tracking_example.launch.py
[10.554s] -- Up-to-date: /home/johnbuntu/ar4_ros_driver/install/moveit_servo/share/moveit_servo/launch/servo_example.launch.py
[10.554s] -- Up-to-date: /home/johnbuntu/ar4_ros_driver/install/moveit_servo/share/moveit_servo/config
[10.554s] -- Up-to-date: /home/johnbuntu/ar4_ros_driver/install/moveit_servo/share/moveit_servo/config/demo_rviz_pose_tracking.rviz
[10.555s] -- Up-to-date: /home/johnbuntu/ar4_ros_driver/install/moveit_servo/share/moveit_servo/config/panda_simulated_config_pose_tracking.yaml
[10.555s] -- Up-to-date: /home/johnbuntu/ar4_ros_driver/install/moveit_servo/share/moveit_servo/config/panda_simulated_config.yaml
[10.555s] -- Up-to-date: /home/johnbuntu/ar4_ros_driver/install/moveit_servo/share/moveit_servo/config/pose_tracking_settings.yaml
[10.555s] -- Up-to-date: /home/johnbuntu/ar4_ros_driver/install/moveit_servo/share/moveit_servo/config/demo_rviz_config.rviz
[10.555s] -- Up-to-date: /home/johnbuntu/ar4_ros_driver/install/moveit_servo/share/moveit_servo/environment/library_path.sh
[10.555s] -- Up-to-date: /home/johnbuntu/ar4_ros_driver/install/moveit_servo/share/moveit_servo/environment/library_path.dsv
[10.555s] -- Up-to-date: /home/johnbuntu/ar4_ros_driver/install/moveit_servo/share/ament_index/resource_index/package_run_dependencies/moveit_servo
[10.555s] -- Up-to-date: /home/johnbuntu/ar4_ros_driver/install/moveit_servo/share/ament_index/resource_index/parent_prefix_path/moveit_servo
[10.556s] -- Up-to-date: /home/johnbuntu/ar4_ros_driver/install/moveit_servo/share/moveit_servo/environment/ament_prefix_path.sh
[10.556s] -- Up-to-date: /home/johnbuntu/ar4_ros_driver/install/moveit_servo/share/moveit_servo/environment/ament_prefix_path.dsv
[10.556s] -- Up-to-date: /home/johnbuntu/ar4_ros_driver/install/moveit_servo/share/moveit_servo/environment/path.sh
[10.556s] -- Up-to-date: /home/johnbuntu/ar4_ros_driver/install/moveit_servo/share/moveit_servo/environment/path.dsv
[10.556s] -- Up-to-date: /home/johnbuntu/ar4_ros_driver/install/moveit_servo/share/moveit_servo/local_setup.bash
[10.556s] -- Up-to-date: /home/johnbuntu/ar4_ros_driver/install/moveit_servo/share/moveit_servo/local_setup.sh
[10.556s] -- Up-to-date: /home/johnbuntu/ar4_ros_driver/install/moveit_servo/share/moveit_servo/local_setup.zsh
[10.556s] -- Up-to-date: /home/johnbuntu/ar4_ros_driver/install/moveit_servo/share/moveit_servo/local_setup.dsv
[10.557s] -- Installing: /home/johnbuntu/ar4_ros_driver/install/moveit_servo/share/moveit_servo/package.dsv
[10.557s] -- Up-to-date: /home/johnbuntu/ar4_ros_driver/install/moveit_servo/share/ament_index/resource_index/packages/moveit_servo
[10.557s] -- Up-to-date: /home/johnbuntu/ar4_ros_driver/install/moveit_servo/share/ament_index/resource_index/rclcpp_components/moveit_servo
[10.557s] -- Up-to-date: /home/johnbuntu/ar4_ros_driver/install/moveit_servo/share/moveit_servo/cmake/export_moveit_servoExport.cmake
[10.557s] -- Up-to-date: /home/johnbuntu/ar4_ros_driver/install/moveit_servo/share/moveit_servo/cmake/export_moveit_servoExport-release.cmake
[10.557s] -- Up-to-date: /home/johnbuntu/ar4_ros_driver/install/moveit_servo/share/moveit_servo/cmake/ament_cmake_export_targets-extras.cmake
[10.557s] -- Up-to-date: /home/johnbuntu/ar4_ros_driver/install/moveit_servo/share/moveit_servo/cmake/ament_cmake_export_dependencies-extras.cmake
[10.557s] -- Up-to-date: /home/johnbuntu/ar4_ros_driver/install/moveit_servo/share/moveit_servo/cmake/moveit_servoConfig.cmake
[10.557s] -- Up-to-date: /home/johnbuntu/ar4_ros_driver/install/moveit_servo/share/moveit_servo/cmake/moveit_servoConfig-version.cmake
[10.558s] -- Up-to-date: /home/johnbuntu/ar4_ros_driver/install/moveit_servo/share/moveit_servo/package.xml
[10.558s] Invoked command in '/home/johnbuntu/ar4_ros_driver/build/moveit_servo' returned '0': CMAKE_PREFIX_PATH=${CMAKE_PREFIX_PATH}:/opt/ros/humble /usr/bin/cmake --install /home/johnbuntu/ar4_ros_driver/build/moveit_servo
