[0.090s] DEBUG:colcon:Command line arguments: ['/usr/bin/colcon', 'build']
[0.090s] DEBUG:colcon:Parsed command line arguments: Namespace(log_base=None, log_level=None, verb_name='build', build_base='build', install_base='install', merge_install=False, symlink_install=False, test_result_base=None, continue_on_error=False, executor='parallel', parallel_workers=8, event_handlers=None, ignore_user_meta=False, metas=['./colcon.meta'], base_paths=['.'], packages_ignore=None, packages_ignore_regex=None, paths=None, packages_up_to=None, packages_up_to_regex=None, packages_above=None, packages_above_and_dependencies=None, packages_above_depth=None, packages_select_by_dep=None, packages_skip_by_dep=None, packages_skip_up_to=None, packages_select_build_failed=False, packages_skip_build_finished=False, packages_select_test_failures=False, packages_skip_test_passed=False, packages_select=None, packages_skip=None, packages_select_regex=None, packages_skip_regex=None, packages_start=None, packages_end=None, allow_overriding=[], cmake_args=None, cmake_target=None, cmake_target_skip_unavailable=False, cmake_clean_cache=False, cmake_clean_first=False, cmake_force_configure=False, ament_cmake_args=None, catkin_cmake_args=None, catkin_skip_building_tests=False, mixin_files=None, mixin=None, verb_parser=<colcon_mixin.mixin.mixin_argument.MixinArgumentDecorator object at 0x705c84e52710>, verb_extension=<colcon_core.verb.build.BuildVerb object at 0x705c84e520b0>, main=<bound method BuildVerb.main of <colcon_core.verb.build.BuildVerb object at 0x705c84e520b0>>, mixin_verb=('build',))
[0.236s] Level 1:colcon.colcon_core.package_discovery:discover_packages(colcon_meta) check parameters
[0.236s] Level 1:colcon.colcon_core.package_discovery:discover_packages(recursive) check parameters
[0.236s] Level 1:colcon.colcon_core.package_discovery:discover_packages(ignore) check parameters
[0.236s] Level 1:colcon.colcon_core.package_discovery:discover_packages(path) check parameters
[0.236s] Level 1:colcon.colcon_core.package_discovery:discover_packages(colcon_meta) discover
[0.236s] Level 1:colcon.colcon_core.package_discovery:discover_packages(recursive) discover
[0.236s] INFO:colcon.colcon_core.package_discovery:Crawling recursively for packages in '/home/johnbuntu/ar4_ros_driver'
[0.236s] Level 1:colcon.colcon_core.package_identification:_identify(.) by extensions ['ignore', 'ignore_ament_install']
[0.236s] Level 1:colcon.colcon_core.package_identification:_identify(.) by extension 'ignore'
[0.236s] Level 1:colcon.colcon_core.package_identification:_identify(.) by extension 'ignore_ament_install'
[0.236s] Level 1:colcon.colcon_core.package_identification:_identify(.) by extensions ['colcon_pkg']
[0.237s] Level 1:colcon.colcon_core.package_identification:_identify(.) by extension 'colcon_pkg'
[0.237s] Level 1:colcon.colcon_core.package_identification:_identify(.) by extensions ['colcon_meta']
[0.237s] Level 1:colcon.colcon_core.package_identification:_identify(.) by extension 'colcon_meta'
[0.237s] Level 1:colcon.colcon_core.package_identification:_identify(.) by extensions ['ros']
[0.237s] Level 1:colcon.colcon_core.package_identification:_identify(.) by extension 'ros'
[0.246s] Level 1:colcon.colcon_core.package_identification:_identify(.) by extensions ['cmake', 'python']
[0.246s] Level 1:colcon.colcon_core.package_identification:_identify(.) by extension 'cmake'
[0.246s] Level 1:colcon.colcon_core.package_identification:_identify(.) by extension 'python'
[0.246s] Level 1:colcon.colcon_core.package_identification:_identify(.) by extensions ['python_setup_py']
[0.246s] Level 1:colcon.colcon_core.package_identification:_identify(.) by extension 'python_setup_py'
[0.246s] Level 1:colcon.colcon_core.package_identification:_identify(annin_ar4_description) by extensions ['ignore', 'ignore_ament_install']
[0.246s] Level 1:colcon.colcon_core.package_identification:_identify(annin_ar4_description) by extension 'ignore'
[0.246s] Level 1:colcon.colcon_core.package_identification:_identify(annin_ar4_description) by extension 'ignore_ament_install'
[0.246s] Level 1:colcon.colcon_core.package_identification:_identify(annin_ar4_description) by extensions ['colcon_pkg']
[0.246s] Level 1:colcon.colcon_core.package_identification:_identify(annin_ar4_description) by extension 'colcon_pkg'
[0.246s] Level 1:colcon.colcon_core.package_identification:_identify(annin_ar4_description) by extensions ['colcon_meta']
[0.246s] Level 1:colcon.colcon_core.package_identification:_identify(annin_ar4_description) by extension 'colcon_meta'
[0.246s] Level 1:colcon.colcon_core.package_identification:_identify(annin_ar4_description) by extensions ['ros']
[0.246s] Level 1:colcon.colcon_core.package_identification:_identify(annin_ar4_description) by extension 'ros'
[0.249s] DEBUG:colcon.colcon_core.package_identification:Package 'annin_ar4_description' with type 'ros.ament_cmake' and name 'annin_ar4_description'
[0.249s] Level 1:colcon.colcon_core.package_identification:_identify(annin_ar4_driver) by extensions ['ignore', 'ignore_ament_install']
[0.249s] Level 1:colcon.colcon_core.package_identification:_identify(annin_ar4_driver) by extension 'ignore'
[0.249s] Level 1:colcon.colcon_core.package_identification:_identify(annin_ar4_driver) by extension 'ignore_ament_install'
[0.249s] Level 1:colcon.colcon_core.package_identification:_identify(annin_ar4_driver) by extensions ['colcon_pkg']
[0.249s] Level 1:colcon.colcon_core.package_identification:_identify(annin_ar4_driver) by extension 'colcon_pkg'
[0.249s] Level 1:colcon.colcon_core.package_identification:_identify(annin_ar4_driver) by extensions ['colcon_meta']
[0.249s] Level 1:colcon.colcon_core.package_identification:_identify(annin_ar4_driver) by extension 'colcon_meta'
[0.249s] Level 1:colcon.colcon_core.package_identification:_identify(annin_ar4_driver) by extensions ['ros']
[0.249s] Level 1:colcon.colcon_core.package_identification:_identify(annin_ar4_driver) by extension 'ros'
[0.250s] DEBUG:colcon.colcon_core.package_identification:Package 'annin_ar4_driver' with type 'ros.ament_cmake' and name 'annin_ar4_driver'
[0.250s] Level 1:colcon.colcon_core.package_identification:_identify(annin_ar4_firmware) by extensions ['ignore', 'ignore_ament_install']
[0.250s] Level 1:colcon.colcon_core.package_identification:_identify(annin_ar4_firmware) by extension 'ignore'
[0.251s] Level 1:colcon.colcon_core.package_identification:_identify(annin_ar4_firmware) by extension 'ignore_ament_install'
[0.251s] Level 1:colcon.colcon_core.package_identification:_identify(annin_ar4_firmware) by extensions ['colcon_pkg']
[0.251s] Level 1:colcon.colcon_core.package_identification:_identify(annin_ar4_firmware) by extension 'colcon_pkg'
[0.251s] Level 1:colcon.colcon_core.package_identification:_identify(annin_ar4_firmware) by extensions ['colcon_meta']
[0.251s] Level 1:colcon.colcon_core.package_identification:_identify(annin_ar4_firmware) by extension 'colcon_meta'
[0.251s] Level 1:colcon.colcon_core.package_identification:_identify(annin_ar4_firmware) by extensions ['ros']
[0.251s] Level 1:colcon.colcon_core.package_identification:_identify(annin_ar4_firmware) by extension 'ros'
[0.251s] Level 1:colcon.colcon_core.package_identification:_identify(annin_ar4_firmware) by extensions ['cmake', 'python']
[0.251s] Level 1:colcon.colcon_core.package_identification:_identify(annin_ar4_firmware) by extension 'cmake'
[0.251s] Level 1:colcon.colcon_core.package_identification:_identify(annin_ar4_firmware) by extension 'python'
[0.251s] Level 1:colcon.colcon_core.package_identification:_identify(annin_ar4_firmware) by extensions ['python_setup_py']
[0.251s] Level 1:colcon.colcon_core.package_identification:_identify(annin_ar4_firmware) by extension 'python_setup_py'
[0.251s] Level 1:colcon.colcon_core.package_identification:_identify(annin_ar4_firmware/AR4_nano) by extensions ['ignore', 'ignore_ament_install']
[0.251s] Level 1:colcon.colcon_core.package_identification:_identify(annin_ar4_firmware/AR4_nano) by extension 'ignore'
[0.251s] Level 1:colcon.colcon_core.package_identification:_identify(annin_ar4_firmware/AR4_nano) by extension 'ignore_ament_install'
[0.251s] Level 1:colcon.colcon_core.package_identification:_identify(annin_ar4_firmware/AR4_nano) by extensions ['colcon_pkg']
[0.251s] Level 1:colcon.colcon_core.package_identification:_identify(annin_ar4_firmware/AR4_nano) by extension 'colcon_pkg'
[0.251s] Level 1:colcon.colcon_core.package_identification:_identify(annin_ar4_firmware/AR4_nano) by extensions ['colcon_meta']
[0.251s] Level 1:colcon.colcon_core.package_identification:_identify(annin_ar4_firmware/AR4_nano) by extension 'colcon_meta'
[0.251s] Level 1:colcon.colcon_core.package_identification:_identify(annin_ar4_firmware/AR4_nano) by extensions ['ros']
[0.251s] Level 1:colcon.colcon_core.package_identification:_identify(annin_ar4_firmware/AR4_nano) by extension 'ros'
[0.251s] Level 1:colcon.colcon_core.package_identification:_identify(annin_ar4_firmware/AR4_nano) by extensions ['cmake', 'python']
[0.251s] Level 1:colcon.colcon_core.package_identification:_identify(annin_ar4_firmware/AR4_nano) by extension 'cmake'
[0.252s] Level 1:colcon.colcon_core.package_identification:_identify(annin_ar4_firmware/AR4_nano) by extension 'python'
[0.252s] Level 1:colcon.colcon_core.package_identification:_identify(annin_ar4_firmware/AR4_nano) by extensions ['python_setup_py']
[0.252s] Level 1:colcon.colcon_core.package_identification:_identify(annin_ar4_firmware/AR4_nano) by extension 'python_setup_py'
[0.252s] Level 1:colcon.colcon_core.package_identification:_identify(annin_ar4_firmware/AR4_teensy) by extensions ['ignore', 'ignore_ament_install']
[0.252s] Level 1:colcon.colcon_core.package_identification:_identify(annin_ar4_firmware/AR4_teensy) by extension 'ignore'
[0.252s] Level 1:colcon.colcon_core.package_identification:_identify(annin_ar4_firmware/AR4_teensy) by extension 'ignore_ament_install'
[0.252s] Level 1:colcon.colcon_core.package_identification:_identify(annin_ar4_firmware/AR4_teensy) by extensions ['colcon_pkg']
[0.252s] Level 1:colcon.colcon_core.package_identification:_identify(annin_ar4_firmware/AR4_teensy) by extension 'colcon_pkg'
[0.252s] Level 1:colcon.colcon_core.package_identification:_identify(annin_ar4_firmware/AR4_teensy) by extensions ['colcon_meta']
[0.252s] Level 1:colcon.colcon_core.package_identification:_identify(annin_ar4_firmware/AR4_teensy) by extension 'colcon_meta'
[0.252s] Level 1:colcon.colcon_core.package_identification:_identify(annin_ar4_firmware/AR4_teensy) by extensions ['ros']
[0.252s] Level 1:colcon.colcon_core.package_identification:_identify(annin_ar4_firmware/AR4_teensy) by extension 'ros'
[0.252s] Level 1:colcon.colcon_core.package_identification:_identify(annin_ar4_firmware/AR4_teensy) by extensions ['cmake', 'python']
[0.252s] Level 1:colcon.colcon_core.package_identification:_identify(annin_ar4_firmware/AR4_teensy) by extension 'cmake'
[0.252s] Level 1:colcon.colcon_core.package_identification:_identify(annin_ar4_firmware/AR4_teensy) by extension 'python'
[0.252s] Level 1:colcon.colcon_core.package_identification:_identify(annin_ar4_firmware/AR4_teensy) by extensions ['python_setup_py']
[0.252s] Level 1:colcon.colcon_core.package_identification:_identify(annin_ar4_firmware/AR4_teensy) by extension 'python_setup_py'
[0.252s] Level 1:colcon.colcon_core.package_identification:_identify(annin_ar4_gazebo) by extensions ['ignore', 'ignore_ament_install']
[0.252s] Level 1:colcon.colcon_core.package_identification:_identify(annin_ar4_gazebo) by extension 'ignore'
[0.252s] Level 1:colcon.colcon_core.package_identification:_identify(annin_ar4_gazebo) by extension 'ignore_ament_install'
[0.252s] Level 1:colcon.colcon_core.package_identification:_identify(annin_ar4_gazebo) by extensions ['colcon_pkg']
[0.252s] Level 1:colcon.colcon_core.package_identification:_identify(annin_ar4_gazebo) by extension 'colcon_pkg'
[0.253s] Level 1:colcon.colcon_core.package_identification:_identify(annin_ar4_gazebo) by extensions ['colcon_meta']
[0.253s] Level 1:colcon.colcon_core.package_identification:_identify(annin_ar4_gazebo) by extension 'colcon_meta'
[0.253s] Level 1:colcon.colcon_core.package_identification:_identify(annin_ar4_gazebo) by extensions ['ros']
[0.253s] Level 1:colcon.colcon_core.package_identification:_identify(annin_ar4_gazebo) by extension 'ros'
[0.253s] DEBUG:colcon.colcon_core.package_identification:Package 'annin_ar4_gazebo' with type 'ros.ament_cmake' and name 'annin_ar4_gazebo'
[0.253s] Level 1:colcon.colcon_core.package_identification:_identify(annin_ar4_moveit_config) by extensions ['ignore', 'ignore_ament_install']
[0.253s] Level 1:colcon.colcon_core.package_identification:_identify(annin_ar4_moveit_config) by extension 'ignore'
[0.253s] Level 1:colcon.colcon_core.package_identification:_identify(annin_ar4_moveit_config) by extension 'ignore_ament_install'
[0.253s] Level 1:colcon.colcon_core.package_identification:_identify(annin_ar4_moveit_config) by extensions ['colcon_pkg']
[0.253s] Level 1:colcon.colcon_core.package_identification:_identify(annin_ar4_moveit_config) by extension 'colcon_pkg'
[0.253s] Level 1:colcon.colcon_core.package_identification:_identify(annin_ar4_moveit_config) by extensions ['colcon_meta']
[0.253s] Level 1:colcon.colcon_core.package_identification:_identify(annin_ar4_moveit_config) by extension 'colcon_meta'
[0.253s] Level 1:colcon.colcon_core.package_identification:_identify(annin_ar4_moveit_config) by extensions ['ros']
[0.253s] Level 1:colcon.colcon_core.package_identification:_identify(annin_ar4_moveit_config) by extension 'ros'
[0.254s] DEBUG:colcon.colcon_core.package_identification:Package 'annin_ar4_moveit_config' with type 'ros.ament_cmake' and name 'annin_ar4_moveit_config'
[0.254s] Level 1:colcon.colcon_core.package_identification:_identify(build) by extensions ['ignore', 'ignore_ament_install']
[0.254s] Level 1:colcon.colcon_core.package_identification:_identify(build) by extension 'ignore'
[0.254s] Level 1:colcon.colcon_core.package_identification:_identify(build) ignored
[0.254s] Level 1:colcon.colcon_core.package_identification:_identify(gorm_arm) by extensions ['ignore', 'ignore_ament_install']
[0.254s] Level 1:colcon.colcon_core.package_identification:_identify(gorm_arm) by extension 'ignore'
[0.254s] Level 1:colcon.colcon_core.package_identification:_identify(gorm_arm) by extension 'ignore_ament_install'
[0.254s] Level 1:colcon.colcon_core.package_identification:_identify(gorm_arm) by extensions ['colcon_pkg']
[0.255s] Level 1:colcon.colcon_core.package_identification:_identify(gorm_arm) by extension 'colcon_pkg'
[0.255s] Level 1:colcon.colcon_core.package_identification:_identify(gorm_arm) by extensions ['colcon_meta']
[0.255s] Level 1:colcon.colcon_core.package_identification:_identify(gorm_arm) by extension 'colcon_meta'
[0.255s] Level 1:colcon.colcon_core.package_identification:_identify(gorm_arm) by extensions ['ros']
[0.255s] Level 1:colcon.colcon_core.package_identification:_identify(gorm_arm) by extension 'ros'
[0.255s] DEBUG:colcon.colcon_core.package_identification:Package 'gorm_arm' with type 'ros.ament_cmake' and name 'gorm_arm'
[0.255s] Level 1:colcon.colcon_core.package_identification:_identify(install) by extensions ['ignore', 'ignore_ament_install']
[0.255s] Level 1:colcon.colcon_core.package_identification:_identify(install) by extension 'ignore'
[0.255s] Level 1:colcon.colcon_core.package_identification:_identify(install) ignored
[0.255s] Level 1:colcon.colcon_core.package_identification:_identify(johnsfiles) by extensions ['ignore', 'ignore_ament_install']
[0.256s] Level 1:colcon.colcon_core.package_identification:_identify(johnsfiles) by extension 'ignore'
[0.256s] Level 1:colcon.colcon_core.package_identification:_identify(johnsfiles) by extension 'ignore_ament_install'
[0.256s] Level 1:colcon.colcon_core.package_identification:_identify(johnsfiles) by extensions ['colcon_pkg']
[0.256s] Level 1:colcon.colcon_core.package_identification:_identify(johnsfiles) by extension 'colcon_pkg'
[0.256s] Level 1:colcon.colcon_core.package_identification:_identify(johnsfiles) by extensions ['colcon_meta']
[0.256s] Level 1:colcon.colcon_core.package_identification:_identify(johnsfiles) by extension 'colcon_meta'
[0.256s] Level 1:colcon.colcon_core.package_identification:_identify(johnsfiles) by extensions ['ros']
[0.256s] Level 1:colcon.colcon_core.package_identification:_identify(johnsfiles) by extension 'ros'
[0.256s] Level 1:colcon.colcon_core.package_identification:_identify(johnsfiles) by extensions ['cmake', 'python']
[0.256s] Level 1:colcon.colcon_core.package_identification:_identify(johnsfiles) by extension 'cmake'
[0.256s] Level 1:colcon.colcon_core.package_identification:_identify(johnsfiles) by extension 'python'
[0.256s] Level 1:colcon.colcon_core.package_identification:_identify(johnsfiles) by extensions ['python_setup_py']
[0.256s] Level 1:colcon.colcon_core.package_identification:_identify(johnsfiles) by extension 'python_setup_py'
[0.256s] Level 1:colcon.colcon_core.package_identification:_identify(log) by extensions ['ignore', 'ignore_ament_install']
[0.256s] Level 1:colcon.colcon_core.package_identification:_identify(log) by extension 'ignore'
[0.256s] Level 1:colcon.colcon_core.package_identification:_identify(log) ignored
[0.256s] Level 1:colcon.colcon_core.package_identification:_identify(moveit_servo) by extensions ['ignore', 'ignore_ament_install']
[0.256s] Level 1:colcon.colcon_core.package_identification:_identify(moveit_servo) by extension 'ignore'
[0.256s] Level 1:colcon.colcon_core.package_identification:_identify(moveit_servo) by extension 'ignore_ament_install'
[0.256s] Level 1:colcon.colcon_core.package_identification:_identify(moveit_servo) by extensions ['colcon_pkg']
[0.256s] Level 1:colcon.colcon_core.package_identification:_identify(moveit_servo) by extension 'colcon_pkg'
[0.256s] Level 1:colcon.colcon_core.package_identification:_identify(moveit_servo) by extensions ['colcon_meta']
[0.257s] Level 1:colcon.colcon_core.package_identification:_identify(moveit_servo) by extension 'colcon_meta'
[0.257s] Level 1:colcon.colcon_core.package_identification:_identify(moveit_servo) by extensions ['ros']
[0.257s] Level 1:colcon.colcon_core.package_identification:_identify(moveit_servo) by extension 'ros'
[0.259s] DEBUG:colcon.colcon_core.package_identification:Package 'moveit_servo' with type 'ros.ament_cmake' and name 'moveit_servo'
[0.259s] Level 1:colcon.colcon_core.package_discovery:discover_packages(recursive) using defaults
[0.259s] Level 1:colcon.colcon_core.package_discovery:discover_packages(ignore) discover
[0.259s] Level 1:colcon.colcon_core.package_discovery:discover_packages(ignore) using defaults
[0.259s] Level 1:colcon.colcon_core.package_discovery:discover_packages(path) discover
[0.259s] Level 1:colcon.colcon_core.package_discovery:discover_packages(path) using defaults
[0.285s] Level 1:colcon.colcon_core.package_discovery:discover_packages(prefix_path) check parameters
[0.285s] Level 1:colcon.colcon_core.package_discovery:discover_packages(prefix_path) discover
[0.287s] DEBUG:colcon.colcon_installed_package_information.package_discovery:Found 6 installed packages in /home/johnbuntu/ar4_ros_driver/install
[0.288s] DEBUG:colcon.colcon_installed_package_information.package_discovery:Found 341 installed packages in /opt/ros/humble
[0.289s] Level 1:colcon.colcon_core.package_discovery:discover_packages(prefix_path) using defaults
[0.327s] Level 5:colcon.colcon_core.verb:set package 'annin_ar4_description' build argument 'cmake_args' from command line to 'None'
[0.327s] Level 5:colcon.colcon_core.verb:set package 'annin_ar4_description' build argument 'cmake_target' from command line to 'None'
[0.327s] Level 5:colcon.colcon_core.verb:set package 'annin_ar4_description' build argument 'cmake_target_skip_unavailable' from command line to 'False'
[0.327s] Level 5:colcon.colcon_core.verb:set package 'annin_ar4_description' build argument 'cmake_clean_cache' from command line to 'False'
[0.327s] Level 5:colcon.colcon_core.verb:set package 'annin_ar4_description' build argument 'cmake_clean_first' from command line to 'False'
[0.327s] Level 5:colcon.colcon_core.verb:set package 'annin_ar4_description' build argument 'cmake_force_configure' from command line to 'False'
[0.327s] Level 5:colcon.colcon_core.verb:set package 'annin_ar4_description' build argument 'ament_cmake_args' from command line to 'None'
[0.327s] Level 5:colcon.colcon_core.verb:set package 'annin_ar4_description' build argument 'catkin_cmake_args' from command line to 'None'
[0.327s] Level 5:colcon.colcon_core.verb:set package 'annin_ar4_description' build argument 'catkin_skip_building_tests' from command line to 'False'
[0.327s] DEBUG:colcon.colcon_core.verb:Building package 'annin_ar4_description' with the following arguments: {'ament_cmake_args': None, 'build_base': '/home/johnbuntu/ar4_ros_driver/build/annin_ar4_description', 'catkin_cmake_args': None, 'catkin_skip_building_tests': False, 'cmake_args': None, 'cmake_clean_cache': False, 'cmake_clean_first': False, 'cmake_force_configure': False, 'cmake_target': None, 'cmake_target_skip_unavailable': False, 'install_base': '/home/johnbuntu/ar4_ros_driver/install/annin_ar4_description', 'merge_install': False, 'path': '/home/johnbuntu/ar4_ros_driver/annin_ar4_description', 'symlink_install': False, 'test_result_base': None}
[0.327s] Level 5:colcon.colcon_core.verb:set package 'moveit_servo' build argument 'cmake_args' from command line to 'None'
[0.327s] Level 5:colcon.colcon_core.verb:set package 'moveit_servo' build argument 'cmake_target' from command line to 'None'
[0.327s] Level 5:colcon.colcon_core.verb:set package 'moveit_servo' build argument 'cmake_target_skip_unavailable' from command line to 'False'
[0.327s] Level 5:colcon.colcon_core.verb:set package 'moveit_servo' build argument 'cmake_clean_cache' from command line to 'False'
[0.328s] Level 5:colcon.colcon_core.verb:set package 'moveit_servo' build argument 'cmake_clean_first' from command line to 'False'
[0.328s] Level 5:colcon.colcon_core.verb:set package 'moveit_servo' build argument 'cmake_force_configure' from command line to 'False'
[0.328s] Level 5:colcon.colcon_core.verb:set package 'moveit_servo' build argument 'ament_cmake_args' from command line to 'None'
[0.328s] Level 5:colcon.colcon_core.verb:set package 'moveit_servo' build argument 'catkin_cmake_args' from command line to 'None'
[0.328s] Level 5:colcon.colcon_core.verb:set package 'moveit_servo' build argument 'catkin_skip_building_tests' from command line to 'False'
[0.328s] DEBUG:colcon.colcon_core.verb:Building package 'moveit_servo' with the following arguments: {'ament_cmake_args': None, 'build_base': '/home/johnbuntu/ar4_ros_driver/build/moveit_servo', 'catkin_cmake_args': None, 'catkin_skip_building_tests': False, 'cmake_args': None, 'cmake_clean_cache': False, 'cmake_clean_first': False, 'cmake_force_configure': False, 'cmake_target': None, 'cmake_target_skip_unavailable': False, 'install_base': '/home/johnbuntu/ar4_ros_driver/install/moveit_servo', 'merge_install': False, 'path': '/home/johnbuntu/ar4_ros_driver/moveit_servo', 'symlink_install': False, 'test_result_base': None}
[0.328s] Level 5:colcon.colcon_core.verb:set package 'annin_ar4_driver' build argument 'cmake_args' from command line to 'None'
[0.328s] Level 5:colcon.colcon_core.verb:set package 'annin_ar4_driver' build argument 'cmake_target' from command line to 'None'
[0.328s] Level 5:colcon.colcon_core.verb:set package 'annin_ar4_driver' build argument 'cmake_target_skip_unavailable' from command line to 'False'
[0.328s] Level 5:colcon.colcon_core.verb:set package 'annin_ar4_driver' build argument 'cmake_clean_cache' from command line to 'False'
[0.328s] Level 5:colcon.colcon_core.verb:set package 'annin_ar4_driver' build argument 'cmake_clean_first' from command line to 'False'
[0.328s] Level 5:colcon.colcon_core.verb:set package 'annin_ar4_driver' build argument 'cmake_force_configure' from command line to 'False'
[0.328s] Level 5:colcon.colcon_core.verb:set package 'annin_ar4_driver' build argument 'ament_cmake_args' from command line to 'None'
[0.328s] Level 5:colcon.colcon_core.verb:set package 'annin_ar4_driver' build argument 'catkin_cmake_args' from command line to 'None'
[0.328s] Level 5:colcon.colcon_core.verb:set package 'annin_ar4_driver' build argument 'catkin_skip_building_tests' from command line to 'False'
[0.328s] DEBUG:colcon.colcon_core.verb:Building package 'annin_ar4_driver' with the following arguments: {'ament_cmake_args': None, 'build_base': '/home/johnbuntu/ar4_ros_driver/build/annin_ar4_driver', 'catkin_cmake_args': None, 'catkin_skip_building_tests': False, 'cmake_args': None, 'cmake_clean_cache': False, 'cmake_clean_first': False, 'cmake_force_configure': False, 'cmake_target': None, 'cmake_target_skip_unavailable': False, 'install_base': '/home/johnbuntu/ar4_ros_driver/install/annin_ar4_driver', 'merge_install': False, 'path': '/home/johnbuntu/ar4_ros_driver/annin_ar4_driver', 'symlink_install': False, 'test_result_base': None}
[0.328s] Level 5:colcon.colcon_core.verb:set package 'annin_ar4_moveit_config' build argument 'cmake_args' from command line to 'None'
[0.328s] Level 5:colcon.colcon_core.verb:set package 'annin_ar4_moveit_config' build argument 'cmake_target' from command line to 'None'
[0.328s] Level 5:colcon.colcon_core.verb:set package 'annin_ar4_moveit_config' build argument 'cmake_target_skip_unavailable' from command line to 'False'
[0.329s] Level 5:colcon.colcon_core.verb:set package 'annin_ar4_moveit_config' build argument 'cmake_clean_cache' from command line to 'False'
[0.329s] Level 5:colcon.colcon_core.verb:set package 'annin_ar4_moveit_config' build argument 'cmake_clean_first' from command line to 'False'
[0.329s] Level 5:colcon.colcon_core.verb:set package 'annin_ar4_moveit_config' build argument 'cmake_force_configure' from command line to 'False'
[0.329s] Level 5:colcon.colcon_core.verb:set package 'annin_ar4_moveit_config' build argument 'ament_cmake_args' from command line to 'None'
[0.329s] Level 5:colcon.colcon_core.verb:set package 'annin_ar4_moveit_config' build argument 'catkin_cmake_args' from command line to 'None'
[0.329s] Level 5:colcon.colcon_core.verb:set package 'annin_ar4_moveit_config' build argument 'catkin_skip_building_tests' from command line to 'False'
[0.329s] DEBUG:colcon.colcon_core.verb:Building package 'annin_ar4_moveit_config' with the following arguments: {'ament_cmake_args': None, 'build_base': '/home/johnbuntu/ar4_ros_driver/build/annin_ar4_moveit_config', 'catkin_cmake_args': None, 'catkin_skip_building_tests': False, 'cmake_args': None, 'cmake_clean_cache': False, 'cmake_clean_first': False, 'cmake_force_configure': False, 'cmake_target': None, 'cmake_target_skip_unavailable': False, 'install_base': '/home/johnbuntu/ar4_ros_driver/install/annin_ar4_moveit_config', 'merge_install': False, 'path': '/home/johnbuntu/ar4_ros_driver/annin_ar4_moveit_config', 'symlink_install': False, 'test_result_base': None}
[0.329s] Level 5:colcon.colcon_core.verb:set package 'gorm_arm' build argument 'cmake_args' from command line to 'None'
[0.329s] Level 5:colcon.colcon_core.verb:set package 'gorm_arm' build argument 'cmake_target' from command line to 'None'
[0.329s] Level 5:colcon.colcon_core.verb:set package 'gorm_arm' build argument 'cmake_target_skip_unavailable' from command line to 'False'
[0.329s] Level 5:colcon.colcon_core.verb:set package 'gorm_arm' build argument 'cmake_clean_cache' from command line to 'False'
[0.329s] Level 5:colcon.colcon_core.verb:set package 'gorm_arm' build argument 'cmake_clean_first' from command line to 'False'
[0.329s] Level 5:colcon.colcon_core.verb:set package 'gorm_arm' build argument 'cmake_force_configure' from command line to 'False'
[0.329s] Level 5:colcon.colcon_core.verb:set package 'gorm_arm' build argument 'ament_cmake_args' from command line to 'None'
[0.329s] Level 5:colcon.colcon_core.verb:set package 'gorm_arm' build argument 'catkin_cmake_args' from command line to 'None'
[0.329s] Level 5:colcon.colcon_core.verb:set package 'gorm_arm' build argument 'catkin_skip_building_tests' from command line to 'False'
[0.329s] DEBUG:colcon.colcon_core.verb:Building package 'gorm_arm' with the following arguments: {'ament_cmake_args': None, 'build_base': '/home/johnbuntu/ar4_ros_driver/build/gorm_arm', 'catkin_cmake_args': None, 'catkin_skip_building_tests': False, 'cmake_args': None, 'cmake_clean_cache': False, 'cmake_clean_first': False, 'cmake_force_configure': False, 'cmake_target': None, 'cmake_target_skip_unavailable': False, 'install_base': '/home/johnbuntu/ar4_ros_driver/install/gorm_arm', 'merge_install': False, 'path': '/home/johnbuntu/ar4_ros_driver/gorm_arm', 'symlink_install': False, 'test_result_base': None}
[0.329s] Level 5:colcon.colcon_core.verb:set package 'annin_ar4_gazebo' build argument 'cmake_args' from command line to 'None'
[0.329s] Level 5:colcon.colcon_core.verb:set package 'annin_ar4_gazebo' build argument 'cmake_target' from command line to 'None'
[0.329s] Level 5:colcon.colcon_core.verb:set package 'annin_ar4_gazebo' build argument 'cmake_target_skip_unavailable' from command line to 'False'
[0.329s] Level 5:colcon.colcon_core.verb:set package 'annin_ar4_gazebo' build argument 'cmake_clean_cache' from command line to 'False'
[0.329s] Level 5:colcon.colcon_core.verb:set package 'annin_ar4_gazebo' build argument 'cmake_clean_first' from command line to 'False'
[0.329s] Level 5:colcon.colcon_core.verb:set package 'annin_ar4_gazebo' build argument 'cmake_force_configure' from command line to 'False'
[0.329s] Level 5:colcon.colcon_core.verb:set package 'annin_ar4_gazebo' build argument 'ament_cmake_args' from command line to 'None'
[0.330s] Level 5:colcon.colcon_core.verb:set package 'annin_ar4_gazebo' build argument 'catkin_cmake_args' from command line to 'None'
[0.330s] Level 5:colcon.colcon_core.verb:set package 'annin_ar4_gazebo' build argument 'catkin_skip_building_tests' from command line to 'False'
[0.330s] DEBUG:colcon.colcon_core.verb:Building package 'annin_ar4_gazebo' with the following arguments: {'ament_cmake_args': None, 'build_base': '/home/johnbuntu/ar4_ros_driver/build/annin_ar4_gazebo', 'catkin_cmake_args': None, 'catkin_skip_building_tests': False, 'cmake_args': None, 'cmake_clean_cache': False, 'cmake_clean_first': False, 'cmake_force_configure': False, 'cmake_target': None, 'cmake_target_skip_unavailable': False, 'install_base': '/home/johnbuntu/ar4_ros_driver/install/annin_ar4_gazebo', 'merge_install': False, 'path': '/home/johnbuntu/ar4_ros_driver/annin_ar4_gazebo', 'symlink_install': False, 'test_result_base': None}
[0.330s] INFO:colcon.colcon_core.executor:Executing jobs using 'parallel' executor
[0.331s] DEBUG:colcon.colcon_parallel_executor.executor.parallel:run_until_complete
[0.331s] INFO:colcon.colcon_ros.task.ament_cmake.build:Building ROS package in '/home/johnbuntu/ar4_ros_driver/annin_ar4_description' with build type 'ament_cmake'
[0.331s] INFO:colcon.colcon_cmake.task.cmake.build:Building CMake package in '/home/johnbuntu/ar4_ros_driver/annin_ar4_description'
[0.333s] INFO:colcon.colcon_core.plugin_system:Skipping extension 'colcon_core.shell.bat': Not used on non-Windows systems
[0.333s] INFO:colcon.colcon_core.shell:Skip shell extension 'powershell' for command environment: Not usable outside of PowerShell
[0.333s] DEBUG:colcon.colcon_core.shell:Skip shell extension 'dsv' for command environment
[0.336s] INFO:colcon.colcon_ros.task.ament_cmake.build:Building ROS package in '/home/johnbuntu/ar4_ros_driver/moveit_servo' with build type 'ament_cmake'
[0.336s] INFO:colcon.colcon_cmake.task.cmake.build:Building CMake package in '/home/johnbuntu/ar4_ros_driver/moveit_servo'
[0.337s] INFO:colcon.colcon_core.shell:Skip shell extension 'powershell' for command environment: Not usable outside of PowerShell
[0.337s] DEBUG:colcon.colcon_core.shell:Skip shell extension 'dsv' for command environment
[0.343s] DEBUG:colcon.colcon_core.event_handler.log_command:Invoking command in '/home/johnbuntu/ar4_ros_driver/build/annin_ar4_description': CMAKE_PREFIX_PATH=${CMAKE_PREFIX_PATH}:/opt/ros/humble /usr/bin/cmake --build /home/johnbuntu/ar4_ros_driver/build/annin_ar4_description -- -j8 -l8
[0.349s] DEBUG:colcon.colcon_core.event_handler.log_command:Invoking command in '/home/johnbuntu/ar4_ros_driver/build/moveit_servo': CMAKE_PREFIX_PATH=${CMAKE_PREFIX_PATH}:/opt/ros/humble /usr/bin/cmake --build /home/johnbuntu/ar4_ros_driver/build/moveit_servo -- -j8 -l8
[0.382s] DEBUG:colcon.colcon_core.event_handler.log_command:Invoked command in '/home/johnbuntu/ar4_ros_driver/build/annin_ar4_description' returned '0': CMAKE_PREFIX_PATH=${CMAKE_PREFIX_PATH}:/opt/ros/humble /usr/bin/cmake --build /home/johnbuntu/ar4_ros_driver/build/annin_ar4_description -- -j8 -l8
[0.392s] DEBUG:colcon.colcon_core.event_handler.log_command:Invoking command in '/home/johnbuntu/ar4_ros_driver/build/annin_ar4_description': CMAKE_PREFIX_PATH=${CMAKE_PREFIX_PATH}:/opt/ros/humble /usr/bin/cmake --install /home/johnbuntu/ar4_ros_driver/build/annin_ar4_description
[0.407s] Level 1:colcon.colcon_core.environment:create_environment_scripts_only(annin_ar4_description)
[0.409s] DEBUG:colcon.colcon_core.event_handler.log_command:Invoked command in '/home/johnbuntu/ar4_ros_driver/build/annin_ar4_description' returned '0': CMAKE_PREFIX_PATH=${CMAKE_PREFIX_PATH}:/opt/ros/humble /usr/bin/cmake --install /home/johnbuntu/ar4_ros_driver/build/annin_ar4_description
[0.412s] Level 1:colcon.colcon_core.environment:checking '/home/johnbuntu/ar4_ros_driver/install/annin_ar4_description' for CMake module files
[0.412s] Level 1:colcon.colcon_core.environment:checking '/home/johnbuntu/ar4_ros_driver/install/annin_ar4_description' for CMake config files
[0.413s] Level 1:colcon.colcon_core.shell:create_environment_hook('annin_ar4_description', 'cmake_prefix_path')
[0.413s] INFO:colcon.colcon_core.shell:Creating environment hook '/home/johnbuntu/ar4_ros_driver/install/annin_ar4_description/share/annin_ar4_description/hook/cmake_prefix_path.ps1'
[0.414s] INFO:colcon.colcon_core.shell:Creating environment descriptor '/home/johnbuntu/ar4_ros_driver/install/annin_ar4_description/share/annin_ar4_description/hook/cmake_prefix_path.dsv'
[0.415s] INFO:colcon.colcon_core.shell:Creating environment hook '/home/johnbuntu/ar4_ros_driver/install/annin_ar4_description/share/annin_ar4_description/hook/cmake_prefix_path.sh'
[0.416s] Level 1:colcon.colcon_core.environment:checking '/home/johnbuntu/ar4_ros_driver/install/annin_ar4_description/bin'
[0.416s] Level 1:colcon.colcon_core.environment:checking '/home/johnbuntu/ar4_ros_driver/install/annin_ar4_description/lib/pkgconfig/annin_ar4_description.pc'
[0.416s] Level 1:colcon.colcon_core.environment:checking '/home/johnbuntu/ar4_ros_driver/install/annin_ar4_description/lib/python3.10/site-packages'
[0.416s] Level 1:colcon.colcon_core.environment:checking '/home/johnbuntu/ar4_ros_driver/install/annin_ar4_description/bin'
[0.417s] INFO:colcon.colcon_core.shell:Creating package script '/home/johnbuntu/ar4_ros_driver/install/annin_ar4_description/share/annin_ar4_description/package.ps1'
[0.418s] INFO:colcon.colcon_core.shell:Creating package descriptor '/home/johnbuntu/ar4_ros_driver/install/annin_ar4_description/share/annin_ar4_description/package.dsv'
[0.419s] INFO:colcon.colcon_core.shell:Creating package script '/home/johnbuntu/ar4_ros_driver/install/annin_ar4_description/share/annin_ar4_description/package.sh'
[0.420s] INFO:colcon.colcon_core.shell:Creating package script '/home/johnbuntu/ar4_ros_driver/install/annin_ar4_description/share/annin_ar4_description/package.bash'
[0.421s] INFO:colcon.colcon_core.shell:Creating package script '/home/johnbuntu/ar4_ros_driver/install/annin_ar4_description/share/annin_ar4_description/package.zsh'
[0.422s] Level 1:colcon.colcon_core.environment:create_file_with_runtime_dependencies(/home/johnbuntu/ar4_ros_driver/install/annin_ar4_description/share/colcon-core/packages/annin_ar4_description)
[0.423s] Level 1:colcon.colcon_core.environment:create_environment_scripts_only(annin_ar4_description)
[0.423s] Level 1:colcon.colcon_core.environment:checking '/home/johnbuntu/ar4_ros_driver/install/annin_ar4_description' for CMake module files
[0.424s] Level 1:colcon.colcon_core.environment:checking '/home/johnbuntu/ar4_ros_driver/install/annin_ar4_description' for CMake config files
[0.424s] Level 1:colcon.colcon_core.shell:create_environment_hook('annin_ar4_description', 'cmake_prefix_path')
[0.424s] INFO:colcon.colcon_core.shell:Creating environment hook '/home/johnbuntu/ar4_ros_driver/install/annin_ar4_description/share/annin_ar4_description/hook/cmake_prefix_path.ps1'
[0.425s] INFO:colcon.colcon_core.shell:Creating environment descriptor '/home/johnbuntu/ar4_ros_driver/install/annin_ar4_description/share/annin_ar4_description/hook/cmake_prefix_path.dsv'
[0.425s] INFO:colcon.colcon_core.shell:Creating environment hook '/home/johnbuntu/ar4_ros_driver/install/annin_ar4_description/share/annin_ar4_description/hook/cmake_prefix_path.sh'
[0.426s] Level 1:colcon.colcon_core.environment:checking '/home/johnbuntu/ar4_ros_driver/install/annin_ar4_description/bin'
[0.426s] Level 1:colcon.colcon_core.environment:checking '/home/johnbuntu/ar4_ros_driver/install/annin_ar4_description/lib/pkgconfig/annin_ar4_description.pc'
[0.426s] Level 1:colcon.colcon_core.environment:checking '/home/johnbuntu/ar4_ros_driver/install/annin_ar4_description/lib/python3.10/site-packages'
[0.426s] Level 1:colcon.colcon_core.environment:checking '/home/johnbuntu/ar4_ros_driver/install/annin_ar4_description/bin'
[0.427s] INFO:colcon.colcon_core.shell:Creating package script '/home/johnbuntu/ar4_ros_driver/install/annin_ar4_description/share/annin_ar4_description/package.ps1'
[0.427s] INFO:colcon.colcon_core.shell:Creating package descriptor '/home/johnbuntu/ar4_ros_driver/install/annin_ar4_description/share/annin_ar4_description/package.dsv'
[0.428s] INFO:colcon.colcon_core.shell:Creating package script '/home/johnbuntu/ar4_ros_driver/install/annin_ar4_description/share/annin_ar4_description/package.sh'
[0.428s] INFO:colcon.colcon_core.shell:Creating package script '/home/johnbuntu/ar4_ros_driver/install/annin_ar4_description/share/annin_ar4_description/package.bash'
[0.429s] INFO:colcon.colcon_core.shell:Creating package script '/home/johnbuntu/ar4_ros_driver/install/annin_ar4_description/share/annin_ar4_description/package.zsh'
[0.429s] Level 1:colcon.colcon_core.environment:create_file_with_runtime_dependencies(/home/johnbuntu/ar4_ros_driver/install/annin_ar4_description/share/colcon-core/packages/annin_ar4_description)
[0.430s] INFO:colcon.colcon_ros.task.ament_cmake.build:Building ROS package in '/home/johnbuntu/ar4_ros_driver/annin_ar4_driver' with build type 'ament_cmake'
[0.430s] INFO:colcon.colcon_cmake.task.cmake.build:Building CMake package in '/home/johnbuntu/ar4_ros_driver/annin_ar4_driver'
[0.430s] INFO:colcon.colcon_core.shell:Skip shell extension 'powershell' for command environment: Not usable outside of PowerShell
[0.430s] DEBUG:colcon.colcon_core.shell:Skip shell extension 'dsv' for command environment
[0.436s] INFO:colcon.colcon_ros.task.ament_cmake.build:Building ROS package in '/home/johnbuntu/ar4_ros_driver/annin_ar4_moveit_config' with build type 'ament_cmake'
[0.436s] INFO:colcon.colcon_cmake.task.cmake.build:Building CMake package in '/home/johnbuntu/ar4_ros_driver/annin_ar4_moveit_config'
[0.437s] INFO:colcon.colcon_core.shell:Skip shell extension 'powershell' for command environment: Not usable outside of PowerShell
[0.437s] DEBUG:colcon.colcon_core.shell:Skip shell extension 'dsv' for command environment
[0.441s] INFO:colcon.colcon_ros.task.ament_cmake.build:Building ROS package in '/home/johnbuntu/ar4_ros_driver/gorm_arm' with build type 'ament_cmake'
[0.442s] INFO:colcon.colcon_cmake.task.cmake.build:Building CMake package in '/home/johnbuntu/ar4_ros_driver/gorm_arm'
[0.442s] INFO:colcon.colcon_core.shell:Skip shell extension 'powershell' for command environment: Not usable outside of PowerShell
[0.442s] DEBUG:colcon.colcon_core.shell:Skip shell extension 'dsv' for command environment
[0.453s] DEBUG:colcon.colcon_core.event_handler.log_command:Invoking command in '/home/johnbuntu/ar4_ros_driver/build/annin_ar4_driver': CMAKE_PREFIX_PATH=/home/johnbuntu/ar4_ros_driver/install/annin_ar4_description:/home/johnbuntu/ar4_ros_driver/install/moveit_servo:/home/johnbuntu/ar4_ros_driver/install/gorm_arm:/home/johnbuntu/ar4_ros_driver/install/annin_ar4_moveit_config:/home/johnbuntu/ar4_ros_driver/install/annin_ar4_gazebo:/home/johnbuntu/ar4_ros_driver/install/annin_ar4_driver:/opt/ros/humble /usr/bin/cmake --build /home/johnbuntu/ar4_ros_driver/build/annin_ar4_driver -- -j8 -l8
[0.457s] DEBUG:colcon.colcon_core.event_handler.log_command:Invoking command in '/home/johnbuntu/ar4_ros_driver/build/annin_ar4_moveit_config': CMAKE_PREFIX_PATH=/home/johnbuntu/ar4_ros_driver/install/annin_ar4_description:/home/johnbuntu/ar4_ros_driver/install/moveit_servo:/home/johnbuntu/ar4_ros_driver/install/gorm_arm:/home/johnbuntu/ar4_ros_driver/install/annin_ar4_moveit_config:/home/johnbuntu/ar4_ros_driver/install/annin_ar4_gazebo:/home/johnbuntu/ar4_ros_driver/install/annin_ar4_driver:/opt/ros/humble /usr/bin/cmake --build /home/johnbuntu/ar4_ros_driver/build/annin_ar4_moveit_config -- -j8 -l8
[0.462s] DEBUG:colcon.colcon_core.event_handler.log_command:Invoking command in '/home/johnbuntu/ar4_ros_driver/build/gorm_arm': CMAKE_PREFIX_PATH=/home/johnbuntu/ar4_ros_driver/install/annin_ar4_description:/home/johnbuntu/ar4_ros_driver/install/moveit_servo:/home/johnbuntu/ar4_ros_driver/install/gorm_arm:/home/johnbuntu/ar4_ros_driver/install/annin_ar4_moveit_config:/home/johnbuntu/ar4_ros_driver/install/annin_ar4_gazebo:/home/johnbuntu/ar4_ros_driver/install/annin_ar4_driver:/opt/ros/humble /usr/bin/cmake --build /home/johnbuntu/ar4_ros_driver/build/gorm_arm -- -j8 -l8
[0.504s] DEBUG:colcon.colcon_core.event_handler.log_command:Invoked command in '/home/johnbuntu/ar4_ros_driver/build/annin_ar4_moveit_config' returned '0': CMAKE_PREFIX_PATH=/home/johnbuntu/ar4_ros_driver/install/annin_ar4_description:/home/johnbuntu/ar4_ros_driver/install/moveit_servo:/home/johnbuntu/ar4_ros_driver/install/gorm_arm:/home/johnbuntu/ar4_ros_driver/install/annin_ar4_moveit_config:/home/johnbuntu/ar4_ros_driver/install/annin_ar4_gazebo:/home/johnbuntu/ar4_ros_driver/install/annin_ar4_driver:/opt/ros/humble /usr/bin/cmake --build /home/johnbuntu/ar4_ros_driver/build/annin_ar4_moveit_config -- -j8 -l8
[0.506s] DEBUG:colcon.colcon_core.event_handler.log_command:Invoking command in '/home/johnbuntu/ar4_ros_driver/build/annin_ar4_moveit_config': CMAKE_PREFIX_PATH=/home/johnbuntu/ar4_ros_driver/install/annin_ar4_description:/home/johnbuntu/ar4_ros_driver/install/moveit_servo:/home/johnbuntu/ar4_ros_driver/install/gorm_arm:/home/johnbuntu/ar4_ros_driver/install/annin_ar4_moveit_config:/home/johnbuntu/ar4_ros_driver/install/annin_ar4_gazebo:/home/johnbuntu/ar4_ros_driver/install/annin_ar4_driver:/opt/ros/humble /usr/bin/cmake --install /home/johnbuntu/ar4_ros_driver/build/annin_ar4_moveit_config
[0.521s] Level 1:colcon.colcon_core.environment:create_environment_scripts_only(annin_ar4_moveit_config)
[0.522s] Level 1:colcon.colcon_core.environment:checking '/home/johnbuntu/ar4_ros_driver/install/annin_ar4_moveit_config' for CMake module files
[0.523s] Level 1:colcon.colcon_core.environment:checking '/home/johnbuntu/ar4_ros_driver/install/annin_ar4_moveit_config' for CMake config files
[0.523s] Level 1:colcon.colcon_core.shell:create_environment_hook('annin_ar4_moveit_config', 'cmake_prefix_path')
[0.524s] INFO:colcon.colcon_core.shell:Creating environment hook '/home/johnbuntu/ar4_ros_driver/install/annin_ar4_moveit_config/share/annin_ar4_moveit_config/hook/cmake_prefix_path.ps1'
[0.524s] DEBUG:colcon.colcon_core.event_handler.log_command:Invoked command in '/home/johnbuntu/ar4_ros_driver/build/annin_ar4_moveit_config' returned '0': CMAKE_PREFIX_PATH=/home/johnbuntu/ar4_ros_driver/install/annin_ar4_description:/home/johnbuntu/ar4_ros_driver/install/moveit_servo:/home/johnbuntu/ar4_ros_driver/install/gorm_arm:/home/johnbuntu/ar4_ros_driver/install/annin_ar4_moveit_config:/home/johnbuntu/ar4_ros_driver/install/annin_ar4_gazebo:/home/johnbuntu/ar4_ros_driver/install/annin_ar4_driver:/opt/ros/humble /usr/bin/cmake --install /home/johnbuntu/ar4_ros_driver/build/annin_ar4_moveit_config
[0.525s] INFO:colcon.colcon_core.shell:Creating environment descriptor '/home/johnbuntu/ar4_ros_driver/install/annin_ar4_moveit_config/share/annin_ar4_moveit_config/hook/cmake_prefix_path.dsv'
[0.526s] INFO:colcon.colcon_core.shell:Creating environment hook '/home/johnbuntu/ar4_ros_driver/install/annin_ar4_moveit_config/share/annin_ar4_moveit_config/hook/cmake_prefix_path.sh'
[0.527s] Level 1:colcon.colcon_core.environment:checking '/home/johnbuntu/ar4_ros_driver/install/annin_ar4_moveit_config/bin'
[0.527s] Level 1:colcon.colcon_core.environment:checking '/home/johnbuntu/ar4_ros_driver/install/annin_ar4_moveit_config/lib/pkgconfig/annin_ar4_moveit_config.pc'
[0.527s] Level 1:colcon.colcon_core.environment:checking '/home/johnbuntu/ar4_ros_driver/install/annin_ar4_moveit_config/lib/python3.10/site-packages'
[0.527s] Level 1:colcon.colcon_core.environment:checking '/home/johnbuntu/ar4_ros_driver/install/annin_ar4_moveit_config/bin'
[0.528s] INFO:colcon.colcon_core.shell:Creating package script '/home/johnbuntu/ar4_ros_driver/install/annin_ar4_moveit_config/share/annin_ar4_moveit_config/package.ps1'
[0.528s] INFO:colcon.colcon_core.shell:Creating package descriptor '/home/johnbuntu/ar4_ros_driver/install/annin_ar4_moveit_config/share/annin_ar4_moveit_config/package.dsv'
[0.529s] INFO:colcon.colcon_core.shell:Creating package script '/home/johnbuntu/ar4_ros_driver/install/annin_ar4_moveit_config/share/annin_ar4_moveit_config/package.sh'
[0.530s] INFO:colcon.colcon_core.shell:Creating package script '/home/johnbuntu/ar4_ros_driver/install/annin_ar4_moveit_config/share/annin_ar4_moveit_config/package.bash'
[0.530s] INFO:colcon.colcon_core.shell:Creating package script '/home/johnbuntu/ar4_ros_driver/install/annin_ar4_moveit_config/share/annin_ar4_moveit_config/package.zsh'
[0.531s] Level 1:colcon.colcon_core.environment:create_file_with_runtime_dependencies(/home/johnbuntu/ar4_ros_driver/install/annin_ar4_moveit_config/share/colcon-core/packages/annin_ar4_moveit_config)
[0.532s] Level 1:colcon.colcon_core.environment:create_environment_scripts_only(annin_ar4_moveit_config)
[0.532s] Level 1:colcon.colcon_core.environment:checking '/home/johnbuntu/ar4_ros_driver/install/annin_ar4_moveit_config' for CMake module files
[0.533s] Level 1:colcon.colcon_core.environment:checking '/home/johnbuntu/ar4_ros_driver/install/annin_ar4_moveit_config' for CMake config files
[0.533s] Level 1:colcon.colcon_core.shell:create_environment_hook('annin_ar4_moveit_config', 'cmake_prefix_path')
[0.534s] INFO:colcon.colcon_core.shell:Creating environment hook '/home/johnbuntu/ar4_ros_driver/install/annin_ar4_moveit_config/share/annin_ar4_moveit_config/hook/cmake_prefix_path.ps1'
[0.535s] INFO:colcon.colcon_core.shell:Creating environment descriptor '/home/johnbuntu/ar4_ros_driver/install/annin_ar4_moveit_config/share/annin_ar4_moveit_config/hook/cmake_prefix_path.dsv'
[0.535s] INFO:colcon.colcon_core.shell:Creating environment hook '/home/johnbuntu/ar4_ros_driver/install/annin_ar4_moveit_config/share/annin_ar4_moveit_config/hook/cmake_prefix_path.sh'
[0.536s] Level 1:colcon.colcon_core.environment:checking '/home/johnbuntu/ar4_ros_driver/install/annin_ar4_moveit_config/bin'
[0.536s] Level 1:colcon.colcon_core.environment:checking '/home/johnbuntu/ar4_ros_driver/install/annin_ar4_moveit_config/lib/pkgconfig/annin_ar4_moveit_config.pc'
[0.537s] Level 1:colcon.colcon_core.environment:checking '/home/johnbuntu/ar4_ros_driver/install/annin_ar4_moveit_config/lib/python3.10/site-packages'
[0.537s] Level 1:colcon.colcon_core.environment:checking '/home/johnbuntu/ar4_ros_driver/install/annin_ar4_moveit_config/bin'
[0.537s] INFO:colcon.colcon_core.shell:Creating package script '/home/johnbuntu/ar4_ros_driver/install/annin_ar4_moveit_config/share/annin_ar4_moveit_config/package.ps1'
[0.538s] INFO:colcon.colcon_core.shell:Creating package descriptor '/home/johnbuntu/ar4_ros_driver/install/annin_ar4_moveit_config/share/annin_ar4_moveit_config/package.dsv'
[0.539s] INFO:colcon.colcon_core.shell:Creating package script '/home/johnbuntu/ar4_ros_driver/install/annin_ar4_moveit_config/share/annin_ar4_moveit_config/package.sh'
[0.540s] INFO:colcon.colcon_core.shell:Creating package script '/home/johnbuntu/ar4_ros_driver/install/annin_ar4_moveit_config/share/annin_ar4_moveit_config/package.bash'
[0.541s] INFO:colcon.colcon_core.shell:Creating package script '/home/johnbuntu/ar4_ros_driver/install/annin_ar4_moveit_config/share/annin_ar4_moveit_config/package.zsh'
[0.541s] Level 1:colcon.colcon_core.environment:create_file_with_runtime_dependencies(/home/johnbuntu/ar4_ros_driver/install/annin_ar4_moveit_config/share/colcon-core/packages/annin_ar4_moveit_config)
[0.587s] DEBUG:colcon.colcon_core.event_handler.log_command:Invoked command in '/home/johnbuntu/ar4_ros_driver/build/moveit_servo' returned '0': CMAKE_PREFIX_PATH=${CMAKE_PREFIX_PATH}:/opt/ros/humble /usr/bin/cmake --build /home/johnbuntu/ar4_ros_driver/build/moveit_servo -- -j8 -l8
[0.590s] DEBUG:colcon.colcon_core.event_handler.log_command:Invoking command in '/home/johnbuntu/ar4_ros_driver/build/moveit_servo': CMAKE_PREFIX_PATH=${CMAKE_PREFIX_PATH}:/opt/ros/humble /usr/bin/cmake --install /home/johnbuntu/ar4_ros_driver/build/moveit_servo
[0.605s] Level 1:colcon.colcon_core.environment:create_environment_scripts_only(moveit_servo)
[0.605s] Level 1:colcon.colcon_core.environment:checking '/home/johnbuntu/ar4_ros_driver/install/moveit_servo' for CMake module files
[0.605s] DEBUG:colcon.colcon_core.event_handler.log_command:Invoked command in '/home/johnbuntu/ar4_ros_driver/build/moveit_servo' returned '0': CMAKE_PREFIX_PATH=${CMAKE_PREFIX_PATH}:/opt/ros/humble /usr/bin/cmake --install /home/johnbuntu/ar4_ros_driver/build/moveit_servo
[0.606s] Level 1:colcon.colcon_core.environment:checking '/home/johnbuntu/ar4_ros_driver/install/moveit_servo' for CMake config files
[0.606s] Level 1:colcon.colcon_core.shell:create_environment_hook('moveit_servo', 'cmake_prefix_path')
[0.606s] INFO:colcon.colcon_core.shell:Creating environment hook '/home/johnbuntu/ar4_ros_driver/install/moveit_servo/share/moveit_servo/hook/cmake_prefix_path.ps1'
[0.607s] INFO:colcon.colcon_core.shell:Creating environment descriptor '/home/johnbuntu/ar4_ros_driver/install/moveit_servo/share/moveit_servo/hook/cmake_prefix_path.dsv'
[0.607s] INFO:colcon.colcon_core.shell:Creating environment hook '/home/johnbuntu/ar4_ros_driver/install/moveit_servo/share/moveit_servo/hook/cmake_prefix_path.sh'
[0.607s] Level 1:colcon.colcon_core.environment:checking '/home/johnbuntu/ar4_ros_driver/install/moveit_servo/lib'
[0.608s] Level 1:colcon.colcon_core.shell:create_environment_hook('moveit_servo', 'ld_library_path_lib')
[0.608s] INFO:colcon.colcon_core.shell:Creating environment hook '/home/johnbuntu/ar4_ros_driver/install/moveit_servo/share/moveit_servo/hook/ld_library_path_lib.ps1'
[0.608s] INFO:colcon.colcon_core.shell:Creating environment descriptor '/home/johnbuntu/ar4_ros_driver/install/moveit_servo/share/moveit_servo/hook/ld_library_path_lib.dsv'
[0.609s] INFO:colcon.colcon_core.shell:Creating environment hook '/home/johnbuntu/ar4_ros_driver/install/moveit_servo/share/moveit_servo/hook/ld_library_path_lib.sh'
[0.609s] Level 1:colcon.colcon_core.environment:checking '/home/johnbuntu/ar4_ros_driver/install/moveit_servo/bin'
[0.609s] Level 1:colcon.colcon_core.environment:checking '/home/johnbuntu/ar4_ros_driver/install/moveit_servo/lib/pkgconfig/moveit_servo.pc'
[0.609s] Level 1:colcon.colcon_core.environment:checking '/home/johnbuntu/ar4_ros_driver/install/moveit_servo/lib/python3.10/site-packages'
[0.609s] Level 1:colcon.colcon_core.environment:checking '/home/johnbuntu/ar4_ros_driver/install/moveit_servo/bin'
[0.610s] INFO:colcon.colcon_core.shell:Creating package script '/home/johnbuntu/ar4_ros_driver/install/moveit_servo/share/moveit_servo/package.ps1'
[0.610s] INFO:colcon.colcon_core.shell:Creating package descriptor '/home/johnbuntu/ar4_ros_driver/install/moveit_servo/share/moveit_servo/package.dsv'
[0.610s] INFO:colcon.colcon_core.shell:Creating package script '/home/johnbuntu/ar4_ros_driver/install/moveit_servo/share/moveit_servo/package.sh'
[0.611s] INFO:colcon.colcon_core.shell:Creating package script '/home/johnbuntu/ar4_ros_driver/install/moveit_servo/share/moveit_servo/package.bash'
[0.611s] INFO:colcon.colcon_core.shell:Creating package script '/home/johnbuntu/ar4_ros_driver/install/moveit_servo/share/moveit_servo/package.zsh'
[0.611s] Level 1:colcon.colcon_core.environment:create_file_with_runtime_dependencies(/home/johnbuntu/ar4_ros_driver/install/moveit_servo/share/colcon-core/packages/moveit_servo)
[0.612s] Level 1:colcon.colcon_core.environment:create_environment_scripts_only(moveit_servo)
[0.612s] Level 1:colcon.colcon_core.environment:checking '/home/johnbuntu/ar4_ros_driver/install/moveit_servo' for CMake module files
[0.612s] Level 1:colcon.colcon_core.environment:checking '/home/johnbuntu/ar4_ros_driver/install/moveit_servo' for CMake config files
[0.612s] Level 1:colcon.colcon_core.shell:create_environment_hook('moveit_servo', 'cmake_prefix_path')
[0.613s] INFO:colcon.colcon_core.shell:Creating environment hook '/home/johnbuntu/ar4_ros_driver/install/moveit_servo/share/moveit_servo/hook/cmake_prefix_path.ps1'
[0.613s] INFO:colcon.colcon_core.shell:Creating environment descriptor '/home/johnbuntu/ar4_ros_driver/install/moveit_servo/share/moveit_servo/hook/cmake_prefix_path.dsv'
[0.613s] INFO:colcon.colcon_core.shell:Creating environment hook '/home/johnbuntu/ar4_ros_driver/install/moveit_servo/share/moveit_servo/hook/cmake_prefix_path.sh'
[0.614s] Level 1:colcon.colcon_core.environment:checking '/home/johnbuntu/ar4_ros_driver/install/moveit_servo/lib'
[0.614s] Level 1:colcon.colcon_core.shell:create_environment_hook('moveit_servo', 'ld_library_path_lib')
[0.614s] INFO:colcon.colcon_core.shell:Creating environment hook '/home/johnbuntu/ar4_ros_driver/install/moveit_servo/share/moveit_servo/hook/ld_library_path_lib.ps1'
[0.614s] INFO:colcon.colcon_core.shell:Creating environment descriptor '/home/johnbuntu/ar4_ros_driver/install/moveit_servo/share/moveit_servo/hook/ld_library_path_lib.dsv'
[0.615s] INFO:colcon.colcon_core.shell:Creating environment hook '/home/johnbuntu/ar4_ros_driver/install/moveit_servo/share/moveit_servo/hook/ld_library_path_lib.sh'
[0.615s] Level 1:colcon.colcon_core.environment:checking '/home/johnbuntu/ar4_ros_driver/install/moveit_servo/bin'
[0.615s] Level 1:colcon.colcon_core.environment:checking '/home/johnbuntu/ar4_ros_driver/install/moveit_servo/lib/pkgconfig/moveit_servo.pc'
[0.615s] Level 1:colcon.colcon_core.environment:checking '/home/johnbuntu/ar4_ros_driver/install/moveit_servo/lib/python3.10/site-packages'
[0.616s] Level 1:colcon.colcon_core.environment:checking '/home/johnbuntu/ar4_ros_driver/install/moveit_servo/bin'
[0.616s] INFO:colcon.colcon_core.shell:Creating package script '/home/johnbuntu/ar4_ros_driver/install/moveit_servo/share/moveit_servo/package.ps1'
[0.616s] INFO:colcon.colcon_core.shell:Creating package descriptor '/home/johnbuntu/ar4_ros_driver/install/moveit_servo/share/moveit_servo/package.dsv'
[0.617s] INFO:colcon.colcon_core.shell:Creating package script '/home/johnbuntu/ar4_ros_driver/install/moveit_servo/share/moveit_servo/package.sh'
[0.617s] INFO:colcon.colcon_core.shell:Creating package script '/home/johnbuntu/ar4_ros_driver/install/moveit_servo/share/moveit_servo/package.bash'
[0.617s] INFO:colcon.colcon_core.shell:Creating package script '/home/johnbuntu/ar4_ros_driver/install/moveit_servo/share/moveit_servo/package.zsh'
[0.618s] Level 1:colcon.colcon_core.environment:create_file_with_runtime_dependencies(/home/johnbuntu/ar4_ros_driver/install/moveit_servo/share/colcon-core/packages/moveit_servo)
[0.619s] DEBUG:colcon.colcon_core.event_handler.log_command:Invoked command in '/home/johnbuntu/ar4_ros_driver/build/annin_ar4_driver' returned '0': CMAKE_PREFIX_PATH=/home/johnbuntu/ar4_ros_driver/install/annin_ar4_description:/home/johnbuntu/ar4_ros_driver/install/moveit_servo:/home/johnbuntu/ar4_ros_driver/install/gorm_arm:/home/johnbuntu/ar4_ros_driver/install/annin_ar4_moveit_config:/home/johnbuntu/ar4_ros_driver/install/annin_ar4_gazebo:/home/johnbuntu/ar4_ros_driver/install/annin_ar4_driver:/opt/ros/humble /usr/bin/cmake --build /home/johnbuntu/ar4_ros_driver/build/annin_ar4_driver -- -j8 -l8
[0.620s] DEBUG:colcon.colcon_core.event_handler.log_command:Invoking command in '/home/johnbuntu/ar4_ros_driver/build/annin_ar4_driver': CMAKE_PREFIX_PATH=/home/johnbuntu/ar4_ros_driver/install/annin_ar4_description:/home/johnbuntu/ar4_ros_driver/install/moveit_servo:/home/johnbuntu/ar4_ros_driver/install/gorm_arm:/home/johnbuntu/ar4_ros_driver/install/annin_ar4_moveit_config:/home/johnbuntu/ar4_ros_driver/install/annin_ar4_gazebo:/home/johnbuntu/ar4_ros_driver/install/annin_ar4_driver:/opt/ros/humble /usr/bin/cmake --install /home/johnbuntu/ar4_ros_driver/build/annin_ar4_driver
[0.632s] Level 1:colcon.colcon_core.environment:create_environment_scripts_only(annin_ar4_driver)
[0.633s] Level 1:colcon.colcon_core.environment:checking '/home/johnbuntu/ar4_ros_driver/install/annin_ar4_driver' for CMake module files
[0.633s] DEBUG:colcon.colcon_core.event_handler.log_command:Invoked command in '/home/johnbuntu/ar4_ros_driver/build/annin_ar4_driver' returned '0': CMAKE_PREFIX_PATH=/home/johnbuntu/ar4_ros_driver/install/annin_ar4_description:/home/johnbuntu/ar4_ros_driver/install/moveit_servo:/home/johnbuntu/ar4_ros_driver/install/gorm_arm:/home/johnbuntu/ar4_ros_driver/install/annin_ar4_moveit_config:/home/johnbuntu/ar4_ros_driver/install/annin_ar4_gazebo:/home/johnbuntu/ar4_ros_driver/install/annin_ar4_driver:/opt/ros/humble /usr/bin/cmake --install /home/johnbuntu/ar4_ros_driver/build/annin_ar4_driver
[0.634s] Level 1:colcon.colcon_core.environment:checking '/home/johnbuntu/ar4_ros_driver/install/annin_ar4_driver' for CMake config files
[0.634s] Level 1:colcon.colcon_core.shell:create_environment_hook('annin_ar4_driver', 'cmake_prefix_path')
[0.635s] INFO:colcon.colcon_core.shell:Creating environment hook '/home/johnbuntu/ar4_ros_driver/install/annin_ar4_driver/share/annin_ar4_driver/hook/cmake_prefix_path.ps1'
[0.635s] INFO:colcon.colcon_core.shell:Creating environment descriptor '/home/johnbuntu/ar4_ros_driver/install/annin_ar4_driver/share/annin_ar4_driver/hook/cmake_prefix_path.dsv'
[0.635s] INFO:colcon.colcon_core.shell:Creating environment hook '/home/johnbuntu/ar4_ros_driver/install/annin_ar4_driver/share/annin_ar4_driver/hook/cmake_prefix_path.sh'
[0.636s] Level 1:colcon.colcon_core.environment:checking '/home/johnbuntu/ar4_ros_driver/install/annin_ar4_driver/lib'
[0.636s] Level 1:colcon.colcon_core.shell:create_environment_hook('annin_ar4_driver', 'ld_library_path_lib')
[0.636s] INFO:colcon.colcon_core.shell:Creating environment hook '/home/johnbuntu/ar4_ros_driver/install/annin_ar4_driver/share/annin_ar4_driver/hook/ld_library_path_lib.ps1'
[0.637s] INFO:colcon.colcon_core.shell:Creating environment descriptor '/home/johnbuntu/ar4_ros_driver/install/annin_ar4_driver/share/annin_ar4_driver/hook/ld_library_path_lib.dsv'
[0.637s] INFO:colcon.colcon_core.shell:Creating environment hook '/home/johnbuntu/ar4_ros_driver/install/annin_ar4_driver/share/annin_ar4_driver/hook/ld_library_path_lib.sh'
[0.637s] Level 1:colcon.colcon_core.environment:checking '/home/johnbuntu/ar4_ros_driver/install/annin_ar4_driver/bin'
[0.637s] Level 1:colcon.colcon_core.environment:checking '/home/johnbuntu/ar4_ros_driver/install/annin_ar4_driver/lib/pkgconfig/annin_ar4_driver.pc'
[0.637s] Level 1:colcon.colcon_core.environment:checking '/home/johnbuntu/ar4_ros_driver/install/annin_ar4_driver/lib/python3.10/site-packages'
[0.638s] Level 1:colcon.colcon_core.environment:checking '/home/johnbuntu/ar4_ros_driver/install/annin_ar4_driver/bin'
[0.638s] INFO:colcon.colcon_core.shell:Creating package script '/home/johnbuntu/ar4_ros_driver/install/annin_ar4_driver/share/annin_ar4_driver/package.ps1'
[0.638s] INFO:colcon.colcon_core.shell:Creating package descriptor '/home/johnbuntu/ar4_ros_driver/install/annin_ar4_driver/share/annin_ar4_driver/package.dsv'
[0.638s] INFO:colcon.colcon_core.shell:Creating package script '/home/johnbuntu/ar4_ros_driver/install/annin_ar4_driver/share/annin_ar4_driver/package.sh'
[0.639s] INFO:colcon.colcon_core.shell:Creating package script '/home/johnbuntu/ar4_ros_driver/install/annin_ar4_driver/share/annin_ar4_driver/package.bash'
[0.639s] INFO:colcon.colcon_core.shell:Creating package script '/home/johnbuntu/ar4_ros_driver/install/annin_ar4_driver/share/annin_ar4_driver/package.zsh'
[0.639s] Level 1:colcon.colcon_core.environment:create_file_with_runtime_dependencies(/home/johnbuntu/ar4_ros_driver/install/annin_ar4_driver/share/colcon-core/packages/annin_ar4_driver)
[0.640s] Level 1:colcon.colcon_core.environment:create_environment_scripts_only(annin_ar4_driver)
[0.640s] Level 1:colcon.colcon_core.environment:checking '/home/johnbuntu/ar4_ros_driver/install/annin_ar4_driver' for CMake module files
[0.640s] Level 1:colcon.colcon_core.environment:checking '/home/johnbuntu/ar4_ros_driver/install/annin_ar4_driver' for CMake config files
[0.641s] Level 1:colcon.colcon_core.shell:create_environment_hook('annin_ar4_driver', 'cmake_prefix_path')
[0.641s] INFO:colcon.colcon_core.shell:Creating environment hook '/home/johnbuntu/ar4_ros_driver/install/annin_ar4_driver/share/annin_ar4_driver/hook/cmake_prefix_path.ps1'
[0.641s] INFO:colcon.colcon_core.shell:Creating environment descriptor '/home/johnbuntu/ar4_ros_driver/install/annin_ar4_driver/share/annin_ar4_driver/hook/cmake_prefix_path.dsv'
[0.641s] INFO:colcon.colcon_core.shell:Creating environment hook '/home/johnbuntu/ar4_ros_driver/install/annin_ar4_driver/share/annin_ar4_driver/hook/cmake_prefix_path.sh'
[0.642s] Level 1:colcon.colcon_core.environment:checking '/home/johnbuntu/ar4_ros_driver/install/annin_ar4_driver/lib'
[0.642s] Level 1:colcon.colcon_core.shell:create_environment_hook('annin_ar4_driver', 'ld_library_path_lib')
[0.642s] INFO:colcon.colcon_core.shell:Creating environment hook '/home/johnbuntu/ar4_ros_driver/install/annin_ar4_driver/share/annin_ar4_driver/hook/ld_library_path_lib.ps1'
[0.643s] INFO:colcon.colcon_core.shell:Creating environment descriptor '/home/johnbuntu/ar4_ros_driver/install/annin_ar4_driver/share/annin_ar4_driver/hook/ld_library_path_lib.dsv'
[0.644s] INFO:colcon.colcon_core.shell:Creating environment hook '/home/johnbuntu/ar4_ros_driver/install/annin_ar4_driver/share/annin_ar4_driver/hook/ld_library_path_lib.sh'
[0.644s] Level 1:colcon.colcon_core.environment:checking '/home/johnbuntu/ar4_ros_driver/install/annin_ar4_driver/bin'
[0.644s] Level 1:colcon.colcon_core.environment:checking '/home/johnbuntu/ar4_ros_driver/install/annin_ar4_driver/lib/pkgconfig/annin_ar4_driver.pc'
[0.644s] Level 1:colcon.colcon_core.environment:checking '/home/johnbuntu/ar4_ros_driver/install/annin_ar4_driver/lib/python3.10/site-packages'
[0.645s] Level 1:colcon.colcon_core.environment:checking '/home/johnbuntu/ar4_ros_driver/install/annin_ar4_driver/bin'
[0.645s] INFO:colcon.colcon_core.shell:Creating package script '/home/johnbuntu/ar4_ros_driver/install/annin_ar4_driver/share/annin_ar4_driver/package.ps1'
[0.646s] INFO:colcon.colcon_core.shell:Creating package descriptor '/home/johnbuntu/ar4_ros_driver/install/annin_ar4_driver/share/annin_ar4_driver/package.dsv'
[0.646s] INFO:colcon.colcon_core.shell:Creating package script '/home/johnbuntu/ar4_ros_driver/install/annin_ar4_driver/share/annin_ar4_driver/package.sh'
[0.648s] INFO:colcon.colcon_core.shell:Creating package script '/home/johnbuntu/ar4_ros_driver/install/annin_ar4_driver/share/annin_ar4_driver/package.bash'
[0.649s] INFO:colcon.colcon_core.shell:Creating package script '/home/johnbuntu/ar4_ros_driver/install/annin_ar4_driver/share/annin_ar4_driver/package.zsh'
[0.649s] Level 1:colcon.colcon_core.environment:create_file_with_runtime_dependencies(/home/johnbuntu/ar4_ros_driver/install/annin_ar4_driver/share/colcon-core/packages/annin_ar4_driver)
[0.650s] INFO:colcon.colcon_ros.task.ament_cmake.build:Building ROS package in '/home/johnbuntu/ar4_ros_driver/annin_ar4_gazebo' with build type 'ament_cmake'
[0.650s] INFO:colcon.colcon_cmake.task.cmake.build:Building CMake package in '/home/johnbuntu/ar4_ros_driver/annin_ar4_gazebo'
[0.651s] INFO:colcon.colcon_core.shell:Skip shell extension 'powershell' for command environment: Not usable outside of PowerShell
[0.651s] DEBUG:colcon.colcon_core.shell:Skip shell extension 'dsv' for command environment
[0.662s] DEBUG:colcon.colcon_core.event_handler.log_command:Invoking command in '/home/johnbuntu/ar4_ros_driver/build/annin_ar4_gazebo': CMAKE_PREFIX_PATH=/home/johnbuntu/ar4_ros_driver/install/annin_ar4_driver:/home/johnbuntu/ar4_ros_driver/install/annin_ar4_description:/home/johnbuntu/ar4_ros_driver/install/moveit_servo:/home/johnbuntu/ar4_ros_driver/install/gorm_arm:/home/johnbuntu/ar4_ros_driver/install/annin_ar4_moveit_config:/home/johnbuntu/ar4_ros_driver/install/annin_ar4_gazebo:/opt/ros/humble LD_LIBRARY_PATH=/home/johnbuntu/ar4_ros_driver/install/annin_ar4_driver/lib:/home/johnbuntu/ar4_ros_driver/install/moveit_servo/lib:/opt/ros/humble/opt/rviz_ogre_vendor/lib:/opt/ros/humble/lib/x86_64-linux-gnu:/opt/ros/humble/lib /usr/bin/cmake --build /home/johnbuntu/ar4_ros_driver/build/annin_ar4_gazebo -- -j8 -l8
[0.702s] DEBUG:colcon.colcon_core.event_handler.log_command:Invoked command in '/home/johnbuntu/ar4_ros_driver/build/annin_ar4_gazebo' returned '0': CMAKE_PREFIX_PATH=/home/johnbuntu/ar4_ros_driver/install/annin_ar4_driver:/home/johnbuntu/ar4_ros_driver/install/annin_ar4_description:/home/johnbuntu/ar4_ros_driver/install/moveit_servo:/home/johnbuntu/ar4_ros_driver/install/gorm_arm:/home/johnbuntu/ar4_ros_driver/install/annin_ar4_moveit_config:/home/johnbuntu/ar4_ros_driver/install/annin_ar4_gazebo:/opt/ros/humble LD_LIBRARY_PATH=/home/johnbuntu/ar4_ros_driver/install/annin_ar4_driver/lib:/home/johnbuntu/ar4_ros_driver/install/moveit_servo/lib:/opt/ros/humble/opt/rviz_ogre_vendor/lib:/opt/ros/humble/lib/x86_64-linux-gnu:/opt/ros/humble/lib /usr/bin/cmake --build /home/johnbuntu/ar4_ros_driver/build/annin_ar4_gazebo -- -j8 -l8
[0.704s] DEBUG:colcon.colcon_core.event_handler.log_command:Invoking command in '/home/johnbuntu/ar4_ros_driver/build/annin_ar4_gazebo': CMAKE_PREFIX_PATH=/home/johnbuntu/ar4_ros_driver/install/annin_ar4_driver:/home/johnbuntu/ar4_ros_driver/install/annin_ar4_description:/home/johnbuntu/ar4_ros_driver/install/moveit_servo:/home/johnbuntu/ar4_ros_driver/install/gorm_arm:/home/johnbuntu/ar4_ros_driver/install/annin_ar4_moveit_config:/home/johnbuntu/ar4_ros_driver/install/annin_ar4_gazebo:/opt/ros/humble LD_LIBRARY_PATH=/home/johnbuntu/ar4_ros_driver/install/annin_ar4_driver/lib:/home/johnbuntu/ar4_ros_driver/install/moveit_servo/lib:/opt/ros/humble/opt/rviz_ogre_vendor/lib:/opt/ros/humble/lib/x86_64-linux-gnu:/opt/ros/humble/lib /usr/bin/cmake --install /home/johnbuntu/ar4_ros_driver/build/annin_ar4_gazebo
[0.713s] Level 1:colcon.colcon_core.environment:create_environment_scripts_only(annin_ar4_gazebo)
[0.714s] Level 1:colcon.colcon_core.environment:checking '/home/johnbuntu/ar4_ros_driver/install/annin_ar4_gazebo' for CMake module files
[0.714s] DEBUG:colcon.colcon_core.event_handler.log_command:Invoked command in '/home/johnbuntu/ar4_ros_driver/build/annin_ar4_gazebo' returned '0': CMAKE_PREFIX_PATH=/home/johnbuntu/ar4_ros_driver/install/annin_ar4_driver:/home/johnbuntu/ar4_ros_driver/install/annin_ar4_description:/home/johnbuntu/ar4_ros_driver/install/moveit_servo:/home/johnbuntu/ar4_ros_driver/install/gorm_arm:/home/johnbuntu/ar4_ros_driver/install/annin_ar4_moveit_config:/home/johnbuntu/ar4_ros_driver/install/annin_ar4_gazebo:/opt/ros/humble LD_LIBRARY_PATH=/home/johnbuntu/ar4_ros_driver/install/annin_ar4_driver/lib:/home/johnbuntu/ar4_ros_driver/install/moveit_servo/lib:/opt/ros/humble/opt/rviz_ogre_vendor/lib:/opt/ros/humble/lib/x86_64-linux-gnu:/opt/ros/humble/lib /usr/bin/cmake --install /home/johnbuntu/ar4_ros_driver/build/annin_ar4_gazebo
[0.715s] Level 1:colcon.colcon_core.environment:checking '/home/johnbuntu/ar4_ros_driver/install/annin_ar4_gazebo' for CMake config files
[0.715s] Level 1:colcon.colcon_core.shell:create_environment_hook('annin_ar4_gazebo', 'cmake_prefix_path')
[0.715s] INFO:colcon.colcon_core.shell:Creating environment hook '/home/johnbuntu/ar4_ros_driver/install/annin_ar4_gazebo/share/annin_ar4_gazebo/hook/cmake_prefix_path.ps1'
[0.716s] INFO:colcon.colcon_core.shell:Creating environment descriptor '/home/johnbuntu/ar4_ros_driver/install/annin_ar4_gazebo/share/annin_ar4_gazebo/hook/cmake_prefix_path.dsv'
[0.716s] INFO:colcon.colcon_core.shell:Creating environment hook '/home/johnbuntu/ar4_ros_driver/install/annin_ar4_gazebo/share/annin_ar4_gazebo/hook/cmake_prefix_path.sh'
[0.717s] Level 1:colcon.colcon_core.environment:checking '/home/johnbuntu/ar4_ros_driver/install/annin_ar4_gazebo/bin'
[0.718s] Level 1:colcon.colcon_core.environment:checking '/home/johnbuntu/ar4_ros_driver/install/annin_ar4_gazebo/lib/pkgconfig/annin_ar4_gazebo.pc'
[0.718s] Level 1:colcon.colcon_core.environment:checking '/home/johnbuntu/ar4_ros_driver/install/annin_ar4_gazebo/lib/python3.10/site-packages'
[0.718s] Level 1:colcon.colcon_core.environment:checking '/home/johnbuntu/ar4_ros_driver/install/annin_ar4_gazebo/bin'
[0.719s] INFO:colcon.colcon_core.shell:Creating package script '/home/johnbuntu/ar4_ros_driver/install/annin_ar4_gazebo/share/annin_ar4_gazebo/package.ps1'
[0.719s] INFO:colcon.colcon_core.shell:Creating package descriptor '/home/johnbuntu/ar4_ros_driver/install/annin_ar4_gazebo/share/annin_ar4_gazebo/package.dsv'
[0.720s] INFO:colcon.colcon_core.shell:Creating package script '/home/johnbuntu/ar4_ros_driver/install/annin_ar4_gazebo/share/annin_ar4_gazebo/package.sh'
[0.720s] INFO:colcon.colcon_core.shell:Creating package script '/home/johnbuntu/ar4_ros_driver/install/annin_ar4_gazebo/share/annin_ar4_gazebo/package.bash'
[0.721s] INFO:colcon.colcon_core.shell:Creating package script '/home/johnbuntu/ar4_ros_driver/install/annin_ar4_gazebo/share/annin_ar4_gazebo/package.zsh'
[0.722s] Level 1:colcon.colcon_core.environment:create_file_with_runtime_dependencies(/home/johnbuntu/ar4_ros_driver/install/annin_ar4_gazebo/share/colcon-core/packages/annin_ar4_gazebo)
[0.723s] Level 1:colcon.colcon_core.environment:create_environment_scripts_only(annin_ar4_gazebo)
[0.723s] Level 1:colcon.colcon_core.environment:checking '/home/johnbuntu/ar4_ros_driver/install/annin_ar4_gazebo' for CMake module files
[0.724s] Level 1:colcon.colcon_core.environment:checking '/home/johnbuntu/ar4_ros_driver/install/annin_ar4_gazebo' for CMake config files
[0.724s] Level 1:colcon.colcon_core.shell:create_environment_hook('annin_ar4_gazebo', 'cmake_prefix_path')
[0.724s] INFO:colcon.colcon_core.shell:Creating environment hook '/home/johnbuntu/ar4_ros_driver/install/annin_ar4_gazebo/share/annin_ar4_gazebo/hook/cmake_prefix_path.ps1'
[0.725s] INFO:colcon.colcon_core.shell:Creating environment descriptor '/home/johnbuntu/ar4_ros_driver/install/annin_ar4_gazebo/share/annin_ar4_gazebo/hook/cmake_prefix_path.dsv'
[0.726s] INFO:colcon.colcon_core.shell:Creating environment hook '/home/johnbuntu/ar4_ros_driver/install/annin_ar4_gazebo/share/annin_ar4_gazebo/hook/cmake_prefix_path.sh'
[0.727s] Level 1:colcon.colcon_core.environment:checking '/home/johnbuntu/ar4_ros_driver/install/annin_ar4_gazebo/bin'
[0.727s] Level 1:colcon.colcon_core.environment:checking '/home/johnbuntu/ar4_ros_driver/install/annin_ar4_gazebo/lib/pkgconfig/annin_ar4_gazebo.pc'
[0.727s] Level 1:colcon.colcon_core.environment:checking '/home/johnbuntu/ar4_ros_driver/install/annin_ar4_gazebo/lib/python3.10/site-packages'
[0.728s] Level 1:colcon.colcon_core.environment:checking '/home/johnbuntu/ar4_ros_driver/install/annin_ar4_gazebo/bin'
[0.728s] INFO:colcon.colcon_core.shell:Creating package script '/home/johnbuntu/ar4_ros_driver/install/annin_ar4_gazebo/share/annin_ar4_gazebo/package.ps1'
[0.729s] INFO:colcon.colcon_core.shell:Creating package descriptor '/home/johnbuntu/ar4_ros_driver/install/annin_ar4_gazebo/share/annin_ar4_gazebo/package.dsv'
[0.729s] INFO:colcon.colcon_core.shell:Creating package script '/home/johnbuntu/ar4_ros_driver/install/annin_ar4_gazebo/share/annin_ar4_gazebo/package.sh'
[0.730s] INFO:colcon.colcon_core.shell:Creating package script '/home/johnbuntu/ar4_ros_driver/install/annin_ar4_gazebo/share/annin_ar4_gazebo/package.bash'
[0.730s] INFO:colcon.colcon_core.shell:Creating package script '/home/johnbuntu/ar4_ros_driver/install/annin_ar4_gazebo/share/annin_ar4_gazebo/package.zsh'
[0.731s] Level 1:colcon.colcon_core.environment:create_file_with_runtime_dependencies(/home/johnbuntu/ar4_ros_driver/install/annin_ar4_gazebo/share/colcon-core/packages/annin_ar4_gazebo)
[4.905s] DEBUG:colcon.colcon_core.event_handler.log_command:Invoked command in '/home/johnbuntu/ar4_ros_driver/build/gorm_arm' returned '2': CMAKE_PREFIX_PATH=/home/johnbuntu/ar4_ros_driver/install/annin_ar4_description:/home/johnbuntu/ar4_ros_driver/install/moveit_servo:/home/johnbuntu/ar4_ros_driver/install/gorm_arm:/home/johnbuntu/ar4_ros_driver/install/annin_ar4_moveit_config:/home/johnbuntu/ar4_ros_driver/install/annin_ar4_gazebo:/home/johnbuntu/ar4_ros_driver/install/annin_ar4_driver:/opt/ros/humble /usr/bin/cmake --build /home/johnbuntu/ar4_ros_driver/build/gorm_arm -- -j8 -l8
[4.905s] Level 1:colcon.colcon_core.environment:create_environment_scripts_only(gorm_arm)
[4.905s] Level 1:colcon.colcon_core.environment:checking '/home/johnbuntu/ar4_ros_driver/install/gorm_arm' for CMake module files
[4.906s] Level 1:colcon.colcon_core.environment:checking '/home/johnbuntu/ar4_ros_driver/install/gorm_arm' for CMake config files
[4.906s] Level 1:colcon.colcon_core.shell:create_environment_hook('gorm_arm', 'cmake_prefix_path')
[4.906s] INFO:colcon.colcon_core.shell:Creating environment hook '/home/johnbuntu/ar4_ros_driver/install/gorm_arm/share/gorm_arm/hook/cmake_prefix_path.ps1'
[4.907s] INFO:colcon.colcon_core.shell:Creating environment descriptor '/home/johnbuntu/ar4_ros_driver/install/gorm_arm/share/gorm_arm/hook/cmake_prefix_path.dsv'
[4.907s] INFO:colcon.colcon_core.shell:Creating environment hook '/home/johnbuntu/ar4_ros_driver/install/gorm_arm/share/gorm_arm/hook/cmake_prefix_path.sh'
[4.907s] Level 1:colcon.colcon_core.environment:checking '/home/johnbuntu/ar4_ros_driver/install/gorm_arm/bin'
[4.907s] Level 1:colcon.colcon_core.environment:checking '/home/johnbuntu/ar4_ros_driver/install/gorm_arm/lib/pkgconfig/gorm_arm.pc'
[4.908s] Level 1:colcon.colcon_core.environment:checking '/home/johnbuntu/ar4_ros_driver/install/gorm_arm/lib/python3.10/site-packages'
[4.908s] Level 1:colcon.colcon_core.environment:checking '/home/johnbuntu/ar4_ros_driver/install/gorm_arm/bin'
[4.908s] INFO:colcon.colcon_core.shell:Creating package script '/home/johnbuntu/ar4_ros_driver/install/gorm_arm/share/gorm_arm/package.ps1'
[4.908s] INFO:colcon.colcon_core.shell:Creating package descriptor '/home/johnbuntu/ar4_ros_driver/install/gorm_arm/share/gorm_arm/package.dsv'
[4.909s] INFO:colcon.colcon_core.shell:Creating package script '/home/johnbuntu/ar4_ros_driver/install/gorm_arm/share/gorm_arm/package.sh'
[4.909s] INFO:colcon.colcon_core.shell:Creating package script '/home/johnbuntu/ar4_ros_driver/install/gorm_arm/share/gorm_arm/package.bash'
[4.909s] INFO:colcon.colcon_core.shell:Creating package script '/home/johnbuntu/ar4_ros_driver/install/gorm_arm/share/gorm_arm/package.zsh'
[4.909s] Level 1:colcon.colcon_core.environment:create_file_with_runtime_dependencies(/home/johnbuntu/ar4_ros_driver/install/gorm_arm/share/colcon-core/packages/gorm_arm)
[4.920s] DEBUG:colcon.colcon_parallel_executor.executor.parallel:closing loop
[4.920s] DEBUG:colcon.colcon_parallel_executor.executor.parallel:loop closed
[4.920s] DEBUG:colcon.colcon_parallel_executor.executor.parallel:run_until_complete finished with '2'
[4.920s] DEBUG:colcon.colcon_core.event_reactor:joining thread
[4.925s] INFO:colcon.colcon_core.plugin_system:Skipping extension 'colcon_notification.desktop_notification.terminal_notifier': Not used on non-Darwin systems
[4.925s] INFO:colcon.colcon_core.plugin_system:Skipping extension 'colcon_notification.desktop_notification.win32': Not used on non-Windows systems
[4.925s] INFO:colcon.colcon_notification.desktop_notification:Sending desktop notification using 'notify2'
[4.935s] DEBUG:colcon.colcon_core.event_reactor:joined thread
[4.935s] INFO:colcon.colcon_core.shell:Creating prefix script '/home/johnbuntu/ar4_ros_driver/install/local_setup.ps1'
[4.936s] INFO:colcon.colcon_core.shell:Creating prefix util module '/home/johnbuntu/ar4_ros_driver/install/_local_setup_util_ps1.py'
[4.939s] INFO:colcon.colcon_core.shell:Creating prefix chain script '/home/johnbuntu/ar4_ros_driver/install/setup.ps1'
[4.940s] INFO:colcon.colcon_core.shell:Creating prefix script '/home/johnbuntu/ar4_ros_driver/install/local_setup.sh'
[4.941s] INFO:colcon.colcon_core.shell:Creating prefix util module '/home/johnbuntu/ar4_ros_driver/install/_local_setup_util_sh.py'
[4.941s] INFO:colcon.colcon_core.shell:Creating prefix chain script '/home/johnbuntu/ar4_ros_driver/install/setup.sh'
[4.942s] INFO:colcon.colcon_core.shell:Creating prefix script '/home/johnbuntu/ar4_ros_driver/install/local_setup.bash'
[4.943s] INFO:colcon.colcon_core.shell:Creating prefix chain script '/home/johnbuntu/ar4_ros_driver/install/setup.bash'
[4.944s] INFO:colcon.colcon_core.shell:Creating prefix script '/home/johnbuntu/ar4_ros_driver/install/local_setup.zsh'
[4.945s] INFO:colcon.colcon_core.shell:Creating prefix chain script '/home/johnbuntu/ar4_ros_driver/install/setup.zsh'
