[0.013s] Invoking command in '/home/johnbuntu/ar4_ros_driver/build/moveit_servo': CMAKE_PREFIX_PATH=${CMAKE_PREFIX_PATH}:/opt/ros/humble /usr/bin/cmake --build /home/johnbuntu/ar4_ros_driver/build/moveit_servo -- -j8 -l8
[0.066s] [35m[1mConsolidate compiler generated dependencies of target servo_controller_input[0m
[0.077s] [  6%] Built target gtest_main
[0.081s] [ 12%] Built target fake_command_publisher
[0.081s] [ 18%] Built target gtest
[0.087s] [ 21%] [32mBuilding CXX object CMakeFiles/servo_controller_input.dir/src/teleop_demo/joystick_servo_example.cpp.o[0m
[0.090s] [ 30%] Built target moveit_servo_lib_parameters
[0.143s] [ 36%] Built target test_servo_collision
[0.144s] [ 42%] Built target test_servo_integration
[0.158s] [ 60%] Built target moveit_servo_lib
[0.219s] [ 66%] Built target servo_calcs_unit_tests
[0.223s] [ 72%] Built target pose_tracking
[0.229s] [ 78%] Built target servo_node
[0.273s] [ 84%] Built target servo_node_main
[0.275s] [ 90%] Built target test_servo_pose_tracking
[0.281s] [ 96%] Built target servo_pose_tracking_demo
[11.184s] [100%] [32m[1mLinking CXX shared library libservo_controller_input.so[0m
[11.667s] [100%] Built target servo_controller_input
[11.676s] Invoked command in '/home/johnbuntu/ar4_ros_driver/build/moveit_servo' returned '0': CMAKE_PREFIX_PATH=${CMAKE_PREFIX_PATH}:/opt/ros/humble /usr/bin/cmake --build /home/johnbuntu/ar4_ros_driver/build/moveit_servo -- -j8 -l8
[11.679s] Invoking command in '/home/johnbuntu/ar4_ros_driver/build/moveit_servo': CMAKE_PREFIX_PATH=${CMAKE_PREFIX_PATH}:/opt/ros/humble /usr/bin/cmake --install /home/johnbuntu/ar4_ros_driver/build/moveit_servo
[11.686s] -- Install configuration: "Release"
[11.686s] -- Up-to-date: /home/johnbuntu/ar4_ros_driver/install/moveit_servo/lib/libmoveit_servo_lib.so.2.5.9
[11.686s] -- Up-to-date: /home/johnbuntu/ar4_ros_driver/install/moveit_servo/lib/libmoveit_servo_lib.so
[11.686s] -- Up-to-date: /home/johnbuntu/ar4_ros_driver/install/moveit_servo/lib/libmoveit_servo_lib_parameters.so.2.5.9
[11.687s] -- Up-to-date: /home/johnbuntu/ar4_ros_driver/install/moveit_servo/lib/libmoveit_servo_lib_parameters.so
[11.687s] -- Up-to-date: /home/johnbuntu/ar4_ros_driver/install/moveit_servo/lib/libpose_tracking.so
[11.687s] -- Up-to-date: /home/johnbuntu/ar4_ros_driver/install/moveit_servo/lib/libservo_node.so
[11.687s] -- Installing: /home/johnbuntu/ar4_ros_driver/install/moveit_servo/lib/libservo_controller_input.so
[11.689s] -- Set runtime path of "/home/johnbuntu/ar4_ros_driver/install/moveit_servo/lib/libservo_controller_input.so" to ""
[11.689s] -- Up-to-date: /home/johnbuntu/ar4_ros_driver/install/moveit_servo/lib/moveit_servo/servo_node_main
[11.689s] -- Up-to-date: /home/johnbuntu/ar4_ros_driver/install/moveit_servo/lib/moveit_servo/servo_pose_tracking_demo
[11.689s] -- Up-to-date: /home/johnbuntu/ar4_ros_driver/install/moveit_servo/lib/moveit_servo/fake_command_publisher
[11.690s] -- Up-to-date: /home/johnbuntu/ar4_ros_driver/install/moveit_servo/include
[11.690s] -- Up-to-date: /home/johnbuntu/ar4_ros_driver/install/moveit_servo/include/moveit_servo
[11.690s] -- Up-to-date: /home/johnbuntu/ar4_ros_driver/install/moveit_servo/include/moveit_servo/pose_tracking.h
[11.690s] -- Up-to-date: /home/johnbuntu/ar4_ros_driver/install/moveit_servo/include/moveit_servo/servo_server.h
[11.690s] -- Up-to-date: /home/johnbuntu/ar4_ros_driver/install/moveit_servo/include/moveit_servo/servo_parameters.h
[11.690s] -- Up-to-date: /home/johnbuntu/ar4_ros_driver/install/moveit_servo/include/moveit_servo/make_shared_from_pool.h
[11.690s] -- Up-to-date: /home/johnbuntu/ar4_ros_driver/install/moveit_servo/include/moveit_servo/enforce_limits.hpp
[11.690s] -- Up-to-date: /home/johnbuntu/ar4_ros_driver/install/moveit_servo/include/moveit_servo/servo_node.h
[11.690s] -- Up-to-date: /home/johnbuntu/ar4_ros_driver/install/moveit_servo/include/moveit_servo/servo.h
[11.691s] -- Up-to-date: /home/johnbuntu/ar4_ros_driver/install/moveit_servo/include/moveit_servo/status_codes.h
[11.691s] -- Up-to-date: /home/johnbuntu/ar4_ros_driver/install/moveit_servo/include/moveit_servo/servo_calcs.h
[11.691s] -- Up-to-date: /home/johnbuntu/ar4_ros_driver/install/moveit_servo/include/moveit_servo/utilities.h
[11.691s] -- Up-to-date: /home/johnbuntu/ar4_ros_driver/install/moveit_servo/include/moveit_servo/parameter_descriptor_builder.hpp
[11.691s] -- Up-to-date: /home/johnbuntu/ar4_ros_driver/install/moveit_servo/include/moveit_servo/collision_check.h
[11.691s] -- Up-to-date: /home/johnbuntu/ar4_ros_driver/install/moveit_servo/share/moveit_servo/launch
[11.691s] -- Up-to-date: /home/johnbuntu/ar4_ros_driver/install/moveit_servo/share/moveit_servo/launch/pose_tracking_example.launch.py
[11.691s] -- Up-to-date: /home/johnbuntu/ar4_ros_driver/install/moveit_servo/share/moveit_servo/launch/servo_example.launch.py
[11.691s] -- Up-to-date: /home/johnbuntu/ar4_ros_driver/install/moveit_servo/share/moveit_servo/config
[11.691s] -- Up-to-date: /home/johnbuntu/ar4_ros_driver/install/moveit_servo/share/moveit_servo/config/demo_rviz_pose_tracking.rviz
[11.691s] -- Up-to-date: /home/johnbuntu/ar4_ros_driver/install/moveit_servo/share/moveit_servo/config/panda_simulated_config_pose_tracking.yaml
[11.692s] -- Up-to-date: /home/johnbuntu/ar4_ros_driver/install/moveit_servo/share/moveit_servo/config/panda_simulated_config.yaml
[11.692s] -- Up-to-date: /home/johnbuntu/ar4_ros_driver/install/moveit_servo/share/moveit_servo/config/pose_tracking_settings.yaml
[11.692s] -- Up-to-date: /home/johnbuntu/ar4_ros_driver/install/moveit_servo/share/moveit_servo/config/demo_rviz_config.rviz
[11.692s] -- Up-to-date: /home/johnbuntu/ar4_ros_driver/install/moveit_servo/share/moveit_servo/environment/library_path.sh
[11.692s] -- Up-to-date: /home/johnbuntu/ar4_ros_driver/install/moveit_servo/share/moveit_servo/environment/library_path.dsv
[11.692s] -- Up-to-date: /home/johnbuntu/ar4_ros_driver/install/moveit_servo/share/ament_index/resource_index/package_run_dependencies/moveit_servo
[11.692s] -- Up-to-date: /home/johnbuntu/ar4_ros_driver/install/moveit_servo/share/ament_index/resource_index/parent_prefix_path/moveit_servo
[11.692s] -- Up-to-date: /home/johnbuntu/ar4_ros_driver/install/moveit_servo/share/moveit_servo/environment/ament_prefix_path.sh
[11.693s] -- Up-to-date: /home/johnbuntu/ar4_ros_driver/install/moveit_servo/share/moveit_servo/environment/ament_prefix_path.dsv
[11.693s] -- Up-to-date: /home/johnbuntu/ar4_ros_driver/install/moveit_servo/share/moveit_servo/environment/path.sh
[11.693s] -- Up-to-date: /home/johnbuntu/ar4_ros_driver/install/moveit_servo/share/moveit_servo/environment/path.dsv
[11.693s] -- Up-to-date: /home/johnbuntu/ar4_ros_driver/install/moveit_servo/share/moveit_servo/local_setup.bash
[11.693s] -- Up-to-date: /home/johnbuntu/ar4_ros_driver/install/moveit_servo/share/moveit_servo/local_setup.sh
[11.694s] -- Up-to-date: /home/johnbuntu/ar4_ros_driver/install/moveit_servo/share/moveit_servo/local_setup.zsh
[11.694s] -- Up-to-date: /home/johnbuntu/ar4_ros_driver/install/moveit_servo/share/moveit_servo/local_setup.dsv
[11.694s] -- Installing: /home/johnbuntu/ar4_ros_driver/install/moveit_servo/share/moveit_servo/package.dsv
[11.694s] -- Up-to-date: /home/johnbuntu/ar4_ros_driver/install/moveit_servo/share/ament_index/resource_index/packages/moveit_servo
[11.694s] -- Up-to-date: /home/johnbuntu/ar4_ros_driver/install/moveit_servo/share/ament_index/resource_index/rclcpp_components/moveit_servo
[11.694s] -- Up-to-date: /home/johnbuntu/ar4_ros_driver/install/moveit_servo/share/moveit_servo/cmake/export_moveit_servoExport.cmake
[11.694s] -- Up-to-date: /home/johnbuntu/ar4_ros_driver/install/moveit_servo/share/moveit_servo/cmake/export_moveit_servoExport-release.cmake
[11.694s] -- Up-to-date: /home/johnbuntu/ar4_ros_driver/install/moveit_servo/share/moveit_servo/cmake/ament_cmake_export_targets-extras.cmake
[11.694s] -- Up-to-date: /home/johnbuntu/ar4_ros_driver/install/moveit_servo/share/moveit_servo/cmake/ament_cmake_export_dependencies-extras.cmake
[11.694s] -- Up-to-date: /home/johnbuntu/ar4_ros_driver/install/moveit_servo/share/moveit_servo/cmake/moveit_servoConfig.cmake
[11.695s] -- Up-to-date: /home/johnbuntu/ar4_ros_driver/install/moveit_servo/share/moveit_servo/cmake/moveit_servoConfig-version.cmake
[11.695s] -- Up-to-date: /home/johnbuntu/ar4_ros_driver/install/moveit_servo/share/moveit_servo/package.xml
[11.695s] Invoked command in '/home/johnbuntu/ar4_ros_driver/build/moveit_servo' returned '0': CMAKE_PREFIX_PATH=${CMAKE_PREFIX_PATH}:/opt/ros/humble /usr/bin/cmake --install /home/johnbuntu/ar4_ros_driver/build/moveit_servo
