[ 71%] Built target gorm_arm
[100%] Built target run_arduino_nano
-- Install configuration: ""
-- Up-to-date: /home/johnbuntu/ar4_ros_driver/install/gorm_arm/lib/gorm_arm/run_arduino_nano
-- Up-to-date: /home/johnbuntu/ar4_ros_driver/install/gorm_arm/share/gorm_arm/hardware_interface_plugin.xml
-- Up-to-date: /home/johnbuntu/ar4_ros_driver/install/gorm_arm/lib/libgorm_arm.so
-- Up-to-date: /home/johnbuntu/ar4_ros_driver/install/gorm_arm/include/gorm_arm
-- Up-to-date: /home/johnbuntu/ar4_ros_driver/install/gorm_arm/include/gorm_arm/gorm_arm_driver
-- Up-to-date: /home/johnbuntu/ar4_ros_driver/install/gorm_arm/include/gorm_arm/gorm_arm_driver/gorm_arm_hardware_interface.hpp
-- Up-to-date: /home/johnbuntu/ar4_ros_driver/install/gorm_arm/include/gorm_arm/gorm_arm_driver/arduino_nano_driver.hpp
-- Up-to-date: /home/johnbuntu/ar4_ros_driver/install/gorm_arm/include/gorm_arm/gorm_arm_driver/gorm_arm_gripper_hw_interface.hpp
-- Up-to-date: /home/johnbuntu/ar4_ros_driver/install/gorm_arm/include/gorm_arm/gorm_arm_driver/teensy_driver.hpp
-- Up-to-date: /home/johnbuntu/ar4_ros_driver/install/gorm_arm/share/gorm_arm/config
-- Installing: /home/johnbuntu/ar4_ros_driver/install/gorm_arm/share/gorm_arm/config/controllers_moveit.yaml
-- Up-to-date: /home/johnbuntu/ar4_ros_driver/install/gorm_arm/share/gorm_arm/config/ompl_planning.yaml
-- Up-to-date: /home/johnbuntu/ar4_ros_driver/install/gorm_arm/share/gorm_arm/config/joint_limits.yaml
-- Up-to-date: /home/johnbuntu/ar4_ros_driver/install/gorm_arm/share/gorm_arm/config/ros2_controllers.yaml
-- Up-to-date: /home/johnbuntu/ar4_ros_driver/install/gorm_arm/share/gorm_arm/config/driver.yaml
-- Up-to-date: /home/johnbuntu/ar4_ros_driver/install/gorm_arm/share/gorm_arm/config/joint_offsets.yaml
-- Up-to-date: /home/johnbuntu/ar4_ros_driver/install/gorm_arm/share/gorm_arm/config/controllers.yaml
-- Up-to-date: /home/johnbuntu/ar4_ros_driver/install/gorm_arm/share/gorm_arm/config/robot_parameters.yaml
-- Up-to-date: /home/johnbuntu/ar4_ros_driver/install/gorm_arm/share/gorm_arm/config/controller_update_rate.yaml
-- Up-to-date: /home/johnbuntu/ar4_ros_driver/install/gorm_arm/share/gorm_arm/config/pilz_planning.yaml
-- Up-to-date: /home/johnbuntu/ar4_ros_driver/install/gorm_arm/share/gorm_arm/config/gorm_arm_simulated_config.yaml
-- Up-to-date: /home/johnbuntu/ar4_ros_driver/install/gorm_arm/share/gorm_arm/config/kinematics.yaml
-- Up-to-date: /home/johnbuntu/ar4_ros_driver/install/gorm_arm/share/gorm_arm/launch
-- Up-to-date: /home/johnbuntu/ar4_ros_driver/install/gorm_arm/share/gorm_arm/launch/demo.launch.py
-- Up-to-date: /home/johnbuntu/ar4_ros_driver/install/gorm_arm/share/gorm_arm/launch/driver.launch.py
-- Installing: /home/johnbuntu/ar4_ros_driver/install/gorm_arm/share/gorm_arm/launch/moveit.launch.py
-- Up-to-date: /home/johnbuntu/ar4_ros_driver/install/gorm_arm/share/gorm_arm/urdf
-- Up-to-date: /home/johnbuntu/ar4_ros_driver/install/gorm_arm/share/gorm_arm/urdf/gorm_arm.urdf
-- Up-to-date: /home/johnbuntu/ar4_ros_driver/install/gorm_arm/share/gorm_arm/urdf/fake_gorm_arm.urdf
-- Up-to-date: /home/johnbuntu/ar4_ros_driver/install/gorm_arm/share/gorm_arm/environment/library_path.sh
-- Up-to-date: /home/johnbuntu/ar4_ros_driver/install/gorm_arm/share/gorm_arm/environment/library_path.dsv
-- Up-to-date: /home/johnbuntu/ar4_ros_driver/install/gorm_arm/share/gorm_arm/config
-- Up-to-date: /home/johnbuntu/ar4_ros_driver/install/gorm_arm/share/gorm_arm/config/controllers_moveit.yaml
-- Up-to-date: /home/johnbuntu/ar4_ros_driver/install/gorm_arm/share/gorm_arm/config/ompl_planning.yaml
-- Up-to-date: /home/johnbuntu/ar4_ros_driver/install/gorm_arm/share/gorm_arm/config/joint_limits.yaml
-- Up-to-date: /home/johnbuntu/ar4_ros_driver/install/gorm_arm/share/gorm_arm/config/ros2_controllers.yaml
-- Up-to-date: /home/johnbuntu/ar4_ros_driver/install/gorm_arm/share/gorm_arm/config/driver.yaml
-- Up-to-date: /home/johnbuntu/ar4_ros_driver/install/gorm_arm/share/gorm_arm/config/joint_offsets.yaml
-- Up-to-date: /home/johnbuntu/ar4_ros_driver/install/gorm_arm/share/gorm_arm/config/controllers.yaml
-- Up-to-date: /home/johnbuntu/ar4_ros_driver/install/gorm_arm/share/gorm_arm/config/robot_parameters.yaml
-- Up-to-date: /home/johnbuntu/ar4_ros_driver/install/gorm_arm/share/gorm_arm/config/controller_update_rate.yaml
-- Up-to-date: /home/johnbuntu/ar4_ros_driver/install/gorm_arm/share/gorm_arm/config/pilz_planning.yaml
-- Up-to-date: /home/johnbuntu/ar4_ros_driver/install/gorm_arm/share/gorm_arm/config/gorm_arm_simulated_config.yaml
-- Up-to-date: /home/johnbuntu/ar4_ros_driver/install/gorm_arm/share/gorm_arm/config/kinematics.yaml
-- Up-to-date: /home/johnbuntu/ar4_ros_driver/install/gorm_arm/share/gorm_arm/launch
-- Up-to-date: /home/johnbuntu/ar4_ros_driver/install/gorm_arm/share/gorm_arm/launch/demo.launch.py
-- Up-to-date: /home/johnbuntu/ar4_ros_driver/install/gorm_arm/share/gorm_arm/launch/driver.launch.py
-- Up-to-date: /home/johnbuntu/ar4_ros_driver/install/gorm_arm/share/gorm_arm/launch/moveit.launch.py
-- Up-to-date: /home/johnbuntu/ar4_ros_driver/install/gorm_arm/share/gorm_arm/rviz
-- Up-to-date: /home/johnbuntu/ar4_ros_driver/install/gorm_arm/share/gorm_arm/rviz/rviz_config.rviz
-- Up-to-date: /home/johnbuntu/ar4_ros_driver/install/gorm_arm/share/gorm_arm/srdf
-- Up-to-date: /home/johnbuntu/ar4_ros_driver/install/gorm_arm/share/gorm_arm/srdf/gorm_arm.srdf
-- Up-to-date: /home/johnbuntu/ar4_ros_driver/install/gorm_arm/share/gorm_arm/urdf
-- Up-to-date: /home/johnbuntu/ar4_ros_driver/install/gorm_arm/share/gorm_arm/urdf/gorm_arm.urdf
-- Up-to-date: /home/johnbuntu/ar4_ros_driver/install/gorm_arm/share/gorm_arm/urdf/fake_gorm_arm.urdf
-- Up-to-date: /home/johnbuntu/ar4_ros_driver/install/gorm_arm/share/ament_index/resource_index/package_run_dependencies/gorm_arm
-- Up-to-date: /home/johnbuntu/ar4_ros_driver/install/gorm_arm/share/ament_index/resource_index/parent_prefix_path/gorm_arm
-- Up-to-date: /home/johnbuntu/ar4_ros_driver/install/gorm_arm/share/gorm_arm/environment/ament_prefix_path.sh
-- Up-to-date: /home/johnbuntu/ar4_ros_driver/install/gorm_arm/share/gorm_arm/environment/ament_prefix_path.dsv
-- Up-to-date: /home/johnbuntu/ar4_ros_driver/install/gorm_arm/share/gorm_arm/environment/path.sh
-- Up-to-date: /home/johnbuntu/ar4_ros_driver/install/gorm_arm/share/gorm_arm/environment/path.dsv
-- Up-to-date: /home/johnbuntu/ar4_ros_driver/install/gorm_arm/share/gorm_arm/local_setup.bash
-- Up-to-date: /home/johnbuntu/ar4_ros_driver/install/gorm_arm/share/gorm_arm/local_setup.sh
-- Up-to-date: /home/johnbuntu/ar4_ros_driver/install/gorm_arm/share/gorm_arm/local_setup.zsh
-- Up-to-date: /home/johnbuntu/ar4_ros_driver/install/gorm_arm/share/gorm_arm/local_setup.dsv
-- Installing: /home/johnbuntu/ar4_ros_driver/install/gorm_arm/share/gorm_arm/package.dsv
-- Up-to-date: /home/johnbuntu/ar4_ros_driver/install/gorm_arm/share/ament_index/resource_index/packages/gorm_arm
-- Up-to-date: /home/johnbuntu/ar4_ros_driver/install/gorm_arm/share/ament_index/resource_index/hardware_interface__pluginlib__plugin/gorm_arm
-- Up-to-date: /home/johnbuntu/ar4_ros_driver/install/gorm_arm/share/gorm_arm/cmake/export_gorm_armExport.cmake
-- Up-to-date: /home/johnbuntu/ar4_ros_driver/install/gorm_arm/share/gorm_arm/cmake/export_gorm_armExport-noconfig.cmake
-- Up-to-date: /home/johnbuntu/ar4_ros_driver/install/gorm_arm/share/gorm_arm/cmake/ament_cmake_export_targets-extras.cmake
-- Up-to-date: /home/johnbuntu/ar4_ros_driver/install/gorm_arm/share/gorm_arm/cmake/ament_cmake_export_dependencies-extras.cmake
-- Up-to-date: /home/johnbuntu/ar4_ros_driver/install/gorm_arm/share/gorm_arm/cmake/gorm_armConfig.cmake
-- Up-to-date: /home/johnbuntu/ar4_ros_driver/install/gorm_arm/share/gorm_arm/cmake/gorm_armConfig-version.cmake
-- Up-to-date: /home/johnbuntu/ar4_ros_driver/install/gorm_arm/share/gorm_arm/package.xml
