[0.018s] Invoking command in '/home/johnbuntu/ar4_ros_driver/build/moveit_servo': CMAKE_PREFIX_PATH=${CMAKE_PREFIX_PATH}:/opt/ros/humble /usr/bin/cmake --build /home/johnbuntu/ar4_ros_driver/build/moveit_servo -- -j8 -l8
[0.072s] [35m[1mConsolidate compiler generated dependencies of target servo_controller_input[0m
[0.086s] [  6%] Built target gtest_main
[0.086s] [ 12%] Built target gtest
[0.087s] [ 18%] Built target fake_command_publisher
[0.096s] [ 21%] [32mBuilding CXX object CMakeFiles/servo_controller_input.dir/src/teleop_demo/joystick_servo_example.cpp.o[0m
[0.096s] [ 30%] Built target moveit_servo_lib_parameters
[0.149s] [ 36%] Built target test_servo_integration
[0.149s] [ 42%] Built target test_servo_collision
[0.162s] [ 60%] Built target moveit_servo_lib
[0.218s] [ 66%] Built target servo_calcs_unit_tests
[0.220s] [ 72%] Built target servo_node
[0.227s] [ 78%] Built target pose_tracking
[0.279s] [ 90%] Built target servo_node_main
[0.279s] [ 90%] Built target test_servo_pose_tracking
[0.279s] [ 96%] Built target servo_pose_tracking_demo
[2.069s] [01m[K/home/johnbuntu/ar4_ros_driver/moveit_servo/src/teleop_demo/joystick_servo_example.cpp:[m[K In member function ‘[01m[Kvoid moveit_servo::JoyToServoPub::joyCB(const ConstSharedPtr&)[m[K’:
[2.069s] [01m[K/home/johnbuntu/ar4_ros_driver/moveit_servo/src/teleop_demo/joystick_servo_example.cpp:335:9:[m[K [01;31m[Kerror: [m[K‘[01m[Kprint[m[K’ was not declared in this scope; did you mean ‘[01m[Krint[m[K’?
[2.069s]   335 |         [01;31m[Kprint[m[K(gripper_msg);
[2.069s]       |         [01;31m[K^~~~~[m[K
[2.069s]       |         [32m[Krint[m[K
[4.491s] gmake[2]: *** [CMakeFiles/servo_controller_input.dir/build.make:76: CMakeFiles/servo_controller_input.dir/src/teleop_demo/joystick_servo_example.cpp.o] Error 1
[4.492s] gmake[1]: *** [CMakeFiles/Makefile2:283: CMakeFiles/servo_controller_input.dir/all] Error 2
[4.492s] gmake: *** [Makefile:146: all] Error 2
[4.493s] Invoked command in '/home/johnbuntu/ar4_ros_driver/build/moveit_servo' returned '2': CMAKE_PREFIX_PATH=${CMAKE_PREFIX_PATH}:/opt/ros/humble /usr/bin/cmake --build /home/johnbuntu/ar4_ros_driver/build/moveit_servo -- -j8 -l8
