[35m[1mConsolidate compiler generated dependencies of target servo_controller_input[0m
[  9%] Built target gtest
[ 12%] Built target gtest_main
[ 18%] Built target fake_command_publisher
[ 21%] [32mBuilding CXX object CMakeFiles/servo_controller_input.dir/src/teleop_demo/joystick_servo_example.cpp.o[0m
[ 30%] Built target moveit_servo_lib_parameters
[ 36%] Built target test_servo_integration
[ 42%] Built target test_servo_collision
[ 60%] Built target moveit_servo_lib
[ 66%] Built target servo_node
[ 78%] Built target servo_calcs_unit_tests
[ 78%] Built target pose_tracking
[ 90%] Built target servo_pose_tracking_demo
[ 90%] Built target servo_node_main
[ 96%] Built target test_servo_pose_tracking
[01m[K/home/johnbuntu/ar4_ros_driver/moveit_servo/src/teleop_demo/joystick_servo_example.cpp:[m[K In function ‘[01m[Kbool convertJoyToCmd(const std::vector<float, std::allocator<float> >&, const std::vector<int, std::allocator<int> >&, std::unique_ptr<geometry_msgs::msg::TwistStamped_<std::allocator<void> >, std::default_delete<geometry_msgs::msg::TwistStamped_<std::allocator<void> > > >&, std::unique_ptr<control_msgs::msg::JointJog_<std::allocator<void> >, std::default_delete<control_msgs::msg::JointJog_<std::allocator<void> > > >&, std::unique_ptr<std_msgs::msg::Int32_<std::allocator<void> >, std::default_delete<std_msgs::msg::Int32_<std::allocator<void> > > >&)[m[K’:
[01m[K/home/johnbuntu/ar4_ros_driver/moveit_servo/src/teleop_demo/joystick_servo_example.cpp:190:5:[m[K [01;31m[Kerror: [m[K‘[01m[Kgripper_msg[m[K’ was not declared in this scope; did you mean ‘[01m[Kgripper_angle[m[K’?
  190 |     [01;31m[Kgripper_msg[m[K->data = static_cast<int>(gripper_angle);
      |     [01;31m[K^~~~~~~~~~~[m[K
      |     [32m[Kgripper_angle[m[K
[01m[K/home/johnbuntu/ar4_ros_driver/moveit_servo/src/teleop_demo/joystick_servo_example.cpp:207:5:[m[K [01;31m[Kerror: [m[K‘[01m[Kgripper_msg[m[K’ was not declared in this scope; did you mean ‘[01m[Kgripper_angle[m[K’?
  207 |     [01;31m[Kgripper_msg[m[K->data = static_cast<int>(gripper_angle);
      |     [01;31m[K^~~~~~~~~~~[m[K
      |     [32m[Kgripper_angle[m[K
[01m[K/home/johnbuntu/ar4_ros_driver/moveit_servo/src/teleop_demo/joystick_servo_example.cpp:125:61:[m[K [01;35m[Kwarning: [m[Kunused parameter ‘[01m[Kgripper[m[K’ [[01;35m[K]8;;https://gcc.gnu.org/onlinedocs/gcc/Warning-Options.html#index-Wunused-parameter-Wunused-parameter]8;;[m[K]
  125 |                      [01;35m[Kstd::unique_ptr<std_msgs::msg::Int32> &gripper[m[K)
      |                      [01;35m[K~~~~~~~~~~~~~~~~~~~~~~~~~~~~~~~~~~~~~~~^~~~~~~[m[K
gmake[2]: *** [CMakeFiles/servo_controller_input.dir/build.make:76: CMakeFiles/servo_controller_input.dir/src/teleop_demo/joystick_servo_example.cpp.o] Error 1
gmake[1]: *** [CMakeFiles/Makefile2:283: CMakeFiles/servo_controller_input.dir/all] Error 2
gmake: *** [Makefile:146: all] Error 2
