[0.015s] Invoking command in '/home/johnbuntu/ar4_ros_driver/build/moveit_servo': CMAKE_PREFIX_PATH=${CMAKE_PREFIX_PATH}:/opt/ros/humble /usr/bin/cmake --build /home/johnbuntu/ar4_ros_driver/build/moveit_servo -- -j8 -l8
[0.059s] [35m[1mConsolidate compiler generated dependencies of target servo_controller_input[0m
[0.078s] [  9%] Built target gtest
[0.078s] [ 12%] Built target gtest_main
[0.078s] [ 18%] Built target fake_command_publisher
[0.082s] [ 21%] [32mBuilding CXX object CMakeFiles/servo_controller_input.dir/src/teleop_demo/joystick_servo_example.cpp.o[0m
[0.091s] [ 30%] Built target moveit_servo_lib_parameters
[0.142s] [ 36%] Built target test_servo_integration
[0.146s] [ 42%] Built target test_servo_collision
[0.154s] [ 60%] Built target moveit_servo_lib
[0.212s] [ 66%] Built target servo_node
[0.212s] [ 78%] Built target servo_calcs_unit_tests
[0.212s] [ 78%] Built target pose_tracking
[0.275s] [ 90%] Built target servo_pose_tracking_demo
[0.275s] [ 90%] Built target servo_node_main
[0.281s] [ 96%] Built target test_servo_pose_tracking
[1.803s] [01m[K/home/johnbuntu/ar4_ros_driver/moveit_servo/src/teleop_demo/joystick_servo_example.cpp:[m[K In function ‘[01m[Kbool convertJoyToCmd(const std::vector<float, std::allocator<float> >&, const std::vector<int, std::allocator<int> >&, std::unique_ptr<geometry_msgs::msg::TwistStamped_<std::allocator<void> >, std::default_delete<geometry_msgs::msg::TwistStamped_<std::allocator<void> > > >&, std::unique_ptr<control_msgs::msg::JointJog_<std::allocator<void> >, std::default_delete<control_msgs::msg::JointJog_<std::allocator<void> > > >&, std::unique_ptr<std_msgs::msg::Int32_<std::allocator<void> >, std::default_delete<std_msgs::msg::Int32_<std::allocator<void> > > >&)[m[K’:
[1.803s] [01m[K/home/johnbuntu/ar4_ros_driver/moveit_servo/src/teleop_demo/joystick_servo_example.cpp:190:5:[m[K [01;31m[Kerror: [m[K‘[01m[Kgripper_msg[m[K’ was not declared in this scope; did you mean ‘[01m[Kgripper_angle[m[K’?
[1.803s]   190 |     [01;31m[Kgripper_msg[m[K->data = static_cast<int>(gripper_angle);
[1.803s]       |     [01;31m[K^~~~~~~~~~~[m[K
[1.804s]       |     [32m[Kgripper_angle[m[K
[1.806s] [01m[K/home/johnbuntu/ar4_ros_driver/moveit_servo/src/teleop_demo/joystick_servo_example.cpp:207:5:[m[K [01;31m[Kerror: [m[K‘[01m[Kgripper_msg[m[K’ was not declared in this scope; did you mean ‘[01m[Kgripper_angle[m[K’?
[1.806s]   207 |     [01;31m[Kgripper_msg[m[K->data = static_cast<int>(gripper_angle);
[1.807s]       |     [01;31m[K^~~~~~~~~~~[m[K
[1.807s]       |     [32m[Kgripper_angle[m[K
[1.807s] [01m[K/home/johnbuntu/ar4_ros_driver/moveit_servo/src/teleop_demo/joystick_servo_example.cpp:125:61:[m[K [01;35m[Kwarning: [m[Kunused parameter ‘[01m[Kgripper[m[K’ [[01;35m[K]8;;https://gcc.gnu.org/onlinedocs/gcc/Warning-Options.html#index-Wunused-parameter-Wunused-parameter]8;;[m[K]
[1.807s]   125 |                      [01;35m[Kstd::unique_ptr<std_msgs::msg::Int32> &gripper[m[K)
[1.807s]       |                      [01;35m[K~~~~~~~~~~~~~~~~~~~~~~~~~~~~~~~~~~~~~~~^~~~~~~[m[K
[4.800s] gmake[2]: *** [CMakeFiles/servo_controller_input.dir/build.make:76: CMakeFiles/servo_controller_input.dir/src/teleop_demo/joystick_servo_example.cpp.o] Error 1
[4.800s] gmake[1]: *** [CMakeFiles/Makefile2:283: CMakeFiles/servo_controller_input.dir/all] Error 2
[4.800s] gmake: *** [Makefile:146: all] Error 2
[4.802s] Invoked command in '/home/johnbuntu/ar4_ros_driver/build/moveit_servo' returned '2': CMAKE_PREFIX_PATH=${CMAKE_PREFIX_PATH}:/opt/ros/humble /usr/bin/cmake --build /home/johnbuntu/ar4_ros_driver/build/moveit_servo -- -j8 -l8
