[0.007s] Invoking command in '/home/johnbuntu/ar4_ros_driver/build/annin_ar4_driver': AMENT_PREFIX_PATH=/home/johnbuntu/ar4_ros_driver/install/annin_ar4_description:${AMENT_PREFIX_PATH} CMAKE_PREFIX_PATH=/home/johnbuntu/ar4_ros_driver/install/annin_ar4_description:/opt/ros/humble /usr/bin/cmake /home/johnbuntu/ar4_ros_driver/annin_ar4_driver -DCMAKE_INSTALL_PREFIX=/home/johnbuntu/ar4_ros_driver/install/annin_ar4_driver
[0.051s] -- The C compiler identification is GNU 11.4.0
[0.098s] -- The CXX compiler identification is GNU 11.4.0
[0.106s] -- Detecting C compiler ABI info
[0.160s] -- Detecting C compiler ABI info - done
[0.166s] -- Check for working C compiler: /usr/bin/cc - skipped
[0.166s] -- Detecting C compile features
[0.167s] -- Detecting C compile features - done
[0.169s] -- Detecting CXX compiler ABI info
[0.232s] -- Detecting CXX compiler ABI info - done
[0.238s] -- Check for working CXX compiler: /usr/bin/c++ - skipped
[0.238s] -- Detecting CXX compile features
[0.239s] -- Detecting CXX compile features - done
[0.241s] -- Found ament_cmake: 1.3.11 (/opt/ros/humble/share/ament_cmake/cmake)
[0.365s] -- Found Python3: /usr/bin/python3 (found version "3.10.12") found components: Interpreter 
[0.468s] -- Found Boost: /usr/lib/x86_64-linux-gnu/cmake/Boost-1.74.0/BoostConfig.cmake (found version "1.74.0") found components: system 
[0.472s] -- Found controller_manager: 2.48.0 (/opt/ros/humble/share/controller_manager/cmake)
[0.537s] -- Found rosidl_generator_c: 3.1.6 (/opt/ros/humble/share/rosidl_generator_c/cmake)
[0.542s] -- Found rosidl_adapter: 3.1.6 (/opt/ros/humble/share/rosidl_adapter/cmake)
[0.551s] -- Found rosidl_generator_cpp: 3.1.6 (/opt/ros/humble/share/rosidl_generator_cpp/cmake)
[0.565s] -- Using all available rosidl_typesupport_c: rosidl_typesupport_fastrtps_c;rosidl_typesupport_introspection_c
[0.583s] -- Using all available rosidl_typesupport_cpp: rosidl_typesupport_fastrtps_cpp;rosidl_typesupport_introspection_cpp
[0.784s] -- Found rmw_implementation_cmake: 6.1.2 (/opt/ros/humble/share/rmw_implementation_cmake/cmake)
[0.787s] -- Found rmw_fastrtps_cpp: 6.2.7 (/opt/ros/humble/share/rmw_fastrtps_cpp/cmake)
[0.814s] -- Found TinyXML2 via Config file: TinyXML2_DIR-NOTFOUND
[0.854s] -- Found OpenSSL: /usr/lib/x86_64-linux-gnu/libcrypto.so (found version "3.0.2")  
[0.857s] -- Found TinyXML2 via Config file: TinyXML2_DIR-NOTFOUND
[0.869s] -- Found FastRTPS: /opt/ros/humble/include  
[0.874s] -- Found TinyXML2 via Config file: TinyXML2_DIR-NOTFOUND
[0.881s] -- Found TinyXML2 via Config file: TinyXML2_DIR-NOTFOUND
[0.890s] -- Using RMW implementation 'rmw_fastrtps_cpp' as default
[0.899s] -- Looking for pthread.h
[0.963s] -- Looking for pthread.h - found
[0.964s] -- Performing Test CMAKE_HAVE_LIBC_PTHREAD
[1.030s] -- Performing Test CMAKE_HAVE_LIBC_PTHREAD - Success
[1.031s] -- Found Threads: TRUE  
[1.180s] -- Configuring done
[1.275s] -- Generating done
[1.281s] -- Build files have been written to: /home/johnbuntu/ar4_ros_driver/build/annin_ar4_driver
[1.290s] Invoked command in '/home/johnbuntu/ar4_ros_driver/build/annin_ar4_driver' returned '0': AMENT_PREFIX_PATH=/home/johnbuntu/ar4_ros_driver/install/annin_ar4_description:${AMENT_PREFIX_PATH} CMAKE_PREFIX_PATH=/home/johnbuntu/ar4_ros_driver/install/annin_ar4_description:/opt/ros/humble /usr/bin/cmake /home/johnbuntu/ar4_ros_driver/annin_ar4_driver -DCMAKE_INSTALL_PREFIX=/home/johnbuntu/ar4_ros_driver/install/annin_ar4_driver
[1.292s] Invoking command in '/home/johnbuntu/ar4_ros_driver/build/annin_ar4_driver': AMENT_PREFIX_PATH=/home/johnbuntu/ar4_ros_driver/install/annin_ar4_description:${AMENT_PREFIX_PATH} CMAKE_PREFIX_PATH=/home/johnbuntu/ar4_ros_driver/install/annin_ar4_description:/opt/ros/humble /usr/bin/cmake --build /home/johnbuntu/ar4_ros_driver/build/annin_ar4_driver -- -j8 -l8
[1.342s] [ 57%] [32mBuilding CXX object CMakeFiles/annin_ar4_driver.dir/src/teensy_driver.cpp.o[0m
[1.342s] [ 57%] [32mBuilding CXX object CMakeFiles/annin_ar4_driver.dir/src/ar_servo_gripper_hw_interface.cpp.o[0m
[1.342s] [ 57%] [32mBuilding CXX object CMakeFiles/annin_ar4_driver.dir/src/ar_hardware_interface.cpp.o[0m
[1.342s] [ 57%] [32mBuilding CXX object CMakeFiles/annin_ar4_driver.dir/src/arduino_nano_driver.cpp.o[0m
[6.172s] [ 71%] [32m[1mLinking CXX shared library libannin_ar4_driver.so[0m
[6.434s] [ 71%] Built target annin_ar4_driver
[6.450s] [ 85%] [32mBuilding CXX object CMakeFiles/run_arduino_nano.dir/src/run_arduino_nano.cpp.o[0m
[9.669s] [100%] [32m[1mLinking CXX executable run_arduino_nano[0m
[9.816s] [100%] Built target run_arduino_nano
[9.824s] Invoked command in '/home/johnbuntu/ar4_ros_driver/build/annin_ar4_driver' returned '0': AMENT_PREFIX_PATH=/home/johnbuntu/ar4_ros_driver/install/annin_ar4_description:${AMENT_PREFIX_PATH} CMAKE_PREFIX_PATH=/home/johnbuntu/ar4_ros_driver/install/annin_ar4_description:/opt/ros/humble /usr/bin/cmake --build /home/johnbuntu/ar4_ros_driver/build/annin_ar4_driver -- -j8 -l8
[9.825s] Invoking command in '/home/johnbuntu/ar4_ros_driver/build/annin_ar4_driver': AMENT_PREFIX_PATH=/home/johnbuntu/ar4_ros_driver/install/annin_ar4_description:${AMENT_PREFIX_PATH} CMAKE_PREFIX_PATH=/home/johnbuntu/ar4_ros_driver/install/annin_ar4_description:/opt/ros/humble /usr/bin/cmake --install /home/johnbuntu/ar4_ros_driver/build/annin_ar4_driver
[9.832s] -- Install configuration: ""
[9.832s] -- Installing: /home/johnbuntu/ar4_ros_driver/install/annin_ar4_driver/lib/annin_ar4_driver/run_arduino_nano
[9.832s] -- Set runtime path of "/home/johnbuntu/ar4_ros_driver/install/annin_ar4_driver/lib/annin_ar4_driver/run_arduino_nano" to ""
[9.832s] -- Installing: /home/johnbuntu/ar4_ros_driver/install/annin_ar4_driver/share/annin_ar4_driver/hardware_interface_plugin.xml
[9.833s] -- Installing: /home/johnbuntu/ar4_ros_driver/install/annin_ar4_driver/lib/libannin_ar4_driver.so
[9.834s] -- Set runtime path of "/home/johnbuntu/ar4_ros_driver/install/annin_ar4_driver/lib/libannin_ar4_driver.so" to ""
[9.835s] -- Installing: /home/johnbuntu/ar4_ros_driver/install/annin_ar4_driver/include/annin_ar4_driver
[9.835s] -- Installing: /home/johnbuntu/ar4_ros_driver/install/annin_ar4_driver/include/annin_ar4_driver/annin_ar4_driver
[9.835s] -- Installing: /home/johnbuntu/ar4_ros_driver/install/annin_ar4_driver/include/annin_ar4_driver/annin_ar4_driver/ar_hardware_interface.hpp
[9.835s] -- Installing: /home/johnbuntu/ar4_ros_driver/install/annin_ar4_driver/include/annin_ar4_driver/annin_ar4_driver/arduino_nano_driver.hpp
[9.835s] -- Installing: /home/johnbuntu/ar4_ros_driver/install/annin_ar4_driver/include/annin_ar4_driver/annin_ar4_driver/teensy_driver.hpp
[9.835s] -- Installing: /home/johnbuntu/ar4_ros_driver/install/annin_ar4_driver/include/annin_ar4_driver/annin_ar4_driver/ar_servo_gripper_hw_interface.hpp
[9.835s] -- Installing: /home/johnbuntu/ar4_ros_driver/install/annin_ar4_driver/share/annin_ar4_driver/config
[9.836s] -- Installing: /home/johnbuntu/ar4_ros_driver/install/annin_ar4_driver/share/annin_ar4_driver/config/driver.yaml
[9.836s] -- Installing: /home/johnbuntu/ar4_ros_driver/install/annin_ar4_driver/share/annin_ar4_driver/config/controllers.yaml
[9.836s] -- Installing: /home/johnbuntu/ar4_ros_driver/install/annin_ar4_driver/share/annin_ar4_driver/config/joint_offsets
[9.836s] -- Installing: /home/johnbuntu/ar4_ros_driver/install/annin_ar4_driver/share/annin_ar4_driver/config/joint_offsets/mk2.yaml
[9.836s] -- Installing: /home/johnbuntu/ar4_ros_driver/install/annin_ar4_driver/share/annin_ar4_driver/config/joint_offsets/mk1.yaml
[9.836s] -- Installing: /home/johnbuntu/ar4_ros_driver/install/annin_ar4_driver/share/annin_ar4_driver/config/joint_offsets/mk3.yaml
[9.836s] -- Installing: /home/johnbuntu/ar4_ros_driver/install/annin_ar4_driver/share/annin_ar4_driver/config/controller_update_rate.yaml
[9.836s] -- Installing: /home/johnbuntu/ar4_ros_driver/install/annin_ar4_driver/share/annin_ar4_driver/launch
[9.836s] -- Installing: /home/johnbuntu/ar4_ros_driver/install/annin_ar4_driver/share/annin_ar4_driver/launch/driver.launch.py
[9.836s] -- Installing: /home/johnbuntu/ar4_ros_driver/install/annin_ar4_driver/share/annin_ar4_driver/urdf
[9.837s] -- Installing: /home/johnbuntu/ar4_ros_driver/install/annin_ar4_driver/share/annin_ar4_driver/urdf/ar.urdf.xacro
[9.837s] -- Installing: /home/johnbuntu/ar4_ros_driver/install/annin_ar4_driver/lib/annin_ar4_driver/reset_estop.sh
[9.837s] -- Installing: /home/johnbuntu/ar4_ros_driver/install/annin_ar4_driver/share/annin_ar4_driver/environment/library_path.sh
[9.837s] -- Installing: /home/johnbuntu/ar4_ros_driver/install/annin_ar4_driver/share/annin_ar4_driver/environment/library_path.dsv
[9.837s] -- Installing: /home/johnbuntu/ar4_ros_driver/install/annin_ar4_driver/share/ament_index/resource_index/package_run_dependencies/annin_ar4_driver
[9.837s] -- Installing: /home/johnbuntu/ar4_ros_driver/install/annin_ar4_driver/share/ament_index/resource_index/parent_prefix_path/annin_ar4_driver
[9.838s] -- Installing: /home/johnbuntu/ar4_ros_driver/install/annin_ar4_driver/share/annin_ar4_driver/environment/ament_prefix_path.sh
[9.838s] -- Installing: /home/johnbuntu/ar4_ros_driver/install/annin_ar4_driver/share/annin_ar4_driver/environment/ament_prefix_path.dsv
[9.838s] -- Installing: /home/johnbuntu/ar4_ros_driver/install/annin_ar4_driver/share/annin_ar4_driver/environment/path.sh
[9.838s] -- Installing: /home/johnbuntu/ar4_ros_driver/install/annin_ar4_driver/share/annin_ar4_driver/environment/path.dsv
[9.838s] -- Installing: /home/johnbuntu/ar4_ros_driver/install/annin_ar4_driver/share/annin_ar4_driver/local_setup.bash
[9.838s] -- Installing: /home/johnbuntu/ar4_ros_driver/install/annin_ar4_driver/share/annin_ar4_driver/local_setup.sh
[9.838s] -- Installing: /home/johnbuntu/ar4_ros_driver/install/annin_ar4_driver/share/annin_ar4_driver/local_setup.zsh
[9.838s] -- Installing: /home/johnbuntu/ar4_ros_driver/install/annin_ar4_driver/share/annin_ar4_driver/local_setup.dsv
[9.838s] -- Installing: /home/johnbuntu/ar4_ros_driver/install/annin_ar4_driver/share/annin_ar4_driver/package.dsv
[9.839s] -- Installing: /home/johnbuntu/ar4_ros_driver/install/annin_ar4_driver/share/ament_index/resource_index/packages/annin_ar4_driver
[9.839s] -- Installing: /home/johnbuntu/ar4_ros_driver/install/annin_ar4_driver/share/ament_index/resource_index/hardware_interface__pluginlib__plugin/annin_ar4_driver
[9.839s] -- Installing: /home/johnbuntu/ar4_ros_driver/install/annin_ar4_driver/share/annin_ar4_driver/cmake/export_annin_ar4_driverExport.cmake
[9.839s] -- Installing: /home/johnbuntu/ar4_ros_driver/install/annin_ar4_driver/share/annin_ar4_driver/cmake/export_annin_ar4_driverExport-noconfig.cmake
[9.839s] -- Installing: /home/johnbuntu/ar4_ros_driver/install/annin_ar4_driver/share/annin_ar4_driver/cmake/ament_cmake_export_targets-extras.cmake
[9.839s] -- Installing: /home/johnbuntu/ar4_ros_driver/install/annin_ar4_driver/share/annin_ar4_driver/cmake/ament_cmake_export_dependencies-extras.cmake
[9.839s] -- Installing: /home/johnbuntu/ar4_ros_driver/install/annin_ar4_driver/share/annin_ar4_driver/cmake/annin_ar4_driverConfig.cmake
[9.839s] -- Installing: /home/johnbuntu/ar4_ros_driver/install/annin_ar4_driver/share/annin_ar4_driver/cmake/annin_ar4_driverConfig-version.cmake
[9.839s] -- Installing: /home/johnbuntu/ar4_ros_driver/install/annin_ar4_driver/share/annin_ar4_driver/package.xml
[9.841s] Invoked command in '/home/johnbuntu/ar4_ros_driver/build/annin_ar4_driver' returned '0': AMENT_PREFIX_PATH=/home/johnbuntu/ar4_ros_driver/install/annin_ar4_description:${AMENT_PREFIX_PATH} CMAKE_PREFIX_PATH=/home/johnbuntu/ar4_ros_driver/install/annin_ar4_description:/opt/ros/humble /usr/bin/cmake --install /home/johnbuntu/ar4_ros_driver/build/annin_ar4_driver
