-- The C compiler identification is GNU 11.4.0
-- The CXX compiler identification is GNU 11.4.0
-- Detecting C compiler ABI info
-- Detecting C compiler ABI info - done
-- Check for working C compiler: /usr/bin/cc - skipped
-- Detecting C compile features
-- Detecting C compile features - done
-- Detecting CXX compiler ABI info
-- Detecting CXX compiler ABI info - done
-- Check for working CXX compiler: /usr/bin/c++ - skipped
-- Detecting CXX compile features
-- Detecting CXX compile features - done
-- Found ament_cmake: 1.3.11 (/opt/ros/humble/share/ament_cmake/cmake)
-- Found Python3: /usr/bin/python3 (found version "3.10.12") found components: Interpreter 
-- Found Boost: /usr/lib/x86_64-linux-gnu/cmake/Boost-1.74.0/BoostConfig.cmake (found version "1.74.0") found components: system 
-- Found controller_manager: 2.50.0 (/opt/ros/humble/share/controller_manager/cmake)
-- Found rosidl_generator_c: 3.1.6 (/opt/ros/humble/share/rosidl_generator_c/cmake)
-- Found rosidl_adapter: 3.1.6 (/opt/ros/humble/share/rosidl_adapter/cmake)
-- Found rosidl_generator_cpp: 3.1.6 (/opt/ros/humble/share/rosidl_generator_cpp/cmake)
-- Using all available rosidl_typesupport_c: rosidl_typesupport_fastrtps_c;rosidl_typesupport_introspection_c
-- Using all available rosidl_typesupport_cpp: rosidl_typesupport_fastrtps_cpp;rosidl_typesupport_introspection_cpp
-- Found rmw_implementation_cmake: 6.1.2 (/opt/ros/humble/share/rmw_implementation_cmake/cmake)
-- Found rmw_fastrtps_cpp: 6.2.7 (/opt/ros/humble/share/rmw_fastrtps_cpp/cmake)
-- Found TinyXML2 via Config file: TinyXML2_DIR-NOTFOUND
-- Found OpenSSL: /usr/lib/x86_64-linux-gnu/libcrypto.so (found version "3.0.2")  
-- Found TinyXML2 via Config file: TinyXML2_DIR-NOTFOUND
-- Found FastRTPS: /opt/ros/humble/include  
-- Found TinyXML2 via Config file: TinyXML2_DIR-NOTFOUND
-- Found TinyXML2 via Config file: TinyXML2_DIR-NOTFOUND
-- Using RMW implementation 'rmw_fastrtps_cpp' as default
-- Looking for pthread.h
-- Looking for pthread.h - found
-- Performing Test CMAKE_HAVE_LIBC_PTHREAD
-- Performing Test CMAKE_HAVE_LIBC_PTHREAD - Success
-- Found Threads: TRUE  
-- Configuring done
-- Generating done
-- Build files have been written to: /home/johnbuntu/ar4_ros_driver/build/annin_ar4_driver
[ 57%] [32mBuilding CXX object CMakeFiles/annin_ar4_driver.dir/src/arduino_nano_driver.cpp.o[0m
[ 57%] [32mBuilding CXX object CMakeFiles/annin_ar4_driver.dir/src/ar_hardware_interface.cpp.o[0m
[ 57%] [32mBuilding CXX object CMakeFiles/annin_ar4_driver.dir/src/ar_servo_gripper_hw_interface.cpp.o[0m
[ 57%] [32mBuilding CXX object CMakeFiles/annin_ar4_driver.dir/src/teensy_driver.cpp.o[0m
[ 71%] [32m[1mLinking CXX shared library libannin_ar4_driver.so[0m
[ 71%] Built target annin_ar4_driver
[ 85%] [32mBuilding CXX object CMakeFiles/run_arduino_nano.dir/src/run_arduino_nano.cpp.o[0m
[100%] [32m[1mLinking CXX executable run_arduino_nano[0m
[100%] Built target run_arduino_nano
-- Install configuration: ""
-- Installing: /home/johnbuntu/ar4_ros_driver/install/annin_ar4_driver/lib/annin_ar4_driver/run_arduino_nano
-- Set runtime path of "/home/johnbuntu/ar4_ros_driver/install/annin_ar4_driver/lib/annin_ar4_driver/run_arduino_nano" to ""
-- Installing: /home/johnbuntu/ar4_ros_driver/install/annin_ar4_driver/share/annin_ar4_driver/hardware_interface_plugin.xml
-- Installing: /home/johnbuntu/ar4_ros_driver/install/annin_ar4_driver/lib/libannin_ar4_driver.so
-- Set runtime path of "/home/johnbuntu/ar4_ros_driver/install/annin_ar4_driver/lib/libannin_ar4_driver.so" to ""
-- Installing: /home/johnbuntu/ar4_ros_driver/install/annin_ar4_driver/include/annin_ar4_driver
-- Installing: /home/johnbuntu/ar4_ros_driver/install/annin_ar4_driver/include/annin_ar4_driver/annin_ar4_driver
-- Installing: /home/johnbuntu/ar4_ros_driver/install/annin_ar4_driver/include/annin_ar4_driver/annin_ar4_driver/ar_hardware_interface.hpp
-- Installing: /home/johnbuntu/ar4_ros_driver/install/annin_ar4_driver/include/annin_ar4_driver/annin_ar4_driver/arduino_nano_driver.hpp
-- Installing: /home/johnbuntu/ar4_ros_driver/install/annin_ar4_driver/include/annin_ar4_driver/annin_ar4_driver/teensy_driver.hpp
-- Installing: /home/johnbuntu/ar4_ros_driver/install/annin_ar4_driver/include/annin_ar4_driver/annin_ar4_driver/ar_servo_gripper_hw_interface.hpp
-- Installing: /home/johnbuntu/ar4_ros_driver/install/annin_ar4_driver/share/annin_ar4_driver/config
-- Installing: /home/johnbuntu/ar4_ros_driver/install/annin_ar4_driver/share/annin_ar4_driver/config/driver.yaml
-- Installing: /home/johnbuntu/ar4_ros_driver/install/annin_ar4_driver/share/annin_ar4_driver/config/controllers.yaml
-- Installing: /home/johnbuntu/ar4_ros_driver/install/annin_ar4_driver/share/annin_ar4_driver/config/joint_offsets
-- Installing: /home/johnbuntu/ar4_ros_driver/install/annin_ar4_driver/share/annin_ar4_driver/config/joint_offsets/mk2.yaml
-- Installing: /home/johnbuntu/ar4_ros_driver/install/annin_ar4_driver/share/annin_ar4_driver/config/joint_offsets/mk1.yaml
-- Installing: /home/johnbuntu/ar4_ros_driver/install/annin_ar4_driver/share/annin_ar4_driver/config/joint_offsets/mk3.yaml
-- Installing: /home/johnbuntu/ar4_ros_driver/install/annin_ar4_driver/share/annin_ar4_driver/config/controller_update_rate.yaml
-- Installing: /home/johnbuntu/ar4_ros_driver/install/annin_ar4_driver/share/annin_ar4_driver/launch
-- Installing: /home/johnbuntu/ar4_ros_driver/install/annin_ar4_driver/share/annin_ar4_driver/launch/driver.launch.py
-- Installing: /home/johnbuntu/ar4_ros_driver/install/annin_ar4_driver/share/annin_ar4_driver/urdf
-- Installing: /home/johnbuntu/ar4_ros_driver/install/annin_ar4_driver/share/annin_ar4_driver/urdf/ar.urdf.xacro
-- Installing: /home/johnbuntu/ar4_ros_driver/install/annin_ar4_driver/lib/annin_ar4_driver/reset_estop.sh
-- Installing: /home/johnbuntu/ar4_ros_driver/install/annin_ar4_driver/share/annin_ar4_driver/environment/library_path.sh
-- Installing: /home/johnbuntu/ar4_ros_driver/install/annin_ar4_driver/share/annin_ar4_driver/environment/library_path.dsv
-- Installing: /home/johnbuntu/ar4_ros_driver/install/annin_ar4_driver/share/ament_index/resource_index/package_run_dependencies/annin_ar4_driver
-- Installing: /home/johnbuntu/ar4_ros_driver/install/annin_ar4_driver/share/ament_index/resource_index/parent_prefix_path/annin_ar4_driver
-- Installing: /home/johnbuntu/ar4_ros_driver/install/annin_ar4_driver/share/annin_ar4_driver/environment/ament_prefix_path.sh
-- Installing: /home/johnbuntu/ar4_ros_driver/install/annin_ar4_driver/share/annin_ar4_driver/environment/ament_prefix_path.dsv
-- Installing: /home/johnbuntu/ar4_ros_driver/install/annin_ar4_driver/share/annin_ar4_driver/environment/path.sh
-- Installing: /home/johnbuntu/ar4_ros_driver/install/annin_ar4_driver/share/annin_ar4_driver/environment/path.dsv
-- Installing: /home/johnbuntu/ar4_ros_driver/install/annin_ar4_driver/share/annin_ar4_driver/local_setup.bash
-- Installing: /home/johnbuntu/ar4_ros_driver/install/annin_ar4_driver/share/annin_ar4_driver/local_setup.sh
-- Installing: /home/johnbuntu/ar4_ros_driver/install/annin_ar4_driver/share/annin_ar4_driver/local_setup.zsh
-- Installing: /home/johnbuntu/ar4_ros_driver/install/annin_ar4_driver/share/annin_ar4_driver/local_setup.dsv
-- Installing: /home/johnbuntu/ar4_ros_driver/install/annin_ar4_driver/share/annin_ar4_driver/package.dsv
-- Installing: /home/johnbuntu/ar4_ros_driver/install/annin_ar4_driver/share/ament_index/resource_index/packages/annin_ar4_driver
-- Installing: /home/johnbuntu/ar4_ros_driver/install/annin_ar4_driver/share/ament_index/resource_index/hardware_interface__pluginlib__plugin/annin_ar4_driver
-- Installing: /home/johnbuntu/ar4_ros_driver/install/annin_ar4_driver/share/annin_ar4_driver/cmake/export_annin_ar4_driverExport.cmake
-- Installing: /home/johnbuntu/ar4_ros_driver/install/annin_ar4_driver/share/annin_ar4_driver/cmake/export_annin_ar4_driverExport-noconfig.cmake
-- Installing: /home/johnbuntu/ar4_ros_driver/install/annin_ar4_driver/share/annin_ar4_driver/cmake/ament_cmake_export_targets-extras.cmake
-- Installing: /home/johnbuntu/ar4_ros_driver/install/annin_ar4_driver/share/annin_ar4_driver/cmake/ament_cmake_export_dependencies-extras.cmake
-- Installing: /home/johnbuntu/ar4_ros_driver/install/annin_ar4_driver/share/annin_ar4_driver/cmake/annin_ar4_driverConfig.cmake
-- Installing: /home/johnbuntu/ar4_ros_driver/install/annin_ar4_driver/share/annin_ar4_driver/cmake/annin_ar4_driverConfig-version.cmake
-- Installing: /home/johnbuntu/ar4_ros_driver/install/annin_ar4_driver/share/annin_ar4_driver/package.xml
