[0.014s] Invoking command in '/home/johnbuntu/ar4_ros_driver/build/moveit_servo': CMAKE_PREFIX_PATH=${CMAKE_PREFIX_PATH}:/opt/ros/humble /usr/bin/cmake --build /home/johnbuntu/ar4_ros_driver/build/moveit_servo -- -j8 -l8
[0.065s] [35m[1mConsolidate compiler generated dependencies of target servo_controller_input[0m
[0.079s] [  6%] Built target gtest_main
[0.080s] [ 18%] Built target fake_command_publisher
[0.080s] [ 18%] Built target gtest
[0.089s] [ 21%] [32mBuilding CXX object CMakeFiles/servo_controller_input.dir/src/teleop_demo/joystick_servo_example.cpp.o[0m
[0.091s] [ 30%] Built target moveit_servo_lib_parameters
[0.141s] [ 36%] Built target test_servo_integration
[0.146s] [ 42%] Built target test_servo_collision
[0.151s] [ 60%] Built target moveit_servo_lib
[0.206s] [ 66%] Built target servo_calcs_unit_tests
[0.206s] [ 72%] Built target pose_tracking
[0.206s] [ 78%] Built target servo_node
[0.266s] [ 84%] Built target test_servo_pose_tracking
[0.266s] [ 90%] Built target servo_pose_tracking_demo
[0.273s] [ 96%] Built target servo_node_main
[2.048s] [01m[K/home/johnbuntu/ar4_ros_driver/moveit_servo/src/teleop_demo/joystick_servo_example.cpp:[m[K In member function ‘[01m[Kvoid moveit_servo::JoyToServoPub::joyCB(const ConstSharedPtr&)[m[K’:
[2.048s] [01m[K/home/johnbuntu/ar4_ros_driver/moveit_servo/src/teleop_demo/joystick_servo_example.cpp:337:7:[m[K [01;31m[Kerror: [m[Kexpected ‘[01m[K;[m[K’ before ‘[01m[K}[m[K’ token
[2.048s]   337 |       [01;31m[K}[m[K
[2.048s]       |       [01;31m[K^[m[K
[4.434s] gmake[2]: *** [CMakeFiles/servo_controller_input.dir/build.make:76: CMakeFiles/servo_controller_input.dir/src/teleop_demo/joystick_servo_example.cpp.o] Error 1
[4.434s] gmake[1]: *** [CMakeFiles/Makefile2:283: CMakeFiles/servo_controller_input.dir/all] Error 2
[4.434s] gmake: *** [Makefile:146: all] Error 2
[4.437s] Invoked command in '/home/johnbuntu/ar4_ros_driver/build/moveit_servo' returned '2': CMAKE_PREFIX_PATH=${CMAKE_PREFIX_PATH}:/opt/ros/humble /usr/bin/cmake --build /home/johnbuntu/ar4_ros_driver/build/moveit_servo -- -j8 -l8
