[35m[1mConsolidate compiler generated dependencies of target servo_controller_input[0m
[  6%] Built target gtest_main
[ 12%] Built target gtest
[ 18%] Built target fake_command_publisher
[ 21%] [32mBuilding CXX object CMakeFiles/servo_controller_input.dir/src/teleop_demo/joystick_servo_example.cpp.o[0m
[ 30%] Built target moveit_servo_lib_parameters
[ 36%] Built target test_servo_integration
[ 42%] Built target test_servo_collision
[ 60%] Built target moveit_servo_lib
[ 75%] Built target servo_node
[ 78%] Built target pose_tracking
[ 78%] Built target servo_calcs_unit_tests
[ 84%] Built target servo_node_main
[ 96%] Built target test_servo_pose_tracking
[ 96%] Built target servo_pose_tracking_demo
[01m[K/home/johnbuntu/ar4_ros_driver/moveit_servo/src/teleop_demo/joystick_servo_example.cpp:[m[K In function ‘[01m[Kbool convertJoyToCmd(const std::vector<float, std::allocator<float> >&, const std::vector<int, std::allocator<int> >&, std::unique_ptr<geometry_msgs::msg::TwistStamped_<std::allocator<void> >, std::default_delete<geometry_msgs::msg::TwistStamped_<std::allocator<void> > > >&, std::unique_ptr<control_msgs::msg::JointJog_<std::allocator<void> >, std::default_delete<control_msgs::msg::JointJog_<std::allocator<void> > > >&)[m[K’:
[01m[K/home/johnbuntu/ar4_ros_driver/moveit_servo/src/teleop_demo/joystick_servo_example.cpp:154:8:[m[K [01;31m[Kerror: [m[Kjump to case label
  154 |   case [01;31m[K1[m[K:
      |        [01;31m[K^[m[K
[01m[K/home/johnbuntu/ar4_ros_driver/moveit_servo/src/teleop_demo/joystick_servo_example.cpp:146:12:[m[K [01;36m[Knote: [m[K  crosses initialization of ‘[01m[Kdouble z_negative[m[K’
  146 |     double [01;36m[Kz_negative[m[K = -buttons[BUT_4];
      |            [01;36m[K^~~~~~~~~~[m[K
[01m[K/home/johnbuntu/ar4_ros_driver/moveit_servo/src/teleop_demo/joystick_servo_example.cpp:145:12:[m[K [01;36m[Knote: [m[K  crosses initialization of ‘[01m[Kdouble z_positive[m[K’
  145 |     double [01;36m[Kz_positive[m[K = buttons[BUT_3];
      |            [01;36m[K^~~~~~~~~~[m[K
[01m[K/home/johnbuntu/ar4_ros_driver/moveit_servo/src/teleop_demo/joystick_servo_example.cpp:159:12:[m[K [01;31m[Kerror: [m[Kredeclaration of ‘[01m[Kdouble z_positive[m[K’
  159 |     double [01;31m[Kz_positive[m[K = buttons[BUT_3];
      |            [01;31m[K^~~~~~~~~~[m[K
[01m[K/home/johnbuntu/ar4_ros_driver/moveit_servo/src/teleop_demo/joystick_servo_example.cpp:145:12:[m[K [01;36m[Knote: [m[K‘[01m[Kdouble z_positive[m[K’ previously declared here
  145 |     double [01;36m[Kz_positive[m[K = buttons[BUT_3];
      |            [01;36m[K^~~~~~~~~~[m[K
[01m[K/home/johnbuntu/ar4_ros_driver/moveit_servo/src/teleop_demo/joystick_servo_example.cpp:160:12:[m[K [01;31m[Kerror: [m[Kredeclaration of ‘[01m[Kdouble z_negative[m[K’
  160 |     double [01;31m[Kz_negative[m[K = -1 * (buttons[BUT_4]);
      |            [01;31m[K^~~~~~~~~~[m[K
[01m[K/home/johnbuntu/ar4_ros_driver/moveit_servo/src/teleop_demo/joystick_servo_example.cpp:146:12:[m[K [01;36m[Knote: [m[K‘[01m[Kdouble z_negative[m[K’ previously declared here
  146 |     double [01;36m[Kz_negative[m[K = -buttons[BUT_4];
      |            [01;36m[K^~~~~~~~~~[m[K
[01m[K/home/johnbuntu/ar4_ros_driver/moveit_servo/src/teleop_demo/joystick_servo_example.cpp:168:3:[m[K [01;31m[Kerror: [m[Kjump to case label
  168 |   [01;31m[Kdefault[m[K:
      |   [01;31m[K^~~~~~~[m[K
[01m[K/home/johnbuntu/ar4_ros_driver/moveit_servo/src/teleop_demo/joystick_servo_example.cpp:146:12:[m[K [01;36m[Knote: [m[K  crosses initialization of ‘[01m[Kdouble z_negative[m[K’
  146 |     double [01;36m[Kz_negative[m[K = -buttons[BUT_4];
      |            [01;36m[K^~~~~~~~~~[m[K
[01m[K/home/johnbuntu/ar4_ros_driver/moveit_servo/src/teleop_demo/joystick_servo_example.cpp:145:12:[m[K [01;36m[Knote: [m[K  crosses initialization of ‘[01m[Kdouble z_positive[m[K’
  145 |     double [01;36m[Kz_positive[m[K = buttons[BUT_3];
      |            [01;36m[K^~~~~~~~~~[m[K
gmake[2]: *** [CMakeFiles/servo_controller_input.dir/build.make:76: CMakeFiles/servo_controller_input.dir/src/teleop_demo/joystick_servo_example.cpp.o] Error 1
gmake[1]: *** [CMakeFiles/Makefile2:283: CMakeFiles/servo_controller_input.dir/all] Error 2
gmake: *** [Makefile:146: all] Error 2
