[0.016s] Invoking command in '/home/johnbuntu/ar4_ros_driver/build/moveit_servo': CMAKE_PREFIX_PATH=${CMAKE_PREFIX_PATH}:/opt/ros/humble /usr/bin/cmake --build /home/johnbuntu/ar4_ros_driver/build/moveit_servo -- -j8 -l8
[0.060s] [35m[1mConsolidate compiler generated dependencies of target servo_controller_input[0m
[0.074s] [  6%] Built target gtest_main
[0.074s] [ 12%] Built target gtest
[0.077s] [ 18%] Built target fake_command_publisher
[0.084s] [ 21%] [32mBuilding CXX object CMakeFiles/servo_controller_input.dir/src/teleop_demo/joystick_servo_example.cpp.o[0m
[0.090s] [ 30%] Built target moveit_servo_lib_parameters
[0.138s] [ 36%] Built target test_servo_integration
[0.142s] [ 42%] Built target test_servo_collision
[0.156s] [ 60%] Built target moveit_servo_lib
[0.207s] [ 75%] Built target servo_node
[0.207s] [ 78%] Built target pose_tracking
[0.208s] [ 78%] Built target servo_calcs_unit_tests
[0.261s] [ 84%] Built target servo_node_main
[0.263s] [ 96%] Built target test_servo_pose_tracking
[0.264s] [ 96%] Built target servo_pose_tracking_demo
[1.673s] [01m[K/home/johnbuntu/ar4_ros_driver/moveit_servo/src/teleop_demo/joystick_servo_example.cpp:[m[K In function ‘[01m[Kbool convertJoyToCmd(const std::vector<float, std::allocator<float> >&, const std::vector<int, std::allocator<int> >&, std::unique_ptr<geometry_msgs::msg::TwistStamped_<std::allocator<void> >, std::default_delete<geometry_msgs::msg::TwistStamped_<std::allocator<void> > > >&, std::unique_ptr<control_msgs::msg::JointJog_<std::allocator<void> >, std::default_delete<control_msgs::msg::JointJog_<std::allocator<void> > > >&)[m[K’:
[1.673s] [01m[K/home/johnbuntu/ar4_ros_driver/moveit_servo/src/teleop_demo/joystick_servo_example.cpp:154:8:[m[K [01;31m[Kerror: [m[Kjump to case label
[1.673s]   154 |   case [01;31m[K1[m[K:
[1.673s]       |        [01;31m[K^[m[K
[1.673s] [01m[K/home/johnbuntu/ar4_ros_driver/moveit_servo/src/teleop_demo/joystick_servo_example.cpp:146:12:[m[K [01;36m[Knote: [m[K  crosses initialization of ‘[01m[Kdouble z_negative[m[K’
[1.673s]   146 |     double [01;36m[Kz_negative[m[K = -buttons[BUT_4];
[1.673s]       |            [01;36m[K^~~~~~~~~~[m[K
[1.673s] [01m[K/home/johnbuntu/ar4_ros_driver/moveit_servo/src/teleop_demo/joystick_servo_example.cpp:145:12:[m[K [01;36m[Knote: [m[K  crosses initialization of ‘[01m[Kdouble z_positive[m[K’
[1.673s]   145 |     double [01;36m[Kz_positive[m[K = buttons[BUT_3];
[1.673s]       |            [01;36m[K^~~~~~~~~~[m[K
[1.673s] [01m[K/home/johnbuntu/ar4_ros_driver/moveit_servo/src/teleop_demo/joystick_servo_example.cpp:159:12:[m[K [01;31m[Kerror: [m[Kredeclaration of ‘[01m[Kdouble z_positive[m[K’
[1.673s]   159 |     double [01;31m[Kz_positive[m[K = buttons[BUT_3];
[1.673s]       |            [01;31m[K^~~~~~~~~~[m[K
[1.673s] [01m[K/home/johnbuntu/ar4_ros_driver/moveit_servo/src/teleop_demo/joystick_servo_example.cpp:145:12:[m[K [01;36m[Knote: [m[K‘[01m[Kdouble z_positive[m[K’ previously declared here
[1.673s]   145 |     double [01;36m[Kz_positive[m[K = buttons[BUT_3];
[1.673s]       |            [01;36m[K^~~~~~~~~~[m[K
[1.673s] [01m[K/home/johnbuntu/ar4_ros_driver/moveit_servo/src/teleop_demo/joystick_servo_example.cpp:160:12:[m[K [01;31m[Kerror: [m[Kredeclaration of ‘[01m[Kdouble z_negative[m[K’
[1.673s]   160 |     double [01;31m[Kz_negative[m[K = -1 * (buttons[BUT_4]);
[1.673s]       |            [01;31m[K^~~~~~~~~~[m[K
[1.673s] [01m[K/home/johnbuntu/ar4_ros_driver/moveit_servo/src/teleop_demo/joystick_servo_example.cpp:146:12:[m[K [01;36m[Knote: [m[K‘[01m[Kdouble z_negative[m[K’ previously declared here
[1.674s]   146 |     double [01;36m[Kz_negative[m[K = -buttons[BUT_4];
[1.674s]       |            [01;36m[K^~~~~~~~~~[m[K
[1.674s] [01m[K/home/johnbuntu/ar4_ros_driver/moveit_servo/src/teleop_demo/joystick_servo_example.cpp:168:3:[m[K [01;31m[Kerror: [m[Kjump to case label
[1.674s]   168 |   [01;31m[Kdefault[m[K:
[1.674s]       |   [01;31m[K^~~~~~~[m[K
[1.674s] [01m[K/home/johnbuntu/ar4_ros_driver/moveit_servo/src/teleop_demo/joystick_servo_example.cpp:146:12:[m[K [01;36m[Knote: [m[K  crosses initialization of ‘[01m[Kdouble z_negative[m[K’
[1.674s]   146 |     double [01;36m[Kz_negative[m[K = -buttons[BUT_4];
[1.674s]       |            [01;36m[K^~~~~~~~~~[m[K
[1.674s] [01m[K/home/johnbuntu/ar4_ros_driver/moveit_servo/src/teleop_demo/joystick_servo_example.cpp:145:12:[m[K [01;36m[Knote: [m[K  crosses initialization of ‘[01m[Kdouble z_positive[m[K’
[1.674s]   145 |     double [01;36m[Kz_positive[m[K = buttons[BUT_3];
[1.674s]       |            [01;36m[K^~~~~~~~~~[m[K
[4.108s] gmake[2]: *** [CMakeFiles/servo_controller_input.dir/build.make:76: CMakeFiles/servo_controller_input.dir/src/teleop_demo/joystick_servo_example.cpp.o] Error 1
[4.108s] gmake[1]: *** [CMakeFiles/Makefile2:283: CMakeFiles/servo_controller_input.dir/all] Error 2
[4.108s] gmake: *** [Makefile:146: all] Error 2
[4.110s] Invoked command in '/home/johnbuntu/ar4_ros_driver/build/moveit_servo' returned '2': CMAKE_PREFIX_PATH=${CMAKE_PREFIX_PATH}:/opt/ros/humble /usr/bin/cmake --build /home/johnbuntu/ar4_ros_driver/build/moveit_servo -- -j8 -l8
