[0.007s] Invoking command in '/home/johnbuntu/ar4_ros_driver/build/annin_ar4_description': CMAKE_PREFIX_PATH=/opt/ros/humble /usr/bin/cmake /home/johnbuntu/ar4_ros_driver/annin_ar4_description -DCMAKE_INSTALL_PREFIX=/home/johnbuntu/ar4_ros_driver/install/annin_ar4_description
[0.097s] -- The C compiler identification is GNU 11.4.0
[0.156s] -- The CXX compiler identification is GNU 11.4.0
[0.165s] -- Detecting C compiler ABI info
[0.223s] -- Detecting C compiler ABI info - done
[0.231s] -- Check for working C compiler: /usr/bin/cc - skipped
[0.231s] -- Detecting C compile features
[0.232s] -- Detecting C compile features - done
[0.235s] -- Detecting CXX compiler ABI info
[0.307s] -- Detecting CXX compiler ABI info - done
[0.313s] -- Check for working CXX compiler: /usr/bin/c++ - skipped
[0.313s] -- Detecting CXX compile features
[0.313s] -- Detecting CXX compile features - done
[0.318s] -- Found ament_cmake: 1.3.11 (/opt/ros/humble/share/ament_cmake/cmake)
[0.446s] -- Found Python3: /usr/bin/python3 (found version "3.10.12") found components: Interpreter 
[0.575s] -- Configuring done
[0.577s] -- Generating done
[0.578s] -- Build files have been written to: /home/johnbuntu/ar4_ros_driver/build/annin_ar4_description
[0.582s] Invoked command in '/home/johnbuntu/ar4_ros_driver/build/annin_ar4_description' returned '0': CMAKE_PREFIX_PATH=/opt/ros/humble /usr/bin/cmake /home/johnbuntu/ar4_ros_driver/annin_ar4_description -DCMAKE_INSTALL_PREFIX=/home/johnbuntu/ar4_ros_driver/install/annin_ar4_description
[0.583s] Invoking command in '/home/johnbuntu/ar4_ros_driver/build/annin_ar4_description': CMAKE_PREFIX_PATH=/opt/ros/humble /usr/bin/cmake --build /home/johnbuntu/ar4_ros_driver/build/annin_ar4_description -- -j8 -l8
[0.615s] Invoked command in '/home/johnbuntu/ar4_ros_driver/build/annin_ar4_description' returned '0': CMAKE_PREFIX_PATH=/opt/ros/humble /usr/bin/cmake --build /home/johnbuntu/ar4_ros_driver/build/annin_ar4_description -- -j8 -l8
[0.622s] Invoking command in '/home/johnbuntu/ar4_ros_driver/build/annin_ar4_description': CMAKE_PREFIX_PATH=/opt/ros/humble /usr/bin/cmake --install /home/johnbuntu/ar4_ros_driver/build/annin_ar4_description
[0.629s] -- Install configuration: ""
[0.629s] -- Installing: /home/johnbuntu/ar4_ros_driver/install/annin_ar4_description/share/annin_ar4_description/meshes
[0.629s] -- Installing: /home/johnbuntu/ar4_ros_driver/install/annin_ar4_description/share/annin_ar4_description/meshes/ar4
[0.629s] -- Installing: /home/johnbuntu/ar4_ros_driver/install/annin_ar4_description/share/annin_ar4_description/meshes/ar4/link_5.STL
[0.629s] -- Installing: /home/johnbuntu/ar4_ros_driver/install/annin_ar4_description/share/annin_ar4_description/meshes/ar4/link_6.STL
[0.629s] -- Installing: /home/johnbuntu/ar4_ros_driver/install/annin_ar4_description/share/annin_ar4_description/meshes/ar4/link_1.STL
[0.630s] -- Installing: /home/johnbuntu/ar4_ros_driver/install/annin_ar4_description/share/annin_ar4_description/meshes/ar4/link_3.STL
[0.631s] -- Installing: /home/johnbuntu/ar4_ros_driver/install/annin_ar4_description/share/annin_ar4_description/meshes/ar4/link_2.STL
[0.631s] -- Installing: /home/johnbuntu/ar4_ros_driver/install/annin_ar4_description/share/annin_ar4_description/meshes/ar4/link_4.STL
[0.632s] -- Installing: /home/johnbuntu/ar4_ros_driver/install/annin_ar4_description/share/annin_ar4_description/meshes/ar4/base_link.STL
[0.633s] -- Installing: /home/johnbuntu/ar4_ros_driver/install/annin_ar4_description/share/annin_ar4_description/meshes/ar4_mk3
[0.633s] -- Installing: /home/johnbuntu/ar4_ros_driver/install/annin_ar4_description/share/annin_ar4_description/meshes/ar4_mk3/link_5.STL
[0.635s] -- Installing: /home/johnbuntu/ar4_ros_driver/install/annin_ar4_description/share/annin_ar4_description/meshes/ar4_mk3/link_6.STL
[0.635s] -- Installing: /home/johnbuntu/ar4_ros_driver/install/annin_ar4_description/share/annin_ar4_description/meshes/ar4_mk3/link_1.STL
[0.635s] -- Installing: /home/johnbuntu/ar4_ros_driver/install/annin_ar4_description/share/annin_ar4_description/meshes/ar4_mk3/link_3.STL
[0.636s] -- Installing: /home/johnbuntu/ar4_ros_driver/install/annin_ar4_description/share/annin_ar4_description/meshes/ar4_mk3/link_2.STL
[0.636s] -- Installing: /home/johnbuntu/ar4_ros_driver/install/annin_ar4_description/share/annin_ar4_description/meshes/ar4_mk3/link_4.STL
[0.636s] -- Installing: /home/johnbuntu/ar4_ros_driver/install/annin_ar4_description/share/annin_ar4_description/meshes/ar4_mk3/base_link.STL
[0.637s] -- Installing: /home/johnbuntu/ar4_ros_driver/install/annin_ar4_description/share/annin_ar4_description/meshes/ar4_gripper
[0.637s] -- Installing: /home/johnbuntu/ar4_ros_driver/install/annin_ar4_description/share/annin_ar4_description/meshes/ar4_gripper/gripper_jaw1_link.stl
[0.637s] -- Installing: /home/johnbuntu/ar4_ros_driver/install/annin_ar4_description/share/annin_ar4_description/meshes/ar4_gripper/gripper_jaw2_link.stl
[0.637s] -- Installing: /home/johnbuntu/ar4_ros_driver/install/annin_ar4_description/share/annin_ar4_description/meshes/ar4_gripper/gripper_base_link.stl
[0.637s] -- Installing: /home/johnbuntu/ar4_ros_driver/install/annin_ar4_description/share/annin_ar4_description/urdf
[0.637s] -- Installing: /home/johnbuntu/ar4_ros_driver/install/annin_ar4_description/share/annin_ar4_description/urdf/ar.urdf.xacro
[0.637s] -- Installing: /home/johnbuntu/ar4_ros_driver/install/annin_ar4_description/share/annin_ar4_description/urdf/ar_gazebo.urdf.xacro
[0.637s] -- Installing: /home/johnbuntu/ar4_ros_driver/install/annin_ar4_description/share/annin_ar4_description/urdf/ar_macro.xacro
[0.637s] -- Installing: /home/johnbuntu/ar4_ros_driver/install/annin_ar4_description/share/annin_ar4_description/urdf/ar_gripper_macro.xacro
[0.638s] -- Installing: /home/johnbuntu/ar4_ros_driver/install/annin_ar4_description/share/annin_ar4_description/urdf/ar.ros2_control.xacro
[0.638s] -- Installing: /home/johnbuntu/ar4_ros_driver/install/annin_ar4_description/share/annin_ar4_description/urdf/ar_gripper.ros2_control.xacro
[0.638s] -- Installing: /home/johnbuntu/ar4_ros_driver/install/annin_ar4_description/share/annin_ar4_description/config
[0.638s] -- Installing: /home/johnbuntu/ar4_ros_driver/install/annin_ar4_description/share/annin_ar4_description/config/mk2.yaml
[0.638s] -- Installing: /home/johnbuntu/ar4_ros_driver/install/annin_ar4_description/share/annin_ar4_description/config/mk1.yaml
[0.638s] -- Installing: /home/johnbuntu/ar4_ros_driver/install/annin_ar4_description/share/annin_ar4_description/config/mk3.yaml
[0.638s] -- Installing: /home/johnbuntu/ar4_ros_driver/install/annin_ar4_description/share/ament_index/resource_index/package_run_dependencies/annin_ar4_description
[0.638s] -- Installing: /home/johnbuntu/ar4_ros_driver/install/annin_ar4_description/share/ament_index/resource_index/parent_prefix_path/annin_ar4_description
[0.638s] -- Installing: /home/johnbuntu/ar4_ros_driver/install/annin_ar4_description/share/annin_ar4_description/environment/ament_prefix_path.sh
[0.638s] -- Installing: /home/johnbuntu/ar4_ros_driver/install/annin_ar4_description/share/annin_ar4_description/environment/ament_prefix_path.dsv
[0.638s] -- Installing: /home/johnbuntu/ar4_ros_driver/install/annin_ar4_description/share/annin_ar4_description/environment/path.sh
[0.638s] -- Installing: /home/johnbuntu/ar4_ros_driver/install/annin_ar4_description/share/annin_ar4_description/environment/path.dsv
[0.639s] -- Installing: /home/johnbuntu/ar4_ros_driver/install/annin_ar4_description/share/annin_ar4_description/local_setup.bash
[0.639s] -- Installing: /home/johnbuntu/ar4_ros_driver/install/annin_ar4_description/share/annin_ar4_description/local_setup.sh
[0.639s] -- Installing: /home/johnbuntu/ar4_ros_driver/install/annin_ar4_description/share/annin_ar4_description/local_setup.zsh
[0.639s] -- Installing: /home/johnbuntu/ar4_ros_driver/install/annin_ar4_description/share/annin_ar4_description/local_setup.dsv
[0.639s] -- Installing: /home/johnbuntu/ar4_ros_driver/install/annin_ar4_description/share/annin_ar4_description/package.dsv
[0.639s] -- Installing: /home/johnbuntu/ar4_ros_driver/install/annin_ar4_description/share/ament_index/resource_index/packages/annin_ar4_description
[0.639s] -- Installing: /home/johnbuntu/ar4_ros_driver/install/annin_ar4_description/share/annin_ar4_description/cmake/annin_ar4_descriptionConfig.cmake
[0.639s] -- Installing: /home/johnbuntu/ar4_ros_driver/install/annin_ar4_description/share/annin_ar4_description/cmake/annin_ar4_descriptionConfig-version.cmake
[0.639s] -- Installing: /home/johnbuntu/ar4_ros_driver/install/annin_ar4_description/share/annin_ar4_description/package.xml
[0.641s] Invoked command in '/home/johnbuntu/ar4_ros_driver/build/annin_ar4_description' returned '0': CMAKE_PREFIX_PATH=/opt/ros/humble /usr/bin/cmake --install /home/johnbuntu/ar4_ros_driver/build/annin_ar4_description
