[0.015s] Invoking command in '/home/johnbuntu/ar4_ros_driver/build/moveit_servo': CMAKE_PREFIX_PATH=${CMAKE_PREFIX_PATH}:/opt/ros/humble /usr/bin/cmake --build /home/johnbuntu/ar4_ros_driver/build/moveit_servo -- -j8 -l8
[0.061s] [35m[1mConsolidate compiler generated dependencies of target servo_controller_input[0m
[0.078s] [  6%] Built target gtest
[0.078s] [ 12%] Built target gtest_main
[0.079s] [ 18%] Built target fake_command_publisher
[0.082s] [ 21%] [32mBuilding CXX object CMakeFiles/servo_controller_input.dir/src/teleop_demo/joystick_servo_example.cpp.o[0m
[0.091s] [ 30%] Built target moveit_servo_lib_parameters
[0.141s] [ 36%] Built target test_servo_collision
[0.142s] [ 42%] Built target test_servo_integration
[0.146s] [ 60%] Built target moveit_servo_lib
[0.201s] [ 66%] Built target servo_node
[0.205s] [ 72%] Built target servo_calcs_unit_tests
[0.205s] [ 78%] Built target pose_tracking
[0.269s] [ 84%] Built target servo_node_main
[0.290s] [ 90%] Built target servo_pose_tracking_demo
[0.310s] [ 96%] Built target test_servo_pose_tracking
[1.722s] [01m[K/home/johnbuntu/ar4_ros_driver/moveit_servo/src/teleop_demo/joystick_servo_example.cpp:[m[K In function ‘[01m[Kbool convertJoyToCmd(const std::vector<float, std::allocator<float> >&, const std::vector<int, std::allocator<int> >&, std::unique_ptr<geometry_msgs::msg::TwistStamped_<std::allocator<void> >, std::default_delete<geometry_msgs::msg::TwistStamped_<std::allocator<void> > > >&, std::unique_ptr<control_msgs::msg::JointJog_<std::allocator<void> >, std::default_delete<control_msgs::msg::JointJog_<std::allocator<void> > > >&)[m[K’:
[1.722s] [01m[K/home/johnbuntu/ar4_ros_driver/moveit_servo/src/teleop_demo/joystick_servo_example.cpp:152:8:[m[K [01;31m[Kerror: [m[Kjump to case label
[1.722s]   152 |   case [01;31m[K1[m[K:
[1.722s]       |        [01;31m[K^[m[K
[1.722s] [01m[K/home/johnbuntu/ar4_ros_driver/moveit_servo/src/teleop_demo/joystick_servo_example.cpp:145:12:[m[K [01;36m[Knote: [m[K  crosses initialization of ‘[01m[Kdouble z_negative[m[K’
[1.722s]   145 |     double [01;36m[Kz_negative[m[K = -buttons[BUT_4];
[1.722s]       |            [01;36m[K^~~~~~~~~~[m[K
[1.723s] [01m[K/home/johnbuntu/ar4_ros_driver/moveit_servo/src/teleop_demo/joystick_servo_example.cpp:144:12:[m[K [01;36m[Knote: [m[K  crosses initialization of ‘[01m[Kdouble z_positive[m[K’
[1.723s]   144 |     double [01;36m[Kz_positive[m[K = buttons[BUT_3];
[1.723s]       |            [01;36m[K^~~~~~~~~~[m[K
[1.723s] [01m[K/home/johnbuntu/ar4_ros_driver/moveit_servo/src/teleop_demo/joystick_servo_example.cpp:157:12:[m[K [01;31m[Kerror: [m[Kredeclaration of ‘[01m[Kdouble z_positive[m[K’
[1.723s]   157 |     double [01;31m[Kz_positive[m[K = buttons[BUT_3];
[1.723s]       |            [01;31m[K^~~~~~~~~~[m[K
[1.723s] [01m[K/home/johnbuntu/ar4_ros_driver/moveit_servo/src/teleop_demo/joystick_servo_example.cpp:144:12:[m[K [01;36m[Knote: [m[K‘[01m[Kdouble z_positive[m[K’ previously declared here
[1.723s]   144 |     double [01;36m[Kz_positive[m[K = buttons[BUT_3];
[1.723s]       |            [01;36m[K^~~~~~~~~~[m[K
[1.723s] [01m[K/home/johnbuntu/ar4_ros_driver/moveit_servo/src/teleop_demo/joystick_servo_example.cpp:158:12:[m[K [01;31m[Kerror: [m[Kredeclaration of ‘[01m[Kdouble z_negative[m[K’
[1.723s]   158 |     double [01;31m[Kz_negative[m[K = -1 * (buttons[BUT_4]);
[1.723s]       |            [01;31m[K^~~~~~~~~~[m[K
[1.723s] [01m[K/home/johnbuntu/ar4_ros_driver/moveit_servo/src/teleop_demo/joystick_servo_example.cpp:145:12:[m[K [01;36m[Knote: [m[K‘[01m[Kdouble z_negative[m[K’ previously declared here
[1.723s]   145 |     double [01;36m[Kz_negative[m[K = -buttons[BUT_4];
[1.723s]       |            [01;36m[K^~~~~~~~~~[m[K
[1.723s] [01m[K/home/johnbuntu/ar4_ros_driver/moveit_servo/src/teleop_demo/joystick_servo_example.cpp:165:3:[m[K [01;31m[Kerror: [m[Kjump to case label
[1.723s]   165 |   [01;31m[Kdefault[m[K:
[1.723s]       |   [01;31m[K^~~~~~~[m[K
[1.723s] [01m[K/home/johnbuntu/ar4_ros_driver/moveit_servo/src/teleop_demo/joystick_servo_example.cpp:145:12:[m[K [01;36m[Knote: [m[K  crosses initialization of ‘[01m[Kdouble z_negative[m[K’
[1.723s]   145 |     double [01;36m[Kz_negative[m[K = -buttons[BUT_4];
[1.723s]       |            [01;36m[K^~~~~~~~~~[m[K
[1.723s] [01m[K/home/johnbuntu/ar4_ros_driver/moveit_servo/src/teleop_demo/joystick_servo_example.cpp:144:12:[m[K [01;36m[Knote: [m[K  crosses initialization of ‘[01m[Kdouble z_positive[m[K’
[1.723s]   144 |     double [01;36m[Kz_positive[m[K = buttons[BUT_3];
[1.724s]       |            [01;36m[K^~~~~~~~~~[m[K
[1.724s] [01m[K/home/johnbuntu/ar4_ros_driver/moveit_servo/src/teleop_demo/joystick_servo_example.cpp:137:10:[m[K [01;35m[Kwarning: [m[Kenumeration value ‘[01m[KTOOL[m[K’ not handled in switch [[01;35m[K]8;;https://gcc.gnu.org/onlinedocs/gcc/Warning-Options.html#index-Wswitch-Wswitch]8;;[m[K]
[1.724s]   137 |   switch [01;35m[K([m[Kframe)
[1.724s]       |          [01;35m[K^[m[K
[4.222s] gmake[2]: *** [CMakeFiles/servo_controller_input.dir/build.make:76: CMakeFiles/servo_controller_input.dir/src/teleop_demo/joystick_servo_example.cpp.o] Error 1
[4.222s] gmake[1]: *** [CMakeFiles/Makefile2:283: CMakeFiles/servo_controller_input.dir/all] Error 2
[4.222s] gmake: *** [Makefile:146: all] Error 2
[4.223s] Invoked command in '/home/johnbuntu/ar4_ros_driver/build/moveit_servo' returned '2': CMAKE_PREFIX_PATH=${CMAKE_PREFIX_PATH}:/opt/ros/humble /usr/bin/cmake --build /home/johnbuntu/ar4_ros_driver/build/moveit_servo -- -j8 -l8
