[0.110s] DEBUG:colcon:Command line arguments: ['/usr/bin/colcon', 'build']
[0.110s] DEBUG:colcon:Parsed command line arguments: Namespace(log_base=None, log_level=None, verb_name='build', build_base='build', install_base='install', merge_install=False, symlink_install=False, test_result_base=None, continue_on_error=False, executor='parallel', parallel_workers=8, event_handlers=None, ignore_user_meta=False, metas=['./colcon.meta'], base_paths=['.'], packages_ignore=None, packages_ignore_regex=None, paths=None, packages_up_to=None, packages_up_to_regex=None, packages_above=None, packages_above_and_dependencies=None, packages_above_depth=None, packages_select_by_dep=None, packages_skip_by_dep=None, packages_skip_up_to=None, packages_select_build_failed=False, packages_skip_build_finished=False, packages_select_test_failures=False, packages_skip_test_passed=False, packages_select=None, packages_skip=None, packages_select_regex=None, packages_skip_regex=None, packages_start=None, packages_end=None, allow_overriding=[], cmake_args=None, cmake_target=None, cmake_target_skip_unavailable=False, cmake_clean_cache=False, cmake_clean_first=False, cmake_force_configure=False, ament_cmake_args=None, catkin_cmake_args=None, catkin_skip_building_tests=False, mixin_files=None, mixin=None, verb_parser=<colcon_mixin.mixin.mixin_argument.MixinArgumentDecorator object at 0x7ca17af5e7a0>, verb_extension=<colcon_core.verb.build.BuildVerb object at 0x7ca17af5e140>, main=<bound method BuildVerb.main of <colcon_core.verb.build.BuildVerb object at 0x7ca17af5e140>>, mixin_verb=('build',))
[0.267s] Level 1:colcon.colcon_core.package_discovery:discover_packages(colcon_meta) check parameters
[0.267s] Level 1:colcon.colcon_core.package_discovery:discover_packages(recursive) check parameters
[0.267s] Level 1:colcon.colcon_core.package_discovery:discover_packages(ignore) check parameters
[0.267s] Level 1:colcon.colcon_core.package_discovery:discover_packages(path) check parameters
[0.267s] Level 1:colcon.colcon_core.package_discovery:discover_packages(colcon_meta) discover
[0.267s] Level 1:colcon.colcon_core.package_discovery:discover_packages(recursive) discover
[0.267s] INFO:colcon.colcon_core.package_discovery:Crawling recursively for packages in '/home/johnbuntu/ar4_ros_driver'
[0.267s] Level 1:colcon.colcon_core.package_identification:_identify(.) by extensions ['ignore', 'ignore_ament_install']
[0.267s] Level 1:colcon.colcon_core.package_identification:_identify(.) by extension 'ignore'
[0.267s] Level 1:colcon.colcon_core.package_identification:_identify(.) by extension 'ignore_ament_install'
[0.267s] Level 1:colcon.colcon_core.package_identification:_identify(.) by extensions ['colcon_pkg']
[0.267s] Level 1:colcon.colcon_core.package_identification:_identify(.) by extension 'colcon_pkg'
[0.267s] Level 1:colcon.colcon_core.package_identification:_identify(.) by extensions ['colcon_meta']
[0.267s] Level 1:colcon.colcon_core.package_identification:_identify(.) by extension 'colcon_meta'
[0.267s] Level 1:colcon.colcon_core.package_identification:_identify(.) by extensions ['ros']
[0.267s] Level 1:colcon.colcon_core.package_identification:_identify(.) by extension 'ros'
[0.277s] Level 1:colcon.colcon_core.package_identification:_identify(.) by extensions ['cmake', 'python']
[0.277s] Level 1:colcon.colcon_core.package_identification:_identify(.) by extension 'cmake'
[0.277s] Level 1:colcon.colcon_core.package_identification:_identify(.) by extension 'python'
[0.277s] Level 1:colcon.colcon_core.package_identification:_identify(.) by extensions ['python_setup_py']
[0.277s] Level 1:colcon.colcon_core.package_identification:_identify(.) by extension 'python_setup_py'
[0.277s] Level 1:colcon.colcon_core.package_identification:_identify(annin_ar4_description) by extensions ['ignore', 'ignore_ament_install']
[0.277s] Level 1:colcon.colcon_core.package_identification:_identify(annin_ar4_description) by extension 'ignore'
[0.277s] Level 1:colcon.colcon_core.package_identification:_identify(annin_ar4_description) by extension 'ignore_ament_install'
[0.278s] Level 1:colcon.colcon_core.package_identification:_identify(annin_ar4_description) by extensions ['colcon_pkg']
[0.278s] Level 1:colcon.colcon_core.package_identification:_identify(annin_ar4_description) by extension 'colcon_pkg'
[0.278s] Level 1:colcon.colcon_core.package_identification:_identify(annin_ar4_description) by extensions ['colcon_meta']
[0.278s] Level 1:colcon.colcon_core.package_identification:_identify(annin_ar4_description) by extension 'colcon_meta'
[0.278s] Level 1:colcon.colcon_core.package_identification:_identify(annin_ar4_description) by extensions ['ros']
[0.278s] Level 1:colcon.colcon_core.package_identification:_identify(annin_ar4_description) by extension 'ros'
[0.280s] DEBUG:colcon.colcon_core.package_identification:Package 'annin_ar4_description' with type 'ros.ament_cmake' and name 'annin_ar4_description'
[0.280s] Level 1:colcon.colcon_core.package_identification:_identify(annin_ar4_driver) by extensions ['ignore', 'ignore_ament_install']
[0.280s] Level 1:colcon.colcon_core.package_identification:_identify(annin_ar4_driver) by extension 'ignore'
[0.280s] Level 1:colcon.colcon_core.package_identification:_identify(annin_ar4_driver) by extension 'ignore_ament_install'
[0.280s] Level 1:colcon.colcon_core.package_identification:_identify(annin_ar4_driver) by extensions ['colcon_pkg']
[0.280s] Level 1:colcon.colcon_core.package_identification:_identify(annin_ar4_driver) by extension 'colcon_pkg'
[0.280s] Level 1:colcon.colcon_core.package_identification:_identify(annin_ar4_driver) by extensions ['colcon_meta']
[0.280s] Level 1:colcon.colcon_core.package_identification:_identify(annin_ar4_driver) by extension 'colcon_meta'
[0.280s] Level 1:colcon.colcon_core.package_identification:_identify(annin_ar4_driver) by extensions ['ros']
[0.280s] Level 1:colcon.colcon_core.package_identification:_identify(annin_ar4_driver) by extension 'ros'
[0.282s] DEBUG:colcon.colcon_core.package_identification:Package 'annin_ar4_driver' with type 'ros.ament_cmake' and name 'annin_ar4_driver'
[0.282s] Level 1:colcon.colcon_core.package_identification:_identify(annin_ar4_firmware) by extensions ['ignore', 'ignore_ament_install']
[0.282s] Level 1:colcon.colcon_core.package_identification:_identify(annin_ar4_firmware) by extension 'ignore'
[0.282s] Level 1:colcon.colcon_core.package_identification:_identify(annin_ar4_firmware) by extension 'ignore_ament_install'
[0.282s] Level 1:colcon.colcon_core.package_identification:_identify(annin_ar4_firmware) by extensions ['colcon_pkg']
[0.282s] Level 1:colcon.colcon_core.package_identification:_identify(annin_ar4_firmware) by extension 'colcon_pkg'
[0.282s] Level 1:colcon.colcon_core.package_identification:_identify(annin_ar4_firmware) by extensions ['colcon_meta']
[0.282s] Level 1:colcon.colcon_core.package_identification:_identify(annin_ar4_firmware) by extension 'colcon_meta'
[0.282s] Level 1:colcon.colcon_core.package_identification:_identify(annin_ar4_firmware) by extensions ['ros']
[0.282s] Level 1:colcon.colcon_core.package_identification:_identify(annin_ar4_firmware) by extension 'ros'
[0.282s] Level 1:colcon.colcon_core.package_identification:_identify(annin_ar4_firmware) by extensions ['cmake', 'python']
[0.282s] Level 1:colcon.colcon_core.package_identification:_identify(annin_ar4_firmware) by extension 'cmake'
[0.282s] Level 1:colcon.colcon_core.package_identification:_identify(annin_ar4_firmware) by extension 'python'
[0.282s] Level 1:colcon.colcon_core.package_identification:_identify(annin_ar4_firmware) by extensions ['python_setup_py']
[0.282s] Level 1:colcon.colcon_core.package_identification:_identify(annin_ar4_firmware) by extension 'python_setup_py'
[0.282s] Level 1:colcon.colcon_core.package_identification:_identify(annin_ar4_firmware/AR4_nano) by extensions ['ignore', 'ignore_ament_install']
[0.282s] Level 1:colcon.colcon_core.package_identification:_identify(annin_ar4_firmware/AR4_nano) by extension 'ignore'
[0.282s] Level 1:colcon.colcon_core.package_identification:_identify(annin_ar4_firmware/AR4_nano) by extension 'ignore_ament_install'
[0.282s] Level 1:colcon.colcon_core.package_identification:_identify(annin_ar4_firmware/AR4_nano) by extensions ['colcon_pkg']
[0.282s] Level 1:colcon.colcon_core.package_identification:_identify(annin_ar4_firmware/AR4_nano) by extension 'colcon_pkg'
[0.282s] Level 1:colcon.colcon_core.package_identification:_identify(annin_ar4_firmware/AR4_nano) by extensions ['colcon_meta']
[0.282s] Level 1:colcon.colcon_core.package_identification:_identify(annin_ar4_firmware/AR4_nano) by extension 'colcon_meta'
[0.283s] Level 1:colcon.colcon_core.package_identification:_identify(annin_ar4_firmware/AR4_nano) by extensions ['ros']
[0.283s] Level 1:colcon.colcon_core.package_identification:_identify(annin_ar4_firmware/AR4_nano) by extension 'ros'
[0.283s] Level 1:colcon.colcon_core.package_identification:_identify(annin_ar4_firmware/AR4_nano) by extensions ['cmake', 'python']
[0.283s] Level 1:colcon.colcon_core.package_identification:_identify(annin_ar4_firmware/AR4_nano) by extension 'cmake'
[0.283s] Level 1:colcon.colcon_core.package_identification:_identify(annin_ar4_firmware/AR4_nano) by extension 'python'
[0.283s] Level 1:colcon.colcon_core.package_identification:_identify(annin_ar4_firmware/AR4_nano) by extensions ['python_setup_py']
[0.283s] Level 1:colcon.colcon_core.package_identification:_identify(annin_ar4_firmware/AR4_nano) by extension 'python_setup_py'
[0.283s] Level 1:colcon.colcon_core.package_identification:_identify(annin_ar4_firmware/AR4_teensy) by extensions ['ignore', 'ignore_ament_install']
[0.283s] Level 1:colcon.colcon_core.package_identification:_identify(annin_ar4_firmware/AR4_teensy) by extension 'ignore'
[0.283s] Level 1:colcon.colcon_core.package_identification:_identify(annin_ar4_firmware/AR4_teensy) by extension 'ignore_ament_install'
[0.283s] Level 1:colcon.colcon_core.package_identification:_identify(annin_ar4_firmware/AR4_teensy) by extensions ['colcon_pkg']
[0.283s] Level 1:colcon.colcon_core.package_identification:_identify(annin_ar4_firmware/AR4_teensy) by extension 'colcon_pkg'
[0.283s] Level 1:colcon.colcon_core.package_identification:_identify(annin_ar4_firmware/AR4_teensy) by extensions ['colcon_meta']
[0.283s] Level 1:colcon.colcon_core.package_identification:_identify(annin_ar4_firmware/AR4_teensy) by extension 'colcon_meta'
[0.283s] Level 1:colcon.colcon_core.package_identification:_identify(annin_ar4_firmware/AR4_teensy) by extensions ['ros']
[0.283s] Level 1:colcon.colcon_core.package_identification:_identify(annin_ar4_firmware/AR4_teensy) by extension 'ros'
[0.283s] Level 1:colcon.colcon_core.package_identification:_identify(annin_ar4_firmware/AR4_teensy) by extensions ['cmake', 'python']
[0.283s] Level 1:colcon.colcon_core.package_identification:_identify(annin_ar4_firmware/AR4_teensy) by extension 'cmake'
[0.283s] Level 1:colcon.colcon_core.package_identification:_identify(annin_ar4_firmware/AR4_teensy) by extension 'python'
[0.283s] Level 1:colcon.colcon_core.package_identification:_identify(annin_ar4_firmware/AR4_teensy) by extensions ['python_setup_py']
[0.284s] Level 1:colcon.colcon_core.package_identification:_identify(annin_ar4_firmware/AR4_teensy) by extension 'python_setup_py'
[0.284s] Level 1:colcon.colcon_core.package_identification:_identify(annin_ar4_gazebo) by extensions ['ignore', 'ignore_ament_install']
[0.284s] Level 1:colcon.colcon_core.package_identification:_identify(annin_ar4_gazebo) by extension 'ignore'
[0.284s] Level 1:colcon.colcon_core.package_identification:_identify(annin_ar4_gazebo) by extension 'ignore_ament_install'
[0.284s] Level 1:colcon.colcon_core.package_identification:_identify(annin_ar4_gazebo) by extensions ['colcon_pkg']
[0.284s] Level 1:colcon.colcon_core.package_identification:_identify(annin_ar4_gazebo) by extension 'colcon_pkg'
[0.284s] Level 1:colcon.colcon_core.package_identification:_identify(annin_ar4_gazebo) by extensions ['colcon_meta']
[0.284s] Level 1:colcon.colcon_core.package_identification:_identify(annin_ar4_gazebo) by extension 'colcon_meta'
[0.284s] Level 1:colcon.colcon_core.package_identification:_identify(annin_ar4_gazebo) by extensions ['ros']
[0.284s] Level 1:colcon.colcon_core.package_identification:_identify(annin_ar4_gazebo) by extension 'ros'
[0.285s] DEBUG:colcon.colcon_core.package_identification:Package 'annin_ar4_gazebo' with type 'ros.ament_cmake' and name 'annin_ar4_gazebo'
[0.285s] Level 1:colcon.colcon_core.package_identification:_identify(annin_ar4_moveit_config) by extensions ['ignore', 'ignore_ament_install']
[0.285s] Level 1:colcon.colcon_core.package_identification:_identify(annin_ar4_moveit_config) by extension 'ignore'
[0.285s] Level 1:colcon.colcon_core.package_identification:_identify(annin_ar4_moveit_config) by extension 'ignore_ament_install'
[0.285s] Level 1:colcon.colcon_core.package_identification:_identify(annin_ar4_moveit_config) by extensions ['colcon_pkg']
[0.285s] Level 1:colcon.colcon_core.package_identification:_identify(annin_ar4_moveit_config) by extension 'colcon_pkg'
[0.285s] Level 1:colcon.colcon_core.package_identification:_identify(annin_ar4_moveit_config) by extensions ['colcon_meta']
[0.285s] Level 1:colcon.colcon_core.package_identification:_identify(annin_ar4_moveit_config) by extension 'colcon_meta'
[0.285s] Level 1:colcon.colcon_core.package_identification:_identify(annin_ar4_moveit_config) by extensions ['ros']
[0.286s] Level 1:colcon.colcon_core.package_identification:_identify(annin_ar4_moveit_config) by extension 'ros'
[0.286s] DEBUG:colcon.colcon_core.package_identification:Package 'annin_ar4_moveit_config' with type 'ros.ament_cmake' and name 'annin_ar4_moveit_config'
[0.286s] Level 1:colcon.colcon_core.package_identification:_identify(build) by extensions ['ignore', 'ignore_ament_install']
[0.287s] Level 1:colcon.colcon_core.package_identification:_identify(build) by extension 'ignore'
[0.287s] Level 1:colcon.colcon_core.package_identification:_identify(build) ignored
[0.287s] Level 1:colcon.colcon_core.package_identification:_identify(gorm_arm) by extensions ['ignore', 'ignore_ament_install']
[0.287s] Level 1:colcon.colcon_core.package_identification:_identify(gorm_arm) by extension 'ignore'
[0.287s] Level 1:colcon.colcon_core.package_identification:_identify(gorm_arm) by extension 'ignore_ament_install'
[0.287s] Level 1:colcon.colcon_core.package_identification:_identify(gorm_arm) by extensions ['colcon_pkg']
[0.287s] Level 1:colcon.colcon_core.package_identification:_identify(gorm_arm) by extension 'colcon_pkg'
[0.287s] Level 1:colcon.colcon_core.package_identification:_identify(gorm_arm) by extensions ['colcon_meta']
[0.287s] Level 1:colcon.colcon_core.package_identification:_identify(gorm_arm) by extension 'colcon_meta'
[0.287s] Level 1:colcon.colcon_core.package_identification:_identify(gorm_arm) by extensions ['ros']
[0.287s] Level 1:colcon.colcon_core.package_identification:_identify(gorm_arm) by extension 'ros'
[0.288s] DEBUG:colcon.colcon_core.package_identification:Package 'gorm_arm' with type 'ros.ament_cmake' and name 'gorm_arm'
[0.288s] Level 1:colcon.colcon_core.package_identification:_identify(gorm_arm_firmware) by extensions ['ignore', 'ignore_ament_install']
[0.288s] Level 1:colcon.colcon_core.package_identification:_identify(gorm_arm_firmware) by extension 'ignore'
[0.288s] Level 1:colcon.colcon_core.package_identification:_identify(gorm_arm_firmware) by extension 'ignore_ament_install'
[0.288s] Level 1:colcon.colcon_core.package_identification:_identify(gorm_arm_firmware) by extensions ['colcon_pkg']
[0.288s] Level 1:colcon.colcon_core.package_identification:_identify(gorm_arm_firmware) by extension 'colcon_pkg'
[0.288s] Level 1:colcon.colcon_core.package_identification:_identify(gorm_arm_firmware) by extensions ['colcon_meta']
[0.288s] Level 1:colcon.colcon_core.package_identification:_identify(gorm_arm_firmware) by extension 'colcon_meta'
[0.288s] Level 1:colcon.colcon_core.package_identification:_identify(gorm_arm_firmware) by extensions ['ros']
[0.288s] Level 1:colcon.colcon_core.package_identification:_identify(gorm_arm_firmware) by extension 'ros'
[0.288s] Level 1:colcon.colcon_core.package_identification:_identify(gorm_arm_firmware) by extensions ['cmake', 'python']
[0.288s] Level 1:colcon.colcon_core.package_identification:_identify(gorm_arm_firmware) by extension 'cmake'
[0.288s] Level 1:colcon.colcon_core.package_identification:_identify(gorm_arm_firmware) by extension 'python'
[0.288s] Level 1:colcon.colcon_core.package_identification:_identify(gorm_arm_firmware) by extensions ['python_setup_py']
[0.288s] Level 1:colcon.colcon_core.package_identification:_identify(gorm_arm_firmware) by extension 'python_setup_py'
[0.288s] Level 1:colcon.colcon_core.package_identification:_identify(gorm_arm_firmware/Seeduino_programs) by extensions ['ignore', 'ignore_ament_install']
[0.288s] Level 1:colcon.colcon_core.package_identification:_identify(gorm_arm_firmware/Seeduino_programs) by extension 'ignore'
[0.288s] Level 1:colcon.colcon_core.package_identification:_identify(gorm_arm_firmware/Seeduino_programs) by extension 'ignore_ament_install'
[0.288s] Level 1:colcon.colcon_core.package_identification:_identify(gorm_arm_firmware/Seeduino_programs) by extensions ['colcon_pkg']
[0.288s] Level 1:colcon.colcon_core.package_identification:_identify(gorm_arm_firmware/Seeduino_programs) by extension 'colcon_pkg'
[0.288s] Level 1:colcon.colcon_core.package_identification:_identify(gorm_arm_firmware/Seeduino_programs) by extensions ['colcon_meta']
[0.288s] Level 1:colcon.colcon_core.package_identification:_identify(gorm_arm_firmware/Seeduino_programs) by extension 'colcon_meta'
[0.289s] Level 1:colcon.colcon_core.package_identification:_identify(gorm_arm_firmware/Seeduino_programs) by extensions ['ros']
[0.289s] Level 1:colcon.colcon_core.package_identification:_identify(gorm_arm_firmware/Seeduino_programs) by extension 'ros'
[0.289s] Level 1:colcon.colcon_core.package_identification:_identify(gorm_arm_firmware/Seeduino_programs) by extensions ['cmake', 'python']
[0.289s] Level 1:colcon.colcon_core.package_identification:_identify(gorm_arm_firmware/Seeduino_programs) by extension 'cmake'
[0.289s] Level 1:colcon.colcon_core.package_identification:_identify(gorm_arm_firmware/Seeduino_programs) by extension 'python'
[0.289s] Level 1:colcon.colcon_core.package_identification:_identify(gorm_arm_firmware/Seeduino_programs) by extensions ['python_setup_py']
[0.289s] Level 1:colcon.colcon_core.package_identification:_identify(gorm_arm_firmware/Seeduino_programs) by extension 'python_setup_py'
[0.289s] Level 1:colcon.colcon_core.package_identification:_identify(gorm_arm_firmware/Seeduino_programs/gripper_serial) by extensions ['ignore', 'ignore_ament_install']
[0.289s] Level 1:colcon.colcon_core.package_identification:_identify(gorm_arm_firmware/Seeduino_programs/gripper_serial) by extension 'ignore'
[0.289s] Level 1:colcon.colcon_core.package_identification:_identify(gorm_arm_firmware/Seeduino_programs/gripper_serial) by extension 'ignore_ament_install'
[0.289s] Level 1:colcon.colcon_core.package_identification:_identify(gorm_arm_firmware/Seeduino_programs/gripper_serial) by extensions ['colcon_pkg']
[0.289s] Level 1:colcon.colcon_core.package_identification:_identify(gorm_arm_firmware/Seeduino_programs/gripper_serial) by extension 'colcon_pkg'
[0.289s] Level 1:colcon.colcon_core.package_identification:_identify(gorm_arm_firmware/Seeduino_programs/gripper_serial) by extensions ['colcon_meta']
[0.289s] Level 1:colcon.colcon_core.package_identification:_identify(gorm_arm_firmware/Seeduino_programs/gripper_serial) by extension 'colcon_meta'
[0.289s] Level 1:colcon.colcon_core.package_identification:_identify(gorm_arm_firmware/Seeduino_programs/gripper_serial) by extensions ['ros']
[0.289s] Level 1:colcon.colcon_core.package_identification:_identify(gorm_arm_firmware/Seeduino_programs/gripper_serial) by extension 'ros'
[0.289s] Level 1:colcon.colcon_core.package_identification:_identify(gorm_arm_firmware/Seeduino_programs/gripper_serial) by extensions ['cmake', 'python']
[0.289s] Level 1:colcon.colcon_core.package_identification:_identify(gorm_arm_firmware/Seeduino_programs/gripper_serial) by extension 'cmake'
[0.289s] Level 1:colcon.colcon_core.package_identification:_identify(gorm_arm_firmware/Seeduino_programs/gripper_serial) by extension 'python'
[0.289s] Level 1:colcon.colcon_core.package_identification:_identify(gorm_arm_firmware/Seeduino_programs/gripper_serial) by extensions ['python_setup_py']
[0.289s] Level 1:colcon.colcon_core.package_identification:_identify(gorm_arm_firmware/Seeduino_programs/gripper_serial) by extension 'python_setup_py'
[0.289s] Level 1:colcon.colcon_core.package_identification:_identify(install) by extensions ['ignore', 'ignore_ament_install']
[0.289s] Level 1:colcon.colcon_core.package_identification:_identify(install) by extension 'ignore'
[0.289s] Level 1:colcon.colcon_core.package_identification:_identify(install) ignored
[0.290s] Level 1:colcon.colcon_core.package_identification:_identify(log) by extensions ['ignore', 'ignore_ament_install']
[0.290s] Level 1:colcon.colcon_core.package_identification:_identify(log) by extension 'ignore'
[0.290s] Level 1:colcon.colcon_core.package_identification:_identify(log) ignored
[0.290s] Level 1:colcon.colcon_core.package_identification:_identify(moveit_servo) by extensions ['ignore', 'ignore_ament_install']
[0.290s] Level 1:colcon.colcon_core.package_identification:_identify(moveit_servo) by extension 'ignore'
[0.290s] Level 1:colcon.colcon_core.package_identification:_identify(moveit_servo) by extension 'ignore_ament_install'
[0.290s] Level 1:colcon.colcon_core.package_identification:_identify(moveit_servo) by extensions ['colcon_pkg']
[0.290s] Level 1:colcon.colcon_core.package_identification:_identify(moveit_servo) by extension 'colcon_pkg'
[0.290s] Level 1:colcon.colcon_core.package_identification:_identify(moveit_servo) by extensions ['colcon_meta']
[0.290s] Level 1:colcon.colcon_core.package_identification:_identify(moveit_servo) by extension 'colcon_meta'
[0.290s] Level 1:colcon.colcon_core.package_identification:_identify(moveit_servo) by extensions ['ros']
[0.290s] Level 1:colcon.colcon_core.package_identification:_identify(moveit_servo) by extension 'ros'
[0.293s] DEBUG:colcon.colcon_core.package_identification:Package 'moveit_servo' with type 'ros.ament_cmake' and name 'moveit_servo'
[0.293s] Level 1:colcon.colcon_core.package_identification:_identify(serial) by extensions ['ignore', 'ignore_ament_install']
[0.293s] Level 1:colcon.colcon_core.package_identification:_identify(serial) by extension 'ignore'
[0.293s] Level 1:colcon.colcon_core.package_identification:_identify(serial) by extension 'ignore_ament_install'
[0.293s] Level 1:colcon.colcon_core.package_identification:_identify(serial) by extensions ['colcon_pkg']
[0.293s] Level 1:colcon.colcon_core.package_identification:_identify(serial) by extension 'colcon_pkg'
[0.293s] Level 1:colcon.colcon_core.package_identification:_identify(serial) by extensions ['colcon_meta']
[0.293s] Level 1:colcon.colcon_core.package_identification:_identify(serial) by extension 'colcon_meta'
[0.293s] Level 1:colcon.colcon_core.package_identification:_identify(serial) by extensions ['ros']
[0.293s] Level 1:colcon.colcon_core.package_identification:_identify(serial) by extension 'ros'
[0.293s] DEBUG:colcon.colcon_core.package_identification:Package 'serial' with type 'ros.ament_cmake' and name 'serial'
[0.294s] Level 1:colcon.colcon_core.package_discovery:discover_packages(recursive) using defaults
[0.294s] Level 1:colcon.colcon_core.package_discovery:discover_packages(ignore) discover
[0.294s] Level 1:colcon.colcon_core.package_discovery:discover_packages(ignore) using defaults
[0.294s] Level 1:colcon.colcon_core.package_discovery:discover_packages(path) discover
[0.294s] Level 1:colcon.colcon_core.package_discovery:discover_packages(path) using defaults
[0.324s] Level 1:colcon.colcon_core.package_discovery:discover_packages(prefix_path) check parameters
[0.324s] Level 1:colcon.colcon_core.package_discovery:discover_packages(prefix_path) discover
[0.326s] DEBUG:colcon.colcon_installed_package_information.package_discovery:Found 7 installed packages in /home/johnbuntu/ar4_ros_driver/install
[0.327s] DEBUG:colcon.colcon_installed_package_information.package_discovery:Found 341 installed packages in /opt/ros/humble
[0.329s] Level 1:colcon.colcon_core.package_discovery:discover_packages(prefix_path) using defaults
[0.379s] Level 5:colcon.colcon_core.verb:set package 'annin_ar4_description' build argument 'cmake_args' from command line to 'None'
[0.379s] Level 5:colcon.colcon_core.verb:set package 'annin_ar4_description' build argument 'cmake_target' from command line to 'None'
[0.379s] Level 5:colcon.colcon_core.verb:set package 'annin_ar4_description' build argument 'cmake_target_skip_unavailable' from command line to 'False'
[0.379s] Level 5:colcon.colcon_core.verb:set package 'annin_ar4_description' build argument 'cmake_clean_cache' from command line to 'False'
[0.379s] Level 5:colcon.colcon_core.verb:set package 'annin_ar4_description' build argument 'cmake_clean_first' from command line to 'False'
[0.379s] Level 5:colcon.colcon_core.verb:set package 'annin_ar4_description' build argument 'cmake_force_configure' from command line to 'False'
[0.379s] Level 5:colcon.colcon_core.verb:set package 'annin_ar4_description' build argument 'ament_cmake_args' from command line to 'None'
[0.379s] Level 5:colcon.colcon_core.verb:set package 'annin_ar4_description' build argument 'catkin_cmake_args' from command line to 'None'
[0.379s] Level 5:colcon.colcon_core.verb:set package 'annin_ar4_description' build argument 'catkin_skip_building_tests' from command line to 'False'
[0.379s] DEBUG:colcon.colcon_core.verb:Building package 'annin_ar4_description' with the following arguments: {'ament_cmake_args': None, 'build_base': '/home/johnbuntu/ar4_ros_driver/build/annin_ar4_description', 'catkin_cmake_args': None, 'catkin_skip_building_tests': False, 'cmake_args': None, 'cmake_clean_cache': False, 'cmake_clean_first': False, 'cmake_force_configure': False, 'cmake_target': None, 'cmake_target_skip_unavailable': False, 'install_base': '/home/johnbuntu/ar4_ros_driver/install/annin_ar4_description', 'merge_install': False, 'path': '/home/johnbuntu/ar4_ros_driver/annin_ar4_description', 'symlink_install': False, 'test_result_base': None}
[0.379s] Level 5:colcon.colcon_core.verb:set package 'moveit_servo' build argument 'cmake_args' from command line to 'None'
[0.379s] Level 5:colcon.colcon_core.verb:set package 'moveit_servo' build argument 'cmake_target' from command line to 'None'
[0.380s] Level 5:colcon.colcon_core.verb:set package 'moveit_servo' build argument 'cmake_target_skip_unavailable' from command line to 'False'
[0.380s] Level 5:colcon.colcon_core.verb:set package 'moveit_servo' build argument 'cmake_clean_cache' from command line to 'False'
[0.380s] Level 5:colcon.colcon_core.verb:set package 'moveit_servo' build argument 'cmake_clean_first' from command line to 'False'
[0.380s] Level 5:colcon.colcon_core.verb:set package 'moveit_servo' build argument 'cmake_force_configure' from command line to 'False'
[0.380s] Level 5:colcon.colcon_core.verb:set package 'moveit_servo' build argument 'ament_cmake_args' from command line to 'None'
[0.380s] Level 5:colcon.colcon_core.verb:set package 'moveit_servo' build argument 'catkin_cmake_args' from command line to 'None'
[0.380s] Level 5:colcon.colcon_core.verb:set package 'moveit_servo' build argument 'catkin_skip_building_tests' from command line to 'False'
[0.380s] DEBUG:colcon.colcon_core.verb:Building package 'moveit_servo' with the following arguments: {'ament_cmake_args': None, 'build_base': '/home/johnbuntu/ar4_ros_driver/build/moveit_servo', 'catkin_cmake_args': None, 'catkin_skip_building_tests': False, 'cmake_args': None, 'cmake_clean_cache': False, 'cmake_clean_first': False, 'cmake_force_configure': False, 'cmake_target': None, 'cmake_target_skip_unavailable': False, 'install_base': '/home/johnbuntu/ar4_ros_driver/install/moveit_servo', 'merge_install': False, 'path': '/home/johnbuntu/ar4_ros_driver/moveit_servo', 'symlink_install': False, 'test_result_base': None}
[0.380s] Level 5:colcon.colcon_core.verb:set package 'serial' build argument 'cmake_args' from command line to 'None'
[0.380s] Level 5:colcon.colcon_core.verb:set package 'serial' build argument 'cmake_target' from command line to 'None'
[0.381s] Level 5:colcon.colcon_core.verb:set package 'serial' build argument 'cmake_target_skip_unavailable' from command line to 'False'
[0.381s] Level 5:colcon.colcon_core.verb:set package 'serial' build argument 'cmake_clean_cache' from command line to 'False'
[0.381s] Level 5:colcon.colcon_core.verb:set package 'serial' build argument 'cmake_clean_first' from command line to 'False'
[0.381s] Level 5:colcon.colcon_core.verb:set package 'serial' build argument 'cmake_force_configure' from command line to 'False'
[0.381s] Level 5:colcon.colcon_core.verb:set package 'serial' build argument 'ament_cmake_args' from command line to 'None'
[0.381s] Level 5:colcon.colcon_core.verb:set package 'serial' build argument 'catkin_cmake_args' from command line to 'None'
[0.381s] Level 5:colcon.colcon_core.verb:set package 'serial' build argument 'catkin_skip_building_tests' from command line to 'False'
[0.381s] DEBUG:colcon.colcon_core.verb:Building package 'serial' with the following arguments: {'ament_cmake_args': None, 'build_base': '/home/johnbuntu/ar4_ros_driver/build/serial', 'catkin_cmake_args': None, 'catkin_skip_building_tests': False, 'cmake_args': None, 'cmake_clean_cache': False, 'cmake_clean_first': False, 'cmake_force_configure': False, 'cmake_target': None, 'cmake_target_skip_unavailable': False, 'install_base': '/home/johnbuntu/ar4_ros_driver/install/serial', 'merge_install': False, 'path': '/home/johnbuntu/ar4_ros_driver/serial', 'symlink_install': False, 'test_result_base': None}
[0.381s] Level 5:colcon.colcon_core.verb:set package 'annin_ar4_driver' build argument 'cmake_args' from command line to 'None'
[0.381s] Level 5:colcon.colcon_core.verb:set package 'annin_ar4_driver' build argument 'cmake_target' from command line to 'None'
[0.381s] Level 5:colcon.colcon_core.verb:set package 'annin_ar4_driver' build argument 'cmake_target_skip_unavailable' from command line to 'False'
[0.381s] Level 5:colcon.colcon_core.verb:set package 'annin_ar4_driver' build argument 'cmake_clean_cache' from command line to 'False'
[0.381s] Level 5:colcon.colcon_core.verb:set package 'annin_ar4_driver' build argument 'cmake_clean_first' from command line to 'False'
[0.381s] Level 5:colcon.colcon_core.verb:set package 'annin_ar4_driver' build argument 'cmake_force_configure' from command line to 'False'
[0.381s] Level 5:colcon.colcon_core.verb:set package 'annin_ar4_driver' build argument 'ament_cmake_args' from command line to 'None'
[0.381s] Level 5:colcon.colcon_core.verb:set package 'annin_ar4_driver' build argument 'catkin_cmake_args' from command line to 'None'
[0.381s] Level 5:colcon.colcon_core.verb:set package 'annin_ar4_driver' build argument 'catkin_skip_building_tests' from command line to 'False'
[0.381s] DEBUG:colcon.colcon_core.verb:Building package 'annin_ar4_driver' with the following arguments: {'ament_cmake_args': None, 'build_base': '/home/johnbuntu/ar4_ros_driver/build/annin_ar4_driver', 'catkin_cmake_args': None, 'catkin_skip_building_tests': False, 'cmake_args': None, 'cmake_clean_cache': False, 'cmake_clean_first': False, 'cmake_force_configure': False, 'cmake_target': None, 'cmake_target_skip_unavailable': False, 'install_base': '/home/johnbuntu/ar4_ros_driver/install/annin_ar4_driver', 'merge_install': False, 'path': '/home/johnbuntu/ar4_ros_driver/annin_ar4_driver', 'symlink_install': False, 'test_result_base': None}
[0.382s] Level 5:colcon.colcon_core.verb:set package 'annin_ar4_moveit_config' build argument 'cmake_args' from command line to 'None'
[0.382s] Level 5:colcon.colcon_core.verb:set package 'annin_ar4_moveit_config' build argument 'cmake_target' from command line to 'None'
[0.382s] Level 5:colcon.colcon_core.verb:set package 'annin_ar4_moveit_config' build argument 'cmake_target_skip_unavailable' from command line to 'False'
[0.382s] Level 5:colcon.colcon_core.verb:set package 'annin_ar4_moveit_config' build argument 'cmake_clean_cache' from command line to 'False'
[0.382s] Level 5:colcon.colcon_core.verb:set package 'annin_ar4_moveit_config' build argument 'cmake_clean_first' from command line to 'False'
[0.382s] Level 5:colcon.colcon_core.verb:set package 'annin_ar4_moveit_config' build argument 'cmake_force_configure' from command line to 'False'
[0.382s] Level 5:colcon.colcon_core.verb:set package 'annin_ar4_moveit_config' build argument 'ament_cmake_args' from command line to 'None'
[0.382s] Level 5:colcon.colcon_core.verb:set package 'annin_ar4_moveit_config' build argument 'catkin_cmake_args' from command line to 'None'
[0.382s] Level 5:colcon.colcon_core.verb:set package 'annin_ar4_moveit_config' build argument 'catkin_skip_building_tests' from command line to 'False'
[0.382s] DEBUG:colcon.colcon_core.verb:Building package 'annin_ar4_moveit_config' with the following arguments: {'ament_cmake_args': None, 'build_base': '/home/johnbuntu/ar4_ros_driver/build/annin_ar4_moveit_config', 'catkin_cmake_args': None, 'catkin_skip_building_tests': False, 'cmake_args': None, 'cmake_clean_cache': False, 'cmake_clean_first': False, 'cmake_force_configure': False, 'cmake_target': None, 'cmake_target_skip_unavailable': False, 'install_base': '/home/johnbuntu/ar4_ros_driver/install/annin_ar4_moveit_config', 'merge_install': False, 'path': '/home/johnbuntu/ar4_ros_driver/annin_ar4_moveit_config', 'symlink_install': False, 'test_result_base': None}
[0.382s] Level 5:colcon.colcon_core.verb:set package 'gorm_arm' build argument 'cmake_args' from command line to 'None'
[0.382s] Level 5:colcon.colcon_core.verb:set package 'gorm_arm' build argument 'cmake_target' from command line to 'None'
[0.382s] Level 5:colcon.colcon_core.verb:set package 'gorm_arm' build argument 'cmake_target_skip_unavailable' from command line to 'False'
[0.382s] Level 5:colcon.colcon_core.verb:set package 'gorm_arm' build argument 'cmake_clean_cache' from command line to 'False'
[0.382s] Level 5:colcon.colcon_core.verb:set package 'gorm_arm' build argument 'cmake_clean_first' from command line to 'False'
[0.382s] Level 5:colcon.colcon_core.verb:set package 'gorm_arm' build argument 'cmake_force_configure' from command line to 'False'
[0.382s] Level 5:colcon.colcon_core.verb:set package 'gorm_arm' build argument 'ament_cmake_args' from command line to 'None'
[0.382s] Level 5:colcon.colcon_core.verb:set package 'gorm_arm' build argument 'catkin_cmake_args' from command line to 'None'
[0.382s] Level 5:colcon.colcon_core.verb:set package 'gorm_arm' build argument 'catkin_skip_building_tests' from command line to 'False'
[0.382s] DEBUG:colcon.colcon_core.verb:Building package 'gorm_arm' with the following arguments: {'ament_cmake_args': None, 'build_base': '/home/johnbuntu/ar4_ros_driver/build/gorm_arm', 'catkin_cmake_args': None, 'catkin_skip_building_tests': False, 'cmake_args': None, 'cmake_clean_cache': False, 'cmake_clean_first': False, 'cmake_force_configure': False, 'cmake_target': None, 'cmake_target_skip_unavailable': False, 'install_base': '/home/johnbuntu/ar4_ros_driver/install/gorm_arm', 'merge_install': False, 'path': '/home/johnbuntu/ar4_ros_driver/gorm_arm', 'symlink_install': False, 'test_result_base': None}
[0.382s] Level 5:colcon.colcon_core.verb:set package 'annin_ar4_gazebo' build argument 'cmake_args' from command line to 'None'
[0.382s] Level 5:colcon.colcon_core.verb:set package 'annin_ar4_gazebo' build argument 'cmake_target' from command line to 'None'
[0.382s] Level 5:colcon.colcon_core.verb:set package 'annin_ar4_gazebo' build argument 'cmake_target_skip_unavailable' from command line to 'False'
[0.382s] Level 5:colcon.colcon_core.verb:set package 'annin_ar4_gazebo' build argument 'cmake_clean_cache' from command line to 'False'
[0.383s] Level 5:colcon.colcon_core.verb:set package 'annin_ar4_gazebo' build argument 'cmake_clean_first' from command line to 'False'
[0.383s] Level 5:colcon.colcon_core.verb:set package 'annin_ar4_gazebo' build argument 'cmake_force_configure' from command line to 'False'
[0.383s] Level 5:colcon.colcon_core.verb:set package 'annin_ar4_gazebo' build argument 'ament_cmake_args' from command line to 'None'
[0.383s] Level 5:colcon.colcon_core.verb:set package 'annin_ar4_gazebo' build argument 'catkin_cmake_args' from command line to 'None'
[0.383s] Level 5:colcon.colcon_core.verb:set package 'annin_ar4_gazebo' build argument 'catkin_skip_building_tests' from command line to 'False'
[0.383s] DEBUG:colcon.colcon_core.verb:Building package 'annin_ar4_gazebo' with the following arguments: {'ament_cmake_args': None, 'build_base': '/home/johnbuntu/ar4_ros_driver/build/annin_ar4_gazebo', 'catkin_cmake_args': None, 'catkin_skip_building_tests': False, 'cmake_args': None, 'cmake_clean_cache': False, 'cmake_clean_first': False, 'cmake_force_configure': False, 'cmake_target': None, 'cmake_target_skip_unavailable': False, 'install_base': '/home/johnbuntu/ar4_ros_driver/install/annin_ar4_gazebo', 'merge_install': False, 'path': '/home/johnbuntu/ar4_ros_driver/annin_ar4_gazebo', 'symlink_install': False, 'test_result_base': None}
[0.383s] INFO:colcon.colcon_core.executor:Executing jobs using 'parallel' executor
[0.384s] DEBUG:colcon.colcon_parallel_executor.executor.parallel:run_until_complete
[0.384s] INFO:colcon.colcon_ros.task.ament_cmake.build:Building ROS package in '/home/johnbuntu/ar4_ros_driver/annin_ar4_description' with build type 'ament_cmake'
[0.384s] INFO:colcon.colcon_cmake.task.cmake.build:Building CMake package in '/home/johnbuntu/ar4_ros_driver/annin_ar4_description'
[0.386s] INFO:colcon.colcon_core.plugin_system:Skipping extension 'colcon_core.shell.bat': Not used on non-Windows systems
[0.387s] INFO:colcon.colcon_core.shell:Skip shell extension 'powershell' for command environment: Not usable outside of PowerShell
[0.387s] DEBUG:colcon.colcon_core.shell:Skip shell extension 'dsv' for command environment
[0.390s] INFO:colcon.colcon_ros.task.ament_cmake.build:Building ROS package in '/home/johnbuntu/ar4_ros_driver/moveit_servo' with build type 'ament_cmake'
[0.390s] INFO:colcon.colcon_cmake.task.cmake.build:Building CMake package in '/home/johnbuntu/ar4_ros_driver/moveit_servo'
[0.390s] INFO:colcon.colcon_core.shell:Skip shell extension 'powershell' for command environment: Not usable outside of PowerShell
[0.390s] DEBUG:colcon.colcon_core.shell:Skip shell extension 'dsv' for command environment
[0.393s] INFO:colcon.colcon_ros.task.ament_cmake.build:Building ROS package in '/home/johnbuntu/ar4_ros_driver/serial' with build type 'ament_cmake'
[0.393s] INFO:colcon.colcon_cmake.task.cmake.build:Building CMake package in '/home/johnbuntu/ar4_ros_driver/serial'
[0.393s] INFO:colcon.colcon_core.shell:Skip shell extension 'powershell' for command environment: Not usable outside of PowerShell
[0.393s] DEBUG:colcon.colcon_core.shell:Skip shell extension 'dsv' for command environment
[0.403s] DEBUG:colcon.colcon_core.event_handler.log_command:Invoking command in '/home/johnbuntu/ar4_ros_driver/build/annin_ar4_description': CMAKE_PREFIX_PATH=${CMAKE_PREFIX_PATH}:/opt/ros/humble /usr/bin/cmake --build /home/johnbuntu/ar4_ros_driver/build/annin_ar4_description -- -j8 -l8
[0.407s] DEBUG:colcon.colcon_core.event_handler.log_command:Invoking command in '/home/johnbuntu/ar4_ros_driver/build/moveit_servo': CMAKE_PREFIX_PATH=${CMAKE_PREFIX_PATH}:/opt/ros/humble /usr/bin/cmake --build /home/johnbuntu/ar4_ros_driver/build/moveit_servo -- -j8 -l8
[0.412s] DEBUG:colcon.colcon_core.event_handler.log_command:Invoking command in '/home/johnbuntu/ar4_ros_driver/build/serial': CMAKE_PREFIX_PATH=${CMAKE_PREFIX_PATH}:/opt/ros/humble /usr/bin/cmake --build /home/johnbuntu/ar4_ros_driver/build/serial -- -j8 -l8
[0.446s] DEBUG:colcon.colcon_core.event_handler.log_command:Invoked command in '/home/johnbuntu/ar4_ros_driver/build/annin_ar4_description' returned '0': CMAKE_PREFIX_PATH=${CMAKE_PREFIX_PATH}:/opt/ros/humble /usr/bin/cmake --build /home/johnbuntu/ar4_ros_driver/build/annin_ar4_description -- -j8 -l8
[0.459s] DEBUG:colcon.colcon_core.event_handler.log_command:Invoking command in '/home/johnbuntu/ar4_ros_driver/build/annin_ar4_description': CMAKE_PREFIX_PATH=${CMAKE_PREFIX_PATH}:/opt/ros/humble /usr/bin/cmake --install /home/johnbuntu/ar4_ros_driver/build/annin_ar4_description
[0.474s] Level 1:colcon.colcon_core.environment:create_environment_scripts_only(annin_ar4_description)
[0.477s] DEBUG:colcon.colcon_core.event_handler.log_command:Invoked command in '/home/johnbuntu/ar4_ros_driver/build/annin_ar4_description' returned '0': CMAKE_PREFIX_PATH=${CMAKE_PREFIX_PATH}:/opt/ros/humble /usr/bin/cmake --install /home/johnbuntu/ar4_ros_driver/build/annin_ar4_description
[0.480s] Level 1:colcon.colcon_core.environment:checking '/home/johnbuntu/ar4_ros_driver/install/annin_ar4_description' for CMake module files
[0.482s] Level 1:colcon.colcon_core.environment:checking '/home/johnbuntu/ar4_ros_driver/install/annin_ar4_description' for CMake config files
[0.482s] Level 1:colcon.colcon_core.shell:create_environment_hook('annin_ar4_description', 'cmake_prefix_path')
[0.482s] INFO:colcon.colcon_core.shell:Creating environment hook '/home/johnbuntu/ar4_ros_driver/install/annin_ar4_description/share/annin_ar4_description/hook/cmake_prefix_path.ps1'
[0.483s] INFO:colcon.colcon_core.shell:Creating environment descriptor '/home/johnbuntu/ar4_ros_driver/install/annin_ar4_description/share/annin_ar4_description/hook/cmake_prefix_path.dsv'
[0.484s] INFO:colcon.colcon_core.shell:Creating environment hook '/home/johnbuntu/ar4_ros_driver/install/annin_ar4_description/share/annin_ar4_description/hook/cmake_prefix_path.sh'
[0.485s] Level 1:colcon.colcon_core.environment:checking '/home/johnbuntu/ar4_ros_driver/install/annin_ar4_description/bin'
[0.485s] Level 1:colcon.colcon_core.environment:checking '/home/johnbuntu/ar4_ros_driver/install/annin_ar4_description/lib/pkgconfig/annin_ar4_description.pc'
[0.485s] Level 1:colcon.colcon_core.environment:checking '/home/johnbuntu/ar4_ros_driver/install/annin_ar4_description/lib/python3.10/site-packages'
[0.486s] Level 1:colcon.colcon_core.environment:checking '/home/johnbuntu/ar4_ros_driver/install/annin_ar4_description/bin'
[0.486s] INFO:colcon.colcon_core.shell:Creating package script '/home/johnbuntu/ar4_ros_driver/install/annin_ar4_description/share/annin_ar4_description/package.ps1'
[0.487s] INFO:colcon.colcon_core.shell:Creating package descriptor '/home/johnbuntu/ar4_ros_driver/install/annin_ar4_description/share/annin_ar4_description/package.dsv'
[0.487s] INFO:colcon.colcon_core.shell:Creating package script '/home/johnbuntu/ar4_ros_driver/install/annin_ar4_description/share/annin_ar4_description/package.sh'
[0.488s] INFO:colcon.colcon_core.shell:Creating package script '/home/johnbuntu/ar4_ros_driver/install/annin_ar4_description/share/annin_ar4_description/package.bash'
[0.489s] INFO:colcon.colcon_core.shell:Creating package script '/home/johnbuntu/ar4_ros_driver/install/annin_ar4_description/share/annin_ar4_description/package.zsh'
[0.489s] Level 1:colcon.colcon_core.environment:create_file_with_runtime_dependencies(/home/johnbuntu/ar4_ros_driver/install/annin_ar4_description/share/colcon-core/packages/annin_ar4_description)
[0.490s] Level 1:colcon.colcon_core.environment:create_environment_scripts_only(annin_ar4_description)
[0.490s] Level 1:colcon.colcon_core.environment:checking '/home/johnbuntu/ar4_ros_driver/install/annin_ar4_description' for CMake module files
[0.490s] Level 1:colcon.colcon_core.environment:checking '/home/johnbuntu/ar4_ros_driver/install/annin_ar4_description' for CMake config files
[0.491s] Level 1:colcon.colcon_core.shell:create_environment_hook('annin_ar4_description', 'cmake_prefix_path')
[0.491s] INFO:colcon.colcon_core.shell:Creating environment hook '/home/johnbuntu/ar4_ros_driver/install/annin_ar4_description/share/annin_ar4_description/hook/cmake_prefix_path.ps1'
[0.491s] INFO:colcon.colcon_core.shell:Creating environment descriptor '/home/johnbuntu/ar4_ros_driver/install/annin_ar4_description/share/annin_ar4_description/hook/cmake_prefix_path.dsv'
[0.491s] INFO:colcon.colcon_core.shell:Creating environment hook '/home/johnbuntu/ar4_ros_driver/install/annin_ar4_description/share/annin_ar4_description/hook/cmake_prefix_path.sh'
[0.492s] Level 1:colcon.colcon_core.environment:checking '/home/johnbuntu/ar4_ros_driver/install/annin_ar4_description/bin'
[0.492s] Level 1:colcon.colcon_core.environment:checking '/home/johnbuntu/ar4_ros_driver/install/annin_ar4_description/lib/pkgconfig/annin_ar4_description.pc'
[0.492s] Level 1:colcon.colcon_core.environment:checking '/home/johnbuntu/ar4_ros_driver/install/annin_ar4_description/lib/python3.10/site-packages'
[0.493s] Level 1:colcon.colcon_core.environment:checking '/home/johnbuntu/ar4_ros_driver/install/annin_ar4_description/bin'
[0.493s] INFO:colcon.colcon_core.shell:Creating package script '/home/johnbuntu/ar4_ros_driver/install/annin_ar4_description/share/annin_ar4_description/package.ps1'
[0.493s] INFO:colcon.colcon_core.shell:Creating package descriptor '/home/johnbuntu/ar4_ros_driver/install/annin_ar4_description/share/annin_ar4_description/package.dsv'
[0.494s] INFO:colcon.colcon_core.shell:Creating package script '/home/johnbuntu/ar4_ros_driver/install/annin_ar4_description/share/annin_ar4_description/package.sh'
[0.495s] INFO:colcon.colcon_core.shell:Creating package script '/home/johnbuntu/ar4_ros_driver/install/annin_ar4_description/share/annin_ar4_description/package.bash'
[0.495s] INFO:colcon.colcon_core.shell:Creating package script '/home/johnbuntu/ar4_ros_driver/install/annin_ar4_description/share/annin_ar4_description/package.zsh'
[0.496s] Level 1:colcon.colcon_core.environment:create_file_with_runtime_dependencies(/home/johnbuntu/ar4_ros_driver/install/annin_ar4_description/share/colcon-core/packages/annin_ar4_description)
[0.496s] INFO:colcon.colcon_ros.task.ament_cmake.build:Building ROS package in '/home/johnbuntu/ar4_ros_driver/annin_ar4_driver' with build type 'ament_cmake'
[0.497s] INFO:colcon.colcon_cmake.task.cmake.build:Building CMake package in '/home/johnbuntu/ar4_ros_driver/annin_ar4_driver'
[0.497s] INFO:colcon.colcon_core.shell:Skip shell extension 'powershell' for command environment: Not usable outside of PowerShell
[0.497s] DEBUG:colcon.colcon_core.shell:Skip shell extension 'dsv' for command environment
[0.501s] INFO:colcon.colcon_ros.task.ament_cmake.build:Building ROS package in '/home/johnbuntu/ar4_ros_driver/annin_ar4_moveit_config' with build type 'ament_cmake'
[0.501s] INFO:colcon.colcon_cmake.task.cmake.build:Building CMake package in '/home/johnbuntu/ar4_ros_driver/annin_ar4_moveit_config'
[0.501s] INFO:colcon.colcon_core.shell:Skip shell extension 'powershell' for command environment: Not usable outside of PowerShell
[0.501s] DEBUG:colcon.colcon_core.shell:Skip shell extension 'dsv' for command environment
[0.506s] INFO:colcon.colcon_ros.task.ament_cmake.build:Building ROS package in '/home/johnbuntu/ar4_ros_driver/gorm_arm' with build type 'ament_cmake'
[0.506s] INFO:colcon.colcon_cmake.task.cmake.build:Building CMake package in '/home/johnbuntu/ar4_ros_driver/gorm_arm'
[0.507s] INFO:colcon.colcon_core.shell:Skip shell extension 'powershell' for command environment: Not usable outside of PowerShell
[0.507s] DEBUG:colcon.colcon_core.shell:Skip shell extension 'dsv' for command environment
[0.517s] DEBUG:colcon.colcon_core.event_handler.log_command:Invoked command in '/home/johnbuntu/ar4_ros_driver/build/serial' returned '0': CMAKE_PREFIX_PATH=${CMAKE_PREFIX_PATH}:/opt/ros/humble /usr/bin/cmake --build /home/johnbuntu/ar4_ros_driver/build/serial -- -j8 -l8
[0.519s] DEBUG:colcon.colcon_core.event_handler.log_command:Invoking command in '/home/johnbuntu/ar4_ros_driver/build/serial': CMAKE_PREFIX_PATH=${CMAKE_PREFIX_PATH}:/opt/ros/humble /usr/bin/cmake --install /home/johnbuntu/ar4_ros_driver/build/serial
[0.524s] DEBUG:colcon.colcon_core.event_handler.log_command:Invoking command in '/home/johnbuntu/ar4_ros_driver/build/annin_ar4_driver': CMAKE_PREFIX_PATH=/home/johnbuntu/ar4_ros_driver/install/annin_ar4_description:/home/johnbuntu/ar4_ros_driver/install/serial:/home/johnbuntu/ar4_ros_driver/install/moveit_servo:/home/johnbuntu/ar4_ros_driver/install/gorm_arm:/home/johnbuntu/ar4_ros_driver/install/annin_ar4_moveit_config:/home/johnbuntu/ar4_ros_driver/install/annin_ar4_gazebo:/home/johnbuntu/ar4_ros_driver/install/annin_ar4_driver:/opt/ros/humble /usr/bin/cmake --build /home/johnbuntu/ar4_ros_driver/build/annin_ar4_driver -- -j8 -l8
[0.528s] DEBUG:colcon.colcon_core.event_handler.log_command:Invoking command in '/home/johnbuntu/ar4_ros_driver/build/annin_ar4_moveit_config': CMAKE_PREFIX_PATH=/home/johnbuntu/ar4_ros_driver/install/annin_ar4_description:/home/johnbuntu/ar4_ros_driver/install/serial:/home/johnbuntu/ar4_ros_driver/install/moveit_servo:/home/johnbuntu/ar4_ros_driver/install/gorm_arm:/home/johnbuntu/ar4_ros_driver/install/annin_ar4_moveit_config:/home/johnbuntu/ar4_ros_driver/install/annin_ar4_gazebo:/home/johnbuntu/ar4_ros_driver/install/annin_ar4_driver:/opt/ros/humble /usr/bin/cmake --build /home/johnbuntu/ar4_ros_driver/build/annin_ar4_moveit_config -- -j8 -l8
[0.539s] DEBUG:colcon.colcon_core.event_handler.log_command:Invoking command in '/home/johnbuntu/ar4_ros_driver/build/gorm_arm': CMAKE_PREFIX_PATH=/home/johnbuntu/ar4_ros_driver/install/annin_ar4_description:/home/johnbuntu/ar4_ros_driver/install/serial:/home/johnbuntu/ar4_ros_driver/install/moveit_servo:/home/johnbuntu/ar4_ros_driver/install/gorm_arm:/home/johnbuntu/ar4_ros_driver/install/annin_ar4_moveit_config:/home/johnbuntu/ar4_ros_driver/install/annin_ar4_gazebo:/home/johnbuntu/ar4_ros_driver/install/annin_ar4_driver:/opt/ros/humble /usr/bin/cmake --build /home/johnbuntu/ar4_ros_driver/build/gorm_arm -- -j8 -l8
[0.542s] Level 1:colcon.colcon_core.environment:create_environment_scripts_only(serial)
[0.544s] Level 1:colcon.colcon_core.environment:checking '/home/johnbuntu/ar4_ros_driver/install/serial' for CMake module files
[0.546s] DEBUG:colcon.colcon_core.event_handler.log_command:Invoked command in '/home/johnbuntu/ar4_ros_driver/build/serial' returned '0': CMAKE_PREFIX_PATH=${CMAKE_PREFIX_PATH}:/opt/ros/humble /usr/bin/cmake --install /home/johnbuntu/ar4_ros_driver/build/serial
[0.546s] Level 1:colcon.colcon_core.environment:checking '/home/johnbuntu/ar4_ros_driver/install/serial' for CMake config files
[0.547s] Level 1:colcon.colcon_core.shell:create_environment_hook('serial', 'cmake_prefix_path')
[0.548s] INFO:colcon.colcon_core.shell:Creating environment hook '/home/johnbuntu/ar4_ros_driver/install/serial/share/serial/hook/cmake_prefix_path.ps1'
[0.549s] INFO:colcon.colcon_core.shell:Creating environment descriptor '/home/johnbuntu/ar4_ros_driver/install/serial/share/serial/hook/cmake_prefix_path.dsv'
[0.549s] INFO:colcon.colcon_core.shell:Creating environment hook '/home/johnbuntu/ar4_ros_driver/install/serial/share/serial/hook/cmake_prefix_path.sh'
[0.551s] Level 1:colcon.colcon_core.environment:checking '/home/johnbuntu/ar4_ros_driver/install/serial/lib'
[0.551s] Level 1:colcon.colcon_core.shell:create_environment_hook('serial', 'ld_library_path_lib')
[0.551s] INFO:colcon.colcon_core.shell:Creating environment hook '/home/johnbuntu/ar4_ros_driver/install/serial/share/serial/hook/ld_library_path_lib.ps1'
[0.552s] INFO:colcon.colcon_core.shell:Creating environment descriptor '/home/johnbuntu/ar4_ros_driver/install/serial/share/serial/hook/ld_library_path_lib.dsv'
[0.553s] INFO:colcon.colcon_core.shell:Creating environment hook '/home/johnbuntu/ar4_ros_driver/install/serial/share/serial/hook/ld_library_path_lib.sh'
[0.554s] Level 1:colcon.colcon_core.environment:checking '/home/johnbuntu/ar4_ros_driver/install/serial/bin'
[0.555s] Level 1:colcon.colcon_core.environment:checking '/home/johnbuntu/ar4_ros_driver/install/serial/lib/pkgconfig/serial.pc'
[0.555s] Level 1:colcon.colcon_core.environment:checking '/home/johnbuntu/ar4_ros_driver/install/serial/lib/python3.10/site-packages'
[0.555s] Level 1:colcon.colcon_core.environment:checking '/home/johnbuntu/ar4_ros_driver/install/serial/bin'
[0.556s] INFO:colcon.colcon_core.shell:Creating package script '/home/johnbuntu/ar4_ros_driver/install/serial/share/serial/package.ps1'
[0.557s] INFO:colcon.colcon_core.shell:Creating package descriptor '/home/johnbuntu/ar4_ros_driver/install/serial/share/serial/package.dsv'
[0.558s] INFO:colcon.colcon_core.shell:Creating package script '/home/johnbuntu/ar4_ros_driver/install/serial/share/serial/package.sh'
[0.558s] INFO:colcon.colcon_core.shell:Creating package script '/home/johnbuntu/ar4_ros_driver/install/serial/share/serial/package.bash'
[0.559s] INFO:colcon.colcon_core.shell:Creating package script '/home/johnbuntu/ar4_ros_driver/install/serial/share/serial/package.zsh'
[0.559s] Level 1:colcon.colcon_core.environment:create_file_with_runtime_dependencies(/home/johnbuntu/ar4_ros_driver/install/serial/share/colcon-core/packages/serial)
[0.561s] Level 1:colcon.colcon_core.environment:create_environment_scripts_only(serial)
[0.561s] Level 1:colcon.colcon_core.environment:checking '/home/johnbuntu/ar4_ros_driver/install/serial' for CMake module files
[0.562s] Level 1:colcon.colcon_core.environment:checking '/home/johnbuntu/ar4_ros_driver/install/serial' for CMake config files
[0.562s] Level 1:colcon.colcon_core.shell:create_environment_hook('serial', 'cmake_prefix_path')
[0.562s] INFO:colcon.colcon_core.shell:Creating environment hook '/home/johnbuntu/ar4_ros_driver/install/serial/share/serial/hook/cmake_prefix_path.ps1'
[0.563s] INFO:colcon.colcon_core.shell:Creating environment descriptor '/home/johnbuntu/ar4_ros_driver/install/serial/share/serial/hook/cmake_prefix_path.dsv'
[0.563s] INFO:colcon.colcon_core.shell:Creating environment hook '/home/johnbuntu/ar4_ros_driver/install/serial/share/serial/hook/cmake_prefix_path.sh'
[0.563s] Level 1:colcon.colcon_core.environment:checking '/home/johnbuntu/ar4_ros_driver/install/serial/lib'
[0.564s] Level 1:colcon.colcon_core.shell:create_environment_hook('serial', 'ld_library_path_lib')
[0.564s] INFO:colcon.colcon_core.shell:Creating environment hook '/home/johnbuntu/ar4_ros_driver/install/serial/share/serial/hook/ld_library_path_lib.ps1'
[0.564s] INFO:colcon.colcon_core.shell:Creating environment descriptor '/home/johnbuntu/ar4_ros_driver/install/serial/share/serial/hook/ld_library_path_lib.dsv'
[0.565s] INFO:colcon.colcon_core.shell:Creating environment hook '/home/johnbuntu/ar4_ros_driver/install/serial/share/serial/hook/ld_library_path_lib.sh'
[0.565s] Level 1:colcon.colcon_core.environment:checking '/home/johnbuntu/ar4_ros_driver/install/serial/bin'
[0.565s] Level 1:colcon.colcon_core.environment:checking '/home/johnbuntu/ar4_ros_driver/install/serial/lib/pkgconfig/serial.pc'
[0.565s] Level 1:colcon.colcon_core.environment:checking '/home/johnbuntu/ar4_ros_driver/install/serial/lib/python3.10/site-packages'
[0.566s] Level 1:colcon.colcon_core.environment:checking '/home/johnbuntu/ar4_ros_driver/install/serial/bin'
[0.566s] INFO:colcon.colcon_core.shell:Creating package script '/home/johnbuntu/ar4_ros_driver/install/serial/share/serial/package.ps1'
[0.567s] INFO:colcon.colcon_core.shell:Creating package descriptor '/home/johnbuntu/ar4_ros_driver/install/serial/share/serial/package.dsv'
[0.568s] INFO:colcon.colcon_core.shell:Creating package script '/home/johnbuntu/ar4_ros_driver/install/serial/share/serial/package.sh'
[0.569s] INFO:colcon.colcon_core.shell:Creating package script '/home/johnbuntu/ar4_ros_driver/install/serial/share/serial/package.bash'
[0.570s] INFO:colcon.colcon_core.shell:Creating package script '/home/johnbuntu/ar4_ros_driver/install/serial/share/serial/package.zsh'
[0.570s] Level 1:colcon.colcon_core.environment:create_file_with_runtime_dependencies(/home/johnbuntu/ar4_ros_driver/install/serial/share/colcon-core/packages/serial)
[0.584s] DEBUG:colcon.colcon_core.event_handler.log_command:Invoked command in '/home/johnbuntu/ar4_ros_driver/build/annin_ar4_moveit_config' returned '0': CMAKE_PREFIX_PATH=/home/johnbuntu/ar4_ros_driver/install/annin_ar4_description:/home/johnbuntu/ar4_ros_driver/install/serial:/home/johnbuntu/ar4_ros_driver/install/moveit_servo:/home/johnbuntu/ar4_ros_driver/install/gorm_arm:/home/johnbuntu/ar4_ros_driver/install/annin_ar4_moveit_config:/home/johnbuntu/ar4_ros_driver/install/annin_ar4_gazebo:/home/johnbuntu/ar4_ros_driver/install/annin_ar4_driver:/opt/ros/humble /usr/bin/cmake --build /home/johnbuntu/ar4_ros_driver/build/annin_ar4_moveit_config -- -j8 -l8
[0.586s] DEBUG:colcon.colcon_core.event_handler.log_command:Invoking command in '/home/johnbuntu/ar4_ros_driver/build/annin_ar4_moveit_config': CMAKE_PREFIX_PATH=/home/johnbuntu/ar4_ros_driver/install/annin_ar4_description:/home/johnbuntu/ar4_ros_driver/install/serial:/home/johnbuntu/ar4_ros_driver/install/moveit_servo:/home/johnbuntu/ar4_ros_driver/install/gorm_arm:/home/johnbuntu/ar4_ros_driver/install/annin_ar4_moveit_config:/home/johnbuntu/ar4_ros_driver/install/annin_ar4_gazebo:/home/johnbuntu/ar4_ros_driver/install/annin_ar4_driver:/opt/ros/humble /usr/bin/cmake --install /home/johnbuntu/ar4_ros_driver/build/annin_ar4_moveit_config
[0.608s] Level 1:colcon.colcon_core.environment:create_environment_scripts_only(annin_ar4_moveit_config)
[0.609s] DEBUG:colcon.colcon_core.event_handler.log_command:Invoked command in '/home/johnbuntu/ar4_ros_driver/build/annin_ar4_moveit_config' returned '0': CMAKE_PREFIX_PATH=/home/johnbuntu/ar4_ros_driver/install/annin_ar4_description:/home/johnbuntu/ar4_ros_driver/install/serial:/home/johnbuntu/ar4_ros_driver/install/moveit_servo:/home/johnbuntu/ar4_ros_driver/install/gorm_arm:/home/johnbuntu/ar4_ros_driver/install/annin_ar4_moveit_config:/home/johnbuntu/ar4_ros_driver/install/annin_ar4_gazebo:/home/johnbuntu/ar4_ros_driver/install/annin_ar4_driver:/opt/ros/humble /usr/bin/cmake --install /home/johnbuntu/ar4_ros_driver/build/annin_ar4_moveit_config
[0.610s] Level 1:colcon.colcon_core.environment:checking '/home/johnbuntu/ar4_ros_driver/install/annin_ar4_moveit_config' for CMake module files
[0.610s] Level 1:colcon.colcon_core.environment:checking '/home/johnbuntu/ar4_ros_driver/install/annin_ar4_moveit_config' for CMake config files
[0.611s] Level 1:colcon.colcon_core.shell:create_environment_hook('annin_ar4_moveit_config', 'cmake_prefix_path')
[0.611s] INFO:colcon.colcon_core.shell:Creating environment hook '/home/johnbuntu/ar4_ros_driver/install/annin_ar4_moveit_config/share/annin_ar4_moveit_config/hook/cmake_prefix_path.ps1'
[0.612s] INFO:colcon.colcon_core.shell:Creating environment descriptor '/home/johnbuntu/ar4_ros_driver/install/annin_ar4_moveit_config/share/annin_ar4_moveit_config/hook/cmake_prefix_path.dsv'
[0.612s] INFO:colcon.colcon_core.shell:Creating environment hook '/home/johnbuntu/ar4_ros_driver/install/annin_ar4_moveit_config/share/annin_ar4_moveit_config/hook/cmake_prefix_path.sh'
[0.613s] Level 1:colcon.colcon_core.environment:checking '/home/johnbuntu/ar4_ros_driver/install/annin_ar4_moveit_config/bin'
[0.613s] Level 1:colcon.colcon_core.environment:checking '/home/johnbuntu/ar4_ros_driver/install/annin_ar4_moveit_config/lib/pkgconfig/annin_ar4_moveit_config.pc'
[0.613s] Level 1:colcon.colcon_core.environment:checking '/home/johnbuntu/ar4_ros_driver/install/annin_ar4_moveit_config/lib/python3.10/site-packages'
[0.613s] Level 1:colcon.colcon_core.environment:checking '/home/johnbuntu/ar4_ros_driver/install/annin_ar4_moveit_config/bin'
[0.613s] INFO:colcon.colcon_core.shell:Creating package script '/home/johnbuntu/ar4_ros_driver/install/annin_ar4_moveit_config/share/annin_ar4_moveit_config/package.ps1'
[0.614s] INFO:colcon.colcon_core.shell:Creating package descriptor '/home/johnbuntu/ar4_ros_driver/install/annin_ar4_moveit_config/share/annin_ar4_moveit_config/package.dsv'
[0.615s] INFO:colcon.colcon_core.shell:Creating package script '/home/johnbuntu/ar4_ros_driver/install/annin_ar4_moveit_config/share/annin_ar4_moveit_config/package.sh'
[0.615s] INFO:colcon.colcon_core.shell:Creating package script '/home/johnbuntu/ar4_ros_driver/install/annin_ar4_moveit_config/share/annin_ar4_moveit_config/package.bash'
[0.615s] INFO:colcon.colcon_core.shell:Creating package script '/home/johnbuntu/ar4_ros_driver/install/annin_ar4_moveit_config/share/annin_ar4_moveit_config/package.zsh'
[0.616s] Level 1:colcon.colcon_core.environment:create_file_with_runtime_dependencies(/home/johnbuntu/ar4_ros_driver/install/annin_ar4_moveit_config/share/colcon-core/packages/annin_ar4_moveit_config)
[0.617s] Level 1:colcon.colcon_core.environment:create_environment_scripts_only(annin_ar4_moveit_config)
[0.617s] Level 1:colcon.colcon_core.environment:checking '/home/johnbuntu/ar4_ros_driver/install/annin_ar4_moveit_config' for CMake module files
[0.618s] Level 1:colcon.colcon_core.environment:checking '/home/johnbuntu/ar4_ros_driver/install/annin_ar4_moveit_config' for CMake config files
[0.619s] Level 1:colcon.colcon_core.shell:create_environment_hook('annin_ar4_moveit_config', 'cmake_prefix_path')
[0.619s] INFO:colcon.colcon_core.shell:Creating environment hook '/home/johnbuntu/ar4_ros_driver/install/annin_ar4_moveit_config/share/annin_ar4_moveit_config/hook/cmake_prefix_path.ps1'
[0.620s] INFO:colcon.colcon_core.shell:Creating environment descriptor '/home/johnbuntu/ar4_ros_driver/install/annin_ar4_moveit_config/share/annin_ar4_moveit_config/hook/cmake_prefix_path.dsv'
[0.620s] INFO:colcon.colcon_core.shell:Creating environment hook '/home/johnbuntu/ar4_ros_driver/install/annin_ar4_moveit_config/share/annin_ar4_moveit_config/hook/cmake_prefix_path.sh'
[0.621s] Level 1:colcon.colcon_core.environment:checking '/home/johnbuntu/ar4_ros_driver/install/annin_ar4_moveit_config/bin'
[0.621s] Level 1:colcon.colcon_core.environment:checking '/home/johnbuntu/ar4_ros_driver/install/annin_ar4_moveit_config/lib/pkgconfig/annin_ar4_moveit_config.pc'
[0.621s] Level 1:colcon.colcon_core.environment:checking '/home/johnbuntu/ar4_ros_driver/install/annin_ar4_moveit_config/lib/python3.10/site-packages'
[0.621s] Level 1:colcon.colcon_core.environment:checking '/home/johnbuntu/ar4_ros_driver/install/annin_ar4_moveit_config/bin'
[0.622s] INFO:colcon.colcon_core.shell:Creating package script '/home/johnbuntu/ar4_ros_driver/install/annin_ar4_moveit_config/share/annin_ar4_moveit_config/package.ps1'
[0.622s] INFO:colcon.colcon_core.shell:Creating package descriptor '/home/johnbuntu/ar4_ros_driver/install/annin_ar4_moveit_config/share/annin_ar4_moveit_config/package.dsv'
[0.623s] INFO:colcon.colcon_core.shell:Creating package script '/home/johnbuntu/ar4_ros_driver/install/annin_ar4_moveit_config/share/annin_ar4_moveit_config/package.sh'
[0.624s] INFO:colcon.colcon_core.shell:Creating package script '/home/johnbuntu/ar4_ros_driver/install/annin_ar4_moveit_config/share/annin_ar4_moveit_config/package.bash'
[0.626s] INFO:colcon.colcon_core.shell:Creating package script '/home/johnbuntu/ar4_ros_driver/install/annin_ar4_moveit_config/share/annin_ar4_moveit_config/package.zsh'
[0.628s] Level 1:colcon.colcon_core.environment:create_file_with_runtime_dependencies(/home/johnbuntu/ar4_ros_driver/install/annin_ar4_moveit_config/share/colcon-core/packages/annin_ar4_moveit_config)
[0.694s] DEBUG:colcon.colcon_core.event_handler.log_command:Invoked command in '/home/johnbuntu/ar4_ros_driver/build/annin_ar4_driver' returned '0': CMAKE_PREFIX_PATH=/home/johnbuntu/ar4_ros_driver/install/annin_ar4_description:/home/johnbuntu/ar4_ros_driver/install/serial:/home/johnbuntu/ar4_ros_driver/install/moveit_servo:/home/johnbuntu/ar4_ros_driver/install/gorm_arm:/home/johnbuntu/ar4_ros_driver/install/annin_ar4_moveit_config:/home/johnbuntu/ar4_ros_driver/install/annin_ar4_gazebo:/home/johnbuntu/ar4_ros_driver/install/annin_ar4_driver:/opt/ros/humble /usr/bin/cmake --build /home/johnbuntu/ar4_ros_driver/build/annin_ar4_driver -- -j8 -l8
[0.697s] DEBUG:colcon.colcon_core.event_handler.log_command:Invoking command in '/home/johnbuntu/ar4_ros_driver/build/annin_ar4_driver': CMAKE_PREFIX_PATH=/home/johnbuntu/ar4_ros_driver/install/annin_ar4_description:/home/johnbuntu/ar4_ros_driver/install/serial:/home/johnbuntu/ar4_ros_driver/install/moveit_servo:/home/johnbuntu/ar4_ros_driver/install/gorm_arm:/home/johnbuntu/ar4_ros_driver/install/annin_ar4_moveit_config:/home/johnbuntu/ar4_ros_driver/install/annin_ar4_gazebo:/home/johnbuntu/ar4_ros_driver/install/annin_ar4_driver:/opt/ros/humble /usr/bin/cmake --install /home/johnbuntu/ar4_ros_driver/build/annin_ar4_driver
[0.706s] DEBUG:colcon.colcon_core.event_handler.log_command:Invoked command in '/home/johnbuntu/ar4_ros_driver/build/moveit_servo' returned '0': CMAKE_PREFIX_PATH=${CMAKE_PREFIX_PATH}:/opt/ros/humble /usr/bin/cmake --build /home/johnbuntu/ar4_ros_driver/build/moveit_servo -- -j8 -l8
[0.709s] DEBUG:colcon.colcon_core.event_handler.log_command:Invoking command in '/home/johnbuntu/ar4_ros_driver/build/moveit_servo': CMAKE_PREFIX_PATH=${CMAKE_PREFIX_PATH}:/opt/ros/humble /usr/bin/cmake --install /home/johnbuntu/ar4_ros_driver/build/moveit_servo
[0.717s] Level 1:colcon.colcon_core.environment:create_environment_scripts_only(annin_ar4_driver)
[0.718s] Level 1:colcon.colcon_core.environment:checking '/home/johnbuntu/ar4_ros_driver/install/annin_ar4_driver' for CMake module files
[0.719s] Level 1:colcon.colcon_core.environment:checking '/home/johnbuntu/ar4_ros_driver/install/annin_ar4_driver' for CMake config files
[0.722s] DEBUG:colcon.colcon_core.event_handler.log_command:Invoked command in '/home/johnbuntu/ar4_ros_driver/build/annin_ar4_driver' returned '0': CMAKE_PREFIX_PATH=/home/johnbuntu/ar4_ros_driver/install/annin_ar4_description:/home/johnbuntu/ar4_ros_driver/install/serial:/home/johnbuntu/ar4_ros_driver/install/moveit_servo:/home/johnbuntu/ar4_ros_driver/install/gorm_arm:/home/johnbuntu/ar4_ros_driver/install/annin_ar4_moveit_config:/home/johnbuntu/ar4_ros_driver/install/annin_ar4_gazebo:/home/johnbuntu/ar4_ros_driver/install/annin_ar4_driver:/opt/ros/humble /usr/bin/cmake --install /home/johnbuntu/ar4_ros_driver/build/annin_ar4_driver
[0.723s] Level 1:colcon.colcon_core.shell:create_environment_hook('annin_ar4_driver', 'cmake_prefix_path')
[0.725s] INFO:colcon.colcon_core.shell:Creating environment hook '/home/johnbuntu/ar4_ros_driver/install/annin_ar4_driver/share/annin_ar4_driver/hook/cmake_prefix_path.ps1'
[0.727s] INFO:colcon.colcon_core.shell:Creating environment descriptor '/home/johnbuntu/ar4_ros_driver/install/annin_ar4_driver/share/annin_ar4_driver/hook/cmake_prefix_path.dsv'
[0.729s] INFO:colcon.colcon_core.shell:Creating environment hook '/home/johnbuntu/ar4_ros_driver/install/annin_ar4_driver/share/annin_ar4_driver/hook/cmake_prefix_path.sh'
[0.731s] Level 1:colcon.colcon_core.environment:checking '/home/johnbuntu/ar4_ros_driver/install/annin_ar4_driver/lib'
[0.732s] Level 1:colcon.colcon_core.shell:create_environment_hook('annin_ar4_driver', 'ld_library_path_lib')
[0.733s] INFO:colcon.colcon_core.shell:Creating environment hook '/home/johnbuntu/ar4_ros_driver/install/annin_ar4_driver/share/annin_ar4_driver/hook/ld_library_path_lib.ps1'
[0.735s] INFO:colcon.colcon_core.shell:Creating environment descriptor '/home/johnbuntu/ar4_ros_driver/install/annin_ar4_driver/share/annin_ar4_driver/hook/ld_library_path_lib.dsv'
[0.735s] INFO:colcon.colcon_core.shell:Creating environment hook '/home/johnbuntu/ar4_ros_driver/install/annin_ar4_driver/share/annin_ar4_driver/hook/ld_library_path_lib.sh'
[0.736s] Level 1:colcon.colcon_core.environment:checking '/home/johnbuntu/ar4_ros_driver/install/annin_ar4_driver/bin'
[0.736s] Level 1:colcon.colcon_core.environment:checking '/home/johnbuntu/ar4_ros_driver/install/annin_ar4_driver/lib/pkgconfig/annin_ar4_driver.pc'
[0.736s] Level 1:colcon.colcon_core.environment:checking '/home/johnbuntu/ar4_ros_driver/install/annin_ar4_driver/lib/python3.10/site-packages'
[0.737s] Level 1:colcon.colcon_core.environment:checking '/home/johnbuntu/ar4_ros_driver/install/annin_ar4_driver/bin'
[0.737s] INFO:colcon.colcon_core.shell:Creating package script '/home/johnbuntu/ar4_ros_driver/install/annin_ar4_driver/share/annin_ar4_driver/package.ps1'
[0.738s] INFO:colcon.colcon_core.shell:Creating package descriptor '/home/johnbuntu/ar4_ros_driver/install/annin_ar4_driver/share/annin_ar4_driver/package.dsv'
[0.739s] INFO:colcon.colcon_core.shell:Creating package script '/home/johnbuntu/ar4_ros_driver/install/annin_ar4_driver/share/annin_ar4_driver/package.sh'
[0.739s] INFO:colcon.colcon_core.shell:Creating package script '/home/johnbuntu/ar4_ros_driver/install/annin_ar4_driver/share/annin_ar4_driver/package.bash'
[0.740s] INFO:colcon.colcon_core.shell:Creating package script '/home/johnbuntu/ar4_ros_driver/install/annin_ar4_driver/share/annin_ar4_driver/package.zsh'
[0.740s] Level 1:colcon.colcon_core.environment:create_file_with_runtime_dependencies(/home/johnbuntu/ar4_ros_driver/install/annin_ar4_driver/share/colcon-core/packages/annin_ar4_driver)
[0.741s] Level 1:colcon.colcon_core.environment:create_environment_scripts_only(annin_ar4_driver)
[0.742s] Level 1:colcon.colcon_core.environment:checking '/home/johnbuntu/ar4_ros_driver/install/annin_ar4_driver' for CMake module files
[0.743s] Level 1:colcon.colcon_core.environment:checking '/home/johnbuntu/ar4_ros_driver/install/annin_ar4_driver' for CMake config files
[0.743s] Level 1:colcon.colcon_core.shell:create_environment_hook('annin_ar4_driver', 'cmake_prefix_path')
[0.743s] INFO:colcon.colcon_core.shell:Creating environment hook '/home/johnbuntu/ar4_ros_driver/install/annin_ar4_driver/share/annin_ar4_driver/hook/cmake_prefix_path.ps1'
[0.745s] INFO:colcon.colcon_core.shell:Creating environment descriptor '/home/johnbuntu/ar4_ros_driver/install/annin_ar4_driver/share/annin_ar4_driver/hook/cmake_prefix_path.dsv'
[0.745s] INFO:colcon.colcon_core.shell:Creating environment hook '/home/johnbuntu/ar4_ros_driver/install/annin_ar4_driver/share/annin_ar4_driver/hook/cmake_prefix_path.sh'
[0.746s] Level 1:colcon.colcon_core.environment:checking '/home/johnbuntu/ar4_ros_driver/install/annin_ar4_driver/lib'
[0.746s] Level 1:colcon.colcon_core.shell:create_environment_hook('annin_ar4_driver', 'ld_library_path_lib')
[0.746s] INFO:colcon.colcon_core.shell:Creating environment hook '/home/johnbuntu/ar4_ros_driver/install/annin_ar4_driver/share/annin_ar4_driver/hook/ld_library_path_lib.ps1'
[0.747s] INFO:colcon.colcon_core.shell:Creating environment descriptor '/home/johnbuntu/ar4_ros_driver/install/annin_ar4_driver/share/annin_ar4_driver/hook/ld_library_path_lib.dsv'
[0.747s] INFO:colcon.colcon_core.shell:Creating environment hook '/home/johnbuntu/ar4_ros_driver/install/annin_ar4_driver/share/annin_ar4_driver/hook/ld_library_path_lib.sh'
[0.748s] Level 1:colcon.colcon_core.environment:checking '/home/johnbuntu/ar4_ros_driver/install/annin_ar4_driver/bin'
[0.748s] Level 1:colcon.colcon_core.environment:checking '/home/johnbuntu/ar4_ros_driver/install/annin_ar4_driver/lib/pkgconfig/annin_ar4_driver.pc'
[0.748s] Level 1:colcon.colcon_core.environment:checking '/home/johnbuntu/ar4_ros_driver/install/annin_ar4_driver/lib/python3.10/site-packages'
[0.748s] Level 1:colcon.colcon_core.environment:checking '/home/johnbuntu/ar4_ros_driver/install/annin_ar4_driver/bin'
[0.749s] INFO:colcon.colcon_core.shell:Creating package script '/home/johnbuntu/ar4_ros_driver/install/annin_ar4_driver/share/annin_ar4_driver/package.ps1'
[0.749s] INFO:colcon.colcon_core.shell:Creating package descriptor '/home/johnbuntu/ar4_ros_driver/install/annin_ar4_driver/share/annin_ar4_driver/package.dsv'
[0.750s] INFO:colcon.colcon_core.shell:Creating package script '/home/johnbuntu/ar4_ros_driver/install/annin_ar4_driver/share/annin_ar4_driver/package.sh'
[0.751s] INFO:colcon.colcon_core.shell:Creating package script '/home/johnbuntu/ar4_ros_driver/install/annin_ar4_driver/share/annin_ar4_driver/package.bash'
[0.751s] INFO:colcon.colcon_core.shell:Creating package script '/home/johnbuntu/ar4_ros_driver/install/annin_ar4_driver/share/annin_ar4_driver/package.zsh'
[0.752s] Level 1:colcon.colcon_core.environment:create_file_with_runtime_dependencies(/home/johnbuntu/ar4_ros_driver/install/annin_ar4_driver/share/colcon-core/packages/annin_ar4_driver)
[0.752s] INFO:colcon.colcon_ros.task.ament_cmake.build:Building ROS package in '/home/johnbuntu/ar4_ros_driver/annin_ar4_gazebo' with build type 'ament_cmake'
[0.752s] INFO:colcon.colcon_cmake.task.cmake.build:Building CMake package in '/home/johnbuntu/ar4_ros_driver/annin_ar4_gazebo'
[0.753s] INFO:colcon.colcon_core.shell:Skip shell extension 'powershell' for command environment: Not usable outside of PowerShell
[0.753s] DEBUG:colcon.colcon_core.shell:Skip shell extension 'dsv' for command environment
[0.760s] Level 1:colcon.colcon_core.environment:create_environment_scripts_only(moveit_servo)
[0.760s] Level 1:colcon.colcon_core.environment:checking '/home/johnbuntu/ar4_ros_driver/install/moveit_servo' for CMake module files
[0.761s] DEBUG:colcon.colcon_core.event_handler.log_command:Invoked command in '/home/johnbuntu/ar4_ros_driver/build/moveit_servo' returned '0': CMAKE_PREFIX_PATH=${CMAKE_PREFIX_PATH}:/opt/ros/humble /usr/bin/cmake --install /home/johnbuntu/ar4_ros_driver/build/moveit_servo
[0.762s] Level 1:colcon.colcon_core.environment:checking '/home/johnbuntu/ar4_ros_driver/install/moveit_servo' for CMake config files
[0.762s] Level 1:colcon.colcon_core.shell:create_environment_hook('moveit_servo', 'cmake_prefix_path')
[0.762s] INFO:colcon.colcon_core.shell:Creating environment hook '/home/johnbuntu/ar4_ros_driver/install/moveit_servo/share/moveit_servo/hook/cmake_prefix_path.ps1'
[0.763s] INFO:colcon.colcon_core.shell:Creating environment descriptor '/home/johnbuntu/ar4_ros_driver/install/moveit_servo/share/moveit_servo/hook/cmake_prefix_path.dsv'
[0.764s] INFO:colcon.colcon_core.shell:Creating environment hook '/home/johnbuntu/ar4_ros_driver/install/moveit_servo/share/moveit_servo/hook/cmake_prefix_path.sh'
[0.765s] Level 1:colcon.colcon_core.environment:checking '/home/johnbuntu/ar4_ros_driver/install/moveit_servo/lib'
[0.765s] Level 1:colcon.colcon_core.shell:create_environment_hook('moveit_servo', 'ld_library_path_lib')
[0.766s] INFO:colcon.colcon_core.shell:Creating environment hook '/home/johnbuntu/ar4_ros_driver/install/moveit_servo/share/moveit_servo/hook/ld_library_path_lib.ps1'
[0.767s] INFO:colcon.colcon_core.shell:Creating environment descriptor '/home/johnbuntu/ar4_ros_driver/install/moveit_servo/share/moveit_servo/hook/ld_library_path_lib.dsv'
[0.768s] INFO:colcon.colcon_core.shell:Creating environment hook '/home/johnbuntu/ar4_ros_driver/install/moveit_servo/share/moveit_servo/hook/ld_library_path_lib.sh'
[0.768s] Level 1:colcon.colcon_core.environment:checking '/home/johnbuntu/ar4_ros_driver/install/moveit_servo/bin'
[0.768s] Level 1:colcon.colcon_core.environment:checking '/home/johnbuntu/ar4_ros_driver/install/moveit_servo/lib/pkgconfig/moveit_servo.pc'
[0.769s] Level 1:colcon.colcon_core.environment:checking '/home/johnbuntu/ar4_ros_driver/install/moveit_servo/lib/python3.10/site-packages'
[0.769s] Level 1:colcon.colcon_core.environment:checking '/home/johnbuntu/ar4_ros_driver/install/moveit_servo/bin'
[0.770s] INFO:colcon.colcon_core.shell:Creating package script '/home/johnbuntu/ar4_ros_driver/install/moveit_servo/share/moveit_servo/package.ps1'
[0.770s] INFO:colcon.colcon_core.shell:Creating package descriptor '/home/johnbuntu/ar4_ros_driver/install/moveit_servo/share/moveit_servo/package.dsv'
[0.771s] INFO:colcon.colcon_core.shell:Creating package script '/home/johnbuntu/ar4_ros_driver/install/moveit_servo/share/moveit_servo/package.sh'
[0.772s] INFO:colcon.colcon_core.shell:Creating package script '/home/johnbuntu/ar4_ros_driver/install/moveit_servo/share/moveit_servo/package.bash'
[0.772s] INFO:colcon.colcon_core.shell:Creating package script '/home/johnbuntu/ar4_ros_driver/install/moveit_servo/share/moveit_servo/package.zsh'
[0.772s] Level 1:colcon.colcon_core.environment:create_file_with_runtime_dependencies(/home/johnbuntu/ar4_ros_driver/install/moveit_servo/share/colcon-core/packages/moveit_servo)
[0.773s] Level 1:colcon.colcon_core.environment:create_environment_scripts_only(moveit_servo)
[0.774s] Level 1:colcon.colcon_core.environment:checking '/home/johnbuntu/ar4_ros_driver/install/moveit_servo' for CMake module files
[0.776s] Level 1:colcon.colcon_core.environment:checking '/home/johnbuntu/ar4_ros_driver/install/moveit_servo' for CMake config files
[0.776s] Level 1:colcon.colcon_core.shell:create_environment_hook('moveit_servo', 'cmake_prefix_path')
[0.777s] INFO:colcon.colcon_core.shell:Creating environment hook '/home/johnbuntu/ar4_ros_driver/install/moveit_servo/share/moveit_servo/hook/cmake_prefix_path.ps1'
[0.779s] INFO:colcon.colcon_core.shell:Creating environment descriptor '/home/johnbuntu/ar4_ros_driver/install/moveit_servo/share/moveit_servo/hook/cmake_prefix_path.dsv'
[0.779s] INFO:colcon.colcon_core.shell:Creating environment hook '/home/johnbuntu/ar4_ros_driver/install/moveit_servo/share/moveit_servo/hook/cmake_prefix_path.sh'
[0.780s] Level 1:colcon.colcon_core.environment:checking '/home/johnbuntu/ar4_ros_driver/install/moveit_servo/lib'
[0.780s] Level 1:colcon.colcon_core.shell:create_environment_hook('moveit_servo', 'ld_library_path_lib')
[0.780s] INFO:colcon.colcon_core.shell:Creating environment hook '/home/johnbuntu/ar4_ros_driver/install/moveit_servo/share/moveit_servo/hook/ld_library_path_lib.ps1'
[0.781s] INFO:colcon.colcon_core.shell:Creating environment descriptor '/home/johnbuntu/ar4_ros_driver/install/moveit_servo/share/moveit_servo/hook/ld_library_path_lib.dsv'
[0.781s] INFO:colcon.colcon_core.shell:Creating environment hook '/home/johnbuntu/ar4_ros_driver/install/moveit_servo/share/moveit_servo/hook/ld_library_path_lib.sh'
[0.782s] Level 1:colcon.colcon_core.environment:checking '/home/johnbuntu/ar4_ros_driver/install/moveit_servo/bin'
[0.782s] Level 1:colcon.colcon_core.environment:checking '/home/johnbuntu/ar4_ros_driver/install/moveit_servo/lib/pkgconfig/moveit_servo.pc'
[0.782s] Level 1:colcon.colcon_core.environment:checking '/home/johnbuntu/ar4_ros_driver/install/moveit_servo/lib/python3.10/site-packages'
[0.782s] Level 1:colcon.colcon_core.environment:checking '/home/johnbuntu/ar4_ros_driver/install/moveit_servo/bin'
[0.783s] INFO:colcon.colcon_core.shell:Creating package script '/home/johnbuntu/ar4_ros_driver/install/moveit_servo/share/moveit_servo/package.ps1'
[0.784s] INFO:colcon.colcon_core.shell:Creating package descriptor '/home/johnbuntu/ar4_ros_driver/install/moveit_servo/share/moveit_servo/package.dsv'
[0.784s] INFO:colcon.colcon_core.shell:Creating package script '/home/johnbuntu/ar4_ros_driver/install/moveit_servo/share/moveit_servo/package.sh'
[0.785s] INFO:colcon.colcon_core.shell:Creating package script '/home/johnbuntu/ar4_ros_driver/install/moveit_servo/share/moveit_servo/package.bash'
[0.786s] INFO:colcon.colcon_core.shell:Creating package script '/home/johnbuntu/ar4_ros_driver/install/moveit_servo/share/moveit_servo/package.zsh'
[0.786s] Level 1:colcon.colcon_core.environment:create_file_with_runtime_dependencies(/home/johnbuntu/ar4_ros_driver/install/moveit_servo/share/colcon-core/packages/moveit_servo)
[0.791s] DEBUG:colcon.colcon_core.event_handler.log_command:Invoking command in '/home/johnbuntu/ar4_ros_driver/build/annin_ar4_gazebo': CMAKE_PREFIX_PATH=/home/johnbuntu/ar4_ros_driver/install/annin_ar4_driver:/home/johnbuntu/ar4_ros_driver/install/annin_ar4_description:/home/johnbuntu/ar4_ros_driver/install/serial:/home/johnbuntu/ar4_ros_driver/install/moveit_servo:/home/johnbuntu/ar4_ros_driver/install/gorm_arm:/home/johnbuntu/ar4_ros_driver/install/annin_ar4_moveit_config:/home/johnbuntu/ar4_ros_driver/install/annin_ar4_gazebo:/opt/ros/humble LD_LIBRARY_PATH=/home/johnbuntu/ar4_ros_driver/install/annin_ar4_driver/lib:/home/johnbuntu/ar4_ros_driver/install/serial/lib:/home/johnbuntu/ar4_ros_driver/install/moveit_servo/lib:/home/johnbuntu/ar4_ros_driver/install/gorm_arm/lib:/opt/ros/humble/opt/rviz_ogre_vendor/lib:/opt/ros/humble/lib/x86_64-linux-gnu:/opt/ros/humble/lib /usr/bin/cmake --build /home/johnbuntu/ar4_ros_driver/build/annin_ar4_gazebo -- -j8 -l8
[0.835s] DEBUG:colcon.colcon_core.event_handler.log_command:Invoked command in '/home/johnbuntu/ar4_ros_driver/build/annin_ar4_gazebo' returned '0': CMAKE_PREFIX_PATH=/home/johnbuntu/ar4_ros_driver/install/annin_ar4_driver:/home/johnbuntu/ar4_ros_driver/install/annin_ar4_description:/home/johnbuntu/ar4_ros_driver/install/serial:/home/johnbuntu/ar4_ros_driver/install/moveit_servo:/home/johnbuntu/ar4_ros_driver/install/gorm_arm:/home/johnbuntu/ar4_ros_driver/install/annin_ar4_moveit_config:/home/johnbuntu/ar4_ros_driver/install/annin_ar4_gazebo:/opt/ros/humble LD_LIBRARY_PATH=/home/johnbuntu/ar4_ros_driver/install/annin_ar4_driver/lib:/home/johnbuntu/ar4_ros_driver/install/serial/lib:/home/johnbuntu/ar4_ros_driver/install/moveit_servo/lib:/home/johnbuntu/ar4_ros_driver/install/gorm_arm/lib:/opt/ros/humble/opt/rviz_ogre_vendor/lib:/opt/ros/humble/lib/x86_64-linux-gnu:/opt/ros/humble/lib /usr/bin/cmake --build /home/johnbuntu/ar4_ros_driver/build/annin_ar4_gazebo -- -j8 -l8
[0.836s] DEBUG:colcon.colcon_core.event_handler.log_command:Invoking command in '/home/johnbuntu/ar4_ros_driver/build/annin_ar4_gazebo': CMAKE_PREFIX_PATH=/home/johnbuntu/ar4_ros_driver/install/annin_ar4_driver:/home/johnbuntu/ar4_ros_driver/install/annin_ar4_description:/home/johnbuntu/ar4_ros_driver/install/serial:/home/johnbuntu/ar4_ros_driver/install/moveit_servo:/home/johnbuntu/ar4_ros_driver/install/gorm_arm:/home/johnbuntu/ar4_ros_driver/install/annin_ar4_moveit_config:/home/johnbuntu/ar4_ros_driver/install/annin_ar4_gazebo:/opt/ros/humble LD_LIBRARY_PATH=/home/johnbuntu/ar4_ros_driver/install/annin_ar4_driver/lib:/home/johnbuntu/ar4_ros_driver/install/serial/lib:/home/johnbuntu/ar4_ros_driver/install/moveit_servo/lib:/home/johnbuntu/ar4_ros_driver/install/gorm_arm/lib:/opt/ros/humble/opt/rviz_ogre_vendor/lib:/opt/ros/humble/lib/x86_64-linux-gnu:/opt/ros/humble/lib /usr/bin/cmake --install /home/johnbuntu/ar4_ros_driver/build/annin_ar4_gazebo
[0.849s] Level 1:colcon.colcon_core.environment:create_environment_scripts_only(annin_ar4_gazebo)
[0.849s] Level 1:colcon.colcon_core.environment:checking '/home/johnbuntu/ar4_ros_driver/install/annin_ar4_gazebo' for CMake module files
[0.850s] DEBUG:colcon.colcon_core.event_handler.log_command:Invoked command in '/home/johnbuntu/ar4_ros_driver/build/annin_ar4_gazebo' returned '0': CMAKE_PREFIX_PATH=/home/johnbuntu/ar4_ros_driver/install/annin_ar4_driver:/home/johnbuntu/ar4_ros_driver/install/annin_ar4_description:/home/johnbuntu/ar4_ros_driver/install/serial:/home/johnbuntu/ar4_ros_driver/install/moveit_servo:/home/johnbuntu/ar4_ros_driver/install/gorm_arm:/home/johnbuntu/ar4_ros_driver/install/annin_ar4_moveit_config:/home/johnbuntu/ar4_ros_driver/install/annin_ar4_gazebo:/opt/ros/humble LD_LIBRARY_PATH=/home/johnbuntu/ar4_ros_driver/install/annin_ar4_driver/lib:/home/johnbuntu/ar4_ros_driver/install/serial/lib:/home/johnbuntu/ar4_ros_driver/install/moveit_servo/lib:/home/johnbuntu/ar4_ros_driver/install/gorm_arm/lib:/opt/ros/humble/opt/rviz_ogre_vendor/lib:/opt/ros/humble/lib/x86_64-linux-gnu:/opt/ros/humble/lib /usr/bin/cmake --install /home/johnbuntu/ar4_ros_driver/build/annin_ar4_gazebo
[0.851s] Level 1:colcon.colcon_core.environment:checking '/home/johnbuntu/ar4_ros_driver/install/annin_ar4_gazebo' for CMake config files
[0.851s] Level 1:colcon.colcon_core.shell:create_environment_hook('annin_ar4_gazebo', 'cmake_prefix_path')
[0.851s] INFO:colcon.colcon_core.shell:Creating environment hook '/home/johnbuntu/ar4_ros_driver/install/annin_ar4_gazebo/share/annin_ar4_gazebo/hook/cmake_prefix_path.ps1'
[0.852s] INFO:colcon.colcon_core.shell:Creating environment descriptor '/home/johnbuntu/ar4_ros_driver/install/annin_ar4_gazebo/share/annin_ar4_gazebo/hook/cmake_prefix_path.dsv'
[0.852s] INFO:colcon.colcon_core.shell:Creating environment hook '/home/johnbuntu/ar4_ros_driver/install/annin_ar4_gazebo/share/annin_ar4_gazebo/hook/cmake_prefix_path.sh'
[0.853s] Level 1:colcon.colcon_core.environment:checking '/home/johnbuntu/ar4_ros_driver/install/annin_ar4_gazebo/bin'
[0.853s] Level 1:colcon.colcon_core.environment:checking '/home/johnbuntu/ar4_ros_driver/install/annin_ar4_gazebo/lib/pkgconfig/annin_ar4_gazebo.pc'
[0.853s] Level 1:colcon.colcon_core.environment:checking '/home/johnbuntu/ar4_ros_driver/install/annin_ar4_gazebo/lib/python3.10/site-packages'
[0.854s] Level 1:colcon.colcon_core.environment:checking '/home/johnbuntu/ar4_ros_driver/install/annin_ar4_gazebo/bin'
[0.854s] INFO:colcon.colcon_core.shell:Creating package script '/home/johnbuntu/ar4_ros_driver/install/annin_ar4_gazebo/share/annin_ar4_gazebo/package.ps1'
[0.855s] INFO:colcon.colcon_core.shell:Creating package descriptor '/home/johnbuntu/ar4_ros_driver/install/annin_ar4_gazebo/share/annin_ar4_gazebo/package.dsv'
[0.855s] INFO:colcon.colcon_core.shell:Creating package script '/home/johnbuntu/ar4_ros_driver/install/annin_ar4_gazebo/share/annin_ar4_gazebo/package.sh'
[0.856s] INFO:colcon.colcon_core.shell:Creating package script '/home/johnbuntu/ar4_ros_driver/install/annin_ar4_gazebo/share/annin_ar4_gazebo/package.bash'
[0.856s] INFO:colcon.colcon_core.shell:Creating package script '/home/johnbuntu/ar4_ros_driver/install/annin_ar4_gazebo/share/annin_ar4_gazebo/package.zsh'
[0.857s] Level 1:colcon.colcon_core.environment:create_file_with_runtime_dependencies(/home/johnbuntu/ar4_ros_driver/install/annin_ar4_gazebo/share/colcon-core/packages/annin_ar4_gazebo)
[0.857s] Level 1:colcon.colcon_core.environment:create_environment_scripts_only(annin_ar4_gazebo)
[0.858s] Level 1:colcon.colcon_core.environment:checking '/home/johnbuntu/ar4_ros_driver/install/annin_ar4_gazebo' for CMake module files
[0.859s] Level 1:colcon.colcon_core.environment:checking '/home/johnbuntu/ar4_ros_driver/install/annin_ar4_gazebo' for CMake config files
[0.859s] Level 1:colcon.colcon_core.shell:create_environment_hook('annin_ar4_gazebo', 'cmake_prefix_path')
[0.859s] INFO:colcon.colcon_core.shell:Creating environment hook '/home/johnbuntu/ar4_ros_driver/install/annin_ar4_gazebo/share/annin_ar4_gazebo/hook/cmake_prefix_path.ps1'
[0.861s] INFO:colcon.colcon_core.shell:Creating environment descriptor '/home/johnbuntu/ar4_ros_driver/install/annin_ar4_gazebo/share/annin_ar4_gazebo/hook/cmake_prefix_path.dsv'
[0.861s] INFO:colcon.colcon_core.shell:Creating environment hook '/home/johnbuntu/ar4_ros_driver/install/annin_ar4_gazebo/share/annin_ar4_gazebo/hook/cmake_prefix_path.sh'
[0.862s] Level 1:colcon.colcon_core.environment:checking '/home/johnbuntu/ar4_ros_driver/install/annin_ar4_gazebo/bin'
[0.862s] Level 1:colcon.colcon_core.environment:checking '/home/johnbuntu/ar4_ros_driver/install/annin_ar4_gazebo/lib/pkgconfig/annin_ar4_gazebo.pc'
[0.863s] Level 1:colcon.colcon_core.environment:checking '/home/johnbuntu/ar4_ros_driver/install/annin_ar4_gazebo/lib/python3.10/site-packages'
[0.863s] Level 1:colcon.colcon_core.environment:checking '/home/johnbuntu/ar4_ros_driver/install/annin_ar4_gazebo/bin'
[0.863s] INFO:colcon.colcon_core.shell:Creating package script '/home/johnbuntu/ar4_ros_driver/install/annin_ar4_gazebo/share/annin_ar4_gazebo/package.ps1'
[0.864s] INFO:colcon.colcon_core.shell:Creating package descriptor '/home/johnbuntu/ar4_ros_driver/install/annin_ar4_gazebo/share/annin_ar4_gazebo/package.dsv'
[0.865s] INFO:colcon.colcon_core.shell:Creating package script '/home/johnbuntu/ar4_ros_driver/install/annin_ar4_gazebo/share/annin_ar4_gazebo/package.sh'
[0.865s] INFO:colcon.colcon_core.shell:Creating package script '/home/johnbuntu/ar4_ros_driver/install/annin_ar4_gazebo/share/annin_ar4_gazebo/package.bash'
[0.866s] INFO:colcon.colcon_core.shell:Creating package script '/home/johnbuntu/ar4_ros_driver/install/annin_ar4_gazebo/share/annin_ar4_gazebo/package.zsh'
[0.866s] Level 1:colcon.colcon_core.environment:create_file_with_runtime_dependencies(/home/johnbuntu/ar4_ros_driver/install/annin_ar4_gazebo/share/colcon-core/packages/annin_ar4_gazebo)
[8.795s] DEBUG:colcon.colcon_core.event_handler.log_command:Invoked command in '/home/johnbuntu/ar4_ros_driver/build/gorm_arm' returned '0': CMAKE_PREFIX_PATH=/home/johnbuntu/ar4_ros_driver/install/annin_ar4_description:/home/johnbuntu/ar4_ros_driver/install/serial:/home/johnbuntu/ar4_ros_driver/install/moveit_servo:/home/johnbuntu/ar4_ros_driver/install/gorm_arm:/home/johnbuntu/ar4_ros_driver/install/annin_ar4_moveit_config:/home/johnbuntu/ar4_ros_driver/install/annin_ar4_gazebo:/home/johnbuntu/ar4_ros_driver/install/annin_ar4_driver:/opt/ros/humble /usr/bin/cmake --build /home/johnbuntu/ar4_ros_driver/build/gorm_arm -- -j8 -l8
[8.797s] DEBUG:colcon.colcon_core.event_handler.log_command:Invoking command in '/home/johnbuntu/ar4_ros_driver/build/gorm_arm': CMAKE_PREFIX_PATH=/home/johnbuntu/ar4_ros_driver/install/annin_ar4_description:/home/johnbuntu/ar4_ros_driver/install/serial:/home/johnbuntu/ar4_ros_driver/install/moveit_servo:/home/johnbuntu/ar4_ros_driver/install/gorm_arm:/home/johnbuntu/ar4_ros_driver/install/annin_ar4_moveit_config:/home/johnbuntu/ar4_ros_driver/install/annin_ar4_gazebo:/home/johnbuntu/ar4_ros_driver/install/annin_ar4_driver:/opt/ros/humble /usr/bin/cmake --install /home/johnbuntu/ar4_ros_driver/build/gorm_arm
[8.812s] Level 1:colcon.colcon_core.environment:create_environment_scripts_only(gorm_arm)
[8.813s] Level 1:colcon.colcon_core.environment:checking '/home/johnbuntu/ar4_ros_driver/install/gorm_arm' for CMake module files
[8.815s] DEBUG:colcon.colcon_core.event_handler.log_command:Invoked command in '/home/johnbuntu/ar4_ros_driver/build/gorm_arm' returned '0': CMAKE_PREFIX_PATH=/home/johnbuntu/ar4_ros_driver/install/annin_ar4_description:/home/johnbuntu/ar4_ros_driver/install/serial:/home/johnbuntu/ar4_ros_driver/install/moveit_servo:/home/johnbuntu/ar4_ros_driver/install/gorm_arm:/home/johnbuntu/ar4_ros_driver/install/annin_ar4_moveit_config:/home/johnbuntu/ar4_ros_driver/install/annin_ar4_gazebo:/home/johnbuntu/ar4_ros_driver/install/annin_ar4_driver:/opt/ros/humble /usr/bin/cmake --install /home/johnbuntu/ar4_ros_driver/build/gorm_arm
[8.815s] Level 1:colcon.colcon_core.environment:checking '/home/johnbuntu/ar4_ros_driver/install/gorm_arm' for CMake config files
[8.815s] Level 1:colcon.colcon_core.shell:create_environment_hook('gorm_arm', 'cmake_prefix_path')
[8.816s] INFO:colcon.colcon_core.shell:Creating environment hook '/home/johnbuntu/ar4_ros_driver/install/gorm_arm/share/gorm_arm/hook/cmake_prefix_path.ps1'
[8.816s] INFO:colcon.colcon_core.shell:Creating environment descriptor '/home/johnbuntu/ar4_ros_driver/install/gorm_arm/share/gorm_arm/hook/cmake_prefix_path.dsv'
[8.816s] INFO:colcon.colcon_core.shell:Creating environment hook '/home/johnbuntu/ar4_ros_driver/install/gorm_arm/share/gorm_arm/hook/cmake_prefix_path.sh'
[8.817s] Level 1:colcon.colcon_core.environment:checking '/home/johnbuntu/ar4_ros_driver/install/gorm_arm/lib'
[8.817s] Level 1:colcon.colcon_core.shell:create_environment_hook('gorm_arm', 'ld_library_path_lib')
[8.817s] INFO:colcon.colcon_core.shell:Creating environment hook '/home/johnbuntu/ar4_ros_driver/install/gorm_arm/share/gorm_arm/hook/ld_library_path_lib.ps1'
[8.817s] INFO:colcon.colcon_core.shell:Creating environment descriptor '/home/johnbuntu/ar4_ros_driver/install/gorm_arm/share/gorm_arm/hook/ld_library_path_lib.dsv'
[8.818s] INFO:colcon.colcon_core.shell:Creating environment hook '/home/johnbuntu/ar4_ros_driver/install/gorm_arm/share/gorm_arm/hook/ld_library_path_lib.sh'
[8.818s] Level 1:colcon.colcon_core.environment:checking '/home/johnbuntu/ar4_ros_driver/install/gorm_arm/bin'
[8.818s] Level 1:colcon.colcon_core.environment:checking '/home/johnbuntu/ar4_ros_driver/install/gorm_arm/lib/pkgconfig/gorm_arm.pc'
[8.818s] Level 1:colcon.colcon_core.environment:checking '/home/johnbuntu/ar4_ros_driver/install/gorm_arm/lib/python3.10/site-packages'
[8.818s] Level 1:colcon.colcon_core.environment:checking '/home/johnbuntu/ar4_ros_driver/install/gorm_arm/bin'
[8.819s] INFO:colcon.colcon_core.shell:Creating package script '/home/johnbuntu/ar4_ros_driver/install/gorm_arm/share/gorm_arm/package.ps1'
[8.819s] INFO:colcon.colcon_core.shell:Creating package descriptor '/home/johnbuntu/ar4_ros_driver/install/gorm_arm/share/gorm_arm/package.dsv'
[8.819s] INFO:colcon.colcon_core.shell:Creating package script '/home/johnbuntu/ar4_ros_driver/install/gorm_arm/share/gorm_arm/package.sh'
[8.820s] INFO:colcon.colcon_core.shell:Creating package script '/home/johnbuntu/ar4_ros_driver/install/gorm_arm/share/gorm_arm/package.bash'
[8.820s] INFO:colcon.colcon_core.shell:Creating package script '/home/johnbuntu/ar4_ros_driver/install/gorm_arm/share/gorm_arm/package.zsh'
[8.820s] Level 1:colcon.colcon_core.environment:create_file_with_runtime_dependencies(/home/johnbuntu/ar4_ros_driver/install/gorm_arm/share/colcon-core/packages/gorm_arm)
[8.821s] Level 1:colcon.colcon_core.environment:create_environment_scripts_only(gorm_arm)
[8.821s] Level 1:colcon.colcon_core.environment:checking '/home/johnbuntu/ar4_ros_driver/install/gorm_arm' for CMake module files
[8.821s] Level 1:colcon.colcon_core.environment:checking '/home/johnbuntu/ar4_ros_driver/install/gorm_arm' for CMake config files
[8.822s] Level 1:colcon.colcon_core.shell:create_environment_hook('gorm_arm', 'cmake_prefix_path')
[8.822s] INFO:colcon.colcon_core.shell:Creating environment hook '/home/johnbuntu/ar4_ros_driver/install/gorm_arm/share/gorm_arm/hook/cmake_prefix_path.ps1'
[8.822s] INFO:colcon.colcon_core.shell:Creating environment descriptor '/home/johnbuntu/ar4_ros_driver/install/gorm_arm/share/gorm_arm/hook/cmake_prefix_path.dsv'
[8.822s] INFO:colcon.colcon_core.shell:Creating environment hook '/home/johnbuntu/ar4_ros_driver/install/gorm_arm/share/gorm_arm/hook/cmake_prefix_path.sh'
[8.823s] Level 1:colcon.colcon_core.environment:checking '/home/johnbuntu/ar4_ros_driver/install/gorm_arm/lib'
[8.823s] Level 1:colcon.colcon_core.shell:create_environment_hook('gorm_arm', 'ld_library_path_lib')
[8.823s] INFO:colcon.colcon_core.shell:Creating environment hook '/home/johnbuntu/ar4_ros_driver/install/gorm_arm/share/gorm_arm/hook/ld_library_path_lib.ps1'
[8.823s] INFO:colcon.colcon_core.shell:Creating environment descriptor '/home/johnbuntu/ar4_ros_driver/install/gorm_arm/share/gorm_arm/hook/ld_library_path_lib.dsv'
[8.824s] INFO:colcon.colcon_core.shell:Creating environment hook '/home/johnbuntu/ar4_ros_driver/install/gorm_arm/share/gorm_arm/hook/ld_library_path_lib.sh'
[8.824s] Level 1:colcon.colcon_core.environment:checking '/home/johnbuntu/ar4_ros_driver/install/gorm_arm/bin'
[8.824s] Level 1:colcon.colcon_core.environment:checking '/home/johnbuntu/ar4_ros_driver/install/gorm_arm/lib/pkgconfig/gorm_arm.pc'
[8.824s] Level 1:colcon.colcon_core.environment:checking '/home/johnbuntu/ar4_ros_driver/install/gorm_arm/lib/python3.10/site-packages'
[8.825s] Level 1:colcon.colcon_core.environment:checking '/home/johnbuntu/ar4_ros_driver/install/gorm_arm/bin'
[8.825s] INFO:colcon.colcon_core.shell:Creating package script '/home/johnbuntu/ar4_ros_driver/install/gorm_arm/share/gorm_arm/package.ps1'
[8.825s] INFO:colcon.colcon_core.shell:Creating package descriptor '/home/johnbuntu/ar4_ros_driver/install/gorm_arm/share/gorm_arm/package.dsv'
[8.826s] INFO:colcon.colcon_core.shell:Creating package script '/home/johnbuntu/ar4_ros_driver/install/gorm_arm/share/gorm_arm/package.sh'
[8.827s] INFO:colcon.colcon_core.shell:Creating package script '/home/johnbuntu/ar4_ros_driver/install/gorm_arm/share/gorm_arm/package.bash'
[8.827s] INFO:colcon.colcon_core.shell:Creating package script '/home/johnbuntu/ar4_ros_driver/install/gorm_arm/share/gorm_arm/package.zsh'
[8.827s] Level 1:colcon.colcon_core.environment:create_file_with_runtime_dependencies(/home/johnbuntu/ar4_ros_driver/install/gorm_arm/share/colcon-core/packages/gorm_arm)
[8.828s] DEBUG:colcon.colcon_parallel_executor.executor.parallel:closing loop
[8.828s] DEBUG:colcon.colcon_parallel_executor.executor.parallel:loop closed
[8.829s] DEBUG:colcon.colcon_parallel_executor.executor.parallel:run_until_complete finished with '0'
[8.829s] DEBUG:colcon.colcon_core.event_reactor:joining thread
[8.833s] INFO:colcon.colcon_core.plugin_system:Skipping extension 'colcon_notification.desktop_notification.terminal_notifier': Not used on non-Darwin systems
[8.834s] INFO:colcon.colcon_core.plugin_system:Skipping extension 'colcon_notification.desktop_notification.win32': Not used on non-Windows systems
[8.834s] INFO:colcon.colcon_notification.desktop_notification:Sending desktop notification using 'notify2'
[8.846s] DEBUG:colcon.colcon_core.event_reactor:joined thread
[8.847s] INFO:colcon.colcon_core.shell:Creating prefix script '/home/johnbuntu/ar4_ros_driver/install/local_setup.ps1'
[8.848s] INFO:colcon.colcon_core.shell:Creating prefix util module '/home/johnbuntu/ar4_ros_driver/install/_local_setup_util_ps1.py'
[8.849s] INFO:colcon.colcon_core.shell:Creating prefix chain script '/home/johnbuntu/ar4_ros_driver/install/setup.ps1'
[8.850s] INFO:colcon.colcon_core.shell:Creating prefix script '/home/johnbuntu/ar4_ros_driver/install/local_setup.sh'
[8.851s] INFO:colcon.colcon_core.shell:Creating prefix util module '/home/johnbuntu/ar4_ros_driver/install/_local_setup_util_sh.py'
[8.852s] INFO:colcon.colcon_core.shell:Creating prefix chain script '/home/johnbuntu/ar4_ros_driver/install/setup.sh'
[8.854s] INFO:colcon.colcon_core.shell:Creating prefix script '/home/johnbuntu/ar4_ros_driver/install/local_setup.bash'
[8.854s] INFO:colcon.colcon_core.shell:Creating prefix chain script '/home/johnbuntu/ar4_ros_driver/install/setup.bash'
[8.855s] INFO:colcon.colcon_core.shell:Creating prefix script '/home/johnbuntu/ar4_ros_driver/install/local_setup.zsh'
[8.856s] INFO:colcon.colcon_core.shell:Creating prefix chain script '/home/johnbuntu/ar4_ros_driver/install/setup.zsh'
