[0.015s] Invoking command in '/home/johnbuntu/ar4_ros_driver/build/annin_ar4_description': CMAKE_PREFIX_PATH=${CMAKE_PREFIX_PATH}:/opt/ros/humble /usr/bin/cmake --build /home/johnbuntu/ar4_ros_driver/build/annin_ar4_description -- -j8 -l8
[0.241s] Invoked command in '/home/johnbuntu/ar4_ros_driver/build/annin_ar4_description' returned '0': CMAKE_PREFIX_PATH=${CMAKE_PREFIX_PATH}:/opt/ros/humble /usr/bin/cmake --build /home/johnbuntu/ar4_ros_driver/build/annin_ar4_description -- -j8 -l8
[0.249s] Invoking command in '/home/johnbuntu/ar4_ros_driver/build/annin_ar4_description': CMAKE_PREFIX_PATH=${CMAKE_PREFIX_PATH}:/opt/ros/humble /usr/bin/cmake --install /home/johnbuntu/ar4_ros_driver/build/annin_ar4_description
[0.255s] -- Install configuration: ""
[0.255s] -- Up-to-date: /home/johnbuntu/ar4_ros_driver/install/annin_ar4_description/share/annin_ar4_description/meshes
[0.255s] -- Up-to-date: /home/johnbuntu/ar4_ros_driver/install/annin_ar4_description/share/annin_ar4_description/meshes/ar4
[0.255s] -- Up-to-date: /home/johnbuntu/ar4_ros_driver/install/annin_ar4_description/share/annin_ar4_description/meshes/ar4/link_5.STL
[0.255s] -- Up-to-date: /home/johnbuntu/ar4_ros_driver/install/annin_ar4_description/share/annin_ar4_description/meshes/ar4/link_6.STL
[0.256s] -- Up-to-date: /home/johnbuntu/ar4_ros_driver/install/annin_ar4_description/share/annin_ar4_description/meshes/ar4/link_1.STL
[0.256s] -- Up-to-date: /home/johnbuntu/ar4_ros_driver/install/annin_ar4_description/share/annin_ar4_description/meshes/ar4/link_3.STL
[0.256s] -- Up-to-date: /home/johnbuntu/ar4_ros_driver/install/annin_ar4_description/share/annin_ar4_description/meshes/ar4/link_2.STL
[0.256s] -- Up-to-date: /home/johnbuntu/ar4_ros_driver/install/annin_ar4_description/share/annin_ar4_description/meshes/ar4/link_4.STL
[0.256s] -- Up-to-date: /home/johnbuntu/ar4_ros_driver/install/annin_ar4_description/share/annin_ar4_description/meshes/ar4/base_link.STL
[0.256s] -- Up-to-date: /home/johnbuntu/ar4_ros_driver/install/annin_ar4_description/share/annin_ar4_description/meshes/ar4_mk3
[0.256s] -- Up-to-date: /home/johnbuntu/ar4_ros_driver/install/annin_ar4_description/share/annin_ar4_description/meshes/ar4_mk3/link_5.STL
[0.256s] -- Up-to-date: /home/johnbuntu/ar4_ros_driver/install/annin_ar4_description/share/annin_ar4_description/meshes/ar4_mk3/link_6.STL
[0.256s] -- Up-to-date: /home/johnbuntu/ar4_ros_driver/install/annin_ar4_description/share/annin_ar4_description/meshes/ar4_mk3/link_1.STL
[0.256s] -- Up-to-date: /home/johnbuntu/ar4_ros_driver/install/annin_ar4_description/share/annin_ar4_description/meshes/ar4_mk3/link_3.STL
[0.257s] -- Up-to-date: /home/johnbuntu/ar4_ros_driver/install/annin_ar4_description/share/annin_ar4_description/meshes/ar4_mk3/link_2.STL
[0.257s] -- Up-to-date: /home/johnbuntu/ar4_ros_driver/install/annin_ar4_description/share/annin_ar4_description/meshes/ar4_mk3/link_4.STL
[0.257s] -- Up-to-date: /home/johnbuntu/ar4_ros_driver/install/annin_ar4_description/share/annin_ar4_description/meshes/ar4_mk3/base_link.STL
[0.257s] -- Up-to-date: /home/johnbuntu/ar4_ros_driver/install/annin_ar4_description/share/annin_ar4_description/meshes/ar4_gripper
[0.257s] -- Up-to-date: /home/johnbuntu/ar4_ros_driver/install/annin_ar4_description/share/annin_ar4_description/meshes/ar4_gripper/gripper_jaw1_link.stl
[0.257s] -- Up-to-date: /home/johnbuntu/ar4_ros_driver/install/annin_ar4_description/share/annin_ar4_description/meshes/ar4_gripper/gripper_jaw2_link.stl
[0.257s] -- Up-to-date: /home/johnbuntu/ar4_ros_driver/install/annin_ar4_description/share/annin_ar4_description/meshes/ar4_gripper/gripper_base_link.stl
[0.257s] -- Up-to-date: /home/johnbuntu/ar4_ros_driver/install/annin_ar4_description/share/annin_ar4_description/urdf
[0.257s] -- Up-to-date: /home/johnbuntu/ar4_ros_driver/install/annin_ar4_description/share/annin_ar4_description/urdf/ar.urdf.xacro
[0.257s] -- Up-to-date: /home/johnbuntu/ar4_ros_driver/install/annin_ar4_description/share/annin_ar4_description/urdf/ar_gazebo.urdf.xacro
[0.257s] -- Up-to-date: /home/johnbuntu/ar4_ros_driver/install/annin_ar4_description/share/annin_ar4_description/urdf/ar_macro.xacro
[0.258s] -- Up-to-date: /home/johnbuntu/ar4_ros_driver/install/annin_ar4_description/share/annin_ar4_description/urdf/ar_gripper_macro.xacro
[0.258s] -- Up-to-date: /home/johnbuntu/ar4_ros_driver/install/annin_ar4_description/share/annin_ar4_description/urdf/ar.ros2_control.xacro
[0.258s] -- Up-to-date: /home/johnbuntu/ar4_ros_driver/install/annin_ar4_description/share/annin_ar4_description/urdf/ar_gripper.ros2_control.xacro
[0.258s] -- Up-to-date: /home/johnbuntu/ar4_ros_driver/install/annin_ar4_description/share/annin_ar4_description/config
[0.258s] -- Up-to-date: /home/johnbuntu/ar4_ros_driver/install/annin_ar4_description/share/annin_ar4_description/config/mk2.yaml
[0.258s] -- Up-to-date: /home/johnbuntu/ar4_ros_driver/install/annin_ar4_description/share/annin_ar4_description/config/mk1.yaml
[0.258s] -- Up-to-date: /home/johnbuntu/ar4_ros_driver/install/annin_ar4_description/share/annin_ar4_description/config/mk3.yaml
[0.258s] -- Up-to-date: /home/johnbuntu/ar4_ros_driver/install/annin_ar4_description/share/ament_index/resource_index/package_run_dependencies/annin_ar4_description
[0.258s] -- Up-to-date: /home/johnbuntu/ar4_ros_driver/install/annin_ar4_description/share/ament_index/resource_index/parent_prefix_path/annin_ar4_description
[0.258s] -- Up-to-date: /home/johnbuntu/ar4_ros_driver/install/annin_ar4_description/share/annin_ar4_description/environment/ament_prefix_path.sh
[0.259s] -- Up-to-date: /home/johnbuntu/ar4_ros_driver/install/annin_ar4_description/share/annin_ar4_description/environment/ament_prefix_path.dsv
[0.259s] -- Up-to-date: /home/johnbuntu/ar4_ros_driver/install/annin_ar4_description/share/annin_ar4_description/environment/path.sh
[0.259s] -- Up-to-date: /home/johnbuntu/ar4_ros_driver/install/annin_ar4_description/share/annin_ar4_description/environment/path.dsv
[0.259s] -- Up-to-date: /home/johnbuntu/ar4_ros_driver/install/annin_ar4_description/share/annin_ar4_description/local_setup.bash
[0.259s] -- Up-to-date: /home/johnbuntu/ar4_ros_driver/install/annin_ar4_description/share/annin_ar4_description/local_setup.sh
[0.259s] -- Up-to-date: /home/johnbuntu/ar4_ros_driver/install/annin_ar4_description/share/annin_ar4_description/local_setup.zsh
[0.259s] -- Up-to-date: /home/johnbuntu/ar4_ros_driver/install/annin_ar4_description/share/annin_ar4_description/local_setup.dsv
[0.259s] -- Installing: /home/johnbuntu/ar4_ros_driver/install/annin_ar4_description/share/annin_ar4_description/package.dsv
[0.259s] -- Up-to-date: /home/johnbuntu/ar4_ros_driver/install/annin_ar4_description/share/ament_index/resource_index/packages/annin_ar4_description
[0.260s] -- Up-to-date: /home/johnbuntu/ar4_ros_driver/install/annin_ar4_description/share/annin_ar4_description/cmake/annin_ar4_descriptionConfig.cmake
[0.260s] -- Up-to-date: /home/johnbuntu/ar4_ros_driver/install/annin_ar4_description/share/annin_ar4_description/cmake/annin_ar4_descriptionConfig-version.cmake
[0.260s] -- Up-to-date: /home/johnbuntu/ar4_ros_driver/install/annin_ar4_description/share/annin_ar4_description/package.xml
[0.260s] Invoked command in '/home/johnbuntu/ar4_ros_driver/build/annin_ar4_description' returned '0': CMAKE_PREFIX_PATH=${CMAKE_PREFIX_PATH}:/opt/ros/humble /usr/bin/cmake --install /home/johnbuntu/ar4_ros_driver/build/annin_ar4_description
