[ 55%] Built target gorm_arm
[35m[1mConsolidate compiler generated dependencies of target gripper_interface_node[0m
[ 66%] [32mBuilding CXX object CMakeFiles/gripper_interface_node.dir/src/gripper_interface_node.cpp.o[0m
[ 88%] Built target run_arduino_nano
[01m[K/home/johnbuntu/ar4_ros_driver/gorm_arm/src/gripper_interface_node.cpp:[m[K In constructor ‘[01m[KGripperInterfaceNode::GripperInterfaceNode()[m[K’:
[01m[K/home/johnbuntu/ar4_ros_driver/gorm_arm/src/gripper_interface_node.cpp:19:37:[m[K [01;31m[Kerror: [m[Kno matching function for call to ‘[01m[KGripperInterfaceNode::create_wall_timer(int, std::_Bind_helper<false, void (GripperInterfaceNode::*)(), GripperInterfaceNode*>::type)[m[K’
   19 |     timer_ = [01;31m[Kthis->create_wall_timer([m[K
      |              [01;31m[K~~~~~~~~~~~~~~~~~~~~~~~^[m[K
   20 | [01;31m[K        200, std::bind(&GripperInterfaceNode::timer_callback, this))[m[K;
      |         [01;31m[K~~~~~~~~~~~~~~~~~~~~~~~~~~~~~~~~~~~~~~~~~~~~~~~~~~~~~~~~~~~~[m[K
In file included from [01m[K/opt/ros/humble/include/rclcpp/rclcpp/executors/single_threaded_executor.hpp:28[m[K,
                 from [01m[K/opt/ros/humble/include/rclcpp/rclcpp/executors.hpp:22[m[K,
                 from [01m[K/opt/ros/humble/include/rclcpp/rclcpp/rclcpp.hpp:155[m[K,
                 from [01m[K/home/johnbuntu/ar4_ros_driver/gorm_arm/src/gripper_interface_node.cpp:3[m[K:
[01m[K/opt/ros/humble/include/rclcpp/rclcpp/node.hpp:238:3:[m[K [01;36m[Knote: [m[Kcandidate: ‘[01m[Ktemplate<class DurationRepT, class DurationT, class CallbackT> typename rclcpp::WallTimer<CallbackT>::SharedPtr rclcpp::Node::create_wall_timer(std::chrono::duration<_Rep1, _Period1>, CallbackT, rclcpp::CallbackGroup::SharedPtr)[m[K’
  238 |   [01;36m[Kcreate_wall_timer[m[K(
      |   [01;36m[K^~~~~~~~~~~~~~~~~[m[K
[01m[K/opt/ros/humble/include/rclcpp/rclcpp/node.hpp:238:3:[m[K [01;36m[Knote: [m[K  template argument deduction/substitution failed:
[01m[K/home/johnbuntu/ar4_ros_driver/gorm_arm/src/gripper_interface_node.cpp:19:37:[m[K [01;36m[Knote: [m[K  mismatched types ‘[01m[Kstd::chrono::duration<_Rep1, _Period1>[m[K’ and ‘[01m[Kint[m[K’
   19 |     timer_ = [01;36m[Kthis->create_wall_timer([m[K
      |              [01;36m[K~~~~~~~~~~~~~~~~~~~~~~~^[m[K
   20 | [01;36m[K        200, std::bind(&GripperInterfaceNode::timer_callback, this))[m[K;
      |         [01;36m[K~~~~~~~~~~~~~~~~~~~~~~~~~~~~~~~~~~~~~~~~~~~~~~~~~~~~~~~~~~~~[m[K
[01m[K/home/johnbuntu/ar4_ros_driver/gorm_arm/src/gripper_interface_node.cpp:[m[K In member function ‘[01m[Kvoid GripperInterfaceNode::gripper_pos_callback(std_msgs::msg::Int32_<std::allocator<void> >::SharedPtr) const[m[K’:
[01m[K/home/johnbuntu/ar4_ros_driver/gorm_arm/src/gripper_interface_node.cpp:27:9:[m[K [01;31m[Kerror: [m[Kassignment of member ‘[01m[KGripperInterfaceNode::pos[m[K’ in read-only object
   27 |     [01;31m[Kpos = msg->data[m[K;
      |     [01;31m[K~~~~^~~~~~~~~~~[m[K
gmake[2]: *** [CMakeFiles/gripper_interface_node.dir/build.make:76: CMakeFiles/gripper_interface_node.dir/src/gripper_interface_node.cpp.o] Error 1
gmake[1]: *** [CMakeFiles/Makefile2:193: CMakeFiles/gripper_interface_node.dir/all] Error 2
gmake: *** [Makefile:146: all] Error 2
