[0.014s] Invoking command in '/home/johnbuntu/ar4_ros_driver/build/annin_ar4_description': CMAKE_PREFIX_PATH=${CMAKE_PREFIX_PATH}:/home/johnbuntu/ws_moveit2/install/moveit_configs_utils:/home/johnbuntu/ws_moveit2/install/launch_param_builder:/opt/ros/humble /usr/bin/cmake /home/johnbuntu/ar4_ros_driver/annin_ar4_description -DCMAKE_INSTALL_PREFIX=/home/johnbuntu/ar4_ros_driver/install/annin_ar4_description
[0.084s] -- The C compiler identification is GNU 11.4.0
[0.141s] -- The CXX compiler identification is GNU 11.4.0
[0.148s] -- Detecting C compiler ABI info
[0.222s] -- Detecting C compiler ABI info - done
[0.229s] -- Check for working C compiler: /usr/bin/cc - skipped
[0.229s] -- Detecting C compile features
[0.229s] -- Detecting C compile features - done
[0.232s] -- Detecting CXX compiler ABI info
[0.319s] -- Detecting CXX compiler ABI info - done
[0.324s] -- Check for working CXX compiler: /usr/bin/c++ - skipped
[0.325s] -- Detecting CXX compile features
[0.325s] -- Detecting CXX compile features - done
[0.331s] -- Found ament_cmake: 1.3.11 (/opt/ros/humble/share/ament_cmake/cmake)
[0.487s] -- Found Python3: /usr/bin/python3 (found version "3.10.12") found components: Interpreter 
[0.670s] -- Configuring done
[0.672s] -- Generating done
[0.673s] -- Build files have been written to: /home/johnbuntu/ar4_ros_driver/build/annin_ar4_description
[0.677s] Invoked command in '/home/johnbuntu/ar4_ros_driver/build/annin_ar4_description' returned '0': CMAKE_PREFIX_PATH=${CMAKE_PREFIX_PATH}:/home/johnbuntu/ws_moveit2/install/moveit_configs_utils:/home/johnbuntu/ws_moveit2/install/launch_param_builder:/opt/ros/humble /usr/bin/cmake /home/johnbuntu/ar4_ros_driver/annin_ar4_description -DCMAKE_INSTALL_PREFIX=/home/johnbuntu/ar4_ros_driver/install/annin_ar4_description
[0.678s] Invoking command in '/home/johnbuntu/ar4_ros_driver/build/annin_ar4_description': CMAKE_PREFIX_PATH=${CMAKE_PREFIX_PATH}:/home/johnbuntu/ws_moveit2/install/moveit_configs_utils:/home/johnbuntu/ws_moveit2/install/launch_param_builder:/opt/ros/humble /usr/bin/cmake --build /home/johnbuntu/ar4_ros_driver/build/annin_ar4_description -- -j8 -l8
[0.721s] Invoked command in '/home/johnbuntu/ar4_ros_driver/build/annin_ar4_description' returned '0': CMAKE_PREFIX_PATH=${CMAKE_PREFIX_PATH}:/home/johnbuntu/ws_moveit2/install/moveit_configs_utils:/home/johnbuntu/ws_moveit2/install/launch_param_builder:/opt/ros/humble /usr/bin/cmake --build /home/johnbuntu/ar4_ros_driver/build/annin_ar4_description -- -j8 -l8
[0.733s] Invoking command in '/home/johnbuntu/ar4_ros_driver/build/annin_ar4_description': CMAKE_PREFIX_PATH=${CMAKE_PREFIX_PATH}:/home/johnbuntu/ws_moveit2/install/moveit_configs_utils:/home/johnbuntu/ws_moveit2/install/launch_param_builder:/opt/ros/humble /usr/bin/cmake --install /home/johnbuntu/ar4_ros_driver/build/annin_ar4_description
[0.742s] -- Install configuration: ""
[0.742s] -- Installing: /home/johnbuntu/ar4_ros_driver/install/annin_ar4_description/share/annin_ar4_description/meshes
[0.742s] -- Installing: /home/johnbuntu/ar4_ros_driver/install/annin_ar4_description/share/annin_ar4_description/meshes/ar4
[0.742s] -- Installing: /home/johnbuntu/ar4_ros_driver/install/annin_ar4_description/share/annin_ar4_description/meshes/ar4/link_5.STL
[0.742s] -- Installing: /home/johnbuntu/ar4_ros_driver/install/annin_ar4_description/share/annin_ar4_description/meshes/ar4/link_6.STL
[0.742s] -- Installing: /home/johnbuntu/ar4_ros_driver/install/annin_ar4_description/share/annin_ar4_description/meshes/ar4/link_1.STL
[0.744s] -- Installing: /home/johnbuntu/ar4_ros_driver/install/annin_ar4_description/share/annin_ar4_description/meshes/ar4/link_3.STL
[0.744s] -- Installing: /home/johnbuntu/ar4_ros_driver/install/annin_ar4_description/share/annin_ar4_description/meshes/ar4/link_2.STL
[0.745s] -- Installing: /home/johnbuntu/ar4_ros_driver/install/annin_ar4_description/share/annin_ar4_description/meshes/ar4/link_4.STL
[0.745s] -- Installing: /home/johnbuntu/ar4_ros_driver/install/annin_ar4_description/share/annin_ar4_description/meshes/ar4/base_link.STL
[0.745s] -- Installing: /home/johnbuntu/ar4_ros_driver/install/annin_ar4_description/share/annin_ar4_description/meshes/ar4_mk3
[0.745s] -- Installing: /home/johnbuntu/ar4_ros_driver/install/annin_ar4_description/share/annin_ar4_description/meshes/ar4_mk3/link_5.STL
[0.749s] -- Installing: /home/johnbuntu/ar4_ros_driver/install/annin_ar4_description/share/annin_ar4_description/meshes/ar4_mk3/link_6.STL
[0.750s] -- Installing: /home/johnbuntu/ar4_ros_driver/install/annin_ar4_description/share/annin_ar4_description/meshes/ar4_mk3/link_1.STL
[0.751s] -- Installing: /home/johnbuntu/ar4_ros_driver/install/annin_ar4_description/share/annin_ar4_description/meshes/ar4_mk3/link_3.STL
[0.753s] -- Installing: /home/johnbuntu/ar4_ros_driver/install/annin_ar4_description/share/annin_ar4_description/meshes/ar4_mk3/link_2.STL
[0.754s] -- Installing: /home/johnbuntu/ar4_ros_driver/install/annin_ar4_description/share/annin_ar4_description/meshes/ar4_mk3/link_4.STL
[0.756s] -- Installing: /home/johnbuntu/ar4_ros_driver/install/annin_ar4_description/share/annin_ar4_description/meshes/ar4_mk3/base_link.STL
[0.757s] -- Installing: /home/johnbuntu/ar4_ros_driver/install/annin_ar4_description/share/annin_ar4_description/meshes/ar4_gripper
[0.757s] -- Installing: /home/johnbuntu/ar4_ros_driver/install/annin_ar4_description/share/annin_ar4_description/meshes/ar4_gripper/gripper_jaw1_link.stl
[0.757s] -- Installing: /home/johnbuntu/ar4_ros_driver/install/annin_ar4_description/share/annin_ar4_description/meshes/ar4_gripper/gripper_jaw2_link.stl
[0.757s] -- Installing: /home/johnbuntu/ar4_ros_driver/install/annin_ar4_description/share/annin_ar4_description/meshes/ar4_gripper/gripper_base_link.stl
[0.759s] -- Installing: /home/johnbuntu/ar4_ros_driver/install/annin_ar4_description/share/annin_ar4_description/urdf
[0.759s] -- Installing: /home/johnbuntu/ar4_ros_driver/install/annin_ar4_description/share/annin_ar4_description/urdf/ar.urdf.xacro
[0.759s] -- Installing: /home/johnbuntu/ar4_ros_driver/install/annin_ar4_description/share/annin_ar4_description/urdf/ar_gazebo.urdf.xacro
[0.759s] -- Installing: /home/johnbuntu/ar4_ros_driver/install/annin_ar4_description/share/annin_ar4_description/urdf/ar_macro.xacro
[0.759s] -- Installing: /home/johnbuntu/ar4_ros_driver/install/annin_ar4_description/share/annin_ar4_description/urdf/ar_gripper_macro.xacro
[0.759s] -- Installing: /home/johnbuntu/ar4_ros_driver/install/annin_ar4_description/share/annin_ar4_description/urdf/ar.ros2_control.xacro
[0.759s] -- Installing: /home/johnbuntu/ar4_ros_driver/install/annin_ar4_description/share/annin_ar4_description/urdf/ar_gripper.ros2_control.xacro
[0.759s] -- Installing: /home/johnbuntu/ar4_ros_driver/install/annin_ar4_description/share/annin_ar4_description/config
[0.760s] -- Installing: /home/johnbuntu/ar4_ros_driver/install/annin_ar4_description/share/annin_ar4_description/config/mk2.yaml
[0.760s] -- Installing: /home/johnbuntu/ar4_ros_driver/install/annin_ar4_description/share/annin_ar4_description/config/mk1.yaml
[0.760s] -- Installing: /home/johnbuntu/ar4_ros_driver/install/annin_ar4_description/share/annin_ar4_description/config/mk3.yaml
[0.760s] -- Installing: /home/johnbuntu/ar4_ros_driver/install/annin_ar4_description/share/ament_index/resource_index/package_run_dependencies/annin_ar4_description
[0.760s] -- Installing: /home/johnbuntu/ar4_ros_driver/install/annin_ar4_description/share/ament_index/resource_index/parent_prefix_path/annin_ar4_description
[0.760s] -- Installing: /home/johnbuntu/ar4_ros_driver/install/annin_ar4_description/share/annin_ar4_description/environment/ament_prefix_path.sh
[0.760s] -- Installing: /home/johnbuntu/ar4_ros_driver/install/annin_ar4_description/share/annin_ar4_description/environment/ament_prefix_path.dsv
[0.760s] -- Installing: /home/johnbuntu/ar4_ros_driver/install/annin_ar4_description/share/annin_ar4_description/environment/path.sh
[0.761s] -- Installing: /home/johnbuntu/ar4_ros_driver/install/annin_ar4_description/share/annin_ar4_description/environment/path.dsv
[0.761s] -- Installing: /home/johnbuntu/ar4_ros_driver/install/annin_ar4_description/share/annin_ar4_description/local_setup.bash
[0.761s] -- Installing: /home/johnbuntu/ar4_ros_driver/install/annin_ar4_description/share/annin_ar4_description/local_setup.sh
[0.761s] -- Installing: /home/johnbuntu/ar4_ros_driver/install/annin_ar4_description/share/annin_ar4_description/local_setup.zsh
[0.761s] -- Installing: /home/johnbuntu/ar4_ros_driver/install/annin_ar4_description/share/annin_ar4_description/local_setup.dsv
[0.761s] -- Installing: /home/johnbuntu/ar4_ros_driver/install/annin_ar4_description/share/annin_ar4_description/package.dsv
[0.761s] -- Installing: /home/johnbuntu/ar4_ros_driver/install/annin_ar4_description/share/ament_index/resource_index/packages/annin_ar4_description
[0.761s] -- Installing: /home/johnbuntu/ar4_ros_driver/install/annin_ar4_description/share/annin_ar4_description/cmake/annin_ar4_descriptionConfig.cmake
[0.761s] -- Installing: /home/johnbuntu/ar4_ros_driver/install/annin_ar4_description/share/annin_ar4_description/cmake/annin_ar4_descriptionConfig-version.cmake
[0.761s] -- Installing: /home/johnbuntu/ar4_ros_driver/install/annin_ar4_description/share/annin_ar4_description/package.xml
[0.763s] Invoked command in '/home/johnbuntu/ar4_ros_driver/build/annin_ar4_description' returned '0': CMAKE_PREFIX_PATH=${CMAKE_PREFIX_PATH}:/home/johnbuntu/ws_moveit2/install/moveit_configs_utils:/home/johnbuntu/ws_moveit2/install/launch_param_builder:/opt/ros/humble /usr/bin/cmake --install /home/johnbuntu/ar4_ros_driver/build/annin_ar4_description
