[0.015s] Invoking command in '/home/johnbuntu/ar4_ros_driver/build/annin_ar4_driver': CMAKE_PREFIX_PATH=/home/johnbuntu/ar4_ros_driver/install/annin_ar4_description:/home/johnbuntu/ar4_ros_driver/install/annin_ar4_moveit_config:/home/johnbuntu/ar4_ros_driver/install/annin_ar4_gazebo:/home/johnbuntu/ar4_ros_driver/install/annin_ar4_driver:/opt/ros/humble /usr/bin/cmake --build /home/johnbuntu/ar4_ros_driver/build/annin_ar4_driver -- -j8 -l8
[0.106s] [ 71%] Built target annin_ar4_driver
[0.152s] [100%] Built target run_arduino_nano
[0.167s] Invoked command in '/home/johnbuntu/ar4_ros_driver/build/annin_ar4_driver' returned '0': CMAKE_PREFIX_PATH=/home/johnbuntu/ar4_ros_driver/install/annin_ar4_description:/home/johnbuntu/ar4_ros_driver/install/annin_ar4_moveit_config:/home/johnbuntu/ar4_ros_driver/install/annin_ar4_gazebo:/home/johnbuntu/ar4_ros_driver/install/annin_ar4_driver:/opt/ros/humble /usr/bin/cmake --build /home/johnbuntu/ar4_ros_driver/build/annin_ar4_driver -- -j8 -l8
[0.170s] Invoking command in '/home/johnbuntu/ar4_ros_driver/build/annin_ar4_driver': CMAKE_PREFIX_PATH=/home/johnbuntu/ar4_ros_driver/install/annin_ar4_description:/home/johnbuntu/ar4_ros_driver/install/annin_ar4_moveit_config:/home/johnbuntu/ar4_ros_driver/install/annin_ar4_gazebo:/home/johnbuntu/ar4_ros_driver/install/annin_ar4_driver:/opt/ros/humble /usr/bin/cmake --install /home/johnbuntu/ar4_ros_driver/build/annin_ar4_driver
[0.183s] -- Install configuration: ""
[0.183s] -- Up-to-date: /home/johnbuntu/ar4_ros_driver/install/annin_ar4_driver/lib/annin_ar4_driver/run_arduino_nano
[0.183s] -- Up-to-date: /home/johnbuntu/ar4_ros_driver/install/annin_ar4_driver/share/annin_ar4_driver/hardware_interface_plugin.xml
[0.183s] -- Up-to-date: /home/johnbuntu/ar4_ros_driver/install/annin_ar4_driver/lib/libannin_ar4_driver.so
[0.184s] -- Up-to-date: /home/johnbuntu/ar4_ros_driver/install/annin_ar4_driver/include/annin_ar4_driver
[0.184s] -- Up-to-date: /home/johnbuntu/ar4_ros_driver/install/annin_ar4_driver/include/annin_ar4_driver/annin_ar4_driver
[0.185s] -- Up-to-date: /home/johnbuntu/ar4_ros_driver/install/annin_ar4_driver/include/annin_ar4_driver/annin_ar4_driver/ar_hardware_interface.hpp
[0.185s] -- Up-to-date: /home/johnbuntu/ar4_ros_driver/install/annin_ar4_driver/include/annin_ar4_driver/annin_ar4_driver/arduino_nano_driver.hpp
[0.185s] -- Up-to-date: /home/johnbuntu/ar4_ros_driver/install/annin_ar4_driver/include/annin_ar4_driver/annin_ar4_driver/teensy_driver.hpp
[0.185s] -- Up-to-date: /home/johnbuntu/ar4_ros_driver/install/annin_ar4_driver/include/annin_ar4_driver/annin_ar4_driver/ar_servo_gripper_hw_interface.hpp
[0.185s] -- Up-to-date: /home/johnbuntu/ar4_ros_driver/install/annin_ar4_driver/share/annin_ar4_driver/config
[0.186s] -- Up-to-date: /home/johnbuntu/ar4_ros_driver/install/annin_ar4_driver/share/annin_ar4_driver/config/driver.yaml
[0.186s] -- Up-to-date: /home/johnbuntu/ar4_ros_driver/install/annin_ar4_driver/share/annin_ar4_driver/config/controllers.yaml
[0.186s] -- Up-to-date: /home/johnbuntu/ar4_ros_driver/install/annin_ar4_driver/share/annin_ar4_driver/config/joint_offsets
[0.186s] -- Up-to-date: /home/johnbuntu/ar4_ros_driver/install/annin_ar4_driver/share/annin_ar4_driver/config/joint_offsets/mk2.yaml
[0.186s] -- Up-to-date: /home/johnbuntu/ar4_ros_driver/install/annin_ar4_driver/share/annin_ar4_driver/config/joint_offsets/mk1.yaml
[0.186s] -- Up-to-date: /home/johnbuntu/ar4_ros_driver/install/annin_ar4_driver/share/annin_ar4_driver/config/joint_offsets/mk3.yaml
[0.186s] -- Up-to-date: /home/johnbuntu/ar4_ros_driver/install/annin_ar4_driver/share/annin_ar4_driver/config/controller_update_rate.yaml
[0.186s] -- Up-to-date: /home/johnbuntu/ar4_ros_driver/install/annin_ar4_driver/share/annin_ar4_driver/launch
[0.186s] -- Up-to-date: /home/johnbuntu/ar4_ros_driver/install/annin_ar4_driver/share/annin_ar4_driver/launch/driver.launch.py
[0.186s] -- Up-to-date: /home/johnbuntu/ar4_ros_driver/install/annin_ar4_driver/share/annin_ar4_driver/urdf
[0.186s] -- Up-to-date: /home/johnbuntu/ar4_ros_driver/install/annin_ar4_driver/share/annin_ar4_driver/urdf/ar.urdf.xacro
[0.187s] -- Up-to-date: /home/johnbuntu/ar4_ros_driver/install/annin_ar4_driver/lib/annin_ar4_driver/reset_estop.sh
[0.187s] -- Up-to-date: /home/johnbuntu/ar4_ros_driver/install/annin_ar4_driver/share/annin_ar4_driver/environment/library_path.sh
[0.187s] -- Up-to-date: /home/johnbuntu/ar4_ros_driver/install/annin_ar4_driver/share/annin_ar4_driver/environment/library_path.dsv
[0.187s] -- Up-to-date: /home/johnbuntu/ar4_ros_driver/install/annin_ar4_driver/share/ament_index/resource_index/package_run_dependencies/annin_ar4_driver
[0.187s] -- Up-to-date: /home/johnbuntu/ar4_ros_driver/install/annin_ar4_driver/share/ament_index/resource_index/parent_prefix_path/annin_ar4_driver
[0.187s] -- Up-to-date: /home/johnbuntu/ar4_ros_driver/install/annin_ar4_driver/share/annin_ar4_driver/environment/ament_prefix_path.sh
[0.187s] -- Up-to-date: /home/johnbuntu/ar4_ros_driver/install/annin_ar4_driver/share/annin_ar4_driver/environment/ament_prefix_path.dsv
[0.187s] -- Up-to-date: /home/johnbuntu/ar4_ros_driver/install/annin_ar4_driver/share/annin_ar4_driver/environment/path.sh
[0.187s] -- Up-to-date: /home/johnbuntu/ar4_ros_driver/install/annin_ar4_driver/share/annin_ar4_driver/environment/path.dsv
[0.187s] -- Up-to-date: /home/johnbuntu/ar4_ros_driver/install/annin_ar4_driver/share/annin_ar4_driver/local_setup.bash
[0.187s] -- Up-to-date: /home/johnbuntu/ar4_ros_driver/install/annin_ar4_driver/share/annin_ar4_driver/local_setup.sh
[0.187s] -- Up-to-date: /home/johnbuntu/ar4_ros_driver/install/annin_ar4_driver/share/annin_ar4_driver/local_setup.zsh
[0.187s] -- Up-to-date: /home/johnbuntu/ar4_ros_driver/install/annin_ar4_driver/share/annin_ar4_driver/local_setup.dsv
[0.188s] -- Installing: /home/johnbuntu/ar4_ros_driver/install/annin_ar4_driver/share/annin_ar4_driver/package.dsv
[0.188s] -- Up-to-date: /home/johnbuntu/ar4_ros_driver/install/annin_ar4_driver/share/ament_index/resource_index/packages/annin_ar4_driver
[0.188s] -- Up-to-date: /home/johnbuntu/ar4_ros_driver/install/annin_ar4_driver/share/ament_index/resource_index/hardware_interface__pluginlib__plugin/annin_ar4_driver
[0.188s] -- Up-to-date: /home/johnbuntu/ar4_ros_driver/install/annin_ar4_driver/share/annin_ar4_driver/cmake/export_annin_ar4_driverExport.cmake
[0.188s] -- Up-to-date: /home/johnbuntu/ar4_ros_driver/install/annin_ar4_driver/share/annin_ar4_driver/cmake/export_annin_ar4_driverExport-noconfig.cmake
[0.188s] -- Up-to-date: /home/johnbuntu/ar4_ros_driver/install/annin_ar4_driver/share/annin_ar4_driver/cmake/ament_cmake_export_targets-extras.cmake
[0.188s] -- Up-to-date: /home/johnbuntu/ar4_ros_driver/install/annin_ar4_driver/share/annin_ar4_driver/cmake/ament_cmake_export_dependencies-extras.cmake
[0.188s] -- Up-to-date: /home/johnbuntu/ar4_ros_driver/install/annin_ar4_driver/share/annin_ar4_driver/cmake/annin_ar4_driverConfig.cmake
[0.189s] -- Up-to-date: /home/johnbuntu/ar4_ros_driver/install/annin_ar4_driver/share/annin_ar4_driver/cmake/annin_ar4_driverConfig-version.cmake
[0.189s] -- Up-to-date: /home/johnbuntu/ar4_ros_driver/install/annin_ar4_driver/share/annin_ar4_driver/package.xml
[0.191s] Invoked command in '/home/johnbuntu/ar4_ros_driver/build/annin_ar4_driver' returned '0': CMAKE_PREFIX_PATH=/home/johnbuntu/ar4_ros_driver/install/annin_ar4_description:/home/johnbuntu/ar4_ros_driver/install/annin_ar4_moveit_config:/home/johnbuntu/ar4_ros_driver/install/annin_ar4_gazebo:/home/johnbuntu/ar4_ros_driver/install/annin_ar4_driver:/opt/ros/humble /usr/bin/cmake --install /home/johnbuntu/ar4_ros_driver/build/annin_ar4_driver
