[0.012s] Invoking command in '/home/johnbuntu/ar4_ros_driver/build/moveit_servo': CMAKE_PREFIX_PATH=${CMAKE_PREFIX_PATH}:/opt/ros/humble /usr/bin/cmake /home/johnbuntu/ar4_ros_driver/moveit_servo -DCMAKE_INSTALL_PREFIX=/home/johnbuntu/ar4_ros_driver/install/moveit_servo
[0.112s] -- The C compiler identification is GNU 11.4.0
[0.166s] -- The CXX compiler identification is GNU 11.4.0
[0.174s] -- Detecting C compiler ABI info
[0.239s] -- Detecting C compiler ABI info - done
[0.246s] -- Check for working C compiler: /usr/bin/cc - skipped
[0.247s] -- Detecting C compile features
[0.249s] -- Detecting C compile features - done
[0.250s] -- Detecting CXX compiler ABI info
[0.319s] -- Detecting CXX compiler ABI info - done
[0.327s] -- Check for working CXX compiler: /usr/bin/c++ - skipped
[0.327s] -- Detecting CXX compile features
[0.328s] -- Detecting CXX compile features - done
[0.330s] -- Found moveit_common: 2.5.9 (/opt/ros/humble/share/moveit_common/cmake)
[0.337s] -- Found ament_cmake: 1.3.11 (/opt/ros/humble/share/ament_cmake/cmake)
[0.474s] -- Found Python3: /usr/bin/python3 (found version "3.10.12") found components: Interpreter 
[0.618s] [0mmoveit_servo: You did not request a specific build type: Choosing 'Release' for maximum performance[0m
[0.619s] -- Found eigen3_cmake_module: 0.1.1 (/opt/ros/humble/share/eigen3_cmake_module/cmake)
[0.627s] -- Found Eigen3: TRUE (found version "3.4.0") 
[0.629s] -- Found control_msgs: 4.8.0 (/opt/ros/humble/share/control_msgs/cmake)
[0.663s] -- Found rosidl_generator_c: 3.1.6 (/opt/ros/humble/share/rosidl_generator_c/cmake)
[0.668s] -- Found rosidl_adapter: 3.1.6 (/opt/ros/humble/share/rosidl_adapter/cmake)
[0.676s] -- Found rosidl_generator_cpp: 3.1.6 (/opt/ros/humble/share/rosidl_generator_cpp/cmake)
[0.687s] -- Using all available rosidl_typesupport_c: rosidl_typesupport_fastrtps_c;rosidl_typesupport_introspection_c
[0.701s] -- Using all available rosidl_typesupport_cpp: rosidl_typesupport_fastrtps_cpp;rosidl_typesupport_introspection_cpp
[0.821s] -- Found control_toolbox: 3.6.1 (/opt/ros/humble/share/control_toolbox/cmake)
[0.868s] -- Found rmw_implementation_cmake: 6.1.2 (/opt/ros/humble/share/rmw_implementation_cmake/cmake)
[0.870s] -- Found rmw_fastrtps_cpp: 6.2.7 (/opt/ros/humble/share/rmw_fastrtps_cpp/cmake)
[0.954s] -- Found OpenSSL: /usr/lib/x86_64-linux-gnu/libcrypto.so (found version "3.0.2")  
[0.982s] -- Found FastRTPS: /opt/ros/humble/include  
[1.030s] -- Using RMW implementation 'rmw_fastrtps_cpp' as default
[1.044s] -- Looking for pthread.h
[1.146s] -- Looking for pthread.h - found
[1.146s] -- Performing Test CMAKE_HAVE_LIBC_PTHREAD
[1.249s] -- Performing Test CMAKE_HAVE_LIBC_PTHREAD - Success
[1.250s] -- Found Threads: TRUE  
[1.392s] -- Found moveit_core: 2.5.9 (/opt/ros/humble/share/moveit_core/cmake)
[1.420s] -- Found Boost: /usr/lib/x86_64-linux-gnu/cmake/Boost-1.74.0/BoostConfig.cmake (found version "1.74.0") found components: chrono date_time filesystem iostreams program_options regex serialization system thread 
[1.456s] -- Found Boost: /usr/lib/x86_64-linux-gnu/cmake/Boost-1.74.0/BoostConfig.cmake (found version "1.74.0") found components: filesystem 
[1.524s] -- library: /usr/lib/x86_64-linux-gnu/libcurl.so
[1.570s] -- Ensuring Eigen3 include directory is part of orocos-kdl CMake target
[1.744s] -- Found moveit_ros_planning: 2.5.9 (/opt/ros/humble/share/moveit_ros_planning/cmake)
[1.749s] -- Found Boost: /usr/lib/x86_64-linux-gnu/cmake/Boost-1.74.0/BoostConfig.cmake (found version "1.74.0") found components: system filesystem date_time program_options thread chrono 
[1.773s] -- Found std_srvs: 4.8.0 (/opt/ros/humble/share/std_srvs/cmake)
[1.831s] -- Found ament_lint_auto: 0.12.12 (/opt/ros/humble/share/ament_lint_auto/cmake)
[1.832s] -- Found ament_cmake_gtest: 1.3.11 (/opt/ros/humble/share/ament_cmake_gtest/cmake)
[1.834s] -- Found ros_testing: 0.4.0 (/opt/ros/humble/share/ros_testing/cmake)
[1.836s] -- Found launch_testing_ament_cmake: 1.0.8 (/opt/ros/humble/share/launch_testing_ament_cmake/cmake)
[1.838s] -- Found python_cmake_module: 0.10.0 (/opt/ros/humble/share/python_cmake_module/cmake)
[1.856s] -- Found PythonInterp: /usr/bin/python3 (found suitable version "3.10.12", minimum required is "3.6") 
[1.861s] -- Found PythonLibs: /usr/lib/x86_64-linux-gnu/libpython3.10.so (found suitable version "3.10.12", minimum required is "3.5") 
[1.861s] -- Using PYTHON_EXECUTABLE: /usr/bin/python3
[1.861s] -- Using PYTHON_INCLUDE_DIRS: /usr/include/python3.10
[1.861s] -- Using PYTHON_LIBRARIES: /usr/lib/x86_64-linux-gnu/libpython3.10.so
[1.879s] -- Found PythonExtra: .so  
[1.883s] -- Found Boost: /usr/lib/x86_64-linux-gnu/cmake/Boost-1.74.0/BoostConfig.cmake (found version "1.74.0") found components: filesystem 
[1.940s] -- Found gtest sources under '/opt/ros/humble/src/gtest_vendor': C++ tests using 'Google Test' will be built
[1.973s] -- Added test 'cppcheck' to perform static code analysis on C / C++ code
[1.974s] -- Configured cppcheck include dirs: /home/johnbuntu/ar4_ros_driver/moveit_servo/include
[1.974s] -- Configured cppcheck exclude dirs and/or files: 
[1.975s] -- Added test 'lint_cmake' to check CMake code style
[1.976s] -- Added test 'pep257' to check Python code against some of the docstring style conventions in PEP 257
[1.976s] -- Added test 'xmllint' to check XML markup files
[1.977s] -- Configuring done
[2.120s] -- Generating done
[2.173s] -- Build files have been written to: /home/johnbuntu/ar4_ros_driver/build/moveit_servo
[2.190s] Invoked command in '/home/johnbuntu/ar4_ros_driver/build/moveit_servo' returned '0': CMAKE_PREFIX_PATH=${CMAKE_PREFIX_PATH}:/opt/ros/humble /usr/bin/cmake /home/johnbuntu/ar4_ros_driver/moveit_servo -DCMAKE_INSTALL_PREFIX=/home/johnbuntu/ar4_ros_driver/install/moveit_servo
[2.192s] Invoking command in '/home/johnbuntu/ar4_ros_driver/build/moveit_servo': CMAKE_PREFIX_PATH=${CMAKE_PREFIX_PATH}:/opt/ros/humble /usr/bin/cmake --build /home/johnbuntu/ar4_ros_driver/build/moveit_servo -- -j8 -l8
[2.239s] [  6%] [32mBuilding CXX object gtest/CMakeFiles/gtest_main.dir/src/gtest_main.cc.o[0m
[2.240s] [  6%] [32mBuilding CXX object CMakeFiles/moveit_servo_lib_parameters.dir/src/parameter_descriptor_builder.cpp.o[0m
[2.240s] [ 12%] [32mBuilding CXX object CMakeFiles/moveit_servo_lib_parameters.dir/src/servo_parameters.cpp.o[0m
[2.240s] [ 12%] [32mBuilding CXX object CMakeFiles/servo_controller_input.dir/src/teleop_demo/joystick_servo_example.cpp.o[0m
[2.241s] [ 15%] [32mBuilding CXX object gtest/CMakeFiles/gtest.dir/src/gtest-all.cc.o[0m
[2.242s] [ 18%] [32mBuilding CXX object CMakeFiles/fake_command_publisher.dir/test/publish_fake_jog_commands.cpp.o[0m
[3.319s] [ 21%] [32m[1mLinking CXX static library libgtest_main.a[0m
[3.353s] [ 21%] Built target gtest_main
[7.869s] [ 24%] [32m[1mLinking CXX executable fake_command_publisher[0m
[8.013s] [ 24%] Built target fake_command_publisher
[10.676s] [ 27%] [32m[1mLinking CXX static library libgtest.a[0m
[10.713s] [ 27%] Built target gtest
[13.815s] [ 30%] [32m[1mLinking CXX shared library libmoveit_servo_lib_parameters.so[0m
[14.000s] [ 30%] Built target moveit_servo_lib_parameters
[14.023s] [ 33%] [32mBuilding CXX object CMakeFiles/test_servo_integration.dir/test/test_servo_interface.cpp.o[0m
[14.025s] [ 36%] [32mBuilding CXX object CMakeFiles/test_servo_collision.dir/test/test_servo_collision.cpp.o[0m
[14.025s] [ 42%] [32mBuilding CXX object CMakeFiles/moveit_servo_lib.dir/src/utilities.cpp.o[0m
[14.025s] [ 39%] [32mBuilding CXX object CMakeFiles/moveit_servo_lib.dir/src/servo.cpp.o[0m
[14.026s] [ 45%] [32mBuilding CXX object CMakeFiles/moveit_servo_lib.dir/src/enforce_limits.cpp.o[0m
[14.027s] [ 48%] [32mBuilding CXX object CMakeFiles/moveit_servo_lib.dir/src/servo_calcs.cpp.o[0m
[14.028s] [ 51%] [32mBuilding CXX object CMakeFiles/moveit_servo_lib.dir/src/collision_check.cpp.o[0m
[15.969s] [ 54%] [32m[1mLinking CXX shared library libservo_controller_input.so[0m
[16.919s] [ 54%] Built target servo_controller_input
[52.363s] [ 57%] [32m[1mLinking CXX executable test_servo_collision[0m
[52.791s] [ 57%] Built target test_servo_collision
[55.829s] [ 60%] [32m[1mLinking CXX executable test_servo_integration[0m
[56.263s] [ 60%] Built target test_servo_integration
[72.601s] [ 63%] [32m[1mLinking CXX shared library libmoveit_servo_lib.so[0m
[72.982s] [ 63%] Built target moveit_servo_lib
[73.003s] [ 72%] [32mBuilding CXX object CMakeFiles/pose_tracking.dir/src/pose_tracking.cpp.o[0m
[73.003s] [ 72%] [32mBuilding CXX object CMakeFiles/servo_calcs_unit_tests.dir/test/servo_calcs_unit_tests.cpp.o[0m
[73.004s] [ 72%] [32mBuilding CXX object CMakeFiles/servo_node.dir/src/servo_node.cpp.o[0m
[85.643s] [ 75%] [32m[1mLinking CXX shared library libservo_node.so[0m
[85.916s] [ 75%] Built target servo_node
[85.938s] [ 78%] [32mBuilding CXX object CMakeFiles/servo_node_main.dir/src/servo_node_main.cpp.o[0m
[94.480s] [ 81%] [32m[1mLinking CXX shared library libpose_tracking.so[0m
[94.810s] [ 81%] Built target pose_tracking
[94.830s] [ 87%] [32mBuilding CXX object CMakeFiles/test_servo_pose_tracking.dir/test/pose_tracking_test.cpp.o[0m
[94.830s] [ 87%] [32mBuilding CXX object CMakeFiles/servo_pose_tracking_demo.dir/src/cpp_interface_demo/pose_tracking_demo.cpp.o[0m
[97.325s] [ 90%] [32m[1mLinking CXX executable servo_node_main[0m
[97.722s] [ 90%] Built target servo_node_main
[98.143s] [ 93%] [32m[1mLinking CXX executable servo_calcs_unit_tests[0m
[98.553s] [ 93%] Built target servo_calcs_unit_tests
[113.129s] [ 96%] [32m[1mLinking CXX executable servo_pose_tracking_demo[0m
[113.547s] [ 96%] Built target servo_pose_tracking_demo
[115.869s] [100%] [32m[1mLinking CXX executable test_servo_pose_tracking[0m
[116.299s] [100%] Built target test_servo_pose_tracking
[116.308s] Invoked command in '/home/johnbuntu/ar4_ros_driver/build/moveit_servo' returned '0': CMAKE_PREFIX_PATH=${CMAKE_PREFIX_PATH}:/opt/ros/humble /usr/bin/cmake --build /home/johnbuntu/ar4_ros_driver/build/moveit_servo -- -j8 -l8
[116.310s] Invoking command in '/home/johnbuntu/ar4_ros_driver/build/moveit_servo': CMAKE_PREFIX_PATH=${CMAKE_PREFIX_PATH}:/opt/ros/humble /usr/bin/cmake --install /home/johnbuntu/ar4_ros_driver/build/moveit_servo
[116.316s] -- Install configuration: "Release"
[116.316s] -- Installing: /home/johnbuntu/ar4_ros_driver/install/moveit_servo/lib/libmoveit_servo_lib.so.2.5.9
[116.318s] -- Set runtime path of "/home/johnbuntu/ar4_ros_driver/install/moveit_servo/lib/libmoveit_servo_lib.so.2.5.9" to ""
[116.318s] -- Installing: /home/johnbuntu/ar4_ros_driver/install/moveit_servo/lib/libmoveit_servo_lib.so
[116.318s] -- Installing: /home/johnbuntu/ar4_ros_driver/install/moveit_servo/lib/libmoveit_servo_lib_parameters.so.2.5.9
[116.318s] -- Set runtime path of "/home/johnbuntu/ar4_ros_driver/install/moveit_servo/lib/libmoveit_servo_lib_parameters.so.2.5.9" to ""
[116.318s] -- Installing: /home/johnbuntu/ar4_ros_driver/install/moveit_servo/lib/libmoveit_servo_lib_parameters.so
[116.318s] -- Installing: /home/johnbuntu/ar4_ros_driver/install/moveit_servo/lib/libpose_tracking.so
[116.319s] -- Set runtime path of "/home/johnbuntu/ar4_ros_driver/install/moveit_servo/lib/libpose_tracking.so" to ""
[116.319s] -- Installing: /home/johnbuntu/ar4_ros_driver/install/moveit_servo/lib/libservo_node.so
[116.319s] -- Set runtime path of "/home/johnbuntu/ar4_ros_driver/install/moveit_servo/lib/libservo_node.so" to ""
[116.319s] -- Installing: /home/johnbuntu/ar4_ros_driver/install/moveit_servo/lib/libservo_controller_input.so
[116.321s] -- Set runtime path of "/home/johnbuntu/ar4_ros_driver/install/moveit_servo/lib/libservo_controller_input.so" to ""
[116.321s] -- Installing: /home/johnbuntu/ar4_ros_driver/install/moveit_servo/lib/moveit_servo/servo_node_main
[116.322s] -- Set runtime path of "/home/johnbuntu/ar4_ros_driver/install/moveit_servo/lib/moveit_servo/servo_node_main" to ""
[116.322s] -- Installing: /home/johnbuntu/ar4_ros_driver/install/moveit_servo/lib/moveit_servo/servo_pose_tracking_demo
[116.323s] -- Set runtime path of "/home/johnbuntu/ar4_ros_driver/install/moveit_servo/lib/moveit_servo/servo_pose_tracking_demo" to ""
[116.323s] -- Installing: /home/johnbuntu/ar4_ros_driver/install/moveit_servo/lib/moveit_servo/fake_command_publisher
[116.323s] -- Set runtime path of "/home/johnbuntu/ar4_ros_driver/install/moveit_servo/lib/moveit_servo/fake_command_publisher" to ""
[116.323s] -- Up-to-date: /home/johnbuntu/ar4_ros_driver/install/moveit_servo/include
[116.323s] -- Up-to-date: /home/johnbuntu/ar4_ros_driver/install/moveit_servo/include/moveit_servo
[116.323s] -- Installing: /home/johnbuntu/ar4_ros_driver/install/moveit_servo/include/moveit_servo/pose_tracking.h
[116.323s] -- Installing: /home/johnbuntu/ar4_ros_driver/install/moveit_servo/include/moveit_servo/servo_server.h
[116.323s] -- Installing: /home/johnbuntu/ar4_ros_driver/install/moveit_servo/include/moveit_servo/servo_parameters.h
[116.324s] -- Installing: /home/johnbuntu/ar4_ros_driver/install/moveit_servo/include/moveit_servo/make_shared_from_pool.h
[116.324s] -- Installing: /home/johnbuntu/ar4_ros_driver/install/moveit_servo/include/moveit_servo/enforce_limits.hpp
[116.324s] -- Installing: /home/johnbuntu/ar4_ros_driver/install/moveit_servo/include/moveit_servo/servo_node.h
[116.324s] -- Installing: /home/johnbuntu/ar4_ros_driver/install/moveit_servo/include/moveit_servo/servo.h
[116.324s] -- Installing: /home/johnbuntu/ar4_ros_driver/install/moveit_servo/include/moveit_servo/status_codes.h
[116.324s] -- Installing: /home/johnbuntu/ar4_ros_driver/install/moveit_servo/include/moveit_servo/servo_calcs.h
[116.324s] -- Installing: /home/johnbuntu/ar4_ros_driver/install/moveit_servo/include/moveit_servo/utilities.h
[116.325s] -- Installing: /home/johnbuntu/ar4_ros_driver/install/moveit_servo/include/moveit_servo/parameter_descriptor_builder.hpp
[116.325s] -- Installing: /home/johnbuntu/ar4_ros_driver/install/moveit_servo/include/moveit_servo/collision_check.h
[116.325s] -- Up-to-date: /home/johnbuntu/ar4_ros_driver/install/moveit_servo/share/moveit_servo/launch
[116.325s] -- Installing: /home/johnbuntu/ar4_ros_driver/install/moveit_servo/share/moveit_servo/launch/pose_tracking_example.launch.py
[116.325s] -- Installing: /home/johnbuntu/ar4_ros_driver/install/moveit_servo/share/moveit_servo/launch/servo_example.launch.py
[116.325s] -- Up-to-date: /home/johnbuntu/ar4_ros_driver/install/moveit_servo/share/moveit_servo/config
[116.325s] -- Installing: /home/johnbuntu/ar4_ros_driver/install/moveit_servo/share/moveit_servo/config/demo_rviz_pose_tracking.rviz
[116.325s] -- Installing: /home/johnbuntu/ar4_ros_driver/install/moveit_servo/share/moveit_servo/config/panda_simulated_config_pose_tracking.yaml
[116.325s] -- Installing: /home/johnbuntu/ar4_ros_driver/install/moveit_servo/share/moveit_servo/config/panda_simulated_config.yaml
[116.325s] -- Installing: /home/johnbuntu/ar4_ros_driver/install/moveit_servo/share/moveit_servo/config/pose_tracking_settings.yaml
[116.326s] -- Installing: /home/johnbuntu/ar4_ros_driver/install/moveit_servo/share/moveit_servo/config/demo_rviz_config.rviz
[116.326s] -- Installing: /home/johnbuntu/ar4_ros_driver/install/moveit_servo/share/moveit_servo/environment/library_path.sh
[116.326s] -- Installing: /home/johnbuntu/ar4_ros_driver/install/moveit_servo/share/moveit_servo/environment/library_path.dsv
[116.326s] -- Installing: /home/johnbuntu/ar4_ros_driver/install/moveit_servo/share/ament_index/resource_index/package_run_dependencies/moveit_servo
[116.326s] -- Installing: /home/johnbuntu/ar4_ros_driver/install/moveit_servo/share/ament_index/resource_index/parent_prefix_path/moveit_servo
[116.326s] -- Installing: /home/johnbuntu/ar4_ros_driver/install/moveit_servo/share/moveit_servo/environment/ament_prefix_path.sh
[116.326s] -- Installing: /home/johnbuntu/ar4_ros_driver/install/moveit_servo/share/moveit_servo/environment/ament_prefix_path.dsv
[116.326s] -- Installing: /home/johnbuntu/ar4_ros_driver/install/moveit_servo/share/moveit_servo/environment/path.sh
[116.326s] -- Installing: /home/johnbuntu/ar4_ros_driver/install/moveit_servo/share/moveit_servo/environment/path.dsv
[116.326s] -- Installing: /home/johnbuntu/ar4_ros_driver/install/moveit_servo/share/moveit_servo/local_setup.bash
[116.327s] -- Installing: /home/johnbuntu/ar4_ros_driver/install/moveit_servo/share/moveit_servo/local_setup.sh
[116.327s] -- Installing: /home/johnbuntu/ar4_ros_driver/install/moveit_servo/share/moveit_servo/local_setup.zsh
[116.327s] -- Installing: /home/johnbuntu/ar4_ros_driver/install/moveit_servo/share/moveit_servo/local_setup.dsv
[116.327s] -- Installing: /home/johnbuntu/ar4_ros_driver/install/moveit_servo/share/moveit_servo/package.dsv
[116.327s] -- Installing: /home/johnbuntu/ar4_ros_driver/install/moveit_servo/share/ament_index/resource_index/packages/moveit_servo
[116.327s] -- Installing: /home/johnbuntu/ar4_ros_driver/install/moveit_servo/share/ament_index/resource_index/rclcpp_components/moveit_servo
[116.327s] -- Installing: /home/johnbuntu/ar4_ros_driver/install/moveit_servo/share/moveit_servo/cmake/export_moveit_servoExport.cmake
[116.327s] -- Installing: /home/johnbuntu/ar4_ros_driver/install/moveit_servo/share/moveit_servo/cmake/export_moveit_servoExport-release.cmake
[116.327s] -- Installing: /home/johnbuntu/ar4_ros_driver/install/moveit_servo/share/moveit_servo/cmake/ament_cmake_export_targets-extras.cmake
[116.327s] -- Installing: /home/johnbuntu/ar4_ros_driver/install/moveit_servo/share/moveit_servo/cmake/ament_cmake_export_dependencies-extras.cmake
[116.327s] -- Installing: /home/johnbuntu/ar4_ros_driver/install/moveit_servo/share/moveit_servo/cmake/moveit_servoConfig.cmake
[116.327s] -- Installing: /home/johnbuntu/ar4_ros_driver/install/moveit_servo/share/moveit_servo/cmake/moveit_servoConfig-version.cmake
[116.328s] -- Installing: /home/johnbuntu/ar4_ros_driver/install/moveit_servo/share/moveit_servo/package.xml
[116.329s] Invoked command in '/home/johnbuntu/ar4_ros_driver/build/moveit_servo' returned '0': CMAKE_PREFIX_PATH=${CMAKE_PREFIX_PATH}:/opt/ros/humble /usr/bin/cmake --install /home/johnbuntu/ar4_ros_driver/build/moveit_servo
