[0.015s] Invoking command in '/home/johnbuntu/ar4_ros_driver/build/moveit_servo': CMAKE_PREFIX_PATH=${CMAKE_PREFIX_PATH}:/opt/ros/humble /usr/bin/cmake --build /home/johnbuntu/ar4_ros_driver/build/moveit_servo -- -j8 -l8
[0.069s] [35m[1mConsolidate compiler generated dependencies of target servo_controller_input[0m
[0.083s] [  6%] Built target gtest_main
[0.085s] [ 12%] Built target gtest
[0.085s] [ 18%] Built target fake_command_publisher
[0.089s] [ 21%] [32mBuilding CXX object CMakeFiles/servo_controller_input.dir/src/teleop_demo/joystick_servo_example.cpp.o[0m
[0.092s] [ 30%] Built target moveit_servo_lib_parameters
[0.145s] [ 36%] Built target test_servo_integration
[0.146s] [ 42%] Built target test_servo_collision
[0.158s] [ 60%] Built target moveit_servo_lib
[0.218s] [ 66%] Built target servo_node
[0.220s] [ 72%] Built target pose_tracking
[0.220s] [ 78%] Built target servo_calcs_unit_tests
[0.275s] [ 84%] Built target servo_node_main
[0.276s] [ 90%] Built target test_servo_pose_tracking
[0.279s] [ 96%] Built target servo_pose_tracking_demo
[1.881s] [01m[K/home/johnbuntu/ar4_ros_driver/moveit_servo/src/teleop_demo/joystick_servo_example.cpp:[m[K In constructor ‘[01m[Kmoveit_servo::JoyToServoPub::JoyToServoPub(const rclcpp::NodeOptions&)[m[K’:
[1.881s] [01m[K/home/johnbuntu/ar4_ros_driver/moveit_servo/src/teleop_demo/joystick_servo_example.cpp:263:7:[m[K [01;31m[Kerror: [m[K‘[01m[Kgripper_pub[m[K’ was not declared in this scope
[1.881s]   263 |       [01;31m[Kgripper_pub[m[K = this->create_publisher<std_msgs::msg::Int32>(GRIPPER_TOPIC, rclcpp::SystemDefaultsQoS());
[1.881s]       |       [01;31m[K^~~~~~~~~~~[m[K
[4.389s] gmake[2]: *** [CMakeFiles/servo_controller_input.dir/build.make:76: CMakeFiles/servo_controller_input.dir/src/teleop_demo/joystick_servo_example.cpp.o] Error 1
[4.389s] gmake[1]: *** [CMakeFiles/Makefile2:283: CMakeFiles/servo_controller_input.dir/all] Error 2
[4.389s] gmake: *** [Makefile:146: all] Error 2
[4.391s] Invoked command in '/home/johnbuntu/ar4_ros_driver/build/moveit_servo' returned '2': CMAKE_PREFIX_PATH=${CMAKE_PREFIX_PATH}:/opt/ros/humble /usr/bin/cmake --build /home/johnbuntu/ar4_ros_driver/build/moveit_servo -- -j8 -l8
