[0.006s] Invoking command in '/home/johnbuntu/ar4_ros_driver/build/annin_ar4_moveit_config': AMENT_PREFIX_PATH=/home/johnbuntu/ar4_ros_driver/install/annin_ar4_description:${AMENT_PREFIX_PATH} CMAKE_PREFIX_PATH=/home/johnbuntu/ar4_ros_driver/install/annin_ar4_description:/opt/ros/humble /usr/bin/cmake /home/johnbuntu/ar4_ros_driver/annin_ar4_moveit_config -DCMAKE_INSTALL_PREFIX=/home/johnbuntu/ar4_ros_driver/install/annin_ar4_moveit_config
[0.048s] -- The C compiler identification is GNU 11.4.0
[0.096s] -- The CXX compiler identification is GNU 11.4.0
[0.104s] -- Detecting C compiler ABI info
[0.158s] -- Detecting C compiler ABI info - done
[0.164s] -- Check for working C compiler: /usr/bin/cc - skipped
[0.164s] -- Detecting C compile features
[0.164s] -- Detecting C compile features - done
[0.167s] -- Detecting CXX compiler ABI info
[0.235s] -- Detecting CXX compiler ABI info - done
[0.241s] -- Check for working CXX compiler: /usr/bin/c++ - skipped
[0.242s] -- Detecting CXX compile features
[0.242s] -- Detecting CXX compile features - done
[0.244s] -- Found ament_cmake: 1.3.11 (/opt/ros/humble/share/ament_cmake/cmake)
[0.371s] -- Found Python3: /usr/bin/python3 (found version "3.10.12") found components: Interpreter 
[0.515s] -- Configuring done
[0.516s] -- Generating done
[0.518s] -- Build files have been written to: /home/johnbuntu/ar4_ros_driver/build/annin_ar4_moveit_config
[0.522s] Invoked command in '/home/johnbuntu/ar4_ros_driver/build/annin_ar4_moveit_config' returned '0': AMENT_PREFIX_PATH=/home/johnbuntu/ar4_ros_driver/install/annin_ar4_description:${AMENT_PREFIX_PATH} CMAKE_PREFIX_PATH=/home/johnbuntu/ar4_ros_driver/install/annin_ar4_description:/opt/ros/humble /usr/bin/cmake /home/johnbuntu/ar4_ros_driver/annin_ar4_moveit_config -DCMAKE_INSTALL_PREFIX=/home/johnbuntu/ar4_ros_driver/install/annin_ar4_moveit_config
[0.524s] Invoking command in '/home/johnbuntu/ar4_ros_driver/build/annin_ar4_moveit_config': AMENT_PREFIX_PATH=/home/johnbuntu/ar4_ros_driver/install/annin_ar4_description:${AMENT_PREFIX_PATH} CMAKE_PREFIX_PATH=/home/johnbuntu/ar4_ros_driver/install/annin_ar4_description:/opt/ros/humble /usr/bin/cmake --build /home/johnbuntu/ar4_ros_driver/build/annin_ar4_moveit_config -- -j8 -l8
[0.551s] Invoked command in '/home/johnbuntu/ar4_ros_driver/build/annin_ar4_moveit_config' returned '0': AMENT_PREFIX_PATH=/home/johnbuntu/ar4_ros_driver/install/annin_ar4_description:${AMENT_PREFIX_PATH} CMAKE_PREFIX_PATH=/home/johnbuntu/ar4_ros_driver/install/annin_ar4_description:/opt/ros/humble /usr/bin/cmake --build /home/johnbuntu/ar4_ros_driver/build/annin_ar4_moveit_config -- -j8 -l8
[0.552s] Invoking command in '/home/johnbuntu/ar4_ros_driver/build/annin_ar4_moveit_config': AMENT_PREFIX_PATH=/home/johnbuntu/ar4_ros_driver/install/annin_ar4_description:${AMENT_PREFIX_PATH} CMAKE_PREFIX_PATH=/home/johnbuntu/ar4_ros_driver/install/annin_ar4_description:/opt/ros/humble /usr/bin/cmake --install /home/johnbuntu/ar4_ros_driver/build/annin_ar4_moveit_config
[0.558s] -- Install configuration: ""
[0.558s] -- Installing: /home/johnbuntu/ar4_ros_driver/install/annin_ar4_moveit_config/share/annin_ar4_moveit_config/config
[0.558s] -- Installing: /home/johnbuntu/ar4_ros_driver/install/annin_ar4_moveit_config/share/annin_ar4_moveit_config/config/ompl_planning.yaml
[0.558s] -- Installing: /home/johnbuntu/ar4_ros_driver/install/annin_ar4_moveit_config/share/annin_ar4_moveit_config/config/joint_limits.yaml
[0.558s] -- Installing: /home/johnbuntu/ar4_ros_driver/install/annin_ar4_moveit_config/share/annin_ar4_moveit_config/config/controllers.yaml
[0.558s] -- Installing: /home/johnbuntu/ar4_ros_driver/install/annin_ar4_moveit_config/share/annin_ar4_moveit_config/config/pilz_planning.yaml
[0.558s] -- Installing: /home/johnbuntu/ar4_ros_driver/install/annin_ar4_moveit_config/share/annin_ar4_moveit_config/config/kinematics.yaml
[0.559s] -- Installing: /home/johnbuntu/ar4_ros_driver/install/annin_ar4_moveit_config/share/annin_ar4_moveit_config/launch
[0.559s] -- Installing: /home/johnbuntu/ar4_ros_driver/install/annin_ar4_moveit_config/share/annin_ar4_moveit_config/launch/demo.launch.py
[0.559s] -- Installing: /home/johnbuntu/ar4_ros_driver/install/annin_ar4_moveit_config/share/annin_ar4_moveit_config/launch/moveit.launch.py
[0.559s] -- Installing: /home/johnbuntu/ar4_ros_driver/install/annin_ar4_moveit_config/share/annin_ar4_moveit_config/rviz
[0.559s] -- Installing: /home/johnbuntu/ar4_ros_driver/install/annin_ar4_moveit_config/share/annin_ar4_moveit_config/rviz/moveit.rviz
[0.559s] -- Installing: /home/johnbuntu/ar4_ros_driver/install/annin_ar4_moveit_config/share/annin_ar4_moveit_config/rviz/moveit_with_camera.rviz
[0.559s] -- Installing: /home/johnbuntu/ar4_ros_driver/install/annin_ar4_moveit_config/share/annin_ar4_moveit_config/srdf
[0.559s] -- Installing: /home/johnbuntu/ar4_ros_driver/install/annin_ar4_moveit_config/share/annin_ar4_moveit_config/srdf/ar_macro.srdf.xacro
[0.559s] -- Installing: /home/johnbuntu/ar4_ros_driver/install/annin_ar4_moveit_config/share/annin_ar4_moveit_config/srdf/ar.srdf.xacro
[0.559s] -- Installing: /home/johnbuntu/ar4_ros_driver/install/annin_ar4_moveit_config/share/annin_ar4_moveit_config/srdf/ar_gripper_macro.srdf.xacro
[0.559s] -- Installing: /home/johnbuntu/ar4_ros_driver/install/annin_ar4_moveit_config/share/annin_ar4_moveit_config/urdf
[0.559s] -- Installing: /home/johnbuntu/ar4_ros_driver/install/annin_ar4_moveit_config/share/annin_ar4_moveit_config/urdf/fake_ar.urdf.xacro
[0.559s] -- Installing: /home/johnbuntu/ar4_ros_driver/install/annin_ar4_moveit_config/share/ament_index/resource_index/package_run_dependencies/annin_ar4_moveit_config
[0.559s] -- Installing: /home/johnbuntu/ar4_ros_driver/install/annin_ar4_moveit_config/share/ament_index/resource_index/parent_prefix_path/annin_ar4_moveit_config
[0.559s] -- Installing: /home/johnbuntu/ar4_ros_driver/install/annin_ar4_moveit_config/share/annin_ar4_moveit_config/environment/ament_prefix_path.sh
[0.560s] -- Installing: /home/johnbuntu/ar4_ros_driver/install/annin_ar4_moveit_config/share/annin_ar4_moveit_config/environment/ament_prefix_path.dsv
[0.560s] -- Installing: /home/johnbuntu/ar4_ros_driver/install/annin_ar4_moveit_config/share/annin_ar4_moveit_config/environment/path.sh
[0.560s] -- Installing: /home/johnbuntu/ar4_ros_driver/install/annin_ar4_moveit_config/share/annin_ar4_moveit_config/environment/path.dsv
[0.560s] -- Installing: /home/johnbuntu/ar4_ros_driver/install/annin_ar4_moveit_config/share/annin_ar4_moveit_config/local_setup.bash
[0.560s] -- Installing: /home/johnbuntu/ar4_ros_driver/install/annin_ar4_moveit_config/share/annin_ar4_moveit_config/local_setup.sh
[0.560s] -- Installing: /home/johnbuntu/ar4_ros_driver/install/annin_ar4_moveit_config/share/annin_ar4_moveit_config/local_setup.zsh
[0.560s] -- Installing: /home/johnbuntu/ar4_ros_driver/install/annin_ar4_moveit_config/share/annin_ar4_moveit_config/local_setup.dsv
[0.560s] -- Installing: /home/johnbuntu/ar4_ros_driver/install/annin_ar4_moveit_config/share/annin_ar4_moveit_config/package.dsv
[0.560s] -- Installing: /home/johnbuntu/ar4_ros_driver/install/annin_ar4_moveit_config/share/ament_index/resource_index/packages/annin_ar4_moveit_config
[0.560s] -- Installing: /home/johnbuntu/ar4_ros_driver/install/annin_ar4_moveit_config/share/annin_ar4_moveit_config/cmake/annin_ar4_moveit_configConfig.cmake
[0.560s] -- Installing: /home/johnbuntu/ar4_ros_driver/install/annin_ar4_moveit_config/share/annin_ar4_moveit_config/cmake/annin_ar4_moveit_configConfig-version.cmake
[0.560s] -- Installing: /home/johnbuntu/ar4_ros_driver/install/annin_ar4_moveit_config/share/annin_ar4_moveit_config/package.xml
[0.562s] Invoked command in '/home/johnbuntu/ar4_ros_driver/build/annin_ar4_moveit_config' returned '0': AMENT_PREFIX_PATH=/home/johnbuntu/ar4_ros_driver/install/annin_ar4_description:${AMENT_PREFIX_PATH} CMAKE_PREFIX_PATH=/home/johnbuntu/ar4_ros_driver/install/annin_ar4_description:/opt/ros/humble /usr/bin/cmake --install /home/johnbuntu/ar4_ros_driver/build/annin_ar4_moveit_config
